INFO 	 2019-04-21 02:32:27,890 Serial port COM3 opened successfully.
INFO 	 2019-04-21 02:32:27,890 Running: 1000 tests with baud rate: 115200
DEBUG 	 2019-04-21 02:32:27,892 SSSSS ------> TTTTT
DEBUG 	 2019-04-21 02:32:27,894 QQQQQ ------> RRRRR
DEBUG 	 2019-04-21 02:32:27,895 wwwww ------> xxxxx
DEBUG 	 2019-04-21 02:32:27,896 BBBBB ------> CCCCC
DEBUG 	 2019-04-21 02:32:27,897 PPPPP ------> QQQQQ
DEBUG 	 2019-04-21 02:32:27,898 QQQQQ ------> RRRRR
DEBUG 	 2019-04-21 02:32:27,899 YYYYY ------> ZZZZZ
DEBUG 	 2019-04-21 02:32:27,900 EEEEE ------> FFFFF
DEBUG 	 2019-04-21 02:32:27,901 ddddd ------> eeeee
DEBUG 	 2019-04-21 02:32:27,902 AAAAA ------> BBBBB
DEBUG 	 2019-04-21 02:32:27,903 wwwww ------> xxxxx
DEBUG 	 2019-04-21 02:32:27,904 FFFFF ------> GGGGG
DEBUG 	 2019-04-21 02:32:27,910 ttttt ------> uuuuu
DEBUG 	 2019-04-21 02:32:27,911 IIIII ------> JJJJJ
DEBUG 	 2019-04-21 02:32:27,912 vvvvv ------> wwwww
DEBUG 	 2019-04-21 02:32:27,913 GGGGG ------> HHHHH
DEBUG 	 2019-04-21 02:32:27,914 SSSSS ------> TTTTT
DEBUG 	 2019-04-21 02:32:27,915 MMMMM ------> NNNNN
DEBUG 	 2019-04-21 02:32:27,916 ggggg ------> hhhhh
DEBUG 	 2019-04-21 02:32:27,917 vvvvv ------> wwwww
DEBUG 	 2019-04-21 02:32:27,918 jjjjj ------> kkkkk
DEBUG 	 2019-04-21 02:32:27,919 NNNNN ------> OOOOO
DEBUG 	 2019-04-21 02:32:27,920 KKKKK ------> LLLLL
DEBUG 	 2019-04-21 02:32:27,921 nnnnn ------> ooooo
DEBUG 	 2019-04-21 02:32:27,922 ppppp ------> qqqqq
DEBUG 	 2019-04-21 02:32:27,923 XXXXX ------> YYYYY
DEBUG 	 2019-04-21 02:32:27,924 WWWWW ------> XXXXX
DEBUG 	 2019-04-21 02:32:27,925 QQQQQ ------> RRRRR
DEBUG 	 2019-04-21 02:32:27,926 ppppp ------> qqqqq
DEBUG 	 2019-04-21 02:32:27,927 yyyyy ------> zzzzz
DEBUG 	 2019-04-21 02:32:27,928 sssss ------> ttttt
DEBUG 	 2019-04-21 02:32:27,929 EEEEE ------> FFFFF
DEBUG 	 2019-04-21 02:32:27,930 PPPPP ------> QQQQQ
DEBUG 	 2019-04-21 02:32:27,931 BBBBB ------> CCCCC
DEBUG 	 2019-04-21 02:32:27,932 uuuuu ------> vvvvv
DEBUG 	 2019-04-21 02:32:27,933 wwwww ------> xxxxx
DEBUG 	 2019-04-21 02:32:27,934 CCCCC ------> DDDDD
DEBUG 	 2019-04-21 02:32:27,935 NNNNN ------> OOOOO
DEBUG 	 2019-04-21 02:32:27,936 xxxxx ------> yyyyy
DEBUG 	 2019-04-21 02:32:27,937 DDDDD ------> EEEEE
DEBUG 	 2019-04-21 02:32:27,938 ZZZZZ ------> AAAAA
DEBUG 	 2019-04-21 02:32:27,939 LLLLL ------> MMMMM
DEBUG 	 2019-04-21 02:32:27,940 wwwww ------> xxxxx
DEBUG 	 2019-04-21 02:32:27,941 uuuuu ------> vvvvv
DEBUG 	 2019-04-21 02:32:27,942 EEEEE ------> FFFFF
DEBUG 	 2019-04-21 02:32:27,943 LLLLL ------> MMMMM
DEBUG 	 2019-04-21 02:32:27,944 jjjjj ------> kkkkk
DEBUG 	 2019-04-21 02:32:27,945 ggggg ------> hhhhh
DEBUG 	 2019-04-21 02:32:27,946 ccccc ------> ddddd
DEBUG 	 2019-04-21 02:32:27,947 PPPPP ------> QQQQQ
DEBUG 	 2019-04-21 02:32:27,948 ppppp ------> qqqqq
DEBUG 	 2019-04-21 02:32:27,949 RRRRR ------> SSSSS
DEBUG 	 2019-04-21 02:32:27,950 ddddd ------> eeeee
DEBUG 	 2019-04-21 02:32:27,951 ggggg ------> hhhhh
DEBUG 	 2019-04-21 02:32:27,952 vvvvv ------> wwwww
DEBUG 	 2019-04-21 02:32:27,953 AAAAA ------> BBBBB
DEBUG 	 2019-04-21 02:32:27,954 VVVVV ------> WWWWW
DEBUG 	 2019-04-21 02:32:27,955 VVVVV ------> WWWWW
DEBUG 	 2019-04-21 02:32:27,956 iiiii ------> jjjjj
DEBUG 	 2019-04-21 02:32:27,957 IIIII ------> JJJJJ
DEBUG 	 2019-04-21 02:32:27,958 GGGGG ------> HHHHH
DEBUG 	 2019-04-21 02:32:27,959 NNNNN ------> OOOOO
DEBUG 	 2019-04-21 02:32:27,960 uuuuu ------> vvvvv
DEBUG 	 2019-04-21 02:32:27,961 mmmmm ------> nnnnn
DEBUG 	 2019-04-21 02:32:27,962 xxxxx ------> yyyyy
DEBUG 	 2019-04-21 02:32:27,963 ccccc ------> ddddd
DEBUG 	 2019-04-21 02:32:27,964 aaaaa ------> bbbbb
DEBUG 	 2019-04-21 02:32:27,965 TTTTT ------> UUUUU
DEBUG 	 2019-04-21 02:32:27,966 ZZZZZ ------> AAAAA
DEBUG 	 2019-04-21 02:32:27,967 XXXXX ------> YYYYY
DEBUG 	 2019-04-21 02:32:27,968 bbbbb ------> ccccc
DEBUG 	 2019-04-21 02:32:27,969 wwwww ------> xxxxx
DEBUG 	 2019-04-21 02:32:27,970 KKKKK ------> LLLLL
DEBUG 	 2019-04-21 02:32:27,971 ooooo ------> ppppp
DEBUG 	 2019-04-21 02:32:27,972 yyyyy ------> zzzzz
DEBUG 	 2019-04-21 02:32:27,973 hhhhh ------> iiiii
DEBUG 	 2019-04-21 02:32:27,974 PPPPP ------> QQQQQ
DEBUG 	 2019-04-21 02:32:27,975 JJJJJ ------> KKKKK
DEBUG 	 2019-04-21 02:32:27,976 SSSSS ------> TTTTT
DEBUG 	 2019-04-21 02:32:27,977 yyyyy ------> zzzzz
DEBUG 	 2019-04-21 02:32:27,978 BBBBB ------> CCCCC
DEBUG 	 2019-04-21 02:32:27,979 wwwww ------> xxxxx
DEBUG 	 2019-04-21 02:32:27,980 QQQQQ ------> RRRRR
DEBUG 	 2019-04-21 02:32:27,981 aaaaa ------> bbbbb
DEBUG 	 2019-04-21 02:32:27,982 yyyyy ------> zzzzz
DEBUG 	 2019-04-21 02:32:27,983 kkkkk ------> lllll
DEBUG 	 2019-04-21 02:32:27,984 eeeee ------> fffff
DEBUG 	 2019-04-21 02:32:27,985 KKKKK ------> LLLLL
DEBUG 	 2019-04-21 02:32:27,986 EEEEE ------> FFFFF
DEBUG 	 2019-04-21 02:32:27,987 sssss ------> ttttt
DEBUG 	 2019-04-21 02:32:27,988 LLLLL ------> MMMMM
DEBUG 	 2019-04-21 02:32:27,989 zzzzz ------> aaaaa
DEBUG 	 2019-04-21 02:32:27,990 sssss ------> ttttt
DEBUG 	 2019-04-21 02:32:27,991 ggggg ------> hhhhh
DEBUG 	 2019-04-21 02:32:27,992 jjjjj ------> kkkkk
DEBUG 	 2019-04-21 02:32:27,993 XXXXX ------> YYYYY
DEBUG 	 2019-04-21 02:32:27,994 UUUUU ------> VVVVV
DEBUG 	 2019-04-21 02:32:27,995 DDDDD ------> EEEEE
DEBUG 	 2019-04-21 02:32:27,996 SSSSS ------> TTTTT
DEBUG 	 2019-04-21 02:32:27,997 FFFFF ------> GGGGG
DEBUG 	 2019-04-21 02:32:27,998 CCCCC ------> DDDDD
DEBUG 	 2019-04-21 02:32:27,999 ooooo ------> ppppp
DEBUG 	 2019-04-21 02:32:28,000 uuuuu ------> vvvvv
DEBUG 	 2019-04-21 02:32:28,001 OOOOO ------> PPPPP
DEBUG 	 2019-04-21 02:32:28,002 KKKKK ------> LLLLL
DEBUG 	 2019-04-21 02:32:28,003 IIIII ------> JJJJJ
DEBUG 	 2019-04-21 02:32:28,004 xxxxx ------> yyyyy
DEBUG 	 2019-04-21 02:32:28,005 ZZZZZ ------> AAAA
DEBUG 	 2019-04-21 02:32:28,006 SSSSS ------> ATTTTT
DEBUG 	 2019-04-21 02:32:28,007 ccccc ------> ddddd
DEBUG 	 2019-04-21 02:32:28,008 kkkkk ------> lllll
DEBUG 	 2019-04-21 02:32:28,009 GGGGG ------> HHHHH
DEBUG 	 2019-04-21 02:32:28,010 ooooo ------> ppppp
DEBUG 	 2019-04-21 02:32:28,011 eeeee ------> fffff
DEBUG 	 2019-04-21 02:32:28,012 ppppp ------> qqqqq
DEBUG 	 2019-04-21 02:32:28,013 nnnnn ------> ooooo
DEBUG 	 2019-04-21 02:32:28,014 SSSSS ------> TTTTT
DEBUG 	 2019-04-21 02:32:28,015 ddddd ------> eeeee
DEBUG 	 2019-04-21 02:32:28,016 bbbbb ------> ccccc
DEBUG 	 2019-04-21 02:32:28,017 bbbbb ------> ccccc
DEBUG 	 2019-04-21 02:32:28,018 LLLLL ------> MMMMM
DEBUG 	 2019-04-21 02:32:28,019 NNNNN ------> OOOOO
DEBUG 	 2019-04-21 02:32:28,020 qqqqq ------> rrrrr
DEBUG 	 2019-04-21 02:32:28,021 GGGGG ------> HHHHH
DEBUG 	 2019-04-21 02:32:28,022 UUUUU ------> VVVVV
DEBUG 	 2019-04-21 02:32:28,023 lllll ------> mmmmm
DEBUG 	 2019-04-21 02:32:28,024 IIIII ------> JJJJJ
DEBUG 	 2019-04-21 02:32:28,025 IIIII ------> JJJJJ
DEBUG 	 2019-04-21 02:32:28,026 hhhhh ------> iiiii
DEBUG 	 2019-04-21 02:32:28,027 CCCCC ------> DDDDD
DEBUG 	 2019-04-21 02:32:28,028 aaaaa ------> bbbbb
DEBUG 	 2019-04-21 02:32:28,029 vvvvv ------> wwwww
DEBUG 	 2019-04-21 02:32:28,030 rrrrr ------> sssss
DEBUG 	 2019-04-21 02:32:28,031 ZZZZZ ------> AAAAA
DEBUG 	 2019-04-21 02:32:28,032 QQQQQ ------> RRRRR
DEBUG 	 2019-04-21 02:32:28,033 zzzzz ------> aaaaa
DEBUG 	 2019-04-21 02:32:28,034 LLLLL ------> MMMMM
DEBUG 	 2019-04-21 02:32:28,035 WWWWW ------> XXXXX
DEBUG 	 2019-04-21 02:32:28,036 aaaaa ------> bbbbb
DEBUG 	 2019-04-21 02:32:28,037 KKKKK ------> LLLLL
DEBUG 	 2019-04-21 02:32:28,038 ddddd ------> eeeee
DEBUG 	 2019-04-21 02:32:28,039 ddddd ------> eeeee
DEBUG 	 2019-04-21 02:32:28,040 zzzzz ------> aaaaa
DEBUG 	 2019-04-21 02:32:28,041 DDDDD ------> EEEEE
DEBUG 	 2019-04-21 02:32:28,042 FFFFF ------> GGGGG
DEBUG 	 2019-04-21 02:32:28,043 IIIII ------> JJJJJ
DEBUG 	 2019-04-21 02:32:28,044 jjjjj ------> kkkkk
DEBUG 	 2019-04-21 02:32:28,045 ccccc ------> ddddd
DEBUG 	 2019-04-21 02:32:28,046 YYYYY ------> ZZZZZ
DEBUG 	 2019-04-21 02:32:28,047 iiiii ------> jjjjj
DEBUG 	 2019-04-21 02:32:28,048 MMMMM ------> NNNNN
DEBUG 	 2019-04-21 02:32:28,049 zzzzz ------> aaaaa
DEBUG 	 2019-04-21 02:32:28,050 UUUUU ------> VVVVV
DEBUG 	 2019-04-21 02:32:28,051 OOOOO ------> PPPPP
DEBUG 	 2019-04-21 02:32:28,052 KKKKK ------> LLLLL
DEBUG 	 2019-04-21 02:32:28,053 rrrrr ------> sssss
DEBUG 	 2019-04-21 02:32:28,054 WWWWW ------> XXXXX
DEBUG 	 2019-04-21 02:32:28,055 aaaaa ------> bbbbb
DEBUG 	 2019-04-21 02:32:28,056 bbbbb ------> ccccc
DEBUG 	 2019-04-21 02:32:28,057 sssss ------> ttttt
DEBUG 	 2019-04-21 02:32:28,058 LLLLL ------> MMMMM
DEBUG 	 2019-04-21 02:32:28,059 NNNNN ------> OOOOO
DEBUG 	 2019-04-21 02:32:28,060 TTTTT ------> UUUUU
DEBUG 	 2019-04-21 02:32:28,061 LLLLL ------> MMMMM
DEBUG 	 2019-04-21 02:32:28,062 nnnnn ------> ooooo
DEBUG 	 2019-04-21 02:32:28,063 jjjjj ------> kkkkk
DEBUG 	 2019-04-21 02:32:28,064 SSSSS ------> TTTTT
DEBUG 	 2019-04-21 02:32:28,065 LLLLL ------> MMMMM
DEBUG 	 2019-04-21 02:32:28,066 OOOOO ------> PPPPP
DEBUG 	 2019-04-21 02:32:28,067 TTTTT ------> UUUUU
DEBUG 	 2019-04-21 02:32:28,068 YYYYY ------> ZZZZZ
DEBUG 	 2019-04-21 02:32:28,069 RRRRR ------> SSSSS
DEBUG 	 2019-04-21 02:32:28,070 nnnnn ------> ooooo
DEBUG 	 2019-04-21 02:32:28,071 PPPPP ------> QQQQQ
DEBUG 	 2019-04-21 02:32:28,072 ooooo ------> ppppp
DEBUG 	 2019-04-21 02:32:28,073 TTTTT ------> UUUUU
DEBUG 	 2019-04-21 02:32:28,074 TTTTT ------> UUUUU
DEBUG 	 2019-04-21 02:32:28,075 xxxxx ------> yyyyy
DEBUG 	 2019-04-21 02:32:28,076 ooooo ------> ppppp
DEBUG 	 2019-04-21 02:32:28,077 ooooo ------> ppppp
DEBUG 	 2019-04-21 02:32:28,078 rrrrr ------> sssss
DEBUG 	 2019-04-21 02:32:28,079 XXXXX ------> YYYYY
DEBUG 	 2019-04-21 02:32:28,080 EEEEE ------> FFFFF
DEBUG 	 2019-04-21 02:32:28,081 ggggg ------> hhhhh
DEBUG 	 2019-04-21 02:32:28,082 yyyyy ------> zzzzz
DEBUG 	 2019-04-21 02:32:28,083 IIIII ------> JJJJJ
DEBUG 	 2019-04-21 02:32:28,084 vvvvv ------> wwwww
DEBUG 	 2019-04-21 02:32:28,085 MMMMM ------> NNNNN
DEBUG 	 2019-04-21 02:32:28,086 UUUUU ------> VVVVV
DEBUG 	 2019-04-21 02:32:28,087 ccccc ------> ddddd
DEBUG 	 2019-04-21 02:32:28,088 QQQQQ ------> RRRRR
DEBUG 	 2019-04-21 02:32:28,089 ttttt ------> uuuuu
DEBUG 	 2019-04-21 02:32:28,090 MMMMM ------> NNNNN
DEBUG 	 2019-04-21 02:32:28,091 fffff ------> ggggg
DEBUG 	 2019-04-21 02:32:28,092 ooooo ------> ppppp
DEBUG 	 2019-04-21 02:32:28,093 EEEEE ------> FFFFF
DEBUG 	 2019-04-21 02:32:28,094 yyyyy ------> zzzzz
DEBUG 	 2019-04-21 02:32:28,095 VVVVV ------> WWWWW
DEBUG 	 2019-04-21 02:32:28,096 DDDDD ------> EEEEE
DEBUG 	 2019-04-21 02:32:28,097 OOOOO ------> PPPPP
DEBUG 	 2019-04-21 02:32:28,098 uuuuu ------> vvvvv
DEBUG 	 2019-04-21 02:32:28,099 KKKKK ------> LLLLL
DEBUG 	 2019-04-21 02:32:28,100 ggggg ------> hhhhh
DEBUG 	 2019-04-21 02:32:28,101 SSSSS ------> TTTTT
DEBUG 	 2019-04-21 02:32:28,102 GGGGG ------> HHHHH
DEBUG 	 2019-04-21 02:32:28,103 uuuuu ------> vvvvv
DEBUG 	 2019-04-21 02:32:28,104 DDDDD ------> EEEEE
DEBUG 	 2019-04-21 02:32:28,105 uuuuu ------> vvvvv
DEBUG 	 2019-04-21 02:32:28,106 sssss ------> ttttt
DEBUG 	 2019-04-21 02:32:28,107 sssss ------> ttttt
DEBUG 	 2019-04-21 02:32:28,108 CCCCC ------> DDDDD
DEBUG 	 2019-04-21 02:32:28,109 EEEEE ------> FFFFF
DEBUG 	 2019-04-21 02:32:28,110 kkkkk ------> lllll
DEBUG 	 2019-04-21 02:32:28,111 HHHHH ------> IIIII
DEBUG 	 2019-04-21 02:32:28,112 kkkkk ------> lllll
DEBUG 	 2019-04-21 02:32:28,113 ppppp ------> qqqqq
DEBUG 	 2019-04-21 02:32:28,114 IIIII ------> JJJJJ
DEBUG 	 2019-04-21 02:32:28,115 IIIII ------> JJJJJ
DEBUG 	 2019-04-21 02:32:28,116 WWWWW ------> XXXXX
DEBUG 	 2019-04-21 02:32:28,117 MMMMM ------> NNNNN
DEBUG 	 2019-04-21 02:32:28,118 kkkkk ------> lllll
DEBUG 	 2019-04-21 02:32:28,119 ccccc ------> ddddd
DEBUG 	 2019-04-21 02:32:28,120 ZZZZZ ------> AAAAA
DEBUG 	 2019-04-21 02:32:28,121 jjjjj ------> kkkkk
DEBUG 	 2019-04-21 02:32:28,122 jjjjj ------> kkkkk
DEBUG 	 2019-04-21 02:32:28,123 nnnnn ------> ooooo
DEBUG 	 2019-04-21 02:32:28,124 RRRRR ------> SSSSS
DEBUG 	 2019-04-21 02:32:28,125 ggggg ------> hhhhh
DEBUG 	 2019-04-21 02:32:28,126 ZZZZZ ------> AAAAA
DEBUG 	 2019-04-21 02:32:28,127 LLLLL ------> MMMMM
DEBUG 	 2019-04-21 02:32:28,128 QQQQQ ------> RRRRR
DEBUG 	 2019-04-21 02:32:28,129 HHHHH ------> IIIII
DEBUG 	 2019-04-21 02:32:28,130 mmmmm ------> nnnnn
DEBUG 	 2019-04-21 02:32:28,131 ooooo ------> ppppp
DEBUG 	 2019-04-21 02:32:28,132 GGGGG ------> HHHHH
DEBUG 	 2019-04-21 02:32:28,133 AAAAA ------> BBBBB
DEBUG 	 2019-04-21 02:32:28,134 LLLLL ------> MMMMM
DEBUG 	 2019-04-21 02:32:28,135 YYYYY ------> ZZZZZ
DEBUG 	 2019-04-21 02:32:28,136 MMMMM ------> NNNNN
DEBUG 	 2019-04-21 02:32:28,137 zzzzz ------> aaaaa
DEBUG 	 2019-04-21 02:32:28,138 IIIII ------> JJJJJ
DEBUG 	 2019-04-21 02:32:28,139 fffff ------> ggggg
DEBUG 	 2019-04-21 02:32:28,140 vvvvv ------> wwwww
DEBUG 	 2019-04-21 02:32:28,141 BBBBB ------> CCCCC
DEBUG 	 2019-04-21 02:32:28,142 vvvvv ------> wwwww
DEBUG 	 2019-04-21 02:32:28,143 UUUUU ------> VVVVV
DEBUG 	 2019-04-21 02:32:28,144 MMMMM ------> NNNNN
DEBUG 	 2019-04-21 02:32:28,145 WWWWW ------> XXXXX
DEBUG 	 2019-04-21 02:32:28,146 kkkkk ------> lllll
DEBUG 	 2019-04-21 02:32:28,147 XXXXX ------> YYYYY
DEBUG 	 2019-04-21 02:32:28,148 ZZZZZ ------> AAAAA
DEBUG 	 2019-04-21 02:32:28,149 ddddd ------> eeeee
DEBUG 	 2019-04-21 02:32:28,150 eeeee ------> fffff
DEBUG 	 2019-04-21 02:32:28,151 UUUUU ------> VVVVV
DEBUG 	 2019-04-21 02:32:28,152 UUUUU ------> VVVVV
DEBUG 	 2019-04-21 02:32:28,153 LLLLL ------> MMMMM
DEBUG 	 2019-04-21 02:32:28,154 mmmmm ------> nnnnn
DEBUG 	 2019-04-21 02:32:28,155 XXXXX ------> YYYYY
DEBUG 	 2019-04-21 02:32:28,156 fffff ------> ggggg
DEBUG 	 2019-04-21 02:32:28,157 FFFFF ------> GGGGG
DEBUG 	 2019-04-21 02:32:28,158 ttttt ------> uuuuu
DEBUG 	 2019-04-21 02:32:28,159 IIIII ------> JJJJJ
DEBUG 	 2019-04-21 02:32:28,160 IIIII ------> JJJJJ
DEBUG 	 2019-04-21 02:32:28,161 HHHHH ------> IIIII
DEBUG 	 2019-04-21 02:32:28,162 LLLLL ------> MMMMM
DEBUG 	 2019-04-21 02:32:28,163 SSSSS ------> TTTTT
DEBUG 	 2019-04-21 02:32:28,164 fffff ------> ggggg
DEBUG 	 2019-04-21 02:32:28,165 sssss ------> ttttt
DEBUG 	 2019-04-21 02:32:28,166 fffff ------> ggggg
DEBUG 	 2019-04-21 02:32:28,167 YYYYY ------> ZZZZZ
DEBUG 	 2019-04-21 02:32:28,168 SSSSS ------> TTTTT
DEBUG 	 2019-04-21 02:32:28,169 BBBBB ------> CCCCC
DEBUG 	 2019-04-21 02:32:28,170 UUUUU ------> VVVVV
DEBUG 	 2019-04-21 02:32:28,171 ooooo ------> ppppp
DEBUG 	 2019-04-21 02:32:28,172 jjjjj ------> kkkkk
DEBUG 	 2019-04-21 02:32:28,173 ttttt ------> uuuuu
DEBUG 	 2019-04-21 02:32:28,174 rrrrr ------> sssss
DEBUG 	 2019-04-21 02:32:28,175 xxxxx ------> yyyyy
DEBUG 	 2019-04-21 02:32:28,176 KKKKK ------> LLLLL
DEBUG 	 2019-04-21 02:32:28,177 zzzzz ------> aaaaa
DEBUG 	 2019-04-21 02:32:28,178 ppppp ------> qqqqq
DEBUG 	 2019-04-21 02:32:28,179 aaaaa ------> bbbbb
DEBUG 	 2019-04-21 02:32:28,180 TTTTT ------> UUUUU
DEBUG 	 2019-04-21 02:32:28,181 fffff ------> ggggg
DEBUG 	 2019-04-21 02:32:28,182 nnnnn ------> ooooo
DEBUG 	 2019-04-21 02:32:28,183 nnnnn ------> ooooo
DEBUG 	 2019-04-21 02:32:28,184 eeeee ------> fffff
DEBUG 	 2019-04-21 02:32:28,185 OOOOO ------> PPPPP
DEBUG 	 2019-04-21 02:32:28,186 FFFFF ------> GGGGG
DEBUG 	 2019-04-21 02:32:28,187 aaaaa ------> bbbbb
DEBUG 	 2019-04-21 02:32:28,188 fffff ------> ggggg
DEBUG 	 2019-04-21 02:32:28,189 CCCCC ------> DDDDD
DEBUG 	 2019-04-21 02:32:28,190 rrrrr ------> sssss
DEBUG 	 2019-04-21 02:32:28,191 EEEEE ------> FFFFF
DEBUG 	 2019-04-21 02:32:28,192 HHHHH ------> IIIII
DEBUG 	 2019-04-21 02:32:28,193 uuuuu ------> vvvvv
DEBUG 	 2019-04-21 02:32:28,194 iiiii ------> jjjjj
DEBUG 	 2019-04-21 02:32:28,195 bbbbb ------> ccccc
DEBUG 	 2019-04-21 02:32:28,196 SSSSS ------> TTTTT
DEBUG 	 2019-04-21 02:32:28,197 kkkkk ------> lllll
DEBUG 	 2019-04-21 02:32:28,198 MMMMM ------> NNNNN
DEBUG 	 2019-04-21 02:32:28,199 RRRRR ------> SSSSS
DEBUG 	 2019-04-21 02:32:28,200 ttttt ------> uuuuu
DEBUG 	 2019-04-21 02:32:28,201 OOOOO ------> PPPPP
DEBUG 	 2019-04-21 02:32:28,202 ppppp ------> qqqqq
DEBUG 	 2019-04-21 02:32:28,203 jjjjj ------> kkkkk
DEBUG 	 2019-04-21 02:32:28,204 ggggg ------> hhhhh
DEBUG 	 2019-04-21 02:32:28,205 nnnnn ------> oooo
DEBUG 	 2019-04-21 02:32:28,206 WWWWW ------> oXXXXX
DEBUG 	 2019-04-21 02:32:28,207 hhhhh ------> iiiii
DEBUG 	 2019-04-21 02:32:28,208 CCCCC ------> DDDDD
DEBUG 	 2019-04-21 02:32:28,209 rrrrr ------> sssss
DEBUG 	 2019-04-21 02:32:28,210 BBBBB ------> CCCCC
DEBUG 	 2019-04-21 02:32:28,211 ccccc ------> ddddd
DEBUG 	 2019-04-21 02:32:28,212 ttttt ------> uuuuu
DEBUG 	 2019-04-21 02:32:28,213 ZZZZZ ------> AAAAA
DEBUG 	 2019-04-21 02:32:28,214 uuuuu ------> vvvvv
DEBUG 	 2019-04-21 02:32:28,215 bbbbb ------> ccccc
DEBUG 	 2019-04-21 02:32:28,216 wwwww ------> xxxxx
DEBUG 	 2019-04-21 02:32:28,217 rrrrr ------> sssss
DEBUG 	 2019-04-21 02:32:28,218 ttttt ------> uuuuu
DEBUG 	 2019-04-21 02:32:28,219 NNNNN ------> OOOOO
DEBUG 	 2019-04-21 02:32:28,220 XXXXX ------> YYYYY
DEBUG 	 2019-04-21 02:32:28,221 HHHHH ------> IIIII
DEBUG 	 2019-04-21 02:32:28,222 bbbbb ------> ccccc
DEBUG 	 2019-04-21 02:32:28,223 kkkkk ------> lllll
DEBUG 	 2019-04-21 02:32:28,224 wwwww ------> xxxxx
DEBUG 	 2019-04-21 02:32:28,225 GGGGG ------> HHHHH
DEBUG 	 2019-04-21 02:32:28,226 ZZZZZ ------> AAAAA
DEBUG 	 2019-04-21 02:32:28,227 wwwww ------> xxxxx
DEBUG 	 2019-04-21 02:32:28,228 UUUUU ------> VVVVV
DEBUG 	 2019-04-21 02:32:28,229 eeeee ------> fffff
DEBUG 	 2019-04-21 02:32:28,230 xxxxx ------> yyyyy
DEBUG 	 2019-04-21 02:32:28,231 xxxxx ------> yyyyy
DEBUG 	 2019-04-21 02:32:28,232 NNNNN ------> OOOOO
DEBUG 	 2019-04-21 02:32:28,233 sssss ------> ttttt
DEBUG 	 2019-04-21 02:32:28,234 yyyyy ------> zzzzz
DEBUG 	 2019-04-21 02:32:28,235 wwwww ------> xxxxx
DEBUG 	 2019-04-21 02:32:28,236 xxxxx ------> yyyyy
DEBUG 	 2019-04-21 02:32:28,237 xxxxx ------> yyyyy
DEBUG 	 2019-04-21 02:32:28,238 GGGGG ------> HHHHH
DEBUG 	 2019-04-21 02:32:28,239 YYYYY ------> ZZZZZ
DEBUG 	 2019-04-21 02:32:28,240 zzzzz ------> aaaaa
DEBUG 	 2019-04-21 02:32:28,241 eeeee ------> fffff
DEBUG 	 2019-04-21 02:32:28,242 ccccc ------> ddddd
DEBUG 	 2019-04-21 02:32:28,243 xxxxx ------> yyyyy
DEBUG 	 2019-04-21 02:32:28,244 JJJJJ ------> KKKKK
DEBUG 	 2019-04-21 02:32:28,245 VVVVV ------> WWWWW
DEBUG 	 2019-04-21 02:32:28,246 sssss ------> ttttt
DEBUG 	 2019-04-21 02:32:28,247 vvvvv ------> wwwww
DEBUG 	 2019-04-21 02:32:28,248 fffff ------> ggggg
DEBUG 	 2019-04-21 02:32:28,249 JJJJJ ------> KKKKK
DEBUG 	 2019-04-21 02:32:28,250 zzzzz ------> aaaaa
DEBUG 	 2019-04-21 02:32:28,251 iiiii ------> jjjjj
DEBUG 	 2019-04-21 02:32:28,252 IIIII ------> JJJJJ
DEBUG 	 2019-04-21 02:32:28,253 vvvvv ------> wwwww
DEBUG 	 2019-04-21 02:32:28,254 FFFFF ------> GGGGG
DEBUG 	 2019-04-21 02:32:28,255 mmmmm ------> nnnnn
DEBUG 	 2019-04-21 02:32:28,256 rrrrr ------> sssss
DEBUG 	 2019-04-21 02:32:28,257 KKKKK ------> LLLLL
DEBUG 	 2019-04-21 02:32:28,258 aaaaa ------> bbbbb
DEBUG 	 2019-04-21 02:32:28,259 XXXXX ------> YYYYY
DEBUG 	 2019-04-21 02:32:28,260 uuuuu ------> vvvvv
DEBUG 	 2019-04-21 02:32:28,261 eeeee ------> fffff
DEBUG 	 2019-04-21 02:32:28,262 EEEEE ------> FFFFF
DEBUG 	 2019-04-21 02:32:28,263 LLLLL ------> MMMMM
DEBUG 	 2019-04-21 02:32:28,264 EEEEE ------> FFFFF
DEBUG 	 2019-04-21 02:32:28,265 fffff ------> ggggg
DEBUG 	 2019-04-21 02:32:28,266 EEEEE ------> FFFFF
DEBUG 	 2019-04-21 02:32:28,267 DDDDD ------> EEEEE
DEBUG 	 2019-04-21 02:32:28,268 mmmmm ------> nnnnn
DEBUG 	 2019-04-21 02:32:28,269 RRRRR ------> SSSSS
DEBUG 	 2019-04-21 02:32:28,270 qqqqq ------> rrrrr
DEBUG 	 2019-04-21 02:32:28,271 wwwww ------> xxxxx
DEBUG 	 2019-04-21 02:32:28,272 KKKKK ------> LLLLL
DEBUG 	 2019-04-21 02:32:28,273 rrrrr ------> sssss
DEBUG 	 2019-04-21 02:32:28,274 IIIII ------> JJJJJ
DEBUG 	 2019-04-21 02:32:28,275 TTTTT ------> UUUUU
DEBUG 	 2019-04-21 02:32:28,276 IIIII ------> JJJJJ
DEBUG 	 2019-04-21 02:32:28,277 PPPPP ------> QQQQQ
DEBUG 	 2019-04-21 02:32:28,278 AAAAA ------> BBBBB
DEBUG 	 2019-04-21 02:32:28,279 kkkkk ------> lllll
DEBUG 	 2019-04-21 02:32:28,280 ZZZZZ ------> AAAAA
DEBUG 	 2019-04-21 02:32:28,281 BBBBB ------> CCCCC
DEBUG 	 2019-04-21 02:32:28,282 jjjjj ------> kkkkk
DEBUG 	 2019-04-21 02:32:28,283 WWWWW ------> XXXXX
DEBUG 	 2019-04-21 02:32:28,284 ttttt ------> uuuuu
DEBUG 	 2019-04-21 02:32:28,285 yyyyy ------> zzzzz
DEBUG 	 2019-04-21 02:32:28,286 FFFFF ------> GGGGG
DEBUG 	 2019-04-21 02:32:28,287 OOOOO ------> PPPPP
DEBUG 	 2019-04-21 02:32:28,288 ggggg ------> hhhhh
DEBUG 	 2019-04-21 02:32:28,289 xxxxx ------> yyyyy
DEBUG 	 2019-04-21 02:32:28,290 kkkkk ------> lllll
DEBUG 	 2019-04-21 02:32:28,291 lllll ------> mmmmm
DEBUG 	 2019-04-21 02:32:28,292 hhhhh ------> iiiii
DEBUG 	 2019-04-21 02:32:28,293 lllll ------> mmmmm
DEBUG 	 2019-04-21 02:32:28,294 ppppp ------> qqqqq
DEBUG 	 2019-04-21 02:32:28,295 zzzzz ------> aaaaa
DEBUG 	 2019-04-21 02:32:28,296 vvvvv ------> wwwww
DEBUG 	 2019-04-21 02:32:28,297 aaaaa ------> bbbbb
DEBUG 	 2019-04-21 02:32:28,298 aaaaa ------> bbbbb
DEBUG 	 2019-04-21 02:32:28,299 FFFFF ------> GGGGG
DEBUG 	 2019-04-21 02:32:28,300 HHHHH ------> IIIII
DEBUG 	 2019-04-21 02:32:28,301 xxxxx ------> yyyyy
DEBUG 	 2019-04-21 02:32:28,302 ttttt ------> uuuuu
DEBUG 	 2019-04-21 02:32:28,303 IIIII ------> JJJJJ
DEBUG 	 2019-04-21 02:32:28,304 yyyyy ------> zzzzz
DEBUG 	 2019-04-21 02:32:28,305 wwwww ------> xxxxx
DEBUG 	 2019-04-21 02:32:28,306 vvvvv ------> wwwww
DEBUG 	 2019-04-21 02:32:28,307 QQQQQ ------> RRRRR
DEBUG 	 2019-04-21 02:32:28,308 OOOOO ------> PPPPP
DEBUG 	 2019-04-21 02:32:28,309 ZZZZZ ------> AAAAA
DEBUG 	 2019-04-21 02:32:28,310 MMMMM ------> NNNNN
DEBUG 	 2019-04-21 02:32:28,311 CCCCC ------> DDDDD
DEBUG 	 2019-04-21 02:32:28,312 HHHHH ------> IIIII
DEBUG 	 2019-04-21 02:32:28,313 wwwww ------> xxxxx
DEBUG 	 2019-04-21 02:32:28,314 FFFFF ------> GGGGG
DEBUG 	 2019-04-21 02:32:28,315 HHHHH ------> IIIII
DEBUG 	 2019-04-21 02:32:28,316 ggggg ------> hhhhh
DEBUG 	 2019-04-21 02:32:28,317 YYYYY ------> ZZZZZ
DEBUG 	 2019-04-21 02:32:28,318 zzzzz ------> aaaaa
DEBUG 	 2019-04-21 02:32:28,319 ddddd ------> eeeee
DEBUG 	 2019-04-21 02:32:28,320 nnnnn ------> ooooo
DEBUG 	 2019-04-21 02:32:28,321 rrrrr ------> ssss
DEBUG 	 2019-04-21 02:32:28,322 MMMMM ------> sNNNNN
DEBUG 	 2019-04-21 02:32:28,323 UUUUU ------> VVVVV
DEBUG 	 2019-04-21 02:32:28,324 mmmmm ------> nnnnn
DEBUG 	 2019-04-21 02:32:28,325 vvvvv ------> wwwww
DEBUG 	 2019-04-21 02:32:28,326 eeeee ------> fffff
DEBUG 	 2019-04-21 02:32:28,327 JJJJJ ------> KKKKK
DEBUG 	 2019-04-21 02:32:28,328 kkkkk ------> lllll
DEBUG 	 2019-04-21 02:32:28,329 XXXXX ------> YYYYY
DEBUG 	 2019-04-21 02:32:28,330 IIIII ------> JJJJ
DEBUG 	 2019-04-21 02:32:28,331 uuuuu ------> Jvvvvv
DEBUG 	 2019-04-21 02:32:28,332 rrrrr ------> sssss
DEBUG 	 2019-04-21 02:32:28,333 BBBBB ------> CCCCC
DEBUG 	 2019-04-21 02:32:28,334 VVVVV ------> WWWWW
DEBUG 	 2019-04-21 02:32:28,335 zzzzz ------> aaaa
DEBUG 	 2019-04-21 02:32:28,336 VVVVV ------> aWWWWW
DEBUG 	 2019-04-21 02:32:28,337 OOOOO ------> PPPPP
DEBUG 	 2019-04-21 02:32:28,338 IIIII ------> JJJJJ
DEBUG 	 2019-04-21 02:32:28,339 CCCCC ------> DDDDD
DEBUG 	 2019-04-21 02:32:28,340 UUUUU ------> VVVVV
DEBUG 	 2019-04-21 02:32:28,341 DDDDD ------> EEEEE
DEBUG 	 2019-04-21 02:32:28,342 eeeee ------> fffff
DEBUG 	 2019-04-21 02:32:28,343 DDDDD ------> EEEEE
DEBUG 	 2019-04-21 02:32:28,344 AAAAA ------> BBBBB
DEBUG 	 2019-04-21 02:32:28,345 eeeee ------> fffff
DEBUG 	 2019-04-21 02:32:28,346 eeeee ------> fffff
DEBUG 	 2019-04-21 02:32:28,347 GGGGG ------> HHHHH
DEBUG 	 2019-04-21 02:32:28,348 ddddd ------> eeeee
DEBUG 	 2019-04-21 02:32:28,349 RRRRR ------> SSSSS
DEBUG 	 2019-04-21 02:32:28,350 ddddd ------> eeeee
DEBUG 	 2019-04-21 02:32:28,351 XXXXX ------> YYYYY
DEBUG 	 2019-04-21 02:32:28,352 wwwww ------> xxxxx
DEBUG 	 2019-04-21 02:32:28,353 hhhhh ------> iiiii
DEBUG 	 2019-04-21 02:32:28,354 zzzzz ------> aaaaa
DEBUG 	 2019-04-21 02:32:28,355 WWWWW ------> XXXXX
DEBUG 	 2019-04-21 02:32:28,356 RRRRR ------> SSSSS
DEBUG 	 2019-04-21 02:32:28,357 TTTTT ------> UUUUU
DEBUG 	 2019-04-21 02:32:28,358 yyyyy ------> zzzzz
DEBUG 	 2019-04-21 02:32:28,359 KKKKK ------> LLLLL
DEBUG 	 2019-04-21 02:32:28,360 JJJJJ ------> KKKKK
DEBUG 	 2019-04-21 02:32:28,361 uuuuu ------> vvvvv
DEBUG 	 2019-04-21 02:32:28,362 qqqqq ------> rrrrr
DEBUG 	 2019-04-21 02:32:28,363 KKKKK ------> LLLLL
DEBUG 	 2019-04-21 02:32:28,364 KKKKK ------> LLLLL
DEBUG 	 2019-04-21 02:32:28,365 mmmmm ------> nnnnn
DEBUG 	 2019-04-21 02:32:28,366 mmmmm ------> nnnnn
DEBUG 	 2019-04-21 02:32:28,367 XXXXX ------> YYYYY
DEBUG 	 2019-04-21 02:32:28,368 ggggg ------> hhhhh
DEBUG 	 2019-04-21 02:32:28,369 vvvvv ------> wwwww
DEBUG 	 2019-04-21 02:32:28,370 aaaaa ------> bbbbb
DEBUG 	 2019-04-21 02:32:28,371 nnnnn ------> ooooo
DEBUG 	 2019-04-21 02:32:28,372 fffff ------> ggggg
DEBUG 	 2019-04-21 02:32:28,373 zzzzz ------> aaaaa
DEBUG 	 2019-04-21 02:32:28,374 BBBBB ------> CCCCC
DEBUG 	 2019-04-21 02:32:28,375 EEEEE ------> FFFFF
DEBUG 	 2019-04-21 02:32:28,375 VVVVV ------> WWWWW
DEBUG 	 2019-04-21 02:32:28,376 lllll ------> mmmmm
DEBUG 	 2019-04-21 02:32:28,377 OOOOO ------> PPPPP
DEBUG 	 2019-04-21 02:32:28,378 LLLLL ------> MMMMM
DEBUG 	 2019-04-21 02:32:28,379 XXXXX ------> YYYYY
DEBUG 	 2019-04-21 02:32:28,380 GGGGG ------> HHHHH
DEBUG 	 2019-04-21 02:32:28,381 ddddd ------> eeeee
DEBUG 	 2019-04-21 02:32:28,382 kkkkk ------> lllll
DEBUG 	 2019-04-21 02:32:28,383 bbbbb ------> ccccc
DEBUG 	 2019-04-21 02:32:28,384 xxxxx ------> yyyyy
DEBUG 	 2019-04-21 02:32:28,385 aaaaa ------> bbbbb
DEBUG 	 2019-04-21 02:32:28,386 qqqqq ------> rrrrr
DEBUG 	 2019-04-21 02:32:28,387 lllll ------> mmmmm
DEBUG 	 2019-04-21 02:32:28,388 rrrrr ------> sssss
DEBUG 	 2019-04-21 02:32:28,389 vvvvv ------> wwwww
DEBUG 	 2019-04-21 02:32:28,390 PPPPP ------> QQQQQ
DEBUG 	 2019-04-21 02:32:28,391 IIIII ------> JJJJJ
DEBUG 	 2019-04-21 02:32:28,392 HHHHH ------> IIIII
DEBUG 	 2019-04-21 02:32:28,393 xxxxx ------> yyyyy
DEBUG 	 2019-04-21 02:32:28,394 GGGGG ------> HHHHH
DEBUG 	 2019-04-21 02:32:28,395 OOOOO ------> PPPPP
DEBUG 	 2019-04-21 02:32:28,396 KKKKK ------> LLLLL
DEBUG 	 2019-04-21 02:32:28,397 qqqqq ------> rrrrr
DEBUG 	 2019-04-21 02:32:28,398 uuuuu ------> vvvvv
DEBUG 	 2019-04-21 02:32:28,399 uuuuu ------> vvvvv
DEBUG 	 2019-04-21 02:32:28,400 SSSSS ------> TTTTT
DEBUG 	 2019-04-21 02:32:28,401 rrrrr ------> sssss
DEBUG 	 2019-04-21 02:32:28,402 OOOOO ------> PPPPP
DEBUG 	 2019-04-21 02:32:28,403 hhhhh ------> iiiii
DEBUG 	 2019-04-21 02:32:28,404 LLLLL ------> MMMMM
DEBUG 	 2019-04-21 02:32:28,405 eeeee ------> fffff
DEBUG 	 2019-04-21 02:32:28,406 OOOOO ------> PPPPP
DEBUG 	 2019-04-21 02:32:28,407 yyyyy ------> zzzzz
DEBUG 	 2019-04-21 02:32:28,408 RRRRR ------> SSSSS
DEBUG 	 2019-04-21 02:32:28,409 TTTTT ------> UUUUU
DEBUG 	 2019-04-21 02:32:28,410 vvvvv ------> wwwww
DEBUG 	 2019-04-21 02:32:28,411 lllll ------> mmmmm
DEBUG 	 2019-04-21 02:32:28,412 lllll ------> mmmmm
DEBUG 	 2019-04-21 02:32:28,413 uuuuu ------> vvvvv
DEBUG 	 2019-04-21 02:32:28,414 UUUUU ------> VVVVV
DEBUG 	 2019-04-21 02:32:28,415 xxxxx ------> yyyyy
DEBUG 	 2019-04-21 02:32:28,416 qqqqq ------> rrrrr
DEBUG 	 2019-04-21 02:32:28,417 TTTTT ------> UUUUU
DEBUG 	 2019-04-21 02:32:28,418 fffff ------> ggggg
DEBUG 	 2019-04-21 02:32:28,419 aaaaa ------> bbbbb
DEBUG 	 2019-04-21 02:32:28,420 ZZZZZ ------> AAAAA
DEBUG 	 2019-04-21 02:32:28,421 rrrrr ------> sssss
DEBUG 	 2019-04-21 02:32:28,422 DDDDD ------> EEEEE
DEBUG 	 2019-04-21 02:32:28,423 OOOOO ------> PPPPP
DEBUG 	 2019-04-21 02:32:28,424 YYYYY ------> ZZZZZ
DEBUG 	 2019-04-21 02:32:28,425 CCCCC ------> DDDDD
DEBUG 	 2019-04-21 02:32:28,426 ggggg ------> hhhhh
DEBUG 	 2019-04-21 02:32:28,427 IIIII ------> JJJJJ
DEBUG 	 2019-04-21 02:32:28,428 RRRRR ------> SSSSS
DEBUG 	 2019-04-21 02:32:28,429 KKKKK ------> LLLLL
DEBUG 	 2019-04-21 02:32:28,430 zzzzz ------> aaaaa
DEBUG 	 2019-04-21 02:32:28,431 EEEEE ------> FFFFF
DEBUG 	 2019-04-21 02:32:28,432 eeeee ------> fffff
DEBUG 	 2019-04-21 02:32:28,433 LLLLL ------> MMMMM
DEBUG 	 2019-04-21 02:32:28,434 wwwww ------> xxxxx
DEBUG 	 2019-04-21 02:32:28,435 ooooo ------> ppppp
DEBUG 	 2019-04-21 02:32:28,436 SSSSS ------> TTTTT
DEBUG 	 2019-04-21 02:32:28,437 aaaaa ------> bbbbb
DEBUG 	 2019-04-21 02:32:28,438 hhhhh ------> iiiii
DEBUG 	 2019-04-21 02:32:28,439 sssss ------> ttttt
DEBUG 	 2019-04-21 02:32:28,440 ddddd ------> eeeee
DEBUG 	 2019-04-21 02:32:28,441 IIIII ------> JJJJJ
DEBUG 	 2019-04-21 02:32:28,442 ggggg ------> hhhhh
DEBUG 	 2019-04-21 02:32:28,443 qqqqq ------> rrrrr
DEBUG 	 2019-04-21 02:32:28,444 LLLLL ------> MMMMM
DEBUG 	 2019-04-21 02:32:28,445 nnnnn ------> ooooo
DEBUG 	 2019-04-21 02:32:28,446 UUUUU ------> VVVVV
DEBUG 	 2019-04-21 02:32:28,447 CCCCC ------> DDDDD
DEBUG 	 2019-04-21 02:32:28,448 hhhhh ------> iiiii
DEBUG 	 2019-04-21 02:32:28,449 HHHHH ------> IIIII
DEBUG 	 2019-04-21 02:32:28,450 sssss ------> ttttt
DEBUG 	 2019-04-21 02:32:28,451 TTTTT ------> UUUUU
DEBUG 	 2019-04-21 02:32:28,452 UUUUU ------> VVVVV
DEBUG 	 2019-04-21 02:32:28,453 aaaaa ------> bbbbb
DEBUG 	 2019-04-21 02:32:28,454 iiiii ------> jjjjj
DEBUG 	 2019-04-21 02:32:28,455 qqqqq ------> rrrrr
DEBUG 	 2019-04-21 02:32:28,456 TTTTT ------> UUUUU
DEBUG 	 2019-04-21 02:32:28,457 TTTTT ------> UUUUU
DEBUG 	 2019-04-21 02:32:28,458 VVVVV ------> WWWWW
DEBUG 	 2019-04-21 02:32:28,459 ooooo ------> ppppp
DEBUG 	 2019-04-21 02:32:28,460 YYYYY ------> ZZZZZ
DEBUG 	 2019-04-21 02:32:28,461 rrrrr ------> sssss
DEBUG 	 2019-04-21 02:32:28,462 CCCCC ------> DDDDD
DEBUG 	 2019-04-21 02:32:28,463 bbbbb ------> ccccc
DEBUG 	 2019-04-21 02:32:28,464 fffff ------> ggggg
DEBUG 	 2019-04-21 02:32:28,465 KKKKK ------> LLLLL
DEBUG 	 2019-04-21 02:32:28,466 lllll ------> mmmmm
DEBUG 	 2019-04-21 02:32:28,467 yyyyy ------> zzzzz
DEBUG 	 2019-04-21 02:32:28,468 UUUUU ------> VVVVV
DEBUG 	 2019-04-21 02:32:28,469 NNNNN ------> OOOOO
DEBUG 	 2019-04-21 02:32:28,470 TTTTT ------> UUUUU
DEBUG 	 2019-04-21 02:32:28,471 mmmmm ------> nnnnn
DEBUG 	 2019-04-21 02:32:28,472 FFFFF ------> GGGGG
DEBUG 	 2019-04-21 02:32:28,473 GGGGG ------> HHHHH
DEBUG 	 2019-04-21 02:32:28,474 GGGGG ------> HHHHH
DEBUG 	 2019-04-21 02:32:28,475 ooooo ------> ppppp
DEBUG 	 2019-04-21 02:32:28,476 aaaaa ------> bbbbb
DEBUG 	 2019-04-21 02:32:28,477 NNNNN ------> OOOOO
DEBUG 	 2019-04-21 02:32:28,478 WWWWW ------> XXXXX
DEBUG 	 2019-04-21 02:32:28,479 jjjjj ------> kkkkk
DEBUG 	 2019-04-21 02:32:28,480 MMMMM ------> NNNNN
DEBUG 	 2019-04-21 02:32:28,481 EEEEE ------> FFFFF
DEBUG 	 2019-04-21 02:32:28,482 nnnnn ------> ooooo
DEBUG 	 2019-04-21 02:32:28,483 vvvvv ------> wwwww
DEBUG 	 2019-04-21 02:32:28,484 AAAAA ------> BBBBB
DEBUG 	 2019-04-21 02:32:28,485 RRRRR ------> SSSSS
DEBUG 	 2019-04-21 02:32:28,486 DDDDD ------> EEEEE
DEBUG 	 2019-04-21 02:32:28,487 ddddd ------> eeeee
DEBUG 	 2019-04-21 02:32:28,488 qqqqq ------> rrrrr
DEBUG 	 2019-04-21 02:32:28,489 uuuuu ------> vvvvv
DEBUG 	 2019-04-21 02:32:28,490 ccccc ------> ddddd
DEBUG 	 2019-04-21 02:32:28,491 sssss ------> ttttt
DEBUG 	 2019-04-21 02:32:28,492 AAAAA ------> BBBBB
DEBUG 	 2019-04-21 02:32:28,493 zzzzz ------> aaaaa
DEBUG 	 2019-04-21 02:32:28,494 nnnnn ------> ooooo
DEBUG 	 2019-04-21 02:32:28,495 ddddd ------> eeeee
DEBUG 	 2019-04-21 02:32:28,496 RRRRR ------> SSSSS
DEBUG 	 2019-04-21 02:32:28,497 ccccc ------> ddddd
DEBUG 	 2019-04-21 02:32:28,498 UUUUU ------> VVVVV
DEBUG 	 2019-04-21 02:32:28,499 AAAAA ------> BBBBB
DEBUG 	 2019-04-21 02:32:28,500 SSSSS ------> TTTTT
DEBUG 	 2019-04-21 02:32:28,501 FFFFF ------> GGGGG
DEBUG 	 2019-04-21 02:32:28,502 PPPPP ------> QQQQQ
DEBUG 	 2019-04-21 02:32:28,503 SSSSS ------> TTTTT
DEBUG 	 2019-04-21 02:32:28,504 HHHHH ------> IIIII
DEBUG 	 2019-04-21 02:32:28,505 wwwww ------> xxxxx
DEBUG 	 2019-04-21 02:32:28,506 qqqqq ------> rrrrr
DEBUG 	 2019-04-21 02:32:28,507 VVVVV ------> WWWWW
DEBUG 	 2019-04-21 02:32:28,508 VVVVV ------> WWWWW
DEBUG 	 2019-04-21 02:32:28,509 eeeee ------> fffff
DEBUG 	 2019-04-21 02:32:28,510 xxxxx ------> yyyyy
DEBUG 	 2019-04-21 02:32:28,511 ccccc ------> ddddd
DEBUG 	 2019-04-21 02:32:28,512 qqqqq ------> rrrrr
DEBUG 	 2019-04-21 02:32:28,513 mmmmm ------> nnnnn
DEBUG 	 2019-04-21 02:32:28,514 NNNNN ------> OOOOO
DEBUG 	 2019-04-21 02:32:28,515 CCCCC ------> DDDDD
DEBUG 	 2019-04-21 02:32:28,516 AAAAA ------> BBBBB
DEBUG 	 2019-04-21 02:32:28,517 XXXXX ------> YYYYY
DEBUG 	 2019-04-21 02:32:28,518 XXXXX ------> YYYYY
DEBUG 	 2019-04-21 02:32:28,519 IIIII ------> JJJJJ
DEBUG 	 2019-04-21 02:32:28,520 aaaaa ------> bbbbb
DEBUG 	 2019-04-21 02:32:28,521 WWWWW ------> XXXXX
DEBUG 	 2019-04-21 02:32:28,522 iiiii ------> jjjjj
DEBUG 	 2019-04-21 02:32:28,523 EEEEE ------> FFFFF
DEBUG 	 2019-04-21 02:32:28,524 RRRRR ------> SSSSS
DEBUG 	 2019-04-21 02:32:28,525 mmmmm ------> nnnnn
DEBUG 	 2019-04-21 02:32:28,526 XXXXX ------> YYYYY
DEBUG 	 2019-04-21 02:32:28,527 EEEEE ------> FFFFF
DEBUG 	 2019-04-21 02:32:28,528 NNNNN ------> OOOOO
DEBUG 	 2019-04-21 02:32:28,529 WWWWW ------> XXXXX
DEBUG 	 2019-04-21 02:32:28,530 UUUUU ------> VVVVV
DEBUG 	 2019-04-21 02:32:28,531 JJJJJ ------> KKKKK
DEBUG 	 2019-04-21 02:32:28,532 ZZZZZ ------> AAAAA
DEBUG 	 2019-04-21 02:32:28,533 zzzzz ------> aaaaa
DEBUG 	 2019-04-21 02:32:28,534 BBBBB ------> CCCCC
DEBUG 	 2019-04-21 02:32:28,535 SSSSS ------> TTTTT
DEBUG 	 2019-04-21 02:32:28,536 fffff ------> ggggg
DEBUG 	 2019-04-21 02:32:28,537 ooooo ------> ppppp
DEBUG 	 2019-04-21 02:32:28,538 ttttt ------> uuuuu
DEBUG 	 2019-04-21 02:32:28,539 ggggg ------> hhhhh
DEBUG 	 2019-04-21 02:32:28,540 bbbbb ------> ccccc
DEBUG 	 2019-04-21 02:32:28,541 rrrrr ------> sssss
DEBUG 	 2019-04-21 02:32:28,542 aaaaa ------> bbbbb
DEBUG 	 2019-04-21 02:32:28,543 WWWWW ------> XXXXX
DEBUG 	 2019-04-21 02:32:28,544 mmmmm ------> nnnnn
DEBUG 	 2019-04-21 02:32:28,545 iiiii ------> jjjjj
DEBUG 	 2019-04-21 02:32:28,546 fffff ------> ggggg
DEBUG 	 2019-04-21 02:32:28,547 uuuuu ------> vvvvv
DEBUG 	 2019-04-21 02:32:28,548 fffff ------> ggggg
DEBUG 	 2019-04-21 02:32:28,549 EEEEE ------> FFFFF
DEBUG 	 2019-04-21 02:32:28,550 ZZZZZ ------> AAAAA
DEBUG 	 2019-04-21 02:32:28,551 wwwww ------> xxxxx
DEBUG 	 2019-04-21 02:32:28,552 SSSSS ------> TTTTT
DEBUG 	 2019-04-21 02:32:28,553 CCCCC ------> DDDDD
DEBUG 	 2019-04-21 02:32:28,554 qqqqq ------> rrrrr
DEBUG 	 2019-04-21 02:32:28,555 TTTTT ------> UUUUU
DEBUG 	 2019-04-21 02:32:28,556 DDDDD ------> EEEEE
DEBUG 	 2019-04-21 02:32:28,557 TTTTT ------> UUUUU
DEBUG 	 2019-04-21 02:32:28,558 SSSSS ------> TTTTT
DEBUG 	 2019-04-21 02:32:28,559 ppppp ------> qqqqq
DEBUG 	 2019-04-21 02:32:28,560 IIIII ------> JJJJJ
DEBUG 	 2019-04-21 02:32:28,561 PPPPP ------> QQQQQ
DEBUG 	 2019-04-21 02:32:28,562 xxxxx ------> yyyyy
DEBUG 	 2019-04-21 02:32:28,563 ttttt ------> uuuuu
DEBUG 	 2019-04-21 02:32:28,564 uuuuu ------> vvvvv
DEBUG 	 2019-04-21 02:32:28,565 SSSSS ------> TTTTT
DEBUG 	 2019-04-21 02:32:28,566 AAAAA ------> BBBBB
DEBUG 	 2019-04-21 02:32:28,567 ddddd ------> eeeee
DEBUG 	 2019-04-21 02:32:28,568 ggggg ------> hhhhh
DEBUG 	 2019-04-21 02:32:28,569 OOOOO ------> PPPPP
DEBUG 	 2019-04-21 02:32:28,570 JJJJJ ------> KKKKK
DEBUG 	 2019-04-21 02:32:28,571 kkkkk ------> lllll
DEBUG 	 2019-04-21 02:32:28,572 LLLLL ------> MMMMM
DEBUG 	 2019-04-21 02:32:28,573 VVVVV ------> WWWWW
DEBUG 	 2019-04-21 02:32:28,574 YYYYY ------> ZZZZZ
DEBUG 	 2019-04-21 02:32:28,575 SSSSS ------> TTTTT
DEBUG 	 2019-04-21 02:32:28,576 uuuuu ------> vvvvv
DEBUG 	 2019-04-21 02:32:28,577 WWWWW ------> XXXXX
DEBUG 	 2019-04-21 02:32:28,578 vvvvv ------> wwwww
DEBUG 	 2019-04-21 02:32:28,579 BBBBB ------> CCCCC
DEBUG 	 2019-04-21 02:32:28,580 nnnnn ------> ooooo
DEBUG 	 2019-04-21 02:32:28,581 EEEEE ------> FFFFF
DEBUG 	 2019-04-21 02:32:28,582 lllll ------> mmmmm
DEBUG 	 2019-04-21 02:32:28,583 GGGGG ------> HHHHH
DEBUG 	 2019-04-21 02:32:28,584 qqqqq ------> rrrrr
DEBUG 	 2019-04-21 02:32:28,585 nnnnn ------> ooooo
DEBUG 	 2019-04-21 02:32:28,586 vvvvv ------> wwwww
DEBUG 	 2019-04-21 02:32:28,587 mmmmm ------> nnnnn
DEBUG 	 2019-04-21 02:32:28,588 rrrrr ------> sssss
DEBUG 	 2019-04-21 02:32:28,589 BBBBB ------> CCCCC
DEBUG 	 2019-04-21 02:32:28,590 rrrrr ------> sssss
DEBUG 	 2019-04-21 02:32:28,591 kkkkk ------> lllll
DEBUG 	 2019-04-21 02:32:28,592 UUUUU ------> VVVVV
DEBUG 	 2019-04-21 02:32:28,593 ggggg ------> hhhhh
DEBUG 	 2019-04-21 02:32:28,594 xxxxx ------> yyyyy
DEBUG 	 2019-04-21 02:32:28,595 AAAAA ------> BBBBB
DEBUG 	 2019-04-21 02:32:28,596 ggggg ------> hhhhh
DEBUG 	 2019-04-21 02:32:28,597 AAAAA ------> BBBBB
DEBUG 	 2019-04-21 02:32:28,598 DDDDD ------> EEEEE
DEBUG 	 2019-04-21 02:32:28,599 JJJJJ ------> KKKKK
DEBUG 	 2019-04-21 02:32:28,600 LLLLL ------> MMMMM
DEBUG 	 2019-04-21 02:32:28,601 NNNNN ------> OOOOO
DEBUG 	 2019-04-21 02:32:28,602 rrrrr ------> sssss
DEBUG 	 2019-04-21 02:32:28,603 QQQQQ ------> RRRRR
DEBUG 	 2019-04-21 02:32:28,604 bbbbb ------> ccccc
DEBUG 	 2019-04-21 02:32:28,605 RRRRR ------> SSSSS
DEBUG 	 2019-04-21 02:32:28,606 aaaaa ------> bbbbb
DEBUG 	 2019-04-21 02:32:28,607 qqqqq ------> rrrrr
DEBUG 	 2019-04-21 02:32:28,608 OOOOO ------> PPPPP
DEBUG 	 2019-04-21 02:32:28,609 jjjjj ------> kkkkk
DEBUG 	 2019-04-21 02:32:28,610 VVVVV ------> WWWWW
DEBUG 	 2019-04-21 02:32:28,611 zzzzz ------> aaaaa
DEBUG 	 2019-04-21 02:32:28,612 TTTTT ------> UUUUU
DEBUG 	 2019-04-21 02:32:28,613 bbbbb ------> ccccc
DEBUG 	 2019-04-21 02:32:28,614 xxxxx ------> yyyyy
DEBUG 	 2019-04-21 02:32:28,615 ccccc ------> ddddd
DEBUG 	 2019-04-21 02:32:28,616 mmmmm ------> nnnnn
DEBUG 	 2019-04-21 02:32:28,617 JJJJJ ------> KKKKK
DEBUG 	 2019-04-21 02:32:28,618 IIIII ------> JJJJJ
DEBUG 	 2019-04-21 02:32:28,619 TTTTT ------> UUUUU
DEBUG 	 2019-04-21 02:32:28,620 KKKKK ------> LLLLL
DEBUG 	 2019-04-21 02:32:28,621 bbbbb ------> ccccc
DEBUG 	 2019-04-21 02:32:28,622 wwwww ------> xxxxx
DEBUG 	 2019-04-21 02:32:28,623 ddddd ------> eeeee
DEBUG 	 2019-04-21 02:32:28,624 aaaaa ------> bbbbb
DEBUG 	 2019-04-21 02:32:28,625 qqqqq ------> rrrrr
DEBUG 	 2019-04-21 02:32:28,626 ZZZZZ ------> AAAAA
DEBUG 	 2019-04-21 02:32:28,627 VVVVV ------> WWWWW
DEBUG 	 2019-04-21 02:32:28,628 DDDDD ------> EEEEE
DEBUG 	 2019-04-21 02:32:28,629 aaaaa ------> bbbbb
DEBUG 	 2019-04-21 02:32:28,630 EEEEE ------> FFFFF
DEBUG 	 2019-04-21 02:32:28,631 ttttt ------> uuuuu
DEBUG 	 2019-04-21 02:32:28,632 XXXXX ------> YYYYY
DEBUG 	 2019-04-21 02:32:28,633 RRRRR ------> SSSSS
DEBUG 	 2019-04-21 02:32:28,634 nnnnn ------> ooooo
DEBUG 	 2019-04-21 02:32:28,635 MMMMM ------> NNNNN
DEBUG 	 2019-04-21 02:32:28,636 QQQQQ ------> RRRRR
DEBUG 	 2019-04-21 02:32:28,637 sssss ------> ttttt
DEBUG 	 2019-04-21 02:32:28,638 DDDDD ------> EEEEE
DEBUG 	 2019-04-21 02:32:28,639 TTTTT ------> UUUUU
DEBUG 	 2019-04-21 02:32:28,640 wwwww ------> xxxxx
DEBUG 	 2019-04-21 02:32:28,641 ooooo ------> ppppp
DEBUG 	 2019-04-21 02:32:28,642 ppppp ------> qqqqq
DEBUG 	 2019-04-21 02:32:28,643 kkkkk ------> lllll
DEBUG 	 2019-04-21 02:32:28,644 rrrrr ------> sssss
DEBUG 	 2019-04-21 02:32:28,645 FFFFF ------> GGGGG
DEBUG 	 2019-04-21 02:32:28,646 kkkkk ------> lllll
DEBUG 	 2019-04-21 02:32:28,647 aaaaa ------> bbbbb
DEBUG 	 2019-04-21 02:32:28,648 rrrrr ------> sssss
DEBUG 	 2019-04-21 02:32:28,649 ddddd ------> eeeee
DEBUG 	 2019-04-21 02:32:28,650 ppppp ------> qqqqq
DEBUG 	 2019-04-21 02:32:28,651 mmmmm ------> nnnnn
DEBUG 	 2019-04-21 02:32:28,652 ZZZZZ ------> AAAAA
DEBUG 	 2019-04-21 02:32:28,653 jjjjj ------> kkkkk
DEBUG 	 2019-04-21 02:32:28,654 IIIII ------> JJJJJ
DEBUG 	 2019-04-21 02:32:28,655 rrrrr ------> sssss
DEBUG 	 2019-04-21 02:32:28,656 vvvvv ------> wwwww
DEBUG 	 2019-04-21 02:32:28,657 IIIII ------> JJJJJ
DEBUG 	 2019-04-21 02:32:28,658 NNNNN ------> OOOOO
DEBUG 	 2019-04-21 02:32:28,659 ppppp ------> qqqqq
DEBUG 	 2019-04-21 02:32:28,660 LLLLL ------> MMMMM
DEBUG 	 2019-04-21 02:32:28,661 wwwww ------> xxxxx
DEBUG 	 2019-04-21 02:32:28,662 OOOOO ------> PPPPP
DEBUG 	 2019-04-21 02:32:28,663 rrrrr ------> sssss
DEBUG 	 2019-04-21 02:32:28,664 OOOOO ------> PPPPP
DEBUG 	 2019-04-21 02:32:28,665 yyyyy ------> zzzzz
DEBUG 	 2019-04-21 02:32:28,666 ggggg ------> hhhhh
DEBUG 	 2019-04-21 02:32:28,667 XXXXX ------> YYYYY
DEBUG 	 2019-04-21 02:32:28,668 kkkkk ------> lllll
DEBUG 	 2019-04-21 02:32:28,669 RRRRR ------> SSSSS
DEBUG 	 2019-04-21 02:32:28,670 OOOOO ------> PPPPP
DEBUG 	 2019-04-21 02:32:28,671 bbbbb ------> ccccc
DEBUG 	 2019-04-21 02:32:28,672 LLLLL ------> MMMMM
DEBUG 	 2019-04-21 02:32:28,673 YYYYY ------> ZZZZZ
DEBUG 	 2019-04-21 02:32:28,674 kkkkk ------> lllll
DEBUG 	 2019-04-21 02:32:28,675 OOOOO ------> PPPPP
DEBUG 	 2019-04-21 02:32:28,676 VVVVV ------> WWWWW
DEBUG 	 2019-04-21 02:32:28,677 aaaaa ------> bbbbb
DEBUG 	 2019-04-21 02:32:28,678 GGGGG ------> HHHHH
DEBUG 	 2019-04-21 02:32:28,679 NNNNN ------> OOOOO
DEBUG 	 2019-04-21 02:32:28,680 aaaaa ------> bbbbb
DEBUG 	 2019-04-21 02:32:28,681 QQQQQ ------> RRRRR
DEBUG 	 2019-04-21 02:32:28,682 xxxxx ------> yyyyy
DEBUG 	 2019-04-21 02:32:28,683 mmmmm ------> nnnnn
DEBUG 	 2019-04-21 02:32:28,684 BBBBB ------> CCCCC
DEBUG 	 2019-04-21 02:32:28,685 qqqqq ------> rrrrr
DEBUG 	 2019-04-21 02:32:28,686 wwwww ------> xxxxx
DEBUG 	 2019-04-21 02:32:28,687 LLLLL ------> MMMMM
DEBUG 	 2019-04-21 02:32:28,688 qqqqq ------> rrrrr
DEBUG 	 2019-04-21 02:32:28,689 ttttt ------> uuuuu
DEBUG 	 2019-04-21 02:32:28,690 TTTTT ------> UUUUU
DEBUG 	 2019-04-21 02:32:28,691 YYYYY ------> ZZZZZ
DEBUG 	 2019-04-21 02:32:28,692 yyyyy ------> zzzzz
DEBUG 	 2019-04-21 02:32:28,693 ppppp ------> qqqqq
DEBUG 	 2019-04-21 02:32:28,694 XXXXX ------> YYYYY
DEBUG 	 2019-04-21 02:32:28,695 JJJJJ ------> KKKKK
DEBUG 	 2019-04-21 02:32:28,696 DDDDD ------> EEEEE
DEBUG 	 2019-04-21 02:32:28,697 hhhhh ------> iiiii
DEBUG 	 2019-04-21 02:32:28,698 wwwww ------> xxxxx
DEBUG 	 2019-04-21 02:32:28,699 TTTTT ------> UUUUU
DEBUG 	 2019-04-21 02:32:28,700 kkkkk ------> lllll
DEBUG 	 2019-04-21 02:32:28,701 xxxxx ------> yyyyy
DEBUG 	 2019-04-21 02:32:28,702 ooooo ------> ppppp
DEBUG 	 2019-04-21 02:32:28,703 EEEEE ------> FFFFF
DEBUG 	 2019-04-21 02:32:28,704 MMMMM ------> NNNNN
DEBUG 	 2019-04-21 02:32:28,705 WWWWW ------> XXXXX
DEBUG 	 2019-04-21 02:32:28,706 zzzzz ------> aaaaa
DEBUG 	 2019-04-21 02:32:28,707 ZZZZZ ------> AAAAA
DEBUG 	 2019-04-21 02:32:28,708 UUUUU ------> VVVVV
DEBUG 	 2019-04-21 02:32:28,709 UUUUU ------> VVVVV
DEBUG 	 2019-04-21 02:32:28,710 MMMMM ------> NNNNN
DEBUG 	 2019-04-21 02:32:28,711 VVVVV ------> WWWWW
DEBUG 	 2019-04-21 02:32:28,712 zzzzz ------> aaaaa
DEBUG 	 2019-04-21 02:32:28,713 hhhhh ------> iiiii
DEBUG 	 2019-04-21 02:32:28,714 ccccc ------> ddddd
DEBUG 	 2019-04-21 02:32:28,715 ttttt ------> uuuuu
DEBUG 	 2019-04-21 02:32:28,716 ooooo ------> ppppp
DEBUG 	 2019-04-21 02:32:28,717 FFFFF ------> GGGGG
DEBUG 	 2019-04-21 02:32:28,718 zzzzz ------> aaaaa
DEBUG 	 2019-04-21 02:32:28,719 FFFFF ------> GGGGG
DEBUG 	 2019-04-21 02:32:28,720 HHHHH ------> IIIII
DEBUG 	 2019-04-21 02:32:28,721 bbbbb ------> ccccc
DEBUG 	 2019-04-21 02:32:28,722 DDDDD ------> EEEEE
DEBUG 	 2019-04-21 02:32:28,723 aaaaa ------> bbbbb
DEBUG 	 2019-04-21 02:32:28,724 xxxxx ------> yyyyy
DEBUG 	 2019-04-21 02:32:28,725 vvvvv ------> wwwww
DEBUG 	 2019-04-21 02:32:28,726 bbbbb ------> ccccc
DEBUG 	 2019-04-21 02:32:28,727 xxxxx ------> yyyyy
DEBUG 	 2019-04-21 02:32:28,728 kkkkk ------> lllll
DEBUG 	 2019-04-21 02:32:28,729 vvvvv ------> wwwww
DEBUG 	 2019-04-21 02:32:28,730 sssss ------> ttttt
DEBUG 	 2019-04-21 02:32:28,731 OOOOO ------> PPPPP
DEBUG 	 2019-04-21 02:32:28,732 ooooo ------> ppppp
DEBUG 	 2019-04-21 02:32:28,733 ggggg ------> hhhhh
DEBUG 	 2019-04-21 02:32:28,734 ooooo ------> ppppp
DEBUG 	 2019-04-21 02:32:28,735 WWWWW ------> XXXXX
DEBUG 	 2019-04-21 02:32:28,736 ZZZZZ ------> AAAAA
DEBUG 	 2019-04-21 02:32:28,737 LLLLL ------> MMMMM
DEBUG 	 2019-04-21 02:32:28,738 mmmmm ------> nnnnn
DEBUG 	 2019-04-21 02:32:28,739 qqqqq ------> rrrrr
DEBUG 	 2019-04-21 02:32:28,740 xxxxx ------> yyyyy
DEBUG 	 2019-04-21 02:32:28,741 vvvvv ------> wwwww
DEBUG 	 2019-04-21 02:32:28,742 kkkkk ------> lllll
DEBUG 	 2019-04-21 02:32:28,743 iiiii ------> jjjjj
DEBUG 	 2019-04-21 02:32:28,744 GGGGG ------> HHHHH
DEBUG 	 2019-04-21 02:32:28,745 OOOOO ------> PPPPP
DEBUG 	 2019-04-21 02:32:28,746 JJJJJ ------> KKKKK
DEBUG 	 2019-04-21 02:32:28,747 ppppp ------> qqqqq
DEBUG 	 2019-04-21 02:32:28,748 UUUUU ------> VVVVV
DEBUG 	 2019-04-21 02:32:28,749 MMMMM ------> NNNNN
DEBUG 	 2019-04-21 02:32:28,750 FFFFF ------> GGGGG
DEBUG 	 2019-04-21 02:32:28,751 iiiii ------> jjjjj
DEBUG 	 2019-04-21 02:32:28,752 FFFFF ------> GGGGG
DEBUG 	 2019-04-21 02:32:28,753 RRRRR ------> SSSSS
DEBUG 	 2019-04-21 02:32:28,754 BBBBB ------> CCCCC
DEBUG 	 2019-04-21 02:32:28,755 UUUUU ------> VVVVV
DEBUG 	 2019-04-21 02:32:28,756 DDDDD ------> EEEEE
DEBUG 	 2019-04-21 02:32:28,757 ooooo ------> ppppp
DEBUG 	 2019-04-21 02:32:28,758 nnnnn ------> ooooo
DEBUG 	 2019-04-21 02:32:28,759 GGGGG ------> HHHHH
DEBUG 	 2019-04-21 02:32:28,760 iiiii ------> jjjjj
DEBUG 	 2019-04-21 02:32:28,761 CCCCC ------> DDDDD
DEBUG 	 2019-04-21 02:32:28,762 WWWWW ------> XXXXX
DEBUG 	 2019-04-21 02:32:28,763 aaaaa ------> bbbbb
DEBUG 	 2019-04-21 02:32:28,764 YYYYY ------> ZZZZZ
DEBUG 	 2019-04-21 02:32:28,765 RRRRR ------> SSSSS
DEBUG 	 2019-04-21 02:32:28,766 OOOOO ------> PPPPP
DEBUG 	 2019-04-21 02:32:28,767 PPPPP ------> QQQQQ
DEBUG 	 2019-04-21 02:32:28,768 sssss ------> ttttt
DEBUG 	 2019-04-21 02:32:28,769 LLLLL ------> MMMMM
DEBUG 	 2019-04-21 02:32:28,770 MMMMM ------> NNNNN
DEBUG 	 2019-04-21 02:32:28,771 QQQQQ ------> RRRRR
DEBUG 	 2019-04-21 02:32:28,772 vvvvv ------> wwwww
DEBUG 	 2019-04-21 02:32:28,773 IIIII ------> JJJJJ
DEBUG 	 2019-04-21 02:32:28,774 UUUUU ------> VVVVV
DEBUG 	 2019-04-21 02:32:28,775 fffff ------> ggggg
DEBUG 	 2019-04-21 02:32:28,776 sssss ------> ttttt
DEBUG 	 2019-04-21 02:32:28,777 JJJJJ ------> KKKKK
DEBUG 	 2019-04-21 02:32:28,778 QQQQQ ------> RRRRR
DEBUG 	 2019-04-21 02:32:28,779 ppppp ------> qqqqq
DEBUG 	 2019-04-21 02:32:28,780 ttttt ------> uuuuu
DEBUG 	 2019-04-21 02:32:28,781 DDDDD ------> EEEEE
DEBUG 	 2019-04-21 02:32:28,782 fffff ------> ggggg
DEBUG 	 2019-04-21 02:32:28,783 rrrrr ------> sssss
DEBUG 	 2019-04-21 02:32:28,784 aaaaa ------> bbbbb
DEBUG 	 2019-04-21 02:32:28,785 lllll ------> mmmmm
DEBUG 	 2019-04-21 02:32:28,786 wwwww ------> xxxxx
DEBUG 	 2019-04-21 02:32:28,787 DDDDD ------> EEEEE
DEBUG 	 2019-04-21 02:32:28,788 TTTTT ------> UUUUU
DEBUG 	 2019-04-21 02:32:28,789 nnnnn ------> ooooo
DEBUG 	 2019-04-21 02:32:28,790 DDDDD ------> EEEEE
DEBUG 	 2019-04-21 02:32:28,791 HHHHH ------> IIIII
DEBUG 	 2019-04-21 02:32:28,792 ppppp ------> qqqqq
DEBUG 	 2019-04-21 02:32:28,793 jjjjj ------> kkkkk
DEBUG 	 2019-04-21 02:32:28,794 PPPPP ------> QQQQQ
DEBUG 	 2019-04-21 02:32:28,795 sssss ------> ttttt
DEBUG 	 2019-04-21 02:32:28,796 YYYYY ------> ZZZZZ
DEBUG 	 2019-04-21 02:32:28,797 PPPPP ------> QQQQQ
DEBUG 	 2019-04-21 02:32:28,798 hhhhh ------> iiiii
DEBUG 	 2019-04-21 02:32:28,799 ccccc ------> ddddd
DEBUG 	 2019-04-21 02:32:28,800 sssss ------> ttttt
DEBUG 	 2019-04-21 02:32:28,801 MMMMM ------> NNNNN
DEBUG 	 2019-04-21 02:32:28,802 ZZZZZ ------> AAAAA
DEBUG 	 2019-04-21 02:32:28,803 PPPPP ------> QQQQQ
DEBUG 	 2019-04-21 02:32:28,804 PPPPP ------> QQQQQ
DEBUG 	 2019-04-21 02:32:28,805 sssss ------> ttttt
DEBUG 	 2019-04-21 02:32:28,806 fffff ------> ggggg
DEBUG 	 2019-04-21 02:32:28,807 ddddd ------> eeeee
DEBUG 	 2019-04-21 02:32:28,808 VVVVV ------> WWWWW
DEBUG 	 2019-04-21 02:32:28,809 AAAAA ------> BBBBB
DEBUG 	 2019-04-21 02:32:28,810 wwwww ------> xxxxx
DEBUG 	 2019-04-21 02:32:28,811 AAAAA ------> BBBBB
DEBUG 	 2019-04-21 02:32:28,812 hhhhh ------> iiiii
DEBUG 	 2019-04-21 02:32:28,813 ttttt ------> uuuuu
DEBUG 	 2019-04-21 02:32:28,814 OOOOO ------> PPPPP
DEBUG 	 2019-04-21 02:32:28,815 iiiii ------> jjjjj
DEBUG 	 2019-04-21 02:32:28,816 ttttt ------> uuuuu
DEBUG 	 2019-04-21 02:32:28,817 ggggg ------> hhhhh
DEBUG 	 2019-04-21 02:32:28,818 NNNNN ------> OOOOO
DEBUG 	 2019-04-21 02:32:28,819 vvvvv ------> wwwww
DEBUG 	 2019-04-21 02:32:28,820 bbbbb ------> ccccc
DEBUG 	 2019-04-21 02:32:28,821 uuuuu ------> vvvvv
DEBUG 	 2019-04-21 02:32:28,822 yyyyy ------> zzzzz
DEBUG 	 2019-04-21 02:32:28,823 IIIII ------> JJJJJ
DEBUG 	 2019-04-21 02:32:28,824 CCCCC ------> DDDDD
DEBUG 	 2019-04-21 02:32:28,825 ddddd ------> eeeee
DEBUG 	 2019-04-21 02:32:28,826 iiiii ------> jjjjj
DEBUG 	 2019-04-21 02:32:28,827 GGGGG ------> HHHHH
DEBUG 	 2019-04-21 02:32:28,828 OOOOO ------> PPPPP
DEBUG 	 2019-04-21 02:32:28,829 jjjjj ------> kkkkk
DEBUG 	 2019-04-21 02:32:28,830 TTTTT ------> UUUUU
DEBUG 	 2019-04-21 02:32:28,831 RRRRR ------> SSSSS
DEBUG 	 2019-04-21 02:32:28,832 aaaaa ------> bbbbb
DEBUG 	 2019-04-21 02:32:28,833 eeeee ------> fffff
DEBUG 	 2019-04-21 02:32:28,834 UUUUU ------> VVVVV
DEBUG 	 2019-04-21 02:32:28,835 kkkkk ------> lllll
DEBUG 	 2019-04-21 02:32:28,836 ccccc ------> ddddd
DEBUG 	 2019-04-21 02:32:28,837 DDDDD ------> EEEEE
DEBUG 	 2019-04-21 02:32:28,838 WWWWW ------> XXXXX
DEBUG 	 2019-04-21 02:32:28,839 eeeee ------> fffff
DEBUG 	 2019-04-21 02:32:28,840 mmmmm ------> nnnnn
DEBUG 	 2019-04-21 02:32:28,841 JJJJJ ------> KKKKK
DEBUG 	 2019-04-21 02:32:28,842 vvvvv ------> wwwww
DEBUG 	 2019-04-21 02:32:28,843 FFFFF ------> GGGGG
DEBUG 	 2019-04-21 02:32:28,844 ooooo ------> ppppp
DEBUG 	 2019-04-21 02:32:28,845 CCCCC ------> DDDDD
DEBUG 	 2019-04-21 02:32:28,846 aaaaa ------> bbbbb
DEBUG 	 2019-04-21 02:32:28,847 iiiii ------> jjjjj
DEBUG 	 2019-04-21 02:32:28,848 GGGGG ------> HHHHH
DEBUG 	 2019-04-21 02:32:28,849 ZZZZZ ------> AAAAA
DEBUG 	 2019-04-21 02:32:28,850 ggggg ------> hhhhh
DEBUG 	 2019-04-21 02:32:28,851 NNNNN ------> OOOOO
DEBUG 	 2019-04-21 02:32:28,852 aaaaa ------> bbbbb
DEBUG 	 2019-04-21 02:32:28,853 HHHHH ------> IIIII
DEBUG 	 2019-04-21 02:32:28,854 ddddd ------> eeeee
DEBUG 	 2019-04-21 02:32:28,855 JJJJJ ------> KKKKK
DEBUG 	 2019-04-21 02:32:28,856 sssss ------> ttttt
DEBUG 	 2019-04-21 02:32:28,857 xxxxx ------> yyyyy
DEBUG 	 2019-04-21 02:32:28,858 PPPPP ------> QQQQQ
DEBUG 	 2019-04-21 02:32:28,859 QQQQQ ------> RRRRR
DEBUG 	 2019-04-21 02:32:28,860 yyyyy ------> zzzzz
DEBUG 	 2019-04-21 02:32:28,861 ooooo ------> ppppp
DEBUG 	 2019-04-21 02:32:28,862 nnnnn ------> ooooo
DEBUG 	 2019-04-21 02:32:28,863 RRRRR ------> SSSSS
DEBUG 	 2019-04-21 02:32:28,864 QQQQQ ------> RRRRR
DEBUG 	 2019-04-21 02:32:28,865 IIIII ------> JJJJJ
DEBUG 	 2019-04-21 02:32:28,866 YYYYY ------> ZZZZZ
DEBUG 	 2019-04-21 02:32:28,867 sssss ------> ttttt
DEBUG 	 2019-04-21 02:32:28,868 xxxxx ------> yyyyy
DEBUG 	 2019-04-21 02:32:28,869 CCCCC ------> DDDDD
DEBUG 	 2019-04-21 02:32:28,870 jjjjj ------> kkkkk
DEBUG 	 2019-04-21 02:32:28,871 mmmmm ------> nnnnn
DEBUG 	 2019-04-21 02:32:28,872 bbbbb ------> ccccc
DEBUG 	 2019-04-21 02:32:28,873 DDDDD ------> EEEEE
DEBUG 	 2019-04-21 02:32:28,874 TTTTT ------> UUUUU
DEBUG 	 2019-04-21 02:32:28,875 xxxxx ------> yyyyy
DEBUG 	 2019-04-21 02:32:28,876 HHHHH ------> IIIII
DEBUG 	 2019-04-21 02:32:28,877 kkkkk ------> lllll
DEBUG 	 2019-04-21 02:32:28,878 LLLLL ------> MMMMM
DEBUG 	 2019-04-21 02:32:28,879 ggggg ------> hhhhh
DEBUG 	 2019-04-21 02:32:28,880 zzzzz ------> aaaaa
DEBUG 	 2019-04-21 02:32:28,881 ttttt ------> uuuuu
DEBUG 	 2019-04-21 02:32:28,882 kkkkk ------> lllll
DEBUG 	 2019-04-21 02:32:28,883 XXXXX ------> YYYYY
DEBUG 	 2019-04-21 02:32:28,884 HHHHH ------> IIIII
DEBUG 	 2019-04-21 02:32:28,885 ggggg ------> hhhhh
DEBUG 	 2019-04-21 02:32:28,886 WWWWW ------> XXXXX
DEBUG 	 2019-04-21 02:32:28,887 ppppp ------> qqqqq
DEBUG 	 2019-04-21 02:32:28,888 hhhhh ------> iiiii
DEBUG 	 2019-04-21 02:32:28,889 wwwww ------> xxxxx
DEBUG 	 2019-04-21 02:32:28,890 rrrrr ------> sssss
DEBUG 	 2019-04-21 02:32:28,891 iiiii ------> jjjjj
DEBUG 	 2019-04-21 02:32:28,892 nnnnn ------> ooooo
DEBUG 	 2019-04-21 02:32:28,893 YYYYY ------> ZZZZZ
DEBUG 	 2019-04-21 02:32:28,894 xxxxx ------> yyyyy
DEBUG 	 2019-04-21 02:32:28,895 LLLLL ------> MMMMM
DEBUG 	 2019-04-21 02:32:28,896 nnnnn ------> ooooo
INFO 	 2019-04-21 02:32:28,896 Error rate: 0.0
