INFO 	 2019-04-21 02:28:14,921 Serial port COM3 opened successfully.
INFO 	 2019-04-21 02:28:14,921 Running: 1000 tests with baud rate: 115200
DEBUG 	 2019-04-21 02:28:14,921 X ------> Y
DEBUG 	 2019-04-21 02:28:14,922 j ------> k
DEBUG 	 2019-04-21 02:28:14,923 e ------> f
DEBUG 	 2019-04-21 02:28:14,924 P ------> Q
DEBUG 	 2019-04-21 02:28:14,925 a ------> b
DEBUG 	 2019-04-21 02:28:14,926 b ------> c
DEBUG 	 2019-04-21 02:28:14,927 b ------> c
DEBUG 	 2019-04-21 02:28:14,928 i ------> j
DEBUG 	 2019-04-21 02:28:14,929 C ------> D
DEBUG 	 2019-04-21 02:28:14,930 N ------> O
DEBUG 	 2019-04-21 02:28:14,931 E ------> F
DEBUG 	 2019-04-21 02:28:14,932 i ------> j
DEBUG 	 2019-04-21 02:28:14,933 C ------> D
DEBUG 	 2019-04-21 02:28:14,934 e ------> f
DEBUG 	 2019-04-21 02:28:14,935 S ------> T
DEBUG 	 2019-04-21 02:28:14,936 S ------> T
DEBUG 	 2019-04-21 02:28:14,937 u ------> v
DEBUG 	 2019-04-21 02:28:14,938 X ------> Y
DEBUG 	 2019-04-21 02:28:14,939 j ------> k
DEBUG 	 2019-04-21 02:28:14,940 G ------> H
DEBUG 	 2019-04-21 02:28:14,941 w ------> x
DEBUG 	 2019-04-21 02:28:14,942 P ------> Q
DEBUG 	 2019-04-21 02:28:14,943 Y ------> Z
DEBUG 	 2019-04-21 02:28:14,944 T ------> U
DEBUG 	 2019-04-21 02:28:14,945 v ------> w
DEBUG 	 2019-04-21 02:28:14,946 L ------> M
DEBUG 	 2019-04-21 02:28:14,947 i ------> j
DEBUG 	 2019-04-21 02:28:14,948 M ------> N
DEBUG 	 2019-04-21 02:28:14,949 W ------> X
DEBUG 	 2019-04-21 02:28:14,950 a ------> b
DEBUG 	 2019-04-21 02:28:14,951 b ------> c
DEBUG 	 2019-04-21 02:28:14,952 T ------> U
DEBUG 	 2019-04-21 02:28:14,953 H ------> I
DEBUG 	 2019-04-21 02:28:14,954 U ------> V
DEBUG 	 2019-04-21 02:28:14,955 c ------> d
DEBUG 	 2019-04-21 02:28:14,956 E ------> F
DEBUG 	 2019-04-21 02:28:14,957 O ------> P
DEBUG 	 2019-04-21 02:28:14,958 u ------> v
DEBUG 	 2019-04-21 02:28:14,959 U ------> V
DEBUG 	 2019-04-21 02:28:14,960 R ------> S
DEBUG 	 2019-04-21 02:28:14,961 k ------> l
DEBUG 	 2019-04-21 02:28:14,962 r ------> s
DEBUG 	 2019-04-21 02:28:14,963 C ------> D
DEBUG 	 2019-04-21 02:28:14,964 r ------> s
DEBUG 	 2019-04-21 02:28:14,965 w ------> x
DEBUG 	 2019-04-21 02:28:14,966 C ------> D
DEBUG 	 2019-04-21 02:28:14,967 W ------> X
DEBUG 	 2019-04-21 02:28:14,968 k ------> l
DEBUG 	 2019-04-21 02:28:14,969 m ------> n
DEBUG 	 2019-04-21 02:28:14,970 V ------> W
DEBUG 	 2019-04-21 02:28:14,971 z ------> a
DEBUG 	 2019-04-21 02:28:14,972 v ------> w
DEBUG 	 2019-04-21 02:28:14,973 Y ------> Z
DEBUG 	 2019-04-21 02:28:14,974 E ------> F
DEBUG 	 2019-04-21 02:28:14,975 k ------> l
DEBUG 	 2019-04-21 02:28:14,976 x ------> y
DEBUG 	 2019-04-21 02:28:14,977 X ------> Y
DEBUG 	 2019-04-21 02:28:14,978 h ------> i
DEBUG 	 2019-04-21 02:28:14,979 A ------> B
DEBUG 	 2019-04-21 02:28:14,980 K ------> L
DEBUG 	 2019-04-21 02:28:14,981 q ------> r
DEBUG 	 2019-04-21 02:28:14,982 m ------> n
DEBUG 	 2019-04-21 02:28:14,983 Q ------> R
DEBUG 	 2019-04-21 02:28:14,984 N ------> O
DEBUG 	 2019-04-21 02:28:14,985 M ------> N
DEBUG 	 2019-04-21 02:28:14,986 K ------> L
DEBUG 	 2019-04-21 02:28:14,987 v ------> w
DEBUG 	 2019-04-21 02:28:14,988 c ------> d
DEBUG 	 2019-04-21 02:28:14,989 B ------> C
DEBUG 	 2019-04-21 02:28:14,990 A ------> B
DEBUG 	 2019-04-21 02:28:14,991 h ------> i
DEBUG 	 2019-04-21 02:28:14,992 O ------> P
DEBUG 	 2019-04-21 02:28:14,993 b ------> c
DEBUG 	 2019-04-21 02:28:14,994 t ------> u
DEBUG 	 2019-04-21 02:28:14,995 m ------> n
DEBUG 	 2019-04-21 02:28:14,996 i ------> j
DEBUG 	 2019-04-21 02:28:14,997 g ------> h
DEBUG 	 2019-04-21 02:28:14,998 M ------> N
DEBUG 	 2019-04-21 02:28:14,999 V ------> W
DEBUG 	 2019-04-21 02:28:15,000 A ------> B
DEBUG 	 2019-04-21 02:28:15,001 u ------> v
DEBUG 	 2019-04-21 02:28:15,002 T ------> U
DEBUG 	 2019-04-21 02:28:15,003 R ------> S
DEBUG 	 2019-04-21 02:28:15,004 d ------> e
DEBUG 	 2019-04-21 02:28:15,005 p ------> q
DEBUG 	 2019-04-21 02:28:15,006 b ------> c
DEBUG 	 2019-04-21 02:28:15,007 b ------> c
DEBUG 	 2019-04-21 02:28:15,008 c ------> d
DEBUG 	 2019-04-21 02:28:15,009 x ------> y
DEBUG 	 2019-04-21 02:28:15,010 v ------> w
DEBUG 	 2019-04-21 02:28:15,011 G ------> H
DEBUG 	 2019-04-21 02:28:15,012 m ------> n
DEBUG 	 2019-04-21 02:28:15,013 B ------> C
DEBUG 	 2019-04-21 02:28:15,014 U ------> V
DEBUG 	 2019-04-21 02:28:15,015 F ------> G
DEBUG 	 2019-04-21 02:28:15,016 P ------> Q
DEBUG 	 2019-04-21 02:28:15,017 l ------> m
DEBUG 	 2019-04-21 02:28:15,018 v ------> w
DEBUG 	 2019-04-21 02:28:15,019 P ------> Q
DEBUG 	 2019-04-21 02:28:15,020 V ------> W
DEBUG 	 2019-04-21 02:28:15,021 I ------> J
DEBUG 	 2019-04-21 02:28:15,022 M ------> N
DEBUG 	 2019-04-21 02:28:15,023 U ------> V
DEBUG 	 2019-04-21 02:28:15,024 T ------> U
DEBUG 	 2019-04-21 02:28:15,025 i ------> j
DEBUG 	 2019-04-21 02:28:15,026 z ------> a
DEBUG 	 2019-04-21 02:28:15,027 N ------> O
DEBUG 	 2019-04-21 02:28:15,028 C ------> D
DEBUG 	 2019-04-21 02:28:15,029 q ------> r
DEBUG 	 2019-04-21 02:28:15,030 u ------> v
DEBUG 	 2019-04-21 02:28:15,031 Y ------> Z
DEBUG 	 2019-04-21 02:28:15,033 c ------> d
DEBUG 	 2019-04-21 02:28:15,033 M ------> N
DEBUG 	 2019-04-21 02:28:15,034 v ------> w
DEBUG 	 2019-04-21 02:28:15,035 T ------> U
DEBUG 	 2019-04-21 02:28:15,036 y ------> z
DEBUG 	 2019-04-21 02:28:15,037 A ------> B
DEBUG 	 2019-04-21 02:28:15,038 v ------> w
DEBUG 	 2019-04-21 02:28:15,039 a ------> b
DEBUG 	 2019-04-21 02:28:15,040 V ------> W
DEBUG 	 2019-04-21 02:28:15,041 F ------> G
DEBUG 	 2019-04-21 02:28:15,042 B ------> C
DEBUG 	 2019-04-21 02:28:15,043 r ------> s
DEBUG 	 2019-04-21 02:28:15,044 Q ------> R
DEBUG 	 2019-04-21 02:28:15,045 a ------> b
DEBUG 	 2019-04-21 02:28:15,046 p ------> q
DEBUG 	 2019-04-21 02:28:15,047 b ------> c
DEBUG 	 2019-04-21 02:28:15,048 M ------> N
DEBUG 	 2019-04-21 02:28:15,049 V ------> W
DEBUG 	 2019-04-21 02:28:15,050 y ------> z
DEBUG 	 2019-04-21 02:28:15,051 j ------> k
DEBUG 	 2019-04-21 02:28:15,052 M ------> N
DEBUG 	 2019-04-21 02:28:15,053 Z ------> A
DEBUG 	 2019-04-21 02:28:15,054 k ------> l
DEBUG 	 2019-04-21 02:28:15,055 c ------> d
DEBUG 	 2019-04-21 02:28:15,056 A ------> B
DEBUG 	 2019-04-21 02:28:15,057 E ------> F
DEBUG 	 2019-04-21 02:28:15,058 n ------> o
DEBUG 	 2019-04-21 02:28:15,059 c ------> d
DEBUG 	 2019-04-21 02:28:15,061 o ------> p
DEBUG 	 2019-04-21 02:28:15,061 p ------> q
DEBUG 	 2019-04-21 02:28:15,062 i ------> j
DEBUG 	 2019-04-21 02:28:15,063 R ------> S
DEBUG 	 2019-04-21 02:28:15,064 E ------> F
DEBUG 	 2019-04-21 02:28:15,065 m ------> n
DEBUG 	 2019-04-21 02:28:15,066 u ------> v
DEBUG 	 2019-04-21 02:28:15,067 O ------> P
DEBUG 	 2019-04-21 02:28:15,068 x ------> y
DEBUG 	 2019-04-21 02:28:15,069 F ------> G
DEBUG 	 2019-04-21 02:28:15,070 c ------> d
DEBUG 	 2019-04-21 02:28:15,071 P ------> Q
DEBUG 	 2019-04-21 02:28:15,072 H ------> I
DEBUG 	 2019-04-21 02:28:15,073 S ------> T
DEBUG 	 2019-04-21 02:28:15,074 p ------> q
DEBUG 	 2019-04-21 02:28:15,075 c ------> d
DEBUG 	 2019-04-21 02:28:15,076 p ------> q
DEBUG 	 2019-04-21 02:28:15,077 h ------> i
DEBUG 	 2019-04-21 02:28:15,078 S ------> T
DEBUG 	 2019-04-21 02:28:15,079 c ------> d
DEBUG 	 2019-04-21 02:28:15,080 i ------> j
DEBUG 	 2019-04-21 02:28:15,081 J ------> K
DEBUG 	 2019-04-21 02:28:15,082 D ------> E
DEBUG 	 2019-04-21 02:28:15,083 v ------> w
DEBUG 	 2019-04-21 02:28:15,084 i ------> j
DEBUG 	 2019-04-21 02:28:15,086 x ------> y
DEBUG 	 2019-04-21 02:28:15,086 o ------> p
DEBUG 	 2019-04-21 02:28:15,088 E ------> F
DEBUG 	 2019-04-21 02:28:15,088 M ------> N
DEBUG 	 2019-04-21 02:28:15,090 M ------> N
DEBUG 	 2019-04-21 02:28:15,091 O ------> P
DEBUG 	 2019-04-21 02:28:15,091 b ------> c
DEBUG 	 2019-04-21 02:28:15,092 O ------> P
DEBUG 	 2019-04-21 02:28:15,093 I ------> J
DEBUG 	 2019-04-21 02:28:15,094 q ------> r
DEBUG 	 2019-04-21 02:28:15,095 l ------> m
DEBUG 	 2019-04-21 02:28:15,096 l ------> m
DEBUG 	 2019-04-21 02:28:15,097 s ------> t
DEBUG 	 2019-04-21 02:28:15,099 y ------> z
DEBUG 	 2019-04-21 02:28:15,099 b ------> c
DEBUG 	 2019-04-21 02:28:15,100 O ------> P
DEBUG 	 2019-04-21 02:28:15,101 x ------> y
DEBUG 	 2019-04-21 02:28:15,102 e ------> f
DEBUG 	 2019-04-21 02:28:15,103 b ------> c
DEBUG 	 2019-04-21 02:28:15,104 t ------> u
DEBUG 	 2019-04-21 02:28:15,105 L ------> M
DEBUG 	 2019-04-21 02:28:15,107 r ------> s
DEBUG 	 2019-04-21 02:28:15,108 Z ------> A
DEBUG 	 2019-04-21 02:28:15,109 S ------> T
DEBUG 	 2019-04-21 02:28:15,110 N ------> O
DEBUG 	 2019-04-21 02:28:15,111 F ------> G
DEBUG 	 2019-04-21 02:28:15,112 o ------> p
DEBUG 	 2019-04-21 02:28:15,113 Q ------> R
DEBUG 	 2019-04-21 02:28:15,114 U ------> V
DEBUG 	 2019-04-21 02:28:15,115 x ------> y
DEBUG 	 2019-04-21 02:28:15,115 a ------> b
DEBUG 	 2019-04-21 02:28:15,117 I ------> J
DEBUG 	 2019-04-21 02:28:15,118 H ------> I
DEBUG 	 2019-04-21 02:28:15,119 R ------> S
DEBUG 	 2019-04-21 02:28:15,120 O ------> P
DEBUG 	 2019-04-21 02:28:15,121 i ------> j
DEBUG 	 2019-04-21 02:28:15,122 I ------> J
DEBUG 	 2019-04-21 02:28:15,123 H ------> I
DEBUG 	 2019-04-21 02:28:15,124 Z ------> A
DEBUG 	 2019-04-21 02:28:15,125 W ------> X
DEBUG 	 2019-04-21 02:28:15,125 p ------> q
DEBUG 	 2019-04-21 02:28:15,127 e ------> f
DEBUG 	 2019-04-21 02:28:15,127 z ------> a
DEBUG 	 2019-04-21 02:28:15,128 c ------> d
DEBUG 	 2019-04-21 02:28:15,129 V ------> W
DEBUG 	 2019-04-21 02:28:15,131 q ------> r
DEBUG 	 2019-04-21 02:28:15,132 P ------> Q
DEBUG 	 2019-04-21 02:28:15,133 L ------> M
DEBUG 	 2019-04-21 02:28:15,134 X ------> Y
DEBUG 	 2019-04-21 02:28:15,135 i ------> j
DEBUG 	 2019-04-21 02:28:15,136 T ------> U
DEBUG 	 2019-04-21 02:28:15,137 b ------> c
DEBUG 	 2019-04-21 02:28:15,138 Y ------> Z
DEBUG 	 2019-04-21 02:28:15,139 i ------> j
DEBUG 	 2019-04-21 02:28:15,140 e ------> f
DEBUG 	 2019-04-21 02:28:15,141 C ------> D
DEBUG 	 2019-04-21 02:28:15,142 n ------> o
DEBUG 	 2019-04-21 02:28:15,143 p ------> q
DEBUG 	 2019-04-21 02:28:15,144 N ------> O
DEBUG 	 2019-04-21 02:28:15,145 F ------> G
DEBUG 	 2019-04-21 02:28:15,146 j ------> k
DEBUG 	 2019-04-21 02:28:15,147 y ------> z
DEBUG 	 2019-04-21 02:28:15,148 M ------> N
DEBUG 	 2019-04-21 02:28:15,149 d ------> e
DEBUG 	 2019-04-21 02:28:15,150 U ------> V
DEBUG 	 2019-04-21 02:28:15,151 l ------> m
DEBUG 	 2019-04-21 02:28:15,152 u ------> v
DEBUG 	 2019-04-21 02:28:15,153 V ------> W
DEBUG 	 2019-04-21 02:28:15,154 f ------> g
DEBUG 	 2019-04-21 02:28:15,155 N ------> O
DEBUG 	 2019-04-21 02:28:15,156 t ------> u
DEBUG 	 2019-04-21 02:28:15,157 L ------> M
DEBUG 	 2019-04-21 02:28:15,158 a ------> b
DEBUG 	 2019-04-21 02:28:15,159 u ------> v
DEBUG 	 2019-04-21 02:28:15,160 p ------> q
DEBUG 	 2019-04-21 02:28:15,161 H ------> I
DEBUG 	 2019-04-21 02:28:15,162 N ------> O
DEBUG 	 2019-04-21 02:28:15,163 D ------> E
DEBUG 	 2019-04-21 02:28:15,164 P ------> Q
DEBUG 	 2019-04-21 02:28:15,165 f ------> g
DEBUG 	 2019-04-21 02:28:15,166 C ------> D
DEBUG 	 2019-04-21 02:28:15,167 a ------> b
DEBUG 	 2019-04-21 02:28:15,168 Y ------> Z
DEBUG 	 2019-04-21 02:28:15,169 w ------> x
DEBUG 	 2019-04-21 02:28:15,170 d ------> e
DEBUG 	 2019-04-21 02:28:15,171 Y ------> Z
DEBUG 	 2019-04-21 02:28:15,172 X ------> Y
DEBUG 	 2019-04-21 02:28:15,173 O ------> P
DEBUG 	 2019-04-21 02:28:15,174 D ------> E
DEBUG 	 2019-04-21 02:28:15,175 X ------> Y
DEBUG 	 2019-04-21 02:28:15,176 o ------> p
DEBUG 	 2019-04-21 02:28:15,177 Q ------> R
DEBUG 	 2019-04-21 02:28:15,178 a ------> b
DEBUG 	 2019-04-21 02:28:15,179 b ------> c
DEBUG 	 2019-04-21 02:28:15,180 U ------> V
DEBUG 	 2019-04-21 02:28:15,181 q ------> r
DEBUG 	 2019-04-21 02:28:15,182 y ------> z
DEBUG 	 2019-04-21 02:28:15,183 H ------> I
DEBUG 	 2019-04-21 02:28:15,184 A ------> B
DEBUG 	 2019-04-21 02:28:15,185 m ------> n
DEBUG 	 2019-04-21 02:28:15,186 x ------> y
DEBUG 	 2019-04-21 02:28:15,187 Y ------> Z
DEBUG 	 2019-04-21 02:28:15,188 J ------> K
DEBUG 	 2019-04-21 02:28:15,189 G ------> H
DEBUG 	 2019-04-21 02:28:15,190 S ------> T
DEBUG 	 2019-04-21 02:28:15,191 o ------> p
DEBUG 	 2019-04-21 02:28:15,192 q ------> r
DEBUG 	 2019-04-21 02:28:15,193 i ------> j
DEBUG 	 2019-04-21 02:28:15,194 l ------> m
DEBUG 	 2019-04-21 02:28:15,195 D ------> E
DEBUG 	 2019-04-21 02:28:15,196 r ------> s
DEBUG 	 2019-04-21 02:28:15,197 K ------> L
DEBUG 	 2019-04-21 02:28:15,198 O ------> P
DEBUG 	 2019-04-21 02:28:15,199 j ------> k
DEBUG 	 2019-04-21 02:28:15,200 I ------> J
DEBUG 	 2019-04-21 02:28:15,201 K ------> L
DEBUG 	 2019-04-21 02:28:15,202 Z ------> A
DEBUG 	 2019-04-21 02:28:15,203 F ------> G
DEBUG 	 2019-04-21 02:28:15,204 d ------> e
DEBUG 	 2019-04-21 02:28:15,205 L ------> M
DEBUG 	 2019-04-21 02:28:15,206 P ------> Q
DEBUG 	 2019-04-21 02:28:15,207 v ------> w
DEBUG 	 2019-04-21 02:28:15,208 x ------> y
DEBUG 	 2019-04-21 02:28:15,209 g ------> h
DEBUG 	 2019-04-21 02:28:15,210 H ------> I
DEBUG 	 2019-04-21 02:28:15,211 i ------> j
DEBUG 	 2019-04-21 02:28:15,212 o ------> p
DEBUG 	 2019-04-21 02:28:15,213 Y ------> Z
DEBUG 	 2019-04-21 02:28:15,214 c ------> d
DEBUG 	 2019-04-21 02:28:15,215 N ------> O
DEBUG 	 2019-04-21 02:28:15,216 H ------> I
DEBUG 	 2019-04-21 02:28:15,217 w ------> x
DEBUG 	 2019-04-21 02:28:15,218 S ------> T
DEBUG 	 2019-04-21 02:28:15,219 U ------> V
DEBUG 	 2019-04-21 02:28:15,220 l ------> m
DEBUG 	 2019-04-21 02:28:15,221 O ------> P
DEBUG 	 2019-04-21 02:28:15,222 d ------> e
DEBUG 	 2019-04-21 02:28:15,223 M ------> N
DEBUG 	 2019-04-21 02:28:15,224 Y ------> Z
DEBUG 	 2019-04-21 02:28:15,225 G ------> H
DEBUG 	 2019-04-21 02:28:15,226 O ------> P
DEBUG 	 2019-04-21 02:28:15,227 c ------> d
DEBUG 	 2019-04-21 02:28:15,228 z ------> a
DEBUG 	 2019-04-21 02:28:15,229 q ------> r
DEBUG 	 2019-04-21 02:28:15,230 z ------> a
DEBUG 	 2019-04-21 02:28:15,231 d ------> e
DEBUG 	 2019-04-21 02:28:15,232 I ------> J
DEBUG 	 2019-04-21 02:28:15,233 x ------> y
DEBUG 	 2019-04-21 02:28:15,234 G ------> H
DEBUG 	 2019-04-21 02:28:15,235 q ------> r
DEBUG 	 2019-04-21 02:28:15,236 h ------> i
DEBUG 	 2019-04-21 02:28:15,237 r ------> s
DEBUG 	 2019-04-21 02:28:15,238 d ------> e
DEBUG 	 2019-04-21 02:28:15,239 s ------> t
DEBUG 	 2019-04-21 02:28:15,240 l ------> m
DEBUG 	 2019-04-21 02:28:15,241 c ------> d
DEBUG 	 2019-04-21 02:28:15,242 S ------> T
DEBUG 	 2019-04-21 02:28:15,243 B ------> C
DEBUG 	 2019-04-21 02:28:15,244 G ------> H
DEBUG 	 2019-04-21 02:28:15,245 n ------> o
DEBUG 	 2019-04-21 02:28:15,246 b ------> c
DEBUG 	 2019-04-21 02:28:15,247 E ------> F
DEBUG 	 2019-04-21 02:28:15,248 l ------> m
DEBUG 	 2019-04-21 02:28:15,249 u ------> v
DEBUG 	 2019-04-21 02:28:15,250 M ------> N
DEBUG 	 2019-04-21 02:28:15,251 D ------> E
DEBUG 	 2019-04-21 02:28:15,252 G ------> H
DEBUG 	 2019-04-21 02:28:15,253 o ------> p
DEBUG 	 2019-04-21 02:28:15,254 G ------> H
DEBUG 	 2019-04-21 02:28:15,255 J ------> K
DEBUG 	 2019-04-21 02:28:15,256 S ------> T
DEBUG 	 2019-04-21 02:28:15,257 B ------> C
DEBUG 	 2019-04-21 02:28:15,258 Z ------> A
DEBUG 	 2019-04-21 02:28:15,259 C ------> D
DEBUG 	 2019-04-21 02:28:15,260 O ------> P
DEBUG 	 2019-04-21 02:28:15,261 F ------> G
DEBUG 	 2019-04-21 02:28:15,262 G ------> H
DEBUG 	 2019-04-21 02:28:15,263 C ------> D
DEBUG 	 2019-04-21 02:28:15,264 c ------> d
DEBUG 	 2019-04-21 02:28:15,265 m ------> n
DEBUG 	 2019-04-21 02:28:15,266 C ------> D
DEBUG 	 2019-04-21 02:28:15,267 l ------> m
DEBUG 	 2019-04-21 02:28:15,268 u ------> v
DEBUG 	 2019-04-21 02:28:15,269 j ------> k
DEBUG 	 2019-04-21 02:28:15,270 P ------> Q
DEBUG 	 2019-04-21 02:28:15,271 F ------> G
DEBUG 	 2019-04-21 02:28:15,272 E ------> F
DEBUG 	 2019-04-21 02:28:15,273 e ------> f
DEBUG 	 2019-04-21 02:28:15,274 j ------> k
DEBUG 	 2019-04-21 02:28:15,275 t ------> u
DEBUG 	 2019-04-21 02:28:15,276 w ------> x
DEBUG 	 2019-04-21 02:28:15,277 d ------> e
DEBUG 	 2019-04-21 02:28:15,278 O ------> P
DEBUG 	 2019-04-21 02:28:15,279 u ------> v
DEBUG 	 2019-04-21 02:28:15,280 E ------> F
DEBUG 	 2019-04-21 02:28:15,281 p ------> q
DEBUG 	 2019-04-21 02:28:15,282 P ------> Q
DEBUG 	 2019-04-21 02:28:15,283 M ------> N
DEBUG 	 2019-04-21 02:28:15,284 z ------> a
DEBUG 	 2019-04-21 02:28:15,285 p ------> q
DEBUG 	 2019-04-21 02:28:15,286 i ------> j
DEBUG 	 2019-04-21 02:28:15,287 K ------> L
DEBUG 	 2019-04-21 02:28:15,288 j ------> k
DEBUG 	 2019-04-21 02:28:15,289 w ------> x
DEBUG 	 2019-04-21 02:28:15,290 j ------> k
DEBUG 	 2019-04-21 02:28:15,291 G ------> H
DEBUG 	 2019-04-21 02:28:15,292 q ------> r
DEBUG 	 2019-04-21 02:28:15,293 Q ------> R
DEBUG 	 2019-04-21 02:28:15,294 P ------> Q
DEBUG 	 2019-04-21 02:28:15,295 s ------> t
DEBUG 	 2019-04-21 02:28:15,296 v ------> w
DEBUG 	 2019-04-21 02:28:15,297 Y ------> Z
DEBUG 	 2019-04-21 02:28:15,298 t ------> u
DEBUG 	 2019-04-21 02:28:15,299 n ------> o
DEBUG 	 2019-04-21 02:28:15,300 Y ------> Z
DEBUG 	 2019-04-21 02:28:15,301 i ------> j
DEBUG 	 2019-04-21 02:28:15,302 w ------> x
DEBUG 	 2019-04-21 02:28:15,303 l ------> m
DEBUG 	 2019-04-21 02:28:15,304 i ------> j
DEBUG 	 2019-04-21 02:28:15,305 w ------> x
DEBUG 	 2019-04-21 02:28:15,306 W ------> X
DEBUG 	 2019-04-21 02:28:15,307 m ------> n
DEBUG 	 2019-04-21 02:28:15,308 P ------> Q
DEBUG 	 2019-04-21 02:28:15,309 u ------> v
DEBUG 	 2019-04-21 02:28:15,310 u ------> v
DEBUG 	 2019-04-21 02:28:15,311 t ------> u
DEBUG 	 2019-04-21 02:28:15,312 T ------> U
DEBUG 	 2019-04-21 02:28:15,313 q ------> r
DEBUG 	 2019-04-21 02:28:15,314 y ------> z
DEBUG 	 2019-04-21 02:28:15,315 P ------> Q
DEBUG 	 2019-04-21 02:28:15,316 e ------> f
DEBUG 	 2019-04-21 02:28:15,317 i ------> j
DEBUG 	 2019-04-21 02:28:15,318 y ------> z
DEBUG 	 2019-04-21 02:28:15,319 i ------> j
DEBUG 	 2019-04-21 02:28:15,320 O ------> P
DEBUG 	 2019-04-21 02:28:15,321 j ------> k
DEBUG 	 2019-04-21 02:28:15,322 S ------> T
DEBUG 	 2019-04-21 02:28:15,323 G ------> H
DEBUG 	 2019-04-21 02:28:15,324 H ------> I
DEBUG 	 2019-04-21 02:28:15,325 M ------> N
DEBUG 	 2019-04-21 02:28:15,326 F ------> G
DEBUG 	 2019-04-21 02:28:15,327 o ------> p
DEBUG 	 2019-04-21 02:28:15,328 z ------> a
DEBUG 	 2019-04-21 02:28:15,329 A ------> B
DEBUG 	 2019-04-21 02:28:15,330 n ------> o
DEBUG 	 2019-04-21 02:28:15,331 N ------> O
DEBUG 	 2019-04-21 02:28:15,332 c ------> d
DEBUG 	 2019-04-21 02:28:15,333 a ------> b
DEBUG 	 2019-04-21 02:28:15,334 K ------> L
DEBUG 	 2019-04-21 02:28:15,335 z ------> a
DEBUG 	 2019-04-21 02:28:15,336 x ------> y
DEBUG 	 2019-04-21 02:28:15,337 a ------> b
DEBUG 	 2019-04-21 02:28:15,338 S ------> T
DEBUG 	 2019-04-21 02:28:15,339 O ------> P
DEBUG 	 2019-04-21 02:28:15,340 h ------> i
DEBUG 	 2019-04-21 02:28:15,341 i ------> j
DEBUG 	 2019-04-21 02:28:15,342 w ------> x
DEBUG 	 2019-04-21 02:28:15,343 r ------> s
DEBUG 	 2019-04-21 02:28:15,344 o ------> p
DEBUG 	 2019-04-21 02:28:15,345 r ------> s
DEBUG 	 2019-04-21 02:28:15,346 e ------> f
DEBUG 	 2019-04-21 02:28:15,347 A ------> B
DEBUG 	 2019-04-21 02:28:15,348 k ------> l
DEBUG 	 2019-04-21 02:28:15,349 V ------> W
DEBUG 	 2019-04-21 02:28:15,350 Q ------> R
DEBUG 	 2019-04-21 02:28:15,351 u ------> v
DEBUG 	 2019-04-21 02:28:15,352 D ------> E
DEBUG 	 2019-04-21 02:28:15,353 v ------> w
DEBUG 	 2019-04-21 02:28:15,354 q ------> r
DEBUG 	 2019-04-21 02:28:15,355 q ------> r
DEBUG 	 2019-04-21 02:28:15,356 h ------> i
DEBUG 	 2019-04-21 02:28:15,357 R ------> S
DEBUG 	 2019-04-21 02:28:15,358 O ------> P
DEBUG 	 2019-04-21 02:28:15,359 x ------> y
DEBUG 	 2019-04-21 02:28:15,360 X ------> Y
DEBUG 	 2019-04-21 02:28:15,361 Q ------> R
DEBUG 	 2019-04-21 02:28:15,362 B ------> C
DEBUG 	 2019-04-21 02:28:15,363 m ------> n
DEBUG 	 2019-04-21 02:28:15,364 U ------> V
DEBUG 	 2019-04-21 02:28:15,365 n ------> o
DEBUG 	 2019-04-21 02:28:15,366 o ------> p
DEBUG 	 2019-04-21 02:28:15,367 D ------> E
DEBUG 	 2019-04-21 02:28:15,368 p ------> q
DEBUG 	 2019-04-21 02:28:15,369 n ------> o
DEBUG 	 2019-04-21 02:28:15,370 f ------> g
DEBUG 	 2019-04-21 02:28:15,371 D ------> E
DEBUG 	 2019-04-21 02:28:15,372 H ------> I
DEBUG 	 2019-04-21 02:28:15,373 O ------> P
DEBUG 	 2019-04-21 02:28:15,374 J ------> K
DEBUG 	 2019-04-21 02:28:15,375 S ------> T
DEBUG 	 2019-04-21 02:28:15,376 g ------> h
DEBUG 	 2019-04-21 02:28:15,377 j ------> k
DEBUG 	 2019-04-21 02:28:15,378 o ------> p
DEBUG 	 2019-04-21 02:28:15,379 s ------> t
DEBUG 	 2019-04-21 02:28:15,380 n ------> o
DEBUG 	 2019-04-21 02:28:15,381 I ------> J
DEBUG 	 2019-04-21 02:28:15,382 E ------> F
DEBUG 	 2019-04-21 02:28:15,383 F ------> G
DEBUG 	 2019-04-21 02:28:15,384 s ------> t
DEBUG 	 2019-04-21 02:28:15,385 t ------> u
DEBUG 	 2019-04-21 02:28:15,386 p ------> q
DEBUG 	 2019-04-21 02:28:15,387 K ------> L
DEBUG 	 2019-04-21 02:28:15,388 j ------> k
DEBUG 	 2019-04-21 02:28:15,389 h ------> i
DEBUG 	 2019-04-21 02:28:15,390 H ------> I
DEBUG 	 2019-04-21 02:28:15,391 H ------> I
DEBUG 	 2019-04-21 02:28:15,392 Q ------> R
DEBUG 	 2019-04-21 02:28:15,393 S ------> T
DEBUG 	 2019-04-21 02:28:15,394 z ------> a
DEBUG 	 2019-04-21 02:28:15,395 O ------> P
DEBUG 	 2019-04-21 02:28:15,396 j ------> k
DEBUG 	 2019-04-21 02:28:15,397 j ------> k
DEBUG 	 2019-04-21 02:28:15,398 h ------> i
DEBUG 	 2019-04-21 02:28:15,399 a ------> b
DEBUG 	 2019-04-21 02:28:15,400 p ------> q
DEBUG 	 2019-04-21 02:28:15,401 d ------> e
DEBUG 	 2019-04-21 02:28:15,402 U ------> V
DEBUG 	 2019-04-21 02:28:15,403 T ------> U
DEBUG 	 2019-04-21 02:28:15,404 H ------> I
DEBUG 	 2019-04-21 02:28:15,405 y ------> z
DEBUG 	 2019-04-21 02:28:15,406 W ------> X
DEBUG 	 2019-04-21 02:28:15,407 M ------> N
DEBUG 	 2019-04-21 02:28:15,408 x ------> y
DEBUG 	 2019-04-21 02:28:15,409 z ------> a
DEBUG 	 2019-04-21 02:28:15,410 t ------> u
DEBUG 	 2019-04-21 02:28:15,411 N ------> O
DEBUG 	 2019-04-21 02:28:15,412 u ------> v
DEBUG 	 2019-04-21 02:28:15,413 H ------> I
DEBUG 	 2019-04-21 02:28:15,414 c ------> d
DEBUG 	 2019-04-21 02:28:15,415 p ------> q
DEBUG 	 2019-04-21 02:28:15,416 O ------> P
DEBUG 	 2019-04-21 02:28:15,417 i ------> j
DEBUG 	 2019-04-21 02:28:15,418 q ------> r
DEBUG 	 2019-04-21 02:28:15,419 J ------> K
DEBUG 	 2019-04-21 02:28:15,420 i ------> j
DEBUG 	 2019-04-21 02:28:15,421 t ------> u
DEBUG 	 2019-04-21 02:28:15,422 K ------> L
DEBUG 	 2019-04-21 02:28:15,423 d ------> e
DEBUG 	 2019-04-21 02:28:15,424 h ------> i
DEBUG 	 2019-04-21 02:28:15,425 x ------> y
DEBUG 	 2019-04-21 02:28:15,426 E ------> F
DEBUG 	 2019-04-21 02:28:15,427 O ------> P
DEBUG 	 2019-04-21 02:28:15,428 T ------> U
DEBUG 	 2019-04-21 02:28:15,429 y ------> z
DEBUG 	 2019-04-21 02:28:15,430 Y ------> Z
DEBUG 	 2019-04-21 02:28:15,431 D ------> E
DEBUG 	 2019-04-21 02:28:15,432 e ------> f
DEBUG 	 2019-04-21 02:28:15,433 H ------> I
DEBUG 	 2019-04-21 02:28:15,434 B ------> C
DEBUG 	 2019-04-21 02:28:15,435 T ------> U
DEBUG 	 2019-04-21 02:28:15,436 j ------> k
DEBUG 	 2019-04-21 02:28:15,437 j ------> k
DEBUG 	 2019-04-21 02:28:15,438 Q ------> R
DEBUG 	 2019-04-21 02:28:15,439 s ------> t
DEBUG 	 2019-04-21 02:28:15,440 V ------> W
DEBUG 	 2019-04-21 02:28:15,441 v ------> w
DEBUG 	 2019-04-21 02:28:15,442 c ------> d
DEBUG 	 2019-04-21 02:28:15,443 F ------> G
DEBUG 	 2019-04-21 02:28:15,444 x ------> y
DEBUG 	 2019-04-21 02:28:15,445 s ------> t
DEBUG 	 2019-04-21 02:28:15,446 O ------> P
DEBUG 	 2019-04-21 02:28:15,447 p ------> q
DEBUG 	 2019-04-21 02:28:15,448 R ------> S
DEBUG 	 2019-04-21 02:28:15,449 Z ------> A
DEBUG 	 2019-04-21 02:28:15,450 i ------> j
DEBUG 	 2019-04-21 02:28:15,451 Y ------> Z
DEBUG 	 2019-04-21 02:28:15,452 W ------> X
DEBUG 	 2019-04-21 02:28:15,453 d ------> e
DEBUG 	 2019-04-21 02:28:15,454 z ------> a
DEBUG 	 2019-04-21 02:28:15,455 I ------> J
DEBUG 	 2019-04-21 02:28:15,456 V ------> W
DEBUG 	 2019-04-21 02:28:15,457 h ------> i
DEBUG 	 2019-04-21 02:28:15,458 O ------> P
DEBUG 	 2019-04-21 02:28:15,459 K ------> L
DEBUG 	 2019-04-21 02:28:15,460 n ------> o
DEBUG 	 2019-04-21 02:28:15,461 l ------> m
DEBUG 	 2019-04-21 02:28:15,462 I ------> J
DEBUG 	 2019-04-21 02:28:15,463 o ------> p
DEBUG 	 2019-04-21 02:28:15,464 Q ------> R
DEBUG 	 2019-04-21 02:28:15,465 m ------> n
DEBUG 	 2019-04-21 02:28:15,466 b ------> c
DEBUG 	 2019-04-21 02:28:15,467 o ------> p
DEBUG 	 2019-04-21 02:28:15,468 J ------> K
DEBUG 	 2019-04-21 02:28:15,469 V ------> W
DEBUG 	 2019-04-21 02:28:15,470 q ------> r
DEBUG 	 2019-04-21 02:28:15,471 C ------> D
DEBUG 	 2019-04-21 02:28:15,472 X ------> Y
DEBUG 	 2019-04-21 02:28:15,473 h ------> i
DEBUG 	 2019-04-21 02:28:15,474 v ------> w
DEBUG 	 2019-04-21 02:28:15,475 h ------> i
DEBUG 	 2019-04-21 02:28:15,476 C ------> D
DEBUG 	 2019-04-21 02:28:15,477 f ------> g
DEBUG 	 2019-04-21 02:28:15,478 m ------> n
DEBUG 	 2019-04-21 02:28:15,479 s ------> t
DEBUG 	 2019-04-21 02:28:15,480 g ------> h
DEBUG 	 2019-04-21 02:28:15,481 z ------> a
DEBUG 	 2019-04-21 02:28:15,482 S ------> T
DEBUG 	 2019-04-21 02:28:15,483 K ------> L
DEBUG 	 2019-04-21 02:28:15,484 p ------> q
DEBUG 	 2019-04-21 02:28:15,485 d ------> e
DEBUG 	 2019-04-21 02:28:15,486 j ------> k
DEBUG 	 2019-04-21 02:28:15,487 i ------> j
DEBUG 	 2019-04-21 02:28:15,488 m ------> n
DEBUG 	 2019-04-21 02:28:15,489 b ------> c
DEBUG 	 2019-04-21 02:28:15,490 M ------> N
DEBUG 	 2019-04-21 02:28:15,491 t ------> u
DEBUG 	 2019-04-21 02:28:15,492 l ------> m
DEBUG 	 2019-04-21 02:28:15,493 q ------> r
DEBUG 	 2019-04-21 02:28:15,494 T ------> U
DEBUG 	 2019-04-21 02:28:15,495 e ------> f
DEBUG 	 2019-04-21 02:28:15,496 O ------> P
DEBUG 	 2019-04-21 02:28:15,497 e ------> f
DEBUG 	 2019-04-21 02:28:15,498 t ------> u
DEBUG 	 2019-04-21 02:28:15,499 f ------> g
DEBUG 	 2019-04-21 02:28:15,500 V ------> W
DEBUG 	 2019-04-21 02:28:15,501 s ------> t
DEBUG 	 2019-04-21 02:28:15,502 P ------> Q
DEBUG 	 2019-04-21 02:28:15,503 h ------> i
DEBUG 	 2019-04-21 02:28:15,504 f ------> g
DEBUG 	 2019-04-21 02:28:15,505 w ------> x
DEBUG 	 2019-04-21 02:28:15,506 M ------> N
DEBUG 	 2019-04-21 02:28:15,507 e ------> f
DEBUG 	 2019-04-21 02:28:15,508 T ------> U
DEBUG 	 2019-04-21 02:28:15,509 l ------> m
DEBUG 	 2019-04-21 02:28:15,510 q ------> r
DEBUG 	 2019-04-21 02:28:15,511 v ------> w
DEBUG 	 2019-04-21 02:28:15,512 Q ------> R
DEBUG 	 2019-04-21 02:28:15,513 y ------> z
DEBUG 	 2019-04-21 02:28:15,514 S ------> T
DEBUG 	 2019-04-21 02:28:15,515 M ------> N
DEBUG 	 2019-04-21 02:28:15,516 Y ------> Z
DEBUG 	 2019-04-21 02:28:15,517 u ------> v
DEBUG 	 2019-04-21 02:28:15,518 j ------> k
DEBUG 	 2019-04-21 02:28:15,519 w ------> x
DEBUG 	 2019-04-21 02:28:15,520 n ------> o
DEBUG 	 2019-04-21 02:28:15,521 P ------> Q
DEBUG 	 2019-04-21 02:28:15,522 t ------> u
DEBUG 	 2019-04-21 02:28:15,523 Q ------> R
DEBUG 	 2019-04-21 02:28:15,524 Y ------> Z
DEBUG 	 2019-04-21 02:28:15,525 A ------> B
DEBUG 	 2019-04-21 02:28:15,526 a ------> b
DEBUG 	 2019-04-21 02:28:15,527 k ------> l
DEBUG 	 2019-04-21 02:28:15,528 H ------> I
DEBUG 	 2019-04-21 02:28:15,529 Y ------> Z
DEBUG 	 2019-04-21 02:28:15,530 G ------> H
DEBUG 	 2019-04-21 02:28:15,531 u ------> v
DEBUG 	 2019-04-21 02:28:15,532 Q ------> R
DEBUG 	 2019-04-21 02:28:15,533 X ------> Y
DEBUG 	 2019-04-21 02:28:15,534 u ------> v
DEBUG 	 2019-04-21 02:28:15,535 P ------> Q
DEBUG 	 2019-04-21 02:28:15,536 U ------> V
DEBUG 	 2019-04-21 02:28:15,537 K ------> L
DEBUG 	 2019-04-21 02:28:15,538 Z ------> A
DEBUG 	 2019-04-21 02:28:15,539 w ------> x
DEBUG 	 2019-04-21 02:28:15,540 P ------> Q
DEBUG 	 2019-04-21 02:28:15,541 F ------> G
DEBUG 	 2019-04-21 02:28:15,542 s ------> t
DEBUG 	 2019-04-21 02:28:15,543 T ------> U
DEBUG 	 2019-04-21 02:28:15,544 g ------> h
DEBUG 	 2019-04-21 02:28:15,545 K ------> L
DEBUG 	 2019-04-21 02:28:15,546 X ------> Y
DEBUG 	 2019-04-21 02:28:15,547 s ------> t
DEBUG 	 2019-04-21 02:28:15,548 K ------> L
DEBUG 	 2019-04-21 02:28:15,549 E ------> F
DEBUG 	 2019-04-21 02:28:15,550 l ------> m
DEBUG 	 2019-04-21 02:28:15,551 b ------> c
DEBUG 	 2019-04-21 02:28:15,552 c ------> d
DEBUG 	 2019-04-21 02:28:15,553 m ------> n
DEBUG 	 2019-04-21 02:28:15,554 v ------> w
DEBUG 	 2019-04-21 02:28:15,555 u ------> v
DEBUG 	 2019-04-21 02:28:15,556 l ------> m
DEBUG 	 2019-04-21 02:28:15,557 K ------> L
DEBUG 	 2019-04-21 02:28:15,558 t ------> u
DEBUG 	 2019-04-21 02:28:15,559 v ------> w
DEBUG 	 2019-04-21 02:28:15,560 d ------> e
DEBUG 	 2019-04-21 02:28:15,561 b ------> c
DEBUG 	 2019-04-21 02:28:15,562 O ------> P
DEBUG 	 2019-04-21 02:28:15,563 f ------> g
DEBUG 	 2019-04-21 02:28:15,564 K ------> L
DEBUG 	 2019-04-21 02:28:15,565 O ------> P
DEBUG 	 2019-04-21 02:28:15,566 A ------> B
DEBUG 	 2019-04-21 02:28:15,567 q ------> r
DEBUG 	 2019-04-21 02:28:15,568 b ------> c
DEBUG 	 2019-04-21 02:28:15,569 w ------> x
DEBUG 	 2019-04-21 02:28:15,570 b ------> c
DEBUG 	 2019-04-21 02:28:15,571 J ------> K
DEBUG 	 2019-04-21 02:28:15,572 H ------> I
DEBUG 	 2019-04-21 02:28:15,573 f ------> g
DEBUG 	 2019-04-21 02:28:15,574 I ------> J
DEBUG 	 2019-04-21 02:28:15,575 R ------> S
DEBUG 	 2019-04-21 02:28:15,576 q ------> r
DEBUG 	 2019-04-21 02:28:15,577 Y ------> Z
DEBUG 	 2019-04-21 02:28:15,578 R ------> S
DEBUG 	 2019-04-21 02:28:15,579 V ------> W
DEBUG 	 2019-04-21 02:28:15,580 p ------> q
DEBUG 	 2019-04-21 02:28:15,581 r ------> s
DEBUG 	 2019-04-21 02:28:15,582 u ------> v
DEBUG 	 2019-04-21 02:28:15,583 t ------> u
DEBUG 	 2019-04-21 02:28:15,584 j ------> k
DEBUG 	 2019-04-21 02:28:15,585 G ------> H
DEBUG 	 2019-04-21 02:28:15,586 U ------> V
DEBUG 	 2019-04-21 02:28:15,587 h ------> i
DEBUG 	 2019-04-21 02:28:15,588 I ------> J
DEBUG 	 2019-04-21 02:28:15,589 D ------> E
DEBUG 	 2019-04-21 02:28:15,590 g ------> h
DEBUG 	 2019-04-21 02:28:15,591 s ------> t
DEBUG 	 2019-04-21 02:28:15,592 B ------> C
DEBUG 	 2019-04-21 02:28:15,593 b ------> c
DEBUG 	 2019-04-21 02:28:15,593 M ------> N
DEBUG 	 2019-04-21 02:28:15,594 B ------> C
DEBUG 	 2019-04-21 02:28:15,595 i ------> j
DEBUG 	 2019-04-21 02:28:15,596 w ------> x
DEBUG 	 2019-04-21 02:28:15,597 Y ------> Z
DEBUG 	 2019-04-21 02:28:15,598 X ------> Y
DEBUG 	 2019-04-21 02:28:15,599 e ------> f
DEBUG 	 2019-04-21 02:28:15,600 B ------> C
DEBUG 	 2019-04-21 02:28:15,601 s ------> t
DEBUG 	 2019-04-21 02:28:15,602 O ------> P
DEBUG 	 2019-04-21 02:28:15,603 j ------> k
DEBUG 	 2019-04-21 02:28:15,604 n ------> o
DEBUG 	 2019-04-21 02:28:15,605 L ------> M
DEBUG 	 2019-04-21 02:28:15,606 d ------> e
DEBUG 	 2019-04-21 02:28:15,607 f ------> g
DEBUG 	 2019-04-21 02:28:15,608 u ------> v
DEBUG 	 2019-04-21 02:28:15,609 K ------> L
DEBUG 	 2019-04-21 02:28:15,610 O ------> P
DEBUG 	 2019-04-21 02:28:15,611 g ------> h
DEBUG 	 2019-04-21 02:28:15,612 L ------> M
DEBUG 	 2019-04-21 02:28:15,613 p ------> q
DEBUG 	 2019-04-21 02:28:15,614 a ------> b
DEBUG 	 2019-04-21 02:28:15,615 K ------> L
DEBUG 	 2019-04-21 02:28:15,616 D ------> E
DEBUG 	 2019-04-21 02:28:15,617 C ------> D
DEBUG 	 2019-04-21 02:28:15,618 a ------> b
DEBUG 	 2019-04-21 02:28:15,619 X ------> Y
DEBUG 	 2019-04-21 02:28:15,620 K ------> L
DEBUG 	 2019-04-21 02:28:15,621 j ------> k
DEBUG 	 2019-04-21 02:28:15,622 m ------> n
DEBUG 	 2019-04-21 02:28:15,623 d ------> e
DEBUG 	 2019-04-21 02:28:15,624 J ------> K
DEBUG 	 2019-04-21 02:28:15,625 s ------> t
DEBUG 	 2019-04-21 02:28:15,626 a ------> b
DEBUG 	 2019-04-21 02:28:15,627 o ------> p
DEBUG 	 2019-04-21 02:28:15,628 l ------> m
DEBUG 	 2019-04-21 02:28:15,629 P ------> Q
DEBUG 	 2019-04-21 02:28:15,630 L ------> M
DEBUG 	 2019-04-21 02:28:15,631 q ------> r
DEBUG 	 2019-04-21 02:28:15,632 V ------> W
DEBUG 	 2019-04-21 02:28:15,633 v ------> w
DEBUG 	 2019-04-21 02:28:15,634 N ------> O
DEBUG 	 2019-04-21 02:28:15,635 P ------> Q
DEBUG 	 2019-04-21 02:28:15,636 P ------> Q
DEBUG 	 2019-04-21 02:28:15,637 R ------> S
DEBUG 	 2019-04-21 02:28:15,638 z ------> a
DEBUG 	 2019-04-21 02:28:15,639 e ------> f
DEBUG 	 2019-04-21 02:28:15,640 a ------> b
DEBUG 	 2019-04-21 02:28:15,641 Q ------> R
DEBUG 	 2019-04-21 02:28:15,642 U ------> V
DEBUG 	 2019-04-21 02:28:15,643 A ------> B
DEBUG 	 2019-04-21 02:28:15,644 O ------> P
DEBUG 	 2019-04-21 02:28:15,645 C ------> D
DEBUG 	 2019-04-21 02:28:15,646 V ------> W
DEBUG 	 2019-04-21 02:28:15,647 P ------> Q
DEBUG 	 2019-04-21 02:28:15,648 F ------> G
DEBUG 	 2019-04-21 02:28:15,649 f ------> g
DEBUG 	 2019-04-21 02:28:15,650 C ------> D
DEBUG 	 2019-04-21 02:28:15,651 w ------> x
DEBUG 	 2019-04-21 02:28:15,652 n ------> o
DEBUG 	 2019-04-21 02:28:15,653 a ------> b
DEBUG 	 2019-04-21 02:28:15,654 Z ------> A
DEBUG 	 2019-04-21 02:28:15,655 B ------> C
DEBUG 	 2019-04-21 02:28:15,656 Q ------> R
DEBUG 	 2019-04-21 02:28:15,657 C ------> D
DEBUG 	 2019-04-21 02:28:15,658 b ------> c
DEBUG 	 2019-04-21 02:28:15,659 r ------> s
DEBUG 	 2019-04-21 02:28:15,660 e ------> f
DEBUG 	 2019-04-21 02:28:15,661 s ------> t
DEBUG 	 2019-04-21 02:28:15,662 S ------> T
DEBUG 	 2019-04-21 02:28:15,663 I ------> J
DEBUG 	 2019-04-21 02:28:15,664 r ------> s
DEBUG 	 2019-04-21 02:28:15,665 j ------> k
DEBUG 	 2019-04-21 02:28:15,666 Z ------> A
DEBUG 	 2019-04-21 02:28:15,667 a ------> b
DEBUG 	 2019-04-21 02:28:15,668 H ------> I
DEBUG 	 2019-04-21 02:28:15,669 o ------> p
DEBUG 	 2019-04-21 02:28:15,670 E ------> F
DEBUG 	 2019-04-21 02:28:15,671 J ------> K
DEBUG 	 2019-04-21 02:28:15,672 C ------> D
DEBUG 	 2019-04-21 02:28:15,673 N ------> O
DEBUG 	 2019-04-21 02:28:15,674 g ------> h
DEBUG 	 2019-04-21 02:28:15,675 W ------> X
DEBUG 	 2019-04-21 02:28:15,676 G ------> H
DEBUG 	 2019-04-21 02:28:15,677 J ------> K
DEBUG 	 2019-04-21 02:28:15,678 j ------> k
DEBUG 	 2019-04-21 02:28:15,679 M ------> N
DEBUG 	 2019-04-21 02:28:15,680 Y ------> Z
DEBUG 	 2019-04-21 02:28:15,681 F ------> G
DEBUG 	 2019-04-21 02:28:15,682 C ------> D
DEBUG 	 2019-04-21 02:28:15,683 w ------> x
DEBUG 	 2019-04-21 02:28:15,684 O ------> P
DEBUG 	 2019-04-21 02:28:15,685 Y ------> Z
DEBUG 	 2019-04-21 02:28:15,686 N ------> O
DEBUG 	 2019-04-21 02:28:15,687 T ------> U
DEBUG 	 2019-04-21 02:28:15,688 i ------> j
DEBUG 	 2019-04-21 02:28:15,689 U ------> V
DEBUG 	 2019-04-21 02:28:15,690 q ------> r
DEBUG 	 2019-04-21 02:28:15,691 f ------> g
DEBUG 	 2019-04-21 02:28:15,692 B ------> C
DEBUG 	 2019-04-21 02:28:15,693 x ------> y
DEBUG 	 2019-04-21 02:28:15,694 r ------> s
DEBUG 	 2019-04-21 02:28:15,695 n ------> o
DEBUG 	 2019-04-21 02:28:15,696 O ------> P
DEBUG 	 2019-04-21 02:28:15,697 G ------> H
DEBUG 	 2019-04-21 02:28:15,698 w ------> x
DEBUG 	 2019-04-21 02:28:15,699 u ------> v
DEBUG 	 2019-04-21 02:28:15,700 z ------> a
DEBUG 	 2019-04-21 02:28:15,701 M ------> N
DEBUG 	 2019-04-21 02:28:15,702 h ------> i
DEBUG 	 2019-04-21 02:28:15,703 y ------> z
DEBUG 	 2019-04-21 02:28:15,704 K ------> L
DEBUG 	 2019-04-21 02:28:15,705 l ------> m
DEBUG 	 2019-04-21 02:28:15,706 M ------> N
DEBUG 	 2019-04-21 02:28:15,707 A ------> B
DEBUG 	 2019-04-21 02:28:15,708 y ------> z
DEBUG 	 2019-04-21 02:28:15,709 v ------> w
DEBUG 	 2019-04-21 02:28:15,710 l ------> m
DEBUG 	 2019-04-21 02:28:15,711 j ------> k
DEBUG 	 2019-04-21 02:28:15,712 B ------> C
DEBUG 	 2019-04-21 02:28:15,713 E ------> F
DEBUG 	 2019-04-21 02:28:15,714 t ------> u
DEBUG 	 2019-04-21 02:28:15,715 Y ------> Z
DEBUG 	 2019-04-21 02:28:15,716 f ------> g
DEBUG 	 2019-04-21 02:28:15,717 S ------> T
DEBUG 	 2019-04-21 02:28:15,718 K ------> L
DEBUG 	 2019-04-21 02:28:15,719 W ------> X
DEBUG 	 2019-04-21 02:28:15,720 Q ------> R
DEBUG 	 2019-04-21 02:28:15,721 W ------> X
DEBUG 	 2019-04-21 02:28:15,722 L ------> M
DEBUG 	 2019-04-21 02:28:15,723 u ------> v
DEBUG 	 2019-04-21 02:28:15,724 U ------> V
DEBUG 	 2019-04-21 02:28:15,725 F ------> G
DEBUG 	 2019-04-21 02:28:15,726 f ------> g
DEBUG 	 2019-04-21 02:28:15,727 K ------> L
DEBUG 	 2019-04-21 02:28:15,728 S ------> T
DEBUG 	 2019-04-21 02:28:15,729 S ------> T
DEBUG 	 2019-04-21 02:28:15,730 p ------> q
DEBUG 	 2019-04-21 02:28:15,731 Y ------> Z
DEBUG 	 2019-04-21 02:28:15,732 T ------> U
DEBUG 	 2019-04-21 02:28:15,733 P ------> Q
DEBUG 	 2019-04-21 02:28:15,734 d ------> e
DEBUG 	 2019-04-21 02:28:15,735 f ------> g
DEBUG 	 2019-04-21 02:28:15,736 o ------> p
DEBUG 	 2019-04-21 02:28:15,737 e ------> f
DEBUG 	 2019-04-21 02:28:15,738 D ------> E
DEBUG 	 2019-04-21 02:28:15,739 V ------> W
DEBUG 	 2019-04-21 02:28:15,740 X ------> Y
DEBUG 	 2019-04-21 02:28:15,741 u ------> v
DEBUG 	 2019-04-21 02:28:15,742 A ------> B
DEBUG 	 2019-04-21 02:28:15,743 w ------> x
DEBUG 	 2019-04-21 02:28:15,744 W ------> X
DEBUG 	 2019-04-21 02:28:15,745 N ------> O
DEBUG 	 2019-04-21 02:28:15,746 L ------> M
DEBUG 	 2019-04-21 02:28:15,747 j ------> k
DEBUG 	 2019-04-21 02:28:15,748 N ------> O
DEBUG 	 2019-04-21 02:28:15,749 G ------> H
DEBUG 	 2019-04-21 02:28:15,750 m ------> n
DEBUG 	 2019-04-21 02:28:15,751 B ------> C
DEBUG 	 2019-04-21 02:28:15,752 l ------> m
DEBUG 	 2019-04-21 02:28:15,753 z ------> a
DEBUG 	 2019-04-21 02:28:15,754 b ------> c
DEBUG 	 2019-04-21 02:28:15,755 e ------> f
DEBUG 	 2019-04-21 02:28:15,756 L ------> M
DEBUG 	 2019-04-21 02:28:15,757 f ------> g
DEBUG 	 2019-04-21 02:28:15,758 H ------> I
DEBUG 	 2019-04-21 02:28:15,759 T ------> U
DEBUG 	 2019-04-21 02:28:15,760 U ------> V
DEBUG 	 2019-04-21 02:28:15,761 J ------> K
DEBUG 	 2019-04-21 02:28:15,762 v ------> w
DEBUG 	 2019-04-21 02:28:15,763 s ------> t
DEBUG 	 2019-04-21 02:28:15,764 K ------> L
DEBUG 	 2019-04-21 02:28:15,765 O ------> P
DEBUG 	 2019-04-21 02:28:15,766 d ------> e
DEBUG 	 2019-04-21 02:28:15,767 Z ------> A
DEBUG 	 2019-04-21 02:28:15,768 s ------> t
DEBUG 	 2019-04-21 02:28:15,769 u ------> v
DEBUG 	 2019-04-21 02:28:15,770 R ------> S
DEBUG 	 2019-04-21 02:28:15,771 p ------> q
DEBUG 	 2019-04-21 02:28:15,772 J ------> K
DEBUG 	 2019-04-21 02:28:15,773 Q ------> R
DEBUG 	 2019-04-21 02:28:15,774 P ------> Q
DEBUG 	 2019-04-21 02:28:15,775 V ------> W
DEBUG 	 2019-04-21 02:28:15,776 O ------> P
DEBUG 	 2019-04-21 02:28:15,777 V ------> W
DEBUG 	 2019-04-21 02:28:15,778 C ------> D
DEBUG 	 2019-04-21 02:28:15,779 D ------> E
DEBUG 	 2019-04-21 02:28:15,780 J ------> K
DEBUG 	 2019-04-21 02:28:15,781 L ------> M
DEBUG 	 2019-04-21 02:28:15,782 V ------> W
DEBUG 	 2019-04-21 02:28:15,783 K ------> L
DEBUG 	 2019-04-21 02:28:15,784 f ------> g
DEBUG 	 2019-04-21 02:28:15,785 v ------> w
DEBUG 	 2019-04-21 02:28:15,786 p ------> q
DEBUG 	 2019-04-21 02:28:15,787 B ------> C
DEBUG 	 2019-04-21 02:28:15,788 b ------> c
DEBUG 	 2019-04-21 02:28:15,789 i ------> j
DEBUG 	 2019-04-21 02:28:15,790 f ------> g
DEBUG 	 2019-04-21 02:28:15,791 h ------> i
DEBUG 	 2019-04-21 02:28:15,792 R ------> S
DEBUG 	 2019-04-21 02:28:15,793 l ------> m
DEBUG 	 2019-04-21 02:28:15,794 j ------> k
DEBUG 	 2019-04-21 02:28:15,795 m ------> n
DEBUG 	 2019-04-21 02:28:15,796 H ------> I
DEBUG 	 2019-04-21 02:28:15,797 I ------> J
DEBUG 	 2019-04-21 02:28:15,798 a ------> b
DEBUG 	 2019-04-21 02:28:15,799 F ------> G
DEBUG 	 2019-04-21 02:28:15,800 C ------> D
DEBUG 	 2019-04-21 02:28:15,801 h ------> i
DEBUG 	 2019-04-21 02:28:15,802 g ------> h
DEBUG 	 2019-04-21 02:28:15,803 s ------> t
DEBUG 	 2019-04-21 02:28:15,804 h ------> i
DEBUG 	 2019-04-21 02:28:15,805 d ------> e
DEBUG 	 2019-04-21 02:28:15,806 I ------> J
DEBUG 	 2019-04-21 02:28:15,807 X ------> Y
DEBUG 	 2019-04-21 02:28:15,808 B ------> C
DEBUG 	 2019-04-21 02:28:15,809 X ------> Y
DEBUG 	 2019-04-21 02:28:15,810 J ------> K
DEBUG 	 2019-04-21 02:28:15,811 X ------> Y
DEBUG 	 2019-04-21 02:28:15,812 A ------> B
DEBUG 	 2019-04-21 02:28:15,813 q ------> r
DEBUG 	 2019-04-21 02:28:15,814 y ------> z
DEBUG 	 2019-04-21 02:28:15,815 G ------> H
DEBUG 	 2019-04-21 02:28:15,816 X ------> Y
DEBUG 	 2019-04-21 02:28:15,817 A ------> B
DEBUG 	 2019-04-21 02:28:15,818 O ------> P
DEBUG 	 2019-04-21 02:28:15,819 a ------> b
DEBUG 	 2019-04-21 02:28:15,820 e ------> f
DEBUG 	 2019-04-21 02:28:15,821 z ------> a
DEBUG 	 2019-04-21 02:28:15,822 W ------> X
DEBUG 	 2019-04-21 02:28:15,823 z ------> a
DEBUG 	 2019-04-21 02:28:15,824 n ------> o
DEBUG 	 2019-04-21 02:28:15,825 Z ------> A
DEBUG 	 2019-04-21 02:28:15,826 V ------> W
DEBUG 	 2019-04-21 02:28:15,827 U ------> V
DEBUG 	 2019-04-21 02:28:15,828 k ------> l
DEBUG 	 2019-04-21 02:28:15,829 L ------> M
DEBUG 	 2019-04-21 02:28:15,830 Z ------> A
DEBUG 	 2019-04-21 02:28:15,831 U ------> V
DEBUG 	 2019-04-21 02:28:15,832 d ------> e
DEBUG 	 2019-04-21 02:28:15,833 v ------> w
DEBUG 	 2019-04-21 02:28:15,834 H ------> I
DEBUG 	 2019-04-21 02:28:15,835 s ------> t
DEBUG 	 2019-04-21 02:28:15,836 Q ------> R
DEBUG 	 2019-04-21 02:28:15,837 R ------> S
DEBUG 	 2019-04-21 02:28:15,838 I ------> J
DEBUG 	 2019-04-21 02:28:15,839 C ------> D
DEBUG 	 2019-04-21 02:28:15,840 Y ------> Z
DEBUG 	 2019-04-21 02:28:15,841 T ------> U
DEBUG 	 2019-04-21 02:28:15,842 U ------> V
DEBUG 	 2019-04-21 02:28:15,843 I ------> J
DEBUG 	 2019-04-21 02:28:15,844 s ------> t
DEBUG 	 2019-04-21 02:28:15,845 v ------> w
DEBUG 	 2019-04-21 02:28:15,846 q ------> r
DEBUG 	 2019-04-21 02:28:15,847 x ------> y
DEBUG 	 2019-04-21 02:28:15,848 l ------> m
DEBUG 	 2019-04-21 02:28:15,849 g ------> h
DEBUG 	 2019-04-21 02:28:15,850 H ------> I
DEBUG 	 2019-04-21 02:28:15,851 k ------> l
DEBUG 	 2019-04-21 02:28:15,852 F ------> G
DEBUG 	 2019-04-21 02:28:15,853 J ------> K
DEBUG 	 2019-04-21 02:28:15,854 A ------> B
DEBUG 	 2019-04-21 02:28:15,855 L ------> M
DEBUG 	 2019-04-21 02:28:15,856 G ------> H
DEBUG 	 2019-04-21 02:28:15,857 N ------> O
DEBUG 	 2019-04-21 02:28:15,858 u ------> v
DEBUG 	 2019-04-21 02:28:15,859 z ------> a
DEBUG 	 2019-04-21 02:28:15,860 e ------> f
DEBUG 	 2019-04-21 02:28:15,861 A ------> B
DEBUG 	 2019-04-21 02:28:15,862 N ------> O
DEBUG 	 2019-04-21 02:28:15,863 X ------> Y
DEBUG 	 2019-04-21 02:28:15,864 b ------> c
DEBUG 	 2019-04-21 02:28:15,865 v ------> w
DEBUG 	 2019-04-21 02:28:15,866 T ------> U
DEBUG 	 2019-04-21 02:28:15,867 n ------> o
DEBUG 	 2019-04-21 02:28:15,868 R ------> S
DEBUG 	 2019-04-21 02:28:15,869 T ------> U
DEBUG 	 2019-04-21 02:28:15,870 l ------> m
DEBUG 	 2019-04-21 02:28:15,871 h ------> i
DEBUG 	 2019-04-21 02:28:15,872 R ------> S
DEBUG 	 2019-04-21 02:28:15,873 Y ------> Z
DEBUG 	 2019-04-21 02:28:15,874 v ------> w
DEBUG 	 2019-04-21 02:28:15,875 Y ------> Z
DEBUG 	 2019-04-21 02:28:15,876 i ------> j
DEBUG 	 2019-04-21 02:28:15,877 Y ------> Z
DEBUG 	 2019-04-21 02:28:15,878 I ------> J
DEBUG 	 2019-04-21 02:28:15,879 x ------> y
DEBUG 	 2019-04-21 02:28:15,880 P ------> Q
DEBUG 	 2019-04-21 02:28:15,881 K ------> L
DEBUG 	 2019-04-21 02:28:15,882 Q ------> R
DEBUG 	 2019-04-21 02:28:15,883 l ------> m
DEBUG 	 2019-04-21 02:28:15,884 u ------> v
DEBUG 	 2019-04-21 02:28:15,885 M ------> N
DEBUG 	 2019-04-21 02:28:15,886 b ------> c
DEBUG 	 2019-04-21 02:28:15,887 Z ------> A
DEBUG 	 2019-04-21 02:28:15,888 L ------> M
DEBUG 	 2019-04-21 02:28:15,889 p ------> q
DEBUG 	 2019-04-21 02:28:15,890 R ------> S
DEBUG 	 2019-04-21 02:28:15,891 K ------> L
DEBUG 	 2019-04-21 02:28:15,892 T ------> U
DEBUG 	 2019-04-21 02:28:15,893 E ------> F
DEBUG 	 2019-04-21 02:28:15,894 O ------> P
DEBUG 	 2019-04-21 02:28:15,895 r ------> s
DEBUG 	 2019-04-21 02:28:15,896 V ------> W
DEBUG 	 2019-04-21 02:28:15,897 b ------> c
DEBUG 	 2019-04-21 02:28:15,898 j ------> k
DEBUG 	 2019-04-21 02:28:15,899 F ------> G
DEBUG 	 2019-04-21 02:28:15,900 D ------> E
DEBUG 	 2019-04-21 02:28:15,901 m ------> n
DEBUG 	 2019-04-21 02:28:15,902 J ------> K
DEBUG 	 2019-04-21 02:28:15,903 X ------> Y
DEBUG 	 2019-04-21 02:28:15,904 q ------> r
DEBUG 	 2019-04-21 02:28:15,905 g ------> h
DEBUG 	 2019-04-21 02:28:15,906 J ------> K
DEBUG 	 2019-04-21 02:28:15,907 l ------> m
DEBUG 	 2019-04-21 02:28:15,908 a ------> b
DEBUG 	 2019-04-21 02:28:15,909 g ------> h
DEBUG 	 2019-04-21 02:28:15,910 P ------> Q
DEBUG 	 2019-04-21 02:28:15,911 h ------> i
DEBUG 	 2019-04-21 02:28:15,912 E ------> F
DEBUG 	 2019-04-21 02:28:15,913 q ------> r
DEBUG 	 2019-04-21 02:28:15,914 j ------> k
DEBUG 	 2019-04-21 02:28:15,915 o ------> p
DEBUG 	 2019-04-21 02:28:15,916 C ------> D
DEBUG 	 2019-04-21 02:28:15,917 O ------> P
DEBUG 	 2019-04-21 02:28:15,918 g ------> h
DEBUG 	 2019-04-21 02:28:15,919 M ------> N
DEBUG 	 2019-04-21 02:28:15,920 x ------> y
INFO 	 2019-04-21 02:28:15,920 Error rate: 0.0
