INFO 	 2019-04-21 02:31:16,526 Serial port COM3 opened successfully.
INFO 	 2019-04-21 02:31:16,526 Running: 1000 tests with baud rate: 1500000
DEBUG 	 2019-04-21 02:31:16,527 sssss ------> ttttt
DEBUG 	 2019-04-21 02:31:16,528 BBBBB ------> CCCCC
DEBUG 	 2019-04-21 02:31:16,529 UUUUU ------> VVVVV
DEBUG 	 2019-04-21 02:31:16,530 zzzzz ------> aaaaa
DEBUG 	 2019-04-21 02:31:16,532 uuuuu ------> vvvvv
DEBUG 	 2019-04-21 02:31:16,533 aaaaa ------> bbbbb
DEBUG 	 2019-04-21 02:31:16,534 WWWWW ------> XXXXX
DEBUG 	 2019-04-21 02:31:16,535 MMMMM ------> NNNNN
DEBUG 	 2019-04-21 02:31:16,536 aaaaa ------> bbbbb
DEBUG 	 2019-04-21 02:31:16,537 YYYYY ------> ZZZZZ
DEBUG 	 2019-04-21 02:31:16,538 jjjjj ------> kkkkk
DEBUG 	 2019-04-21 02:31:16,544 eeeee ------> fffff
DEBUG 	 2019-04-21 02:31:16,545 BBBBB ------> CCCCC
DEBUG 	 2019-04-21 02:31:16,546 kkkkk ------> lllll
DEBUG 	 2019-04-21 02:31:16,547 EEEEE ------> FFFFF
DEBUG 	 2019-04-21 02:31:16,548 MMMMM ------> NNNN
DEBUG 	 2019-04-21 02:31:16,549 hhhhh ------> Niiiii
DEBUG 	 2019-04-21 02:31:16,550 xxxxx ------> yyyyy
DEBUG 	 2019-04-21 02:31:16,551 BBBBB ------> CCCCC
DEBUG 	 2019-04-21 02:31:16,552 zzzzz ------> aaaaa
DEBUG 	 2019-04-21 02:31:16,553 CCCCC ------> DDDDD
DEBUG 	 2019-04-21 02:31:16,555 fffff ------> ggggg
DEBUG 	 2019-04-21 02:31:16,556 QQQQQ ------> RRRRR
DEBUG 	 2019-04-21 02:31:16,557 QQQQQ ------> RRRRR
DEBUG 	 2019-04-21 02:31:16,558 VVVVV ------> WWWWW
DEBUG 	 2019-04-21 02:31:16,559 NNNNN ------> OOOOO
DEBUG 	 2019-04-21 02:31:16,560 ddddd ------> eeeee
DEBUG 	 2019-04-21 02:31:16,561 OOOOO ------> PPPPP
DEBUG 	 2019-04-21 02:31:16,562 HHHHH ------> IIIII
DEBUG 	 2019-04-21 02:31:16,563 JJJJJ ------> KKKKK
DEBUG 	 2019-04-21 02:31:16,564 ppppp ------> qqqqq
DEBUG 	 2019-04-21 02:31:16,565 fffff ------> ggggg
DEBUG 	 2019-04-21 02:31:16,566 BBBBB ------> CCCCC
DEBUG 	 2019-04-21 02:31:16,567 JJJJJ ------> KKKKK
DEBUG 	 2019-04-21 02:31:16,568 TTTTT ------> UUUUU
DEBUG 	 2019-04-21 02:31:16,569 KKKKK ------> LLLLL
DEBUG 	 2019-04-21 02:31:16,570 lllll ------> mmmmm
DEBUG 	 2019-04-21 02:31:16,571 qqqqq ------> rrrr
DEBUG 	 2019-04-21 02:31:16,572 ppppp ------> rqqqqq
DEBUG 	 2019-04-21 02:31:16,573 ddddd ------> eeeee
DEBUG 	 2019-04-21 02:31:16,574 IIIII ------> JJJJJ
DEBUG 	 2019-04-21 02:31:16,575 OOOOO ------> PPPPP
DEBUG 	 2019-04-21 02:31:16,576 BBBBB ------> CCCCC
DEBUG 	 2019-04-21 02:31:16,577 aaaaa ------> bbbbb
DEBUG 	 2019-04-21 02:31:16,578 NNNNN ------> OOOOO
DEBUG 	 2019-04-21 02:31:16,579 DDDDD ------> EEEEE
DEBUG 	 2019-04-21 02:31:16,580 HHHHH ------> IIIII
DEBUG 	 2019-04-21 02:31:16,581 zzzzz ------> aaaaa
DEBUG 	 2019-04-21 02:31:16,582 iiiii ------> jjjjj
DEBUG 	 2019-04-21 02:31:16,583 VVVVV ------> WWWWW
DEBUG 	 2019-04-21 02:31:16,584 OOOOO ------> PPPPP
DEBUG 	 2019-04-21 02:31:16,585 kkkkk ------> lllll
DEBUG 	 2019-04-21 02:31:16,586 ttttt ------> uuuuu
DEBUG 	 2019-04-21 02:31:16,587 FFFFF ------> GGGGG
DEBUG 	 2019-04-21 02:31:16,588 hhhhh ------> iiiii
DEBUG 	 2019-04-21 02:31:16,589 TTTTT ------> UUUUU
DEBUG 	 2019-04-21 02:31:16,590 VVVVV ------> WWWWW
DEBUG 	 2019-04-21 02:31:16,591 TTTTT ------> UUUUU
DEBUG 	 2019-04-21 02:31:16,592 bbbbb ------> ccccc
DEBUG 	 2019-04-21 02:31:16,593 RRRRR ------> SSSSS
DEBUG 	 2019-04-21 02:31:16,594 YYYYY ------> ZZZZZ
DEBUG 	 2019-04-21 02:31:16,595 XXXXX ------> YYYYY
DEBUG 	 2019-04-21 02:31:16,596 bbbbb ------> ccccc
DEBUG 	 2019-04-21 02:31:16,597 RRRRR ------> SSSSS
DEBUG 	 2019-04-21 02:31:16,598 ccccc ------> ddddd
DEBUG 	 2019-04-21 02:31:16,599 yyyyy ------> zzzzz
DEBUG 	 2019-04-21 02:31:16,600 ZZZZZ ------> AAAAA
DEBUG 	 2019-04-21 02:31:16,601 GGGGG ------> HHHHH
DEBUG 	 2019-04-21 02:31:16,602 RRRRR ------> SSSSS
DEBUG 	 2019-04-21 02:31:16,603 EEEEE ------> FFFFF
DEBUG 	 2019-04-21 02:31:16,604 HHHHH ------> IIIII
DEBUG 	 2019-04-21 02:31:16,605 KKKKK ------> LLLLL
DEBUG 	 2019-04-21 02:31:16,606 LLLLL ------> MMMMM
DEBUG 	 2019-04-21 02:31:16,607 JJJJJ ------> KKKKK
DEBUG 	 2019-04-21 02:31:16,608 QQQQQ ------> RRRRR
DEBUG 	 2019-04-21 02:31:16,609 lllll ------> mmmmm
DEBUG 	 2019-04-21 02:31:16,610 ZZZZZ ------> AAAAA
DEBUG 	 2019-04-21 02:31:16,611 LLLLL ------> MMMMM
DEBUG 	 2019-04-21 02:31:16,612 uuuuu ------> vvvvv
DEBUG 	 2019-04-21 02:31:16,613 HHHHH ------> IIIII
DEBUG 	 2019-04-21 02:31:16,614 hhhhh ------> iiiii
DEBUG 	 2019-04-21 02:31:16,615 DDDDD ------> EEEEE
DEBUG 	 2019-04-21 02:31:16,616 rrrrr ------> sssss
DEBUG 	 2019-04-21 02:31:16,617 QQQQQ ------> RRRRR
DEBUG 	 2019-04-21 02:31:16,618 WWWWW ------> XXXXX
DEBUG 	 2019-04-21 02:31:16,619 ppppp ------> qqqqq
DEBUG 	 2019-04-21 02:31:16,620 ooooo ------> ppppp
DEBUG 	 2019-04-21 02:31:16,621 KKKKK ------> LLLLL
DEBUG 	 2019-04-21 02:31:16,622 qqqqq ------> rrrr
DEBUG 	 2019-04-21 02:31:16,624 mmmmm ------> rnnnnn
DEBUG 	 2019-04-21 02:31:16,625 aaaaa ------> bbbbb
DEBUG 	 2019-04-21 02:31:16,625 yyyyy ------> zzzz
DEBUG 	 2019-04-21 02:31:16,627 hhhhh ------> ziiiii
DEBUG 	 2019-04-21 02:31:16,628 yyyyy ------> zzzzz
DEBUG 	 2019-04-21 02:31:16,629 fffff ------> ggggg
DEBUG 	 2019-04-21 02:31:16,630 DDDDD ------> EEEEE
DEBUG 	 2019-04-21 02:31:16,631 EEEEE ------> FFFFF
DEBUG 	 2019-04-21 02:31:16,633 sssss ------> ttttt
DEBUG 	 2019-04-21 02:31:16,634 eeeee ------> fffff
DEBUG 	 2019-04-21 02:31:16,636 nnnnn ------> ooooo
DEBUG 	 2019-04-21 02:31:16,637 uuuuu ------> vvvvv
DEBUG 	 2019-04-21 02:31:16,638 EEEEE ------> FFFFF
DEBUG 	 2019-04-21 02:31:16,639 GGGGG ------> HHHHH
DEBUG 	 2019-04-21 02:31:16,640 xxxxx ------> yyyyy
DEBUG 	 2019-04-21 02:31:16,641 eeeee ------> fffff
DEBUG 	 2019-04-21 02:31:16,642 SSSSS ------> TTTTT
DEBUG 	 2019-04-21 02:31:16,643 ggggg ------> hhhhh
DEBUG 	 2019-04-21 02:31:16,644 WWWWW ------> XXXXX
DEBUG 	 2019-04-21 02:31:16,645 VVVVV ------> WWWWW
DEBUG 	 2019-04-21 02:31:16,646 bbbbb ------> ccccc
DEBUG 	 2019-04-21 02:31:16,647 PPPPP ------> QQQQQ
DEBUG 	 2019-04-21 02:31:16,648 UUUUU ------> VVVVV
DEBUG 	 2019-04-21 02:31:16,649 IIIII ------> JJJJJ
DEBUG 	 2019-04-21 02:31:16,650 YYYYY ------> ZZZZZ
DEBUG 	 2019-04-21 02:31:16,651 aaaaa ------> bbbbb
DEBUG 	 2019-04-21 02:31:16,652 bbbbb ------> ccccc
DEBUG 	 2019-04-21 02:31:16,653 fffff ------> ggggg
DEBUG 	 2019-04-21 02:31:16,654 mmmmm ------> nnnnn
DEBUG 	 2019-04-21 02:31:16,655 NNNNN ------> OOOOO
DEBUG 	 2019-04-21 02:31:16,656 LLLLL ------> MMMMM
DEBUG 	 2019-04-21 02:31:16,657 YYYYY ------> ZZZZZ
DEBUG 	 2019-04-21 02:31:16,658 BBBBB ------> CCCCC
DEBUG 	 2019-04-21 02:31:16,658 hhhhh ------> iiiii
DEBUG 	 2019-04-21 02:31:16,659 YYYYY ------> ZZZZZ
DEBUG 	 2019-04-21 02:31:16,660 NNNNN ------> OOOOO
DEBUG 	 2019-04-21 02:31:16,661 ggggg ------> hhhhh
DEBUG 	 2019-04-21 02:31:16,662 ZZZZZ ------> AAAAA
DEBUG 	 2019-04-21 02:31:16,663 EEEEE ------> FFFFF
DEBUG 	 2019-04-21 02:31:16,664 JJJJJ ------> KKKKK
DEBUG 	 2019-04-21 02:31:16,665 iiiii ------> jjjjj
DEBUG 	 2019-04-21 02:31:16,667 HHHHH ------> IIIII
DEBUG 	 2019-04-21 02:31:16,667 kkkkk ------> lllll
DEBUG 	 2019-04-21 02:31:16,668 TTTTT ------> UUUUU
DEBUG 	 2019-04-21 02:31:16,669 xxxxx ------> yyyyy
DEBUG 	 2019-04-21 02:31:16,670 AAAAA ------> BBBBB
DEBUG 	 2019-04-21 02:31:16,671 sssss ------> ttttt
DEBUG 	 2019-04-21 02:31:16,672 LLLLL ------> MMMMM
DEBUG 	 2019-04-21 02:31:16,673 NNNNN ------> OOOOO
DEBUG 	 2019-04-21 02:31:16,674 rrrrr ------> sssss
DEBUG 	 2019-04-21 02:31:16,675 kkkkk ------> lllll
DEBUG 	 2019-04-21 02:31:16,676 XXXXX ------> YYYYY
DEBUG 	 2019-04-21 02:31:16,677 bbbbb ------> ccccc
DEBUG 	 2019-04-21 02:31:16,678 qqqqq ------> rrrrr
DEBUG 	 2019-04-21 02:31:16,679 BBBBB ------> CCCCC
DEBUG 	 2019-04-21 02:31:16,680 rrrrr ------> sssss
DEBUG 	 2019-04-21 02:31:16,681 JJJJJ ------> KKKKK
DEBUG 	 2019-04-21 02:31:16,682 qqqqq ------> rrrrr
DEBUG 	 2019-04-21 02:31:16,683 bbbbb ------> ccccc
DEBUG 	 2019-04-21 02:31:16,684 UUUUU ------> VVVVV
DEBUG 	 2019-04-21 02:31:16,685 aaaaa ------> bbbbb
DEBUG 	 2019-04-21 02:31:16,686 KKKKK ------> LLLLL
DEBUG 	 2019-04-21 02:31:16,687 zzzzz ------> aaaaa
DEBUG 	 2019-04-21 02:31:16,688 iiiii ------> jjjjj
DEBUG 	 2019-04-21 02:31:16,689 ZZZZZ ------> AAAAA
DEBUG 	 2019-04-21 02:31:16,690 BBBBB ------> CCCCC
DEBUG 	 2019-04-21 02:31:16,691 ppppp ------> qqqqq
DEBUG 	 2019-04-21 02:31:16,692 qqqqq ------> rrrrr
DEBUG 	 2019-04-21 02:31:16,693 nnnnn ------> ooooo
DEBUG 	 2019-04-21 02:31:16,694 aaaaa ------> bbbbb
DEBUG 	 2019-04-21 02:31:16,695 ddddd ------> eeeee
DEBUG 	 2019-04-21 02:31:16,696 AAAAA ------> BBBBB
DEBUG 	 2019-04-21 02:31:16,697 MMMMM ------> NNNNN
DEBUG 	 2019-04-21 02:31:16,698 ddddd ------> eeeee
DEBUG 	 2019-04-21 02:31:16,699 NNNNN ------> OOOOO
DEBUG 	 2019-04-21 02:31:16,700 fffff ------> ggggg
DEBUG 	 2019-04-21 02:31:16,701 TTTTT ------> UUUUU
DEBUG 	 2019-04-21 02:31:16,702 lllll ------> mmmmm
DEBUG 	 2019-04-21 02:31:16,703 ddddd ------> eeeee
DEBUG 	 2019-04-21 02:31:16,704 iiiii ------> jjjjj
DEBUG 	 2019-04-21 02:31:16,705 ZZZZZ ------> AAAAA
DEBUG 	 2019-04-21 02:31:16,706 mmmmm ------> nnnnn
DEBUG 	 2019-04-21 02:31:16,707 ddddd ------> eeeee
DEBUG 	 2019-04-21 02:31:16,708 SSSSS ------> TTTTT
DEBUG 	 2019-04-21 02:31:16,709 iiiii ------> jjjjj
DEBUG 	 2019-04-21 02:31:16,710 HHHHH ------> IIIII
DEBUG 	 2019-04-21 02:31:16,711 XXXXX ------> YYYYY
DEBUG 	 2019-04-21 02:31:16,712 iiiii ------> jjjjj
DEBUG 	 2019-04-21 02:31:16,713 fffff ------> ggggg
DEBUG 	 2019-04-21 02:31:16,714 LLLLL ------> MMMMM
DEBUG 	 2019-04-21 02:31:16,715 FFFFF ------> GGGGG
DEBUG 	 2019-04-21 02:31:16,716 fffff ------> ggggg
DEBUG 	 2019-04-21 02:31:16,717 xxxxx ------> yyyyy
DEBUG 	 2019-04-21 02:31:16,718 kkkkk ------> lllll
DEBUG 	 2019-04-21 02:31:16,719 yyyyy ------> zzzzz
DEBUG 	 2019-04-21 02:31:16,720 qqqqq ------> rrrrr
DEBUG 	 2019-04-21 02:31:16,721 fffff ------> ggggg
DEBUG 	 2019-04-21 02:31:16,722 lllll ------> mmmmm
DEBUG 	 2019-04-21 02:31:16,723 ggggg ------> hhhhh
DEBUG 	 2019-04-21 02:31:16,724 mmmmm ------> nnnnn
DEBUG 	 2019-04-21 02:31:16,725 UUUUU ------> VVVVV
DEBUG 	 2019-04-21 02:31:16,726 kkkkk ------> lllll
DEBUG 	 2019-04-21 02:31:16,727 CCCCC ------> DDDDD
DEBUG 	 2019-04-21 02:31:16,728 sssss ------> ttttt
DEBUG 	 2019-04-21 02:31:16,729 HHHHH ------> IIIII
DEBUG 	 2019-04-21 02:31:16,730 MMMMM ------> NNNNN
DEBUG 	 2019-04-21 02:31:16,731 IIIII ------> JJJJJ
DEBUG 	 2019-04-21 02:31:16,732 vvvvv ------> wwwww
DEBUG 	 2019-04-21 02:31:16,733 hhhhh ------> iiiii
DEBUG 	 2019-04-21 02:31:16,734 ddddd ------> eeeee
DEBUG 	 2019-04-21 02:31:16,735 ppppp ------> qqqqq
DEBUG 	 2019-04-21 02:31:16,736 OOOOO ------> PPPPP
DEBUG 	 2019-04-21 02:31:16,737 iiiii ------> jjjjj
DEBUG 	 2019-04-21 02:31:16,738 QQQQQ ------> RRRRR
DEBUG 	 2019-04-21 02:31:16,739 iiiii ------> jjjjj
DEBUG 	 2019-04-21 02:31:16,740 QQQQQ ------> RRRRR
DEBUG 	 2019-04-21 02:31:16,741 kkkkk ------> lllll
DEBUG 	 2019-04-21 02:31:16,742 SSSSS ------> TTTTT
DEBUG 	 2019-04-21 02:31:16,743 ttttt ------> uuuuu
DEBUG 	 2019-04-21 02:31:16,744 WWWWW ------> XXXXX
DEBUG 	 2019-04-21 02:31:16,745 ggggg ------> hhhhh
DEBUG 	 2019-04-21 02:31:16,746 iiiii ------> jjjjj
DEBUG 	 2019-04-21 02:31:16,747 BBBBB ------> CCCCC
DEBUG 	 2019-04-21 02:31:16,748 zzzzz ------> aaaaa
DEBUG 	 2019-04-21 02:31:16,749 iiiii ------> jjjjj
DEBUG 	 2019-04-21 02:31:16,751 YYYYY ------> ZZZZZ
DEBUG 	 2019-04-21 02:31:16,751 RRRRR ------> SSSSS
DEBUG 	 2019-04-21 02:31:16,752 FFFFF ------> GGGGG
DEBUG 	 2019-04-21 02:31:16,753 LLLLL ------> MMMMM
DEBUG 	 2019-04-21 02:31:16,754 ttttt ------> uuuuu
DEBUG 	 2019-04-21 02:31:16,755 qqqqq ------> rrrrr
DEBUG 	 2019-04-21 02:31:16,756 sssss ------> ttttt
DEBUG 	 2019-04-21 02:31:16,757 eeeee ------> fffff
DEBUG 	 2019-04-21 02:31:16,758 BBBBB ------> CCCCC
DEBUG 	 2019-04-21 02:31:16,759 GGGGG ------> HHHHH
DEBUG 	 2019-04-21 02:31:16,760 uuuuu ------> vvvvv
DEBUG 	 2019-04-21 02:31:16,761 NNNNN ------> OOOOO
DEBUG 	 2019-04-21 02:31:16,762 WWWWW ------> XXXXX
DEBUG 	 2019-04-21 02:31:16,763 vvvvv ------> wwwww
DEBUG 	 2019-04-21 02:31:16,764 LLLLL ------> MMMMM
DEBUG 	 2019-04-21 02:31:16,765 ddddd ------> eeeee
DEBUG 	 2019-04-21 02:31:16,766 IIIII ------> JJJJJ
DEBUG 	 2019-04-21 02:31:16,767 wwwww ------> xxxxx
DEBUG 	 2019-04-21 02:31:16,768 KKKKK ------> LLLLL
DEBUG 	 2019-04-21 02:31:16,769 fffff ------> ggggg
DEBUG 	 2019-04-21 02:31:16,770 VVVVV ------> WWWWW
DEBUG 	 2019-04-21 02:31:16,771 zzzzz ------> aaaaa
DEBUG 	 2019-04-21 02:31:16,772 RRRRR ------> SSSSS
DEBUG 	 2019-04-21 02:31:16,773 ccccc ------> ddddd
DEBUG 	 2019-04-21 02:31:16,774 YYYYY ------> ZZZZZ
DEBUG 	 2019-04-21 02:31:16,775 MMMMM ------> NNNNN
DEBUG 	 2019-04-21 02:31:16,776 vvvvv ------> wwwww
DEBUG 	 2019-04-21 02:31:16,777 ppppp ------> qqqqq
DEBUG 	 2019-04-21 02:31:16,778 EEEEE ------> FFFFF
DEBUG 	 2019-04-21 02:31:16,779 sssss ------> ttttt
DEBUG 	 2019-04-21 02:31:16,780 HHHHH ------> IIIII
DEBUG 	 2019-04-21 02:31:16,782 CCCCC ------> DDDDD
DEBUG 	 2019-04-21 02:31:16,783 hhhhh ------> iiiii
DEBUG 	 2019-04-21 02:31:16,784 nnnnn ------> ooooo
DEBUG 	 2019-04-21 02:31:16,785 BBBBB ------> CCCCC
DEBUG 	 2019-04-21 02:31:16,786 MMMMM ------> NNNNN
DEBUG 	 2019-04-21 02:31:16,787 ggggg ------> hhhhh
DEBUG 	 2019-04-21 02:31:16,788 vvvvv ------> wwwww
DEBUG 	 2019-04-21 02:31:16,789 XXXXX ------> YYYYY
DEBUG 	 2019-04-21 02:31:16,790 eeeee ------> fffff
DEBUG 	 2019-04-21 02:31:16,791 ccccc ------> ddddd
DEBUG 	 2019-04-21 02:31:16,792 sssss ------> ttttt
DEBUG 	 2019-04-21 02:31:16,793 KKKKK ------> LLLLL
DEBUG 	 2019-04-21 02:31:16,794 QQQQQ ------> RRRRR
DEBUG 	 2019-04-21 02:31:16,795 VVVVV ------> WWWWW
DEBUG 	 2019-04-21 02:31:16,796 OOOOO ------> PPPPP
DEBUG 	 2019-04-21 02:31:16,797 LLLLL ------> MMMMM
DEBUG 	 2019-04-21 02:31:16,798 QQQQQ ------> RRRRR
DEBUG 	 2019-04-21 02:31:16,799 RRRRR ------> SSSSS
DEBUG 	 2019-04-21 02:31:16,800 rrrrr ------> sssss
DEBUG 	 2019-04-21 02:31:16,801 PPPPP ------> QQQQQ
DEBUG 	 2019-04-21 02:31:16,802 SSSSS ------> TTTTT
DEBUG 	 2019-04-21 02:31:16,803 fffff ------> ggggg
DEBUG 	 2019-04-21 02:31:16,804 FFFFF ------> GGGGG
DEBUG 	 2019-04-21 02:31:16,805 jjjjj ------> kkkkk
DEBUG 	 2019-04-21 02:31:16,806 HHHHH ------> IIIII
DEBUG 	 2019-04-21 02:31:16,807 ccccc ------> ddddd
DEBUG 	 2019-04-21 02:31:16,808 IIIII ------> JJJJJ
DEBUG 	 2019-04-21 02:31:16,809 RRRRR ------> SSSSS
DEBUG 	 2019-04-21 02:31:16,810 wwwww ------> xxxxx
DEBUG 	 2019-04-21 02:31:16,811 OOOOO ------> PPPPP
DEBUG 	 2019-04-21 02:31:16,812 zzzzz ------> aaaaa
DEBUG 	 2019-04-21 02:31:16,813 ggggg ------> hhhhh
DEBUG 	 2019-04-21 02:31:16,814 GGGGG ------> HHHHH
DEBUG 	 2019-04-21 02:31:16,815 ZZZZZ ------> AAAAA
DEBUG 	 2019-04-21 02:31:16,816 FFFFF ------> GGGGG
DEBUG 	 2019-04-21 02:31:16,817 fffff ------> ggggg
DEBUG 	 2019-04-21 02:31:16,818 TTTTT ------> UUUUU
DEBUG 	 2019-04-21 02:31:16,819 HHHHH ------> IIIII
DEBUG 	 2019-04-21 02:31:16,820 CCCCC ------> DDDDD
DEBUG 	 2019-04-21 02:31:16,821 hhhhh ------> iiiii
DEBUG 	 2019-04-21 02:31:16,822 GGGGG ------> HHHHH
DEBUG 	 2019-04-21 02:31:16,823 ppppp ------> qqqqq
DEBUG 	 2019-04-21 02:31:16,824 QQQQQ ------> RRRRR
DEBUG 	 2019-04-21 02:31:16,825 QQQQQ ------> RRRRR
DEBUG 	 2019-04-21 02:31:16,826 WWWWW ------> XXXXX
DEBUG 	 2019-04-21 02:31:16,827 fffff ------> ggggg
DEBUG 	 2019-04-21 02:31:16,828 EEEEE ------> FFFFF
DEBUG 	 2019-04-21 02:31:16,829 wwwww ------> xxxxx
DEBUG 	 2019-04-21 02:31:16,830 xxxxx ------> yyyyy
DEBUG 	 2019-04-21 02:31:16,831 LLLLL ------> MMMMM
DEBUG 	 2019-04-21 02:31:16,832 ddddd ------> eeeee
DEBUG 	 2019-04-21 02:31:16,833 ooooo ------> ppppp
DEBUG 	 2019-04-21 02:31:16,834 fffff ------> ggggg
DEBUG 	 2019-04-21 02:31:16,835 eeeee ------> fffff
DEBUG 	 2019-04-21 02:31:16,836 mmmmm ------> nnnnn
DEBUG 	 2019-04-21 02:31:16,837 NNNNN ------> OOOOO
DEBUG 	 2019-04-21 02:31:16,838 YYYYY ------> ZZZZZ
DEBUG 	 2019-04-21 02:31:16,839 CCCCC ------> DDDDD
DEBUG 	 2019-04-21 02:31:16,840 ppppp ------> qqqqq
DEBUG 	 2019-04-21 02:31:16,841 LLLLL ------> MMMMM
DEBUG 	 2019-04-21 02:31:16,842 PPPPP ------> QQQQQ
DEBUG 	 2019-04-21 02:31:16,843 YYYYY ------> ZZZZZ
DEBUG 	 2019-04-21 02:31:16,844 HHHHH ------> IIIII
DEBUG 	 2019-04-21 02:31:16,845 PPPPP ------> QQQQQ
DEBUG 	 2019-04-21 02:31:16,846 VVVVV ------> WWWWW
DEBUG 	 2019-04-21 02:31:16,847 kkkkk ------> lllll
DEBUG 	 2019-04-21 02:31:16,848 fffff ------> ggggg
DEBUG 	 2019-04-21 02:31:16,849 ooooo ------> ppppp
DEBUG 	 2019-04-21 02:31:16,850 vvvvv ------> wwwww
DEBUG 	 2019-04-21 02:31:16,851 kkkkk ------> lllll
DEBUG 	 2019-04-21 02:31:16,852 WWWWW ------> XXXXX
DEBUG 	 2019-04-21 02:31:16,853 ttttt ------> uuuuu
DEBUG 	 2019-04-21 02:31:16,854 wwwww ------> xxxxx
DEBUG 	 2019-04-21 02:31:16,855 ddddd ------> eeeee
DEBUG 	 2019-04-21 02:31:16,856 ddddd ------> eeeee
DEBUG 	 2019-04-21 02:31:16,857 FFFFF ------> GGGGG
DEBUG 	 2019-04-21 02:31:16,858 RRRRR ------> SSSSS
DEBUG 	 2019-04-21 02:31:16,859 GGGGG ------> HHHHH
DEBUG 	 2019-04-21 02:31:16,860 HHHHH ------> IIIII
DEBUG 	 2019-04-21 02:31:16,861 SSSSS ------> TTTTT
DEBUG 	 2019-04-21 02:31:16,862 jjjjj ------> kkkkk
DEBUG 	 2019-04-21 02:31:16,863 vvvvv ------> wwwww
DEBUG 	 2019-04-21 02:31:16,864 JJJJJ ------> KKKKK
DEBUG 	 2019-04-21 02:31:16,865 ccccc ------> ddddd
DEBUG 	 2019-04-21 02:31:16,866 TTTTT ------> UUUUU
DEBUG 	 2019-04-21 02:31:16,867 VVVVV ------> WWWWW
DEBUG 	 2019-04-21 02:31:16,868 MMMMM ------> NNNNN
DEBUG 	 2019-04-21 02:31:16,869 ggggg ------> hhhhh
DEBUG 	 2019-04-21 02:31:16,870 kkkkk ------> lllll
DEBUG 	 2019-04-21 02:31:16,871 ppppp ------> qqqqq
DEBUG 	 2019-04-21 02:31:16,872 yyyyy ------> zzzzz
DEBUG 	 2019-04-21 02:31:16,873 NNNNN ------> OOOOO
DEBUG 	 2019-04-21 02:31:16,874 qqqqq ------> rrrrr
DEBUG 	 2019-04-21 02:31:16,875 bbbbb ------> ccccc
DEBUG 	 2019-04-21 02:31:16,876 uuuuu ------> vvvvv
DEBUG 	 2019-04-21 02:31:16,877 xxxxx ------> yyyyy
DEBUG 	 2019-04-21 02:31:16,878 yyyyy ------> zzzzz
DEBUG 	 2019-04-21 02:31:16,879 UUUUU ------> VVVVV
DEBUG 	 2019-04-21 02:31:16,880 MMMMM ------> NNNNN
DEBUG 	 2019-04-21 02:31:16,881 IIIII ------> JJJJJ
DEBUG 	 2019-04-21 02:31:16,882 hhhhh ------> iiiii
DEBUG 	 2019-04-21 02:31:16,883 OOOOO ------> PPPPP
DEBUG 	 2019-04-21 02:31:16,884 ddddd ------> eeeee
DEBUG 	 2019-04-21 02:31:16,885 AAAAA ------> BBBBB
DEBUG 	 2019-04-21 02:31:16,886 ttttt ------> uuuuu
DEBUG 	 2019-04-21 02:31:16,887 qqqqq ------> rrrrr
DEBUG 	 2019-04-21 02:31:16,888 fffff ------> ggggg
DEBUG 	 2019-04-21 02:31:16,889 bbbbb ------> ccccc
DEBUG 	 2019-04-21 02:31:16,890 LLLLL ------> MMMMM
DEBUG 	 2019-04-21 02:31:16,891 ooooo ------> ppppp
DEBUG 	 2019-04-21 02:31:16,892 hhhhh ------> iiiii
DEBUG 	 2019-04-21 02:31:16,893 SSSSS ------> TTTTT
DEBUG 	 2019-04-21 02:31:16,894 ddddd ------> eeeee
DEBUG 	 2019-04-21 02:31:16,895 CCCCC ------> DDDDD
DEBUG 	 2019-04-21 02:31:16,896 xxxxx ------> yyyyy
DEBUG 	 2019-04-21 02:31:16,897 JJJJJ ------> KKKKK
DEBUG 	 2019-04-21 02:31:16,898 YYYYY ------> ZZZZZ
DEBUG 	 2019-04-21 02:31:16,899 TTTTT ------> UUUUU
DEBUG 	 2019-04-21 02:31:16,900 VVVVV ------> WWWWW
DEBUG 	 2019-04-21 02:31:16,901 PPPPP ------> QQQQQ
DEBUG 	 2019-04-21 02:31:16,902 WWWWW ------> XXXXX
DEBUG 	 2019-04-21 02:31:16,903 ooooo ------> ppppp
DEBUG 	 2019-04-21 02:31:16,904 kkkkk ------> lllll
DEBUG 	 2019-04-21 02:31:16,905 JJJJJ ------> KKKKK
DEBUG 	 2019-04-21 02:31:16,906 JJJJJ ------> KKKKK
DEBUG 	 2019-04-21 02:31:16,907 uuuuu ------> vvvvv
DEBUG 	 2019-04-21 02:31:16,908 qqqqq ------> rrrrr
DEBUG 	 2019-04-21 02:31:16,909 bbbbb ------> ccccc
DEBUG 	 2019-04-21 02:31:16,910 sssss ------> ttttt
DEBUG 	 2019-04-21 02:31:16,911 RRRRR ------> SSSSS
DEBUG 	 2019-04-21 02:31:16,912 FFFFF ------> GGGGG
DEBUG 	 2019-04-21 02:31:16,913 JJJJJ ------> KKKKK
DEBUG 	 2019-04-21 02:31:16,914 vvvvv ------> wwwww
DEBUG 	 2019-04-21 02:31:16,915 eeeee ------> fffff
DEBUG 	 2019-04-21 02:31:16,916 PPPPP ------> QQQQQ
DEBUG 	 2019-04-21 02:31:16,917 NNNNN ------> OOOOO
DEBUG 	 2019-04-21 02:31:16,918 ddddd ------> eeeee
DEBUG 	 2019-04-21 02:31:16,919 vvvvv ------> wwwww
DEBUG 	 2019-04-21 02:31:16,920 ggggg ------> hhhhh
DEBUG 	 2019-04-21 02:31:16,921 IIIII ------> JJJJJ
DEBUG 	 2019-04-21 02:31:16,922 GGGGG ------> HHHHH
DEBUG 	 2019-04-21 02:31:16,923 iiiii ------> jjjjj
DEBUG 	 2019-04-21 02:31:16,924 BBBBB ------> CCCCC
DEBUG 	 2019-04-21 02:31:16,925 xxxxx ------> yyyyy
DEBUG 	 2019-04-21 02:31:16,926 zzzzz ------> aaaaa
DEBUG 	 2019-04-21 02:31:16,927 PPPPP ------> QQQQQ
DEBUG 	 2019-04-21 02:31:16,928 qqqqq ------> rrrrr
DEBUG 	 2019-04-21 02:31:16,930 LLLLL ------> MMMMM
DEBUG 	 2019-04-21 02:31:16,930 WWWWW ------> XXXXX
DEBUG 	 2019-04-21 02:31:16,931 DDDDD ------> EEEEE
DEBUG 	 2019-04-21 02:31:16,932 xxxxx ------> yyyyy
DEBUG 	 2019-04-21 02:31:16,933 TTTTT ------> UUUUU
DEBUG 	 2019-04-21 02:31:16,934 xxxxx ------> yyyyy
DEBUG 	 2019-04-21 02:31:16,935 WWWWW ------> XXXXX
DEBUG 	 2019-04-21 02:31:16,936 VVVVV ------> WWWWW
DEBUG 	 2019-04-21 02:31:16,937 MMMMM ------> NNNNN
DEBUG 	 2019-04-21 02:31:16,938 kkkkk ------> lllll
DEBUG 	 2019-04-21 02:31:16,939 ddddd ------> eeeee
DEBUG 	 2019-04-21 02:31:16,940 XXXXX ------> YYYYY
DEBUG 	 2019-04-21 02:31:16,941 UUUUU ------> VVVVV
DEBUG 	 2019-04-21 02:31:16,942 OOOOO ------> PPPPP
DEBUG 	 2019-04-21 02:31:16,943 OOOOO ------> PPPPP
DEBUG 	 2019-04-21 02:31:16,944 PPPPP ------> QQQQQ
DEBUG 	 2019-04-21 02:31:16,945 ttttt ------> uuuuu
DEBUG 	 2019-04-21 02:31:16,946 ggggg ------> hhhhh
DEBUG 	 2019-04-21 02:31:16,947 yyyyy ------> zzzzz
DEBUG 	 2019-04-21 02:31:16,948 SSSSS ------> TTTTT
DEBUG 	 2019-04-21 02:31:16,949 QQQQQ ------> RRRRR
DEBUG 	 2019-04-21 02:31:16,950 IIIII ------> JJJJJ
DEBUG 	 2019-04-21 02:31:16,951 TTTTT ------> UUUUU
DEBUG 	 2019-04-21 02:31:16,952 SSSSS ------> TTTTT
DEBUG 	 2019-04-21 02:31:16,953 VVVVV ------> WWWWW
DEBUG 	 2019-04-21 02:31:16,954 ddddd ------> eeeee
DEBUG 	 2019-04-21 02:31:16,955 NNNNN ------> OOOOO
DEBUG 	 2019-04-21 02:31:16,956 xxxxx ------> yyyyy
DEBUG 	 2019-04-21 02:31:16,957 mmmmm ------> nnnnn
DEBUG 	 2019-04-21 02:31:16,958 vvvvv ------> wwwww
DEBUG 	 2019-04-21 02:31:16,960 ZZZZZ ------> AAAAA
DEBUG 	 2019-04-21 02:31:16,960 eeeee ------> fffff
DEBUG 	 2019-04-21 02:31:16,961 qqqqq ------> rrrrr
DEBUG 	 2019-04-21 02:31:16,963 XXXXX ------> YYYYY
DEBUG 	 2019-04-21 02:31:16,963 GGGGG ------> HHHHH
DEBUG 	 2019-04-21 02:31:16,964 yyyyy ------> zzzzz
DEBUG 	 2019-04-21 02:31:16,965 rrrrr ------> sssss
DEBUG 	 2019-04-21 02:31:16,966 uuuuu ------> vvvvv
DEBUG 	 2019-04-21 02:31:16,967 wwwww ------> xxxxx
DEBUG 	 2019-04-21 02:31:16,968 WWWWW ------> XXXXX
DEBUG 	 2019-04-21 02:31:16,969 kkkkk ------> lllll
DEBUG 	 2019-04-21 02:31:16,970 xxxxx ------> yyyyy
DEBUG 	 2019-04-21 02:31:16,971 IIIII ------> JJJJJ
DEBUG 	 2019-04-21 02:31:16,972 HHHHH ------> IIIII
DEBUG 	 2019-04-21 02:31:16,973 TTTTT ------> UUUUU
DEBUG 	 2019-04-21 02:31:16,974 FFFFF ------> GGGGG
DEBUG 	 2019-04-21 02:31:16,975 WWWWW ------> XXXXX
DEBUG 	 2019-04-21 02:31:16,976 nnnnn ------> ooooo
DEBUG 	 2019-04-21 02:31:16,977 SSSSS ------> TTTTT
DEBUG 	 2019-04-21 02:31:16,978 CCCCC ------> DDDDD
DEBUG 	 2019-04-21 02:31:16,979 bbbbb ------> ccccc
DEBUG 	 2019-04-21 02:31:16,980 OOOOO ------> PPPPP
DEBUG 	 2019-04-21 02:31:16,981 AAAAA ------> BBBBB
DEBUG 	 2019-04-21 02:31:16,982 NNNNN ------> OOOOO
DEBUG 	 2019-04-21 02:31:16,983 JJJJJ ------> KKKKK
DEBUG 	 2019-04-21 02:31:16,984 xxxxx ------> yyyyy
DEBUG 	 2019-04-21 02:31:16,985 LLLLL ------> MMMMM
DEBUG 	 2019-04-21 02:31:16,986 bbbbb ------> ccccc
DEBUG 	 2019-04-21 02:31:16,987 uuuuu ------> vvvvv
DEBUG 	 2019-04-21 02:31:16,988 LLLLL ------> MMMMM
DEBUG 	 2019-04-21 02:31:16,989 ttttt ------> uuuuu
DEBUG 	 2019-04-21 02:31:16,990 wwwww ------> xxxxx
DEBUG 	 2019-04-21 02:31:16,991 YYYYY ------> ZZZZZ
DEBUG 	 2019-04-21 02:31:16,992 QQQQQ ------> RRRRR
DEBUG 	 2019-04-21 02:31:16,993 aaaaa ------> bbbbb
DEBUG 	 2019-04-21 02:31:16,994 wwwww ------> xxxxx
DEBUG 	 2019-04-21 02:31:16,995 rrrrr ------> sssss
DEBUG 	 2019-04-21 02:31:16,996 kkkkk ------> lllll
DEBUG 	 2019-04-21 02:31:16,997 fffff ------> ggggg
DEBUG 	 2019-04-21 02:31:16,998 ooooo ------> ppppp
DEBUG 	 2019-04-21 02:31:16,999 WWWWW ------> XXXXX
DEBUG 	 2019-04-21 02:31:17,000 RRRRR ------> SSSSS
DEBUG 	 2019-04-21 02:31:17,001 OOOOO ------> PPPPP
DEBUG 	 2019-04-21 02:31:17,002 hhhhh ------> iiiii
DEBUG 	 2019-04-21 02:31:17,003 LLLLL ------> MMMMM
DEBUG 	 2019-04-21 02:31:17,004 mmmmm ------> nnnnn
DEBUG 	 2019-04-21 02:31:17,005 uuuuu ------> vvvvv
DEBUG 	 2019-04-21 02:31:17,006 ooooo ------> ppppp
DEBUG 	 2019-04-21 02:31:17,007 rrrrr ------> sssss
DEBUG 	 2019-04-21 02:31:17,008 iiiii ------> jjjjj
DEBUG 	 2019-04-21 02:31:17,009 FFFFF ------> GGGGG
DEBUG 	 2019-04-21 02:31:17,010 TTTTT ------> UUUUU
DEBUG 	 2019-04-21 02:31:17,011 DDDDD ------> EEEEE
DEBUG 	 2019-04-21 02:31:17,013 yyyyy ------> zzzzz
DEBUG 	 2019-04-21 02:31:17,013 MMMMM ------> NNNNN
DEBUG 	 2019-04-21 02:31:17,014 ccccc ------> ddddd
DEBUG 	 2019-04-21 02:31:17,015 IIIII ------> JJJJJ
DEBUG 	 2019-04-21 02:31:17,016 kkkkk ------> lllll
DEBUG 	 2019-04-21 02:31:17,017 FFFFF ------> GGGGG
DEBUG 	 2019-04-21 02:31:17,018 qqqqq ------> rrrrr
DEBUG 	 2019-04-21 02:31:17,019 HHHHH ------> IIIII
DEBUG 	 2019-04-21 02:31:17,020 DDDDD ------> EEEEE
DEBUG 	 2019-04-21 02:31:17,021 eeeee ------> fffff
DEBUG 	 2019-04-21 02:31:17,022 XXXXX ------> YYYYY
DEBUG 	 2019-04-21 02:31:17,023 kkkkk ------> lllll
DEBUG 	 2019-04-21 02:31:17,024 PPPPP ------> QQQQQ
DEBUG 	 2019-04-21 02:31:17,025 ttttt ------> uuuuu
DEBUG 	 2019-04-21 02:31:17,026 QQQQQ ------> RRRRR
DEBUG 	 2019-04-21 02:31:17,027 ggggg ------> hhhhh
DEBUG 	 2019-04-21 02:31:17,028 nnnnn ------> ooooo
DEBUG 	 2019-04-21 02:31:17,030 uuuuu ------> vvvvv
DEBUG 	 2019-04-21 02:31:17,031 DDDDD ------> EEEEE
DEBUG 	 2019-04-21 02:31:17,031 sssss ------> ttttt
DEBUG 	 2019-04-21 02:31:17,032 sssss ------> ttttt
DEBUG 	 2019-04-21 02:31:17,033 LLLLL ------> MMMMM
DEBUG 	 2019-04-21 02:31:17,034 ZZZZZ ------> AAAAA
DEBUG 	 2019-04-21 02:31:17,036 GGGGG ------> HHHHH
DEBUG 	 2019-04-21 02:31:17,036 WWWWW ------> XXXXX
DEBUG 	 2019-04-21 02:31:17,037 NNNNN ------> OOOOO
DEBUG 	 2019-04-21 02:31:17,038 KKKKK ------> LLLLL
DEBUG 	 2019-04-21 02:31:17,039 ooooo ------> ppppp
DEBUG 	 2019-04-21 02:31:17,040 bbbbb ------> ccccc
DEBUG 	 2019-04-21 02:31:17,041 ddddd ------> eeeee
DEBUG 	 2019-04-21 02:31:17,042 QQQQQ ------> RRRRR
DEBUG 	 2019-04-21 02:31:17,043 UUUUU ------> VVVVV
DEBUG 	 2019-04-21 02:31:17,044 wwwww ------> xxxxx
DEBUG 	 2019-04-21 02:31:17,045 bbbbb ------> ccccc
DEBUG 	 2019-04-21 02:31:17,047 kkkkk ------> lllll
DEBUG 	 2019-04-21 02:31:17,047 mmmmm ------> nnnnn
DEBUG 	 2019-04-21 02:31:17,048 IIIII ------> JJJJJ
DEBUG 	 2019-04-21 02:31:17,049 JJJJJ ------> KKKKK
DEBUG 	 2019-04-21 02:31:17,050 qqqqq ------> rrrrr
DEBUG 	 2019-04-21 02:31:17,051 WWWWW ------> XXXXX
DEBUG 	 2019-04-21 02:31:17,052 bbbbb ------> ccccc
DEBUG 	 2019-04-21 02:31:17,053 sssss ------> ttttt
DEBUG 	 2019-04-21 02:31:17,054 AAAAA ------> BBBBB
DEBUG 	 2019-04-21 02:31:17,055 nnnnn ------> ooooo
DEBUG 	 2019-04-21 02:31:17,056 ttttt ------> uuuuu
DEBUG 	 2019-04-21 02:31:17,057 CCCCC ------> DDDDD
DEBUG 	 2019-04-21 02:31:17,058 sssss ------> ttttt
DEBUG 	 2019-04-21 02:31:17,059 nnnnn ------> ooooo
DEBUG 	 2019-04-21 02:31:17,060 ooooo ------> ppppp
DEBUG 	 2019-04-21 02:31:17,062 jjjjj ------> kkkkk
DEBUG 	 2019-04-21 02:31:17,062 ppppp ------> qqqqq
DEBUG 	 2019-04-21 02:31:17,063 qqqqq ------> rrrrr
DEBUG 	 2019-04-21 02:31:17,064 jjjjj ------> kkkkk
DEBUG 	 2019-04-21 02:31:17,065 sssss ------> ttttt
DEBUG 	 2019-04-21 02:31:17,066 jjjjj ------> kkkkk
DEBUG 	 2019-04-21 02:31:17,068 IIIII ------> JJJJJ
DEBUG 	 2019-04-21 02:31:17,068 ZZZZZ ------> AAAAA
DEBUG 	 2019-04-21 02:31:17,069 PPPPP ------> QQQQQ
DEBUG 	 2019-04-21 02:31:17,070 JJJJJ ------> KKKKK
DEBUG 	 2019-04-21 02:31:17,072 qqqqq ------> rrrrr
DEBUG 	 2019-04-21 02:31:17,072 ZZZZZ ------> AAAAA
DEBUG 	 2019-04-21 02:31:17,074 vvvvv ------> wwwww
DEBUG 	 2019-04-21 02:31:17,074 YYYYY ------> ZZZZZ
DEBUG 	 2019-04-21 02:31:17,075 FFFFF ------> GGGGG
DEBUG 	 2019-04-21 02:31:17,076 wwwww ------> xxxxx
DEBUG 	 2019-04-21 02:31:17,078 uuuuu ------> vvvvv
DEBUG 	 2019-04-21 02:31:17,078 bbbbb ------> ccccc
DEBUG 	 2019-04-21 02:31:17,080 YYYYY ------> ZZZZZ
DEBUG 	 2019-04-21 02:31:17,080 ccccc ------> ddddd
DEBUG 	 2019-04-21 02:31:17,081 IIIII ------> JJJJJ
DEBUG 	 2019-04-21 02:31:17,082 RRRRR ------> SSSSS
DEBUG 	 2019-04-21 02:31:17,083 JJJJJ ------> KKKKK
DEBUG 	 2019-04-21 02:31:17,084 BBBBB ------> CCCCC
DEBUG 	 2019-04-21 02:31:17,085 ttttt ------> uuuuu
DEBUG 	 2019-04-21 02:31:17,086 MMMMM ------> NNNNN
DEBUG 	 2019-04-21 02:31:17,088 HHHHH ------> IIIII
DEBUG 	 2019-04-21 02:31:17,089 ccccc ------> ddddd
DEBUG 	 2019-04-21 02:31:17,090 XXXXX ------> YYYYY
DEBUG 	 2019-04-21 02:31:17,090 HHHHH ------> IIIII
DEBUG 	 2019-04-21 02:31:17,091 hhhhh ------> iiiii
DEBUG 	 2019-04-21 02:31:17,092 hhhhh ------> iiiii
DEBUG 	 2019-04-21 02:31:17,094 iiiii ------> jjjjj
DEBUG 	 2019-04-21 02:31:17,094 NNNNN ------> OOOOO
DEBUG 	 2019-04-21 02:31:17,096 DDDDD ------> EEEEE
DEBUG 	 2019-04-21 02:31:17,097 LLLLL ------> MMMMM
DEBUG 	 2019-04-21 02:31:17,098 SSSSS ------> TTTTT
DEBUG 	 2019-04-21 02:31:17,099 XXXXX ------> YYYYY
DEBUG 	 2019-04-21 02:31:17,100 kkkkk ------> lllll
DEBUG 	 2019-04-21 02:31:17,101 GGGGG ------> HHHHH
DEBUG 	 2019-04-21 02:31:17,102 qqqqq ------> rrrrr
DEBUG 	 2019-04-21 02:31:17,103 ooooo ------> ppppp
DEBUG 	 2019-04-21 02:31:17,104 FFFFF ------> GGGGG
DEBUG 	 2019-04-21 02:31:17,104 QQQQQ ------> RRRRR
DEBUG 	 2019-04-21 02:31:17,105 mmmmm ------> nnnnn
DEBUG 	 2019-04-21 02:31:17,107 ddddd ------> eeeee
DEBUG 	 2019-04-21 02:31:17,107 lllll ------> mmmmm
DEBUG 	 2019-04-21 02:31:17,109 YYYYY ------> ZZZZZ
DEBUG 	 2019-04-21 02:31:17,110 TTTTT ------> UUUUU
DEBUG 	 2019-04-21 02:31:17,111 lllll ------> mmmmm
DEBUG 	 2019-04-21 02:31:17,112 mmmmm ------> nnnnn
DEBUG 	 2019-04-21 02:31:17,113 RRRRR ------> SSSSS
DEBUG 	 2019-04-21 02:31:17,114 ppppp ------> qqqqq
DEBUG 	 2019-04-21 02:31:17,115 KKKKK ------> LLLLL
DEBUG 	 2019-04-21 02:31:17,116 ttttt ------> uuuuu
DEBUG 	 2019-04-21 02:31:17,117 aaaaa ------> bbbbb
DEBUG 	 2019-04-21 02:31:17,118 ddddd ------> eeeee
DEBUG 	 2019-04-21 02:31:17,119 KKKKK ------> LLLLL
DEBUG 	 2019-04-21 02:31:17,120 HHHHH ------> IIIII
DEBUG 	 2019-04-21 02:31:17,121 vvvvv ------> wwwww
DEBUG 	 2019-04-21 02:31:17,122 hhhhh ------> iiiii
DEBUG 	 2019-04-21 02:31:17,123 MMMMM ------> NNNNN
DEBUG 	 2019-04-21 02:31:17,124 uuuuu ------> vvvvv
DEBUG 	 2019-04-21 02:31:17,125 LLLLL ------> MMMMM
DEBUG 	 2019-04-21 02:31:17,126 AAAAA ------> BBBBB
DEBUG 	 2019-04-21 02:31:17,127 fffff ------> ggggg
DEBUG 	 2019-04-21 02:31:17,128 WWWWW ------> XXXXX
DEBUG 	 2019-04-21 02:31:17,129 zzzzz ------> aaaaa
DEBUG 	 2019-04-21 02:31:17,130 QQQQQ ------> RRRRR
DEBUG 	 2019-04-21 02:31:17,131 AAAAA ------> BBBBB
DEBUG 	 2019-04-21 02:31:17,132 NNNNN ------> OOOOO
DEBUG 	 2019-04-21 02:31:17,133 JJJJJ ------> KKKKK
DEBUG 	 2019-04-21 02:31:17,134 ggggg ------> hhhhh
DEBUG 	 2019-04-21 02:31:17,135 uuuuu ------> vvvvv
DEBUG 	 2019-04-21 02:31:17,136 ddddd ------> eeeee
DEBUG 	 2019-04-21 02:31:17,137 uuuuu ------> vvvvv
DEBUG 	 2019-04-21 02:31:17,138 LLLLL ------> MMMMM
DEBUG 	 2019-04-21 02:31:17,139 aaaaa ------> bbbbb
DEBUG 	 2019-04-21 02:31:17,140 ppppp ------> qqqqq
DEBUG 	 2019-04-21 02:31:17,141 hhhhh ------> iiiii
DEBUG 	 2019-04-21 02:31:17,142 TTTTT ------> UUUUU
DEBUG 	 2019-04-21 02:31:17,143 AAAAA ------> BBBBB
DEBUG 	 2019-04-21 02:31:17,144 ooooo ------> ppppp
DEBUG 	 2019-04-21 02:31:17,145 FFFFF ------> GGGGG
DEBUG 	 2019-04-21 02:31:17,146 NNNNN ------> OOOOO
DEBUG 	 2019-04-21 02:31:17,147 PPPPP ------> QQQQQ
DEBUG 	 2019-04-21 02:31:17,148 NNNNN ------> OOOOO
DEBUG 	 2019-04-21 02:31:17,149 WWWWW ------> XXXXX
DEBUG 	 2019-04-21 02:31:17,150 wwwww ------> xxxxx
DEBUG 	 2019-04-21 02:31:17,151 kkkkk ------> lllll
DEBUG 	 2019-04-21 02:31:17,152 wwwww ------> xxxxx
DEBUG 	 2019-04-21 02:31:17,153 eeeee ------> fffff
DEBUG 	 2019-04-21 02:31:17,154 rrrrr ------> sssss
DEBUG 	 2019-04-21 02:31:17,155 BBBBB ------> CCCCC
DEBUG 	 2019-04-21 02:31:17,156 ZZZZZ ------> AAAAA
DEBUG 	 2019-04-21 02:31:17,157 DDDDD ------> EEEEE
DEBUG 	 2019-04-21 02:31:17,158 ddddd ------> eeeee
DEBUG 	 2019-04-21 02:31:17,159 bbbbb ------> ccccc
DEBUG 	 2019-04-21 02:31:17,160 bbbbb ------> ccccc
DEBUG 	 2019-04-21 02:31:17,161 NNNNN ------> OOOOO
DEBUG 	 2019-04-21 02:31:17,162 bbbbb ------> ccccc
DEBUG 	 2019-04-21 02:31:17,163 ggggg ------> hhhhh
DEBUG 	 2019-04-21 02:31:17,164 CCCCC ------> DDDDD
DEBUG 	 2019-04-21 02:31:17,165 ppppp ------> qqqqq
DEBUG 	 2019-04-21 02:31:17,166 yyyyy ------> zzzzz
DEBUG 	 2019-04-21 02:31:17,167 bbbbb ------> ccccc
DEBUG 	 2019-04-21 02:31:17,168 EEEEE ------> FFFFF
DEBUG 	 2019-04-21 02:31:17,169 fffff ------> ggggg
DEBUG 	 2019-04-21 02:31:17,170 ttttt ------> uuuuu
DEBUG 	 2019-04-21 02:31:17,171 NNNNN ------> OOOOO
DEBUG 	 2019-04-21 02:31:17,172 yyyyy ------> zzzzz
DEBUG 	 2019-04-21 02:31:17,173 wwwww ------> xxxxx
DEBUG 	 2019-04-21 02:31:17,174 fffff ------> ggggg
DEBUG 	 2019-04-21 02:31:17,175 KKKKK ------> LLLLL
DEBUG 	 2019-04-21 02:31:17,176 rrrrr ------> sssss
DEBUG 	 2019-04-21 02:31:17,177 QQQQQ ------> RRRRR
DEBUG 	 2019-04-21 02:31:17,178 wwwww ------> xxxxx
DEBUG 	 2019-04-21 02:31:17,179 RRRRR ------> SSSSS
DEBUG 	 2019-04-21 02:31:17,180 ggggg ------> hhhhh
DEBUG 	 2019-04-21 02:31:17,181 aaaaa ------> bbbbb
DEBUG 	 2019-04-21 02:31:17,182 ooooo ------> ppppp
DEBUG 	 2019-04-21 02:31:17,183 rrrrr ------> sssss
DEBUG 	 2019-04-21 02:31:17,184 nnnnn ------> ooooo
DEBUG 	 2019-04-21 02:31:17,185 YYYYY ------> ZZZZZ
DEBUG 	 2019-04-21 02:31:17,186 iiiii ------> jjjjj
DEBUG 	 2019-04-21 02:31:17,187 aaaaa ------> bbbbb
DEBUG 	 2019-04-21 02:31:17,188 NNNNN ------> OOOOO
DEBUG 	 2019-04-21 02:31:17,189 OOOOO ------> PPPPP
DEBUG 	 2019-04-21 02:31:17,190 YYYYY ------> ZZZZZ
DEBUG 	 2019-04-21 02:31:17,191 AAAAA ------> BBBBB
DEBUG 	 2019-04-21 02:31:17,192 ZZZZZ ------> AAAAA
DEBUG 	 2019-04-21 02:31:17,193 jjjjj ------> kkkkk
DEBUG 	 2019-04-21 02:31:17,194 hhhhh ------> iiiii
DEBUG 	 2019-04-21 02:31:17,195 aaaaa ------> bbbbb
DEBUG 	 2019-04-21 02:31:17,196 qqqqq ------> rrrrr
DEBUG 	 2019-04-21 02:31:17,197 iiiii ------> jjjjj
DEBUG 	 2019-04-21 02:31:17,198 kkkkk ------> lllll
DEBUG 	 2019-04-21 02:31:17,199 CCCCC ------> DDDDD
DEBUG 	 2019-04-21 02:31:17,200 QQQQQ ------> RRRRR
DEBUG 	 2019-04-21 02:31:17,201 PPPPP ------> QQQQQ
DEBUG 	 2019-04-21 02:31:17,202 ccccc ------> ddddd
DEBUG 	 2019-04-21 02:31:17,203 CCCCC ------> DDDDD
DEBUG 	 2019-04-21 02:31:17,204 NNNNN ------> OOOOO
DEBUG 	 2019-04-21 02:31:17,205 rrrrr ------> sssss
DEBUG 	 2019-04-21 02:31:17,206 ooooo ------> ppppp
DEBUG 	 2019-04-21 02:31:17,207 sssss ------> ttttt
DEBUG 	 2019-04-21 02:31:17,208 XXXXX ------> YYYYY
DEBUG 	 2019-04-21 02:31:17,209 TTTTT ------> UUUUU
DEBUG 	 2019-04-21 02:31:17,210 fffff ------> ggggg
DEBUG 	 2019-04-21 02:31:17,211 nnnnn ------> ooooo
DEBUG 	 2019-04-21 02:31:17,212 BBBBB ------> CCCCC
DEBUG 	 2019-04-21 02:31:17,213 BBBBB ------> CCCCC
DEBUG 	 2019-04-21 02:31:17,214 vvvvv ------> wwwww
DEBUG 	 2019-04-21 02:31:17,215 IIIII ------> JJJJJ
DEBUG 	 2019-04-21 02:31:17,216 JJJJJ ------> KKKKK
DEBUG 	 2019-04-21 02:31:17,217 AAAAA ------> BBBBB
DEBUG 	 2019-04-21 02:31:17,218 ppppp ------> qqqqq
DEBUG 	 2019-04-21 02:31:17,219 SSSSS ------> TTTTT
DEBUG 	 2019-04-21 02:31:17,220 nnnnn ------> ooooo
DEBUG 	 2019-04-21 02:31:17,221 BBBBB ------> CCCCC
DEBUG 	 2019-04-21 02:31:17,222 YYYYY ------> ZZZZZ
DEBUG 	 2019-04-21 02:31:17,223 NNNNN ------> OOOOO
DEBUG 	 2019-04-21 02:31:17,224 eeeee ------> fffff
DEBUG 	 2019-04-21 02:31:17,225 sssss ------> ttttt
DEBUG 	 2019-04-21 02:31:17,226 ddddd ------> eeeee
DEBUG 	 2019-04-21 02:31:17,227 fffff ------> ggggg
DEBUG 	 2019-04-21 02:31:17,228 ccccc ------> ddddd
DEBUG 	 2019-04-21 02:31:17,229 xxxxx ------> yyyyy
DEBUG 	 2019-04-21 02:31:17,230 XXXXX ------> YYYYY
DEBUG 	 2019-04-21 02:31:17,231 AAAAA ------> BBBBB
DEBUG 	 2019-04-21 02:31:17,232 CCCCC ------> DDDDD
DEBUG 	 2019-04-21 02:31:17,233 JJJJJ ------> KKKKK
DEBUG 	 2019-04-21 02:31:17,234 ggggg ------> hhhhh
DEBUG 	 2019-04-21 02:31:17,235 aaaaa ------> bbbbb
DEBUG 	 2019-04-21 02:31:17,236 wwwww ------> xxxxx
DEBUG 	 2019-04-21 02:31:17,237 CCCCC ------> DDDDD
DEBUG 	 2019-04-21 02:31:17,238 wwwww ------> xxxxx
DEBUG 	 2019-04-21 02:31:17,239 wwwww ------> xxxxx
DEBUG 	 2019-04-21 02:31:17,240 ddddd ------> eeeee
DEBUG 	 2019-04-21 02:31:17,241 HHHHH ------> IIIII
DEBUG 	 2019-04-21 02:31:17,242 KKKKK ------> LLLLL
DEBUG 	 2019-04-21 02:31:17,243 CCCCC ------> DDDDD
DEBUG 	 2019-04-21 02:31:17,244 LLLLL ------> MMMMM
DEBUG 	 2019-04-21 02:31:17,245 EEEEE ------> FFFFF
DEBUG 	 2019-04-21 02:31:17,246 KKKKK ------> LLLLL
DEBUG 	 2019-04-21 02:31:17,247 OOOOO ------> PPPPP
DEBUG 	 2019-04-21 02:31:17,248 NNNNN ------> OOOOO
DEBUG 	 2019-04-21 02:31:17,249 GGGGG ------> HHHHH
DEBUG 	 2019-04-21 02:31:17,250 uuuuu ------> vvvvv
DEBUG 	 2019-04-21 02:31:17,251 WWWWW ------> XXXXX
DEBUG 	 2019-04-21 02:31:17,252 IIIII ------> JJJJJ
DEBUG 	 2019-04-21 02:31:17,253 nnnnn ------> ooooo
DEBUG 	 2019-04-21 02:31:17,254 jjjjj ------> kkkkk
DEBUG 	 2019-04-21 02:31:17,255 VVVVV ------> WWWWW
DEBUG 	 2019-04-21 02:31:17,256 IIIII ------> JJJJJ
DEBUG 	 2019-04-21 02:31:17,257 yyyyy ------> zzzzz
DEBUG 	 2019-04-21 02:31:17,258 kkkkk ------> lllll
DEBUG 	 2019-04-21 02:31:17,259 bbbbb ------> ccccc
DEBUG 	 2019-04-21 02:31:17,260 iiiii ------> jjjjj
DEBUG 	 2019-04-21 02:31:17,261 zzzzz ------> aaaaa
DEBUG 	 2019-04-21 02:31:17,262 lllll ------> mmmmm
DEBUG 	 2019-04-21 02:31:17,263 YYYYY ------> ZZZZZ
DEBUG 	 2019-04-21 02:31:17,264 mmmmm ------> nnnnn
DEBUG 	 2019-04-21 02:31:17,265 iiiii ------> jjjjj
DEBUG 	 2019-04-21 02:31:17,266 ccccc ------> ddddd
DEBUG 	 2019-04-21 02:31:17,267 NNNNN ------> OOOOO
DEBUG 	 2019-04-21 02:31:17,268 QQQQQ ------> RRRRR
DEBUG 	 2019-04-21 02:31:17,269 DDDDD ------> EEEEE
DEBUG 	 2019-04-21 02:31:17,270 CCCCC ------> DDDDD
DEBUG 	 2019-04-21 02:31:17,271 hhhhh ------> iiiii
DEBUG 	 2019-04-21 02:31:17,272 FFFFF ------> GGGGG
DEBUG 	 2019-04-21 02:31:17,273 AAAAA ------> BBBBB
DEBUG 	 2019-04-21 02:31:17,274 KKKKK ------> LLLLL
DEBUG 	 2019-04-21 02:31:17,275 FFFFF ------> GGGGG
DEBUG 	 2019-04-21 02:31:17,276 BBBBB ------> CCCCC
DEBUG 	 2019-04-21 02:31:17,277 lllll ------> mmmmm
DEBUG 	 2019-04-21 02:31:17,278 LLLLL ------> MMMMM
DEBUG 	 2019-04-21 02:31:17,279 HHHHH ------> IIIII
DEBUG 	 2019-04-21 02:31:17,280 WWWWW ------> XXXXX
DEBUG 	 2019-04-21 02:31:17,281 rrrrr ------> sssss
DEBUG 	 2019-04-21 02:31:17,282 NNNNN ------> OOOOO
DEBUG 	 2019-04-21 02:31:17,283 eeeee ------> fffff
DEBUG 	 2019-04-21 02:31:17,284 EEEEE ------> FFFFF
DEBUG 	 2019-04-21 02:31:17,285 NNNNN ------> OOOOO
DEBUG 	 2019-04-21 02:31:17,286 FFFFF ------> GGGGG
DEBUG 	 2019-04-21 02:31:17,287 EEEEE ------> FFFFF
DEBUG 	 2019-04-21 02:31:17,288 QQQQQ ------> RRRRR
DEBUG 	 2019-04-21 02:31:17,289 aaaaa ------> bbbbb
DEBUG 	 2019-04-21 02:31:17,290 iiiii ------> jjjjj
DEBUG 	 2019-04-21 02:31:17,291 RRRRR ------> SSSSS
DEBUG 	 2019-04-21 02:31:17,292 lllll ------> mmmmm
DEBUG 	 2019-04-21 02:31:17,293 rrrrr ------> sssss
DEBUG 	 2019-04-21 02:31:17,294 IIIII ------> JJJJJ
DEBUG 	 2019-04-21 02:31:17,295 WWWWW ------> XXXXX
DEBUG 	 2019-04-21 02:31:17,296 ddddd ------> eeeee
DEBUG 	 2019-04-21 02:31:17,297 YYYYY ------> ZZZZZ
DEBUG 	 2019-04-21 02:31:17,298 FFFFF ------> GGGGG
DEBUG 	 2019-04-21 02:31:17,299 GGGGG ------> HHHHH
DEBUG 	 2019-04-21 02:31:17,300 AAAAA ------> BBBBB
DEBUG 	 2019-04-21 02:31:17,301 vvvvv ------> wwwww
DEBUG 	 2019-04-21 02:31:17,302 rrrrr ------> sssss
DEBUG 	 2019-04-21 02:31:17,303 zzzzz ------> aaaaa
DEBUG 	 2019-04-21 02:31:17,304 kkkkk ------> lllll
DEBUG 	 2019-04-21 02:31:17,305 YYYYY ------> ZZZZZ
DEBUG 	 2019-04-21 02:31:17,306 BBBBB ------> CCCCC
DEBUG 	 2019-04-21 02:31:17,307 PPPPP ------> QQQQQ
DEBUG 	 2019-04-21 02:31:17,308 XXXXX ------> YYYYY
DEBUG 	 2019-04-21 02:31:17,309 MMMMM ------> NNNNN
DEBUG 	 2019-04-21 02:31:17,310 SSSSS ------> TTTTT
DEBUG 	 2019-04-21 02:31:17,311 TTTTT ------> UUUUU
DEBUG 	 2019-04-21 02:31:17,312 bbbbb ------> ccccc
DEBUG 	 2019-04-21 02:31:17,313 KKKKK ------> LLLLL
DEBUG 	 2019-04-21 02:31:17,314 jjjjj ------> kkkkk
DEBUG 	 2019-04-21 02:31:17,315 XXXXX ------> YYYYY
DEBUG 	 2019-04-21 02:31:17,316 rrrrr ------> sssss
DEBUG 	 2019-04-21 02:31:17,317 WWWWW ------> XXXXX
DEBUG 	 2019-04-21 02:31:17,318 ddddd ------> eeeee
DEBUG 	 2019-04-21 02:31:17,319 RRRRR ------> SSSSS
DEBUG 	 2019-04-21 02:31:17,320 nnnnn ------> ooooo
DEBUG 	 2019-04-21 02:31:17,321 OOOOO ------> PPPPP
DEBUG 	 2019-04-21 02:31:17,322 jjjjj ------> kkkkk
DEBUG 	 2019-04-21 02:31:17,323 XXXXX ------> YYYYY
DEBUG 	 2019-04-21 02:31:17,324 KKKKK ------> LLLLL
DEBUG 	 2019-04-21 02:31:17,325 mmmmm ------> nnnnn
DEBUG 	 2019-04-21 02:31:17,326 uuuuu ------> vvvvv
DEBUG 	 2019-04-21 02:31:17,327 ttttt ------> uuuuu
DEBUG 	 2019-04-21 02:31:17,328 VVVVV ------> WWWWW
DEBUG 	 2019-04-21 02:31:17,329 HHHHH ------> IIIII
DEBUG 	 2019-04-21 02:31:17,330 aaaaa ------> bbbbb
DEBUG 	 2019-04-21 02:31:17,331 zzzzz ------> aaaaa
DEBUG 	 2019-04-21 02:31:17,332 ttttt ------> uuuuu
DEBUG 	 2019-04-21 02:31:17,333 UUUUU ------> VVVVV
DEBUG 	 2019-04-21 02:31:17,334 KKKKK ------> LLLLL
DEBUG 	 2019-04-21 02:31:17,335 rrrrr ------> sssss
DEBUG 	 2019-04-21 02:31:17,336 HHHHH ------> IIIII
DEBUG 	 2019-04-21 02:31:17,337 jjjjj ------> kkkkk
DEBUG 	 2019-04-21 02:31:17,338 bbbbb ------> ccccc
DEBUG 	 2019-04-21 02:31:17,339 XXXXX ------> YYYYY
DEBUG 	 2019-04-21 02:31:17,340 aaaaa ------> bbbbb
DEBUG 	 2019-04-21 02:31:17,341 AAAAA ------> BBBBB
DEBUG 	 2019-04-21 02:31:17,342 OOOOO ------> PPPPP
DEBUG 	 2019-04-21 02:31:17,343 OOOOO ------> PPPPP
DEBUG 	 2019-04-21 02:31:17,344 ZZZZZ ------> AAAAA
DEBUG 	 2019-04-21 02:31:17,345 HHHHH ------> IIIII
DEBUG 	 2019-04-21 02:31:17,346 wwwww ------> xxxxx
DEBUG 	 2019-04-21 02:31:17,347 HHHHH ------> IIIII
DEBUG 	 2019-04-21 02:31:17,348 KKKKK ------> LLLLL
DEBUG 	 2019-04-21 02:31:17,349 hhhhh ------> iiiii
DEBUG 	 2019-04-21 02:31:17,350 WWWWW ------> XXXXX
DEBUG 	 2019-04-21 02:31:17,351 LLLLL ------> MMMMM
DEBUG 	 2019-04-21 02:31:17,352 ooooo ------> ppppp
DEBUG 	 2019-04-21 02:31:17,353 FFFFF ------> GGGGG
DEBUG 	 2019-04-21 02:31:17,354 ccccc ------> ddddd
DEBUG 	 2019-04-21 02:31:17,355 DDDDD ------> EEEEE
DEBUG 	 2019-04-21 02:31:17,356 FFFFF ------> GGGGG
DEBUG 	 2019-04-21 02:31:17,357 bbbbb ------> ccccc
DEBUG 	 2019-04-21 02:31:17,358 qqqqq ------> rrrrr
DEBUG 	 2019-04-21 02:31:17,359 ggggg ------> hhhhh
DEBUG 	 2019-04-21 02:31:17,360 eeeee ------> fffff
DEBUG 	 2019-04-21 02:31:17,361 eeeee ------> fffff
DEBUG 	 2019-04-21 02:31:17,362 JJJJJ ------> KKKKK
DEBUG 	 2019-04-21 02:31:17,363 aaaaa ------> bbbbb
DEBUG 	 2019-04-21 02:31:17,364 LLLLL ------> MMMMM
DEBUG 	 2019-04-21 02:31:17,365 zzzzz ------> aaaaa
DEBUG 	 2019-04-21 02:31:17,366 sssss ------> ttttt
DEBUG 	 2019-04-21 02:31:17,367 HHHHH ------> IIIII
DEBUG 	 2019-04-21 02:31:17,368 VVVVV ------> WWWWW
DEBUG 	 2019-04-21 02:31:17,369 rrrrr ------> sssss
DEBUG 	 2019-04-21 02:31:17,370 bbbbb ------> ccccc
DEBUG 	 2019-04-21 02:31:17,371 ttttt ------> uuuuu
DEBUG 	 2019-04-21 02:31:17,372 ttttt ------> uuuuu
DEBUG 	 2019-04-21 02:31:17,373 QQQQQ ------> RRRRR
DEBUG 	 2019-04-21 02:31:17,374 AAAAA ------> BBBBB
DEBUG 	 2019-04-21 02:31:17,375 ZZZZZ ------> AAAAA
DEBUG 	 2019-04-21 02:31:17,376 XXXXX ------> YYYYY
DEBUG 	 2019-04-21 02:31:17,377 XXXXX ------> YYYYY
DEBUG 	 2019-04-21 02:31:17,378 BBBBB ------> CCCCC
DEBUG 	 2019-04-21 02:31:17,379 jjjjj ------> kkkkk
DEBUG 	 2019-04-21 02:31:17,380 qqqqq ------> rrrrr
DEBUG 	 2019-04-21 02:31:17,381 ddddd ------> eeeee
DEBUG 	 2019-04-21 02:31:17,382 GGGGG ------> HHHHH
DEBUG 	 2019-04-21 02:31:17,383 mmmmm ------> nnnnn
DEBUG 	 2019-04-21 02:31:17,384 fffff ------> ggggg
DEBUG 	 2019-04-21 02:31:17,385 ccccc ------> ddddd
DEBUG 	 2019-04-21 02:31:17,386 rrrrr ------> sssss
DEBUG 	 2019-04-21 02:31:17,387 kkkkk ------> lllll
DEBUG 	 2019-04-21 02:31:17,388 ddddd ------> eeeee
DEBUG 	 2019-04-21 02:31:17,389 OOOOO ------> PPPPP
DEBUG 	 2019-04-21 02:31:17,390 ccccc ------> ddddd
DEBUG 	 2019-04-21 02:31:17,391 ooooo ------> ppppp
DEBUG 	 2019-04-21 02:31:17,392 yyyyy ------> zzzzz
DEBUG 	 2019-04-21 02:31:17,393 EEEEE ------> FFFFF
DEBUG 	 2019-04-21 02:31:17,394 ttttt ------> uuuuu
DEBUG 	 2019-04-21 02:31:17,395 eeeee ------> fffff
DEBUG 	 2019-04-21 02:31:17,396 ggggg ------> hhhhh
DEBUG 	 2019-04-21 02:31:17,397 PPPPP ------> QQQQQ
DEBUG 	 2019-04-21 02:31:17,398 CCCCC ------> DDDDD
DEBUG 	 2019-04-21 02:31:17,399 MMMMM ------> NNNNN
DEBUG 	 2019-04-21 02:31:17,400 CCCCC ------> DDDDD
DEBUG 	 2019-04-21 02:31:17,401 aaaaa ------> bbbbb
DEBUG 	 2019-04-21 02:31:17,402 VVVVV ------> WWWWW
DEBUG 	 2019-04-21 02:31:17,403 aaaaa ------> bbbbb
DEBUG 	 2019-04-21 02:31:17,404 UUUUU ------> VVVVV
DEBUG 	 2019-04-21 02:31:17,405 WWWWW ------> XXXXX
DEBUG 	 2019-04-21 02:31:17,406 XXXXX ------> YYYYY
DEBUG 	 2019-04-21 02:31:17,407 IIIII ------> JJJJJ
DEBUG 	 2019-04-21 02:31:17,408 UUUUU ------> VVVVV
DEBUG 	 2019-04-21 02:31:17,409 VVVVV ------> WWWWW
DEBUG 	 2019-04-21 02:31:17,410 vvvvv ------> wwwww
DEBUG 	 2019-04-21 02:31:17,411 rrrrr ------> sssss
DEBUG 	 2019-04-21 02:31:17,412 NNNNN ------> OOOOO
DEBUG 	 2019-04-21 02:31:17,413 bbbbb ------> ccccc
DEBUG 	 2019-04-21 02:31:17,414 mmmmm ------> nnnnn
DEBUG 	 2019-04-21 02:31:17,415 lllll ------> mmmmm
DEBUG 	 2019-04-21 02:31:17,416 wwwww ------> xxxxx
DEBUG 	 2019-04-21 02:31:17,417 rrrrr ------> sssss
DEBUG 	 2019-04-21 02:31:17,418 iiiii ------> jjjjj
DEBUG 	 2019-04-21 02:31:17,419 QQQQQ ------> RRRRR
DEBUG 	 2019-04-21 02:31:17,420 XXXXX ------> YYYYY
DEBUG 	 2019-04-21 02:31:17,421 qqqqq ------> rrrrr
DEBUG 	 2019-04-21 02:31:17,422 qqqqq ------> rrrrr
DEBUG 	 2019-04-21 02:31:17,423 RRRRR ------> SSSSS
DEBUG 	 2019-04-21 02:31:17,424 AAAAA ------> BBBBB
DEBUG 	 2019-04-21 02:31:17,425 ddddd ------> eeeee
DEBUG 	 2019-04-21 02:31:17,426 iiiii ------> jjjjj
DEBUG 	 2019-04-21 02:31:17,427 IIIII ------> JJJJJ
DEBUG 	 2019-04-21 02:31:17,428 qqqqq ------> rrrrr
DEBUG 	 2019-04-21 02:31:17,429 ccccc ------> ddddd
DEBUG 	 2019-04-21 02:31:17,430 TTTTT ------> UUUUU
DEBUG 	 2019-04-21 02:31:17,431 ooooo ------> ppppp
DEBUG 	 2019-04-21 02:31:17,432 OOOOO ------> PPPPP
DEBUG 	 2019-04-21 02:31:17,433 EEEEE ------> FFFFF
DEBUG 	 2019-04-21 02:31:17,434 PPPPP ------> QQQQQ
DEBUG 	 2019-04-21 02:31:17,435 iiiii ------> jjjjj
DEBUG 	 2019-04-21 02:31:17,436 DDDDD ------> EEEEE
DEBUG 	 2019-04-21 02:31:17,437 bbbbb ------> ccccc
DEBUG 	 2019-04-21 02:31:17,438 nnnnn ------> ooooo
DEBUG 	 2019-04-21 02:31:17,439 sssss ------> ttttt
DEBUG 	 2019-04-21 02:31:17,440 FFFFF ------> GGGGG
DEBUG 	 2019-04-21 02:31:17,441 jjjjj ------> kkkkk
DEBUG 	 2019-04-21 02:31:17,442 ttttt ------> uuuuu
DEBUG 	 2019-04-21 02:31:17,443 rrrrr ------> sssss
DEBUG 	 2019-04-21 02:31:17,444 PPPPP ------> QQQQQ
DEBUG 	 2019-04-21 02:31:17,445 GGGGG ------> HHHHH
DEBUG 	 2019-04-21 02:31:17,446 SSSSS ------> TTTTT
DEBUG 	 2019-04-21 02:31:17,447 TTTTT ------> UUUUU
DEBUG 	 2019-04-21 02:31:17,448 IIIII ------> JJJJJ
DEBUG 	 2019-04-21 02:31:17,449 aaaaa ------> bbbbb
DEBUG 	 2019-04-21 02:31:17,450 ppppp ------> qqqqq
DEBUG 	 2019-04-21 02:31:17,451 PPPPP ------> QQQQQ
DEBUG 	 2019-04-21 02:31:17,452 aaaaa ------> bbbbb
DEBUG 	 2019-04-21 02:31:17,453 wwwww ------> xxxxx
DEBUG 	 2019-04-21 02:31:17,454 BBBBB ------> CCCCC
DEBUG 	 2019-04-21 02:31:17,455 zzzzz ------> aaaaa
DEBUG 	 2019-04-21 02:31:17,456 ppppp ------> qqqqq
DEBUG 	 2019-04-21 02:31:17,457 fffff ------> ggggg
DEBUG 	 2019-04-21 02:31:17,458 XXXXX ------> YYYYY
DEBUG 	 2019-04-21 02:31:17,459 UUUUU ------> VVVVV
DEBUG 	 2019-04-21 02:31:17,460 BBBBB ------> CCCCC
DEBUG 	 2019-04-21 02:31:17,461 OOOOO ------> PPPPP
DEBUG 	 2019-04-21 02:31:17,462 CCCCC ------> DDDDD
DEBUG 	 2019-04-21 02:31:17,463 DDDDD ------> EEEEE
DEBUG 	 2019-04-21 02:31:17,464 QQQQQ ------> RRRRR
DEBUG 	 2019-04-21 02:31:17,465 rrrrr ------> sssss
DEBUG 	 2019-04-21 02:31:17,466 LLLLL ------> MMMMM
DEBUG 	 2019-04-21 02:31:17,467 RRRRR ------> SSSSS
DEBUG 	 2019-04-21 02:31:17,468 ccccc ------> ddddd
DEBUG 	 2019-04-21 02:31:17,469 OOOOO ------> PPPPP
DEBUG 	 2019-04-21 02:31:17,470 DDDDD ------> EEEEE
DEBUG 	 2019-04-21 02:31:17,471 xxxxx ------> yyyyy
DEBUG 	 2019-04-21 02:31:17,472 ggggg ------> hhhhh
DEBUG 	 2019-04-21 02:31:17,473 mmmmm ------> nnnnn
DEBUG 	 2019-04-21 02:31:17,474 ttttt ------> uuuuu
DEBUG 	 2019-04-21 02:31:17,475 hhhhh ------> iiiii
DEBUG 	 2019-04-21 02:31:17,476 FFFFF ------> GGGGG
DEBUG 	 2019-04-21 02:31:17,477 ooooo ------> ppppp
DEBUG 	 2019-04-21 02:31:17,478 zzzzz ------> aaaaa
DEBUG 	 2019-04-21 02:31:17,479 UUUUU ------> VVVVV
DEBUG 	 2019-04-21 02:31:17,480 ccccc ------> ddddd
DEBUG 	 2019-04-21 02:31:17,481 rrrrr ------> sssss
DEBUG 	 2019-04-21 02:31:17,482 MMMMM ------> NNNNN
DEBUG 	 2019-04-21 02:31:17,483 AAAAA ------> BBBBB
DEBUG 	 2019-04-21 02:31:17,484 WWWWW ------> XXXXX
DEBUG 	 2019-04-21 02:31:17,485 fffff ------> ggggg
DEBUG 	 2019-04-21 02:31:17,486 yyyyy ------> zzzzz
DEBUG 	 2019-04-21 02:31:17,487 UUUUU ------> VVVVV
DEBUG 	 2019-04-21 02:31:17,488 uuuuu ------> vvvvv
DEBUG 	 2019-04-21 02:31:17,489 MMMMM ------> NNNNN
DEBUG 	 2019-04-21 02:31:17,490 jjjjj ------> kkkkk
DEBUG 	 2019-04-21 02:31:17,491 JJJJJ ------> KKKKK
DEBUG 	 2019-04-21 02:31:17,492 ZZZZZ ------> AAAAA
DEBUG 	 2019-04-21 02:31:17,493 ggggg ------> hhhhh
DEBUG 	 2019-04-21 02:31:17,494 CCCCC ------> DDDDD
DEBUG 	 2019-04-21 02:31:17,495 rrrrr ------> sssss
DEBUG 	 2019-04-21 02:31:17,496 PPPPP ------> QQQQQ
DEBUG 	 2019-04-21 02:31:17,497 rrrrr ------> sssss
DEBUG 	 2019-04-21 02:31:17,498 EEEEE ------> FFFFF
DEBUG 	 2019-04-21 02:31:17,499 QQQQQ ------> RRRRR
DEBUG 	 2019-04-21 02:31:17,500 CCCCC ------> DDDDD
DEBUG 	 2019-04-21 02:31:17,501 UUUUU ------> VVVVV
DEBUG 	 2019-04-21 02:31:17,502 ddddd ------> eeeee
DEBUG 	 2019-04-21 02:31:17,503 QQQQQ ------> RRRRR
DEBUG 	 2019-04-21 02:31:17,504 yyyyy ------> zzzzz
DEBUG 	 2019-04-21 02:31:17,505 bbbbb ------> ccccc
DEBUG 	 2019-04-21 02:31:17,506 SSSSS ------> TTTTT
DEBUG 	 2019-04-21 02:31:17,507 RRRRR ------> SSSSS
DEBUG 	 2019-04-21 02:31:17,508 hhhhh ------> iiiii
DEBUG 	 2019-04-21 02:31:17,509 AAAAA ------> BBBBB
DEBUG 	 2019-04-21 02:31:17,510 wwwww ------> xxxxx
DEBUG 	 2019-04-21 02:31:17,511 nnnnn ------> ooooo
DEBUG 	 2019-04-21 02:31:17,512 BBBBB ------> CCCCC
DEBUG 	 2019-04-21 02:31:17,513 nnnnn ------> ooooo
DEBUG 	 2019-04-21 02:31:17,514 lllll ------> mmmmm
DEBUG 	 2019-04-21 02:31:17,515 IIIII ------> JJJJJ
DEBUG 	 2019-04-21 02:31:17,516 DDDDD ------> EEEEE
DEBUG 	 2019-04-21 02:31:17,517 AAAAA ------> BBBBB
DEBUG 	 2019-04-21 02:31:17,518 GGGGG ------> HHHHH
DEBUG 	 2019-04-21 02:31:17,519 lllll ------> mmmmm
DEBUG 	 2019-04-21 02:31:17,520 RRRRR ------> SSSSS
DEBUG 	 2019-04-21 02:31:17,521 VVVVV ------> WWWWW
DEBUG 	 2019-04-21 02:31:17,522 KKKKK ------> LLLLL
DEBUG 	 2019-04-21 02:31:17,523 kkkkk ------> lllll
DEBUG 	 2019-04-21 02:31:17,524 mmmmm ------> nnnnn
DEBUG 	 2019-04-21 02:31:17,525 vvvvv ------> wwwww
DEBUG 	 2019-04-21 02:31:17,526 KKKKK ------> LLLLL
DEBUG 	 2019-04-21 02:31:17,531 HHHHH ------> IIIII
DEBUG 	 2019-04-21 02:31:17,532 JJJJJ ------> KKKKK
DEBUG 	 2019-04-21 02:31:17,533 xxxxx ------> yyyyy
DEBUG 	 2019-04-21 02:31:17,534 wwwww ------> xxxxx
DEBUG 	 2019-04-21 02:31:17,535 xxxxx ------> yyyyy
DEBUG 	 2019-04-21 02:31:17,536 FFFFF ------> GGGGG
DEBUG 	 2019-04-21 02:31:17,537 NNNNN ------> OOOOO
DEBUG 	 2019-04-21 02:31:17,538 ttttt ------> uuuuu
DEBUG 	 2019-04-21 02:31:17,539 NNNNN ------> OOOOO
DEBUG 	 2019-04-21 02:31:17,540 EEEEE ------> FFFFF
DEBUG 	 2019-04-21 02:31:17,541 MMMMM ------> NNNNN
INFO 	 2019-04-21 02:31:17,541 Error rate: 0.0
