04/20/2019 10:55:43 PM Serial port COM3 opened successfully.
04/20/2019 10:55:43 PM Running: 1000 tests with baud rate: 1500000
04/20/2019 10:55:43 PM Y ------> Z
04/20/2019 10:55:43 PM e ------> f
04/20/2019 10:55:43 PM A ------> B
04/20/2019 10:55:43 PM H ------> I
04/20/2019 10:55:43 PM y ------> z
04/20/2019 10:55:43 PM v ------> w
04/20/2019 10:55:43 PM z ------> a
04/20/2019 10:55:43 PM t ------> u
04/20/2019 10:55:43 PM c ------> d
04/20/2019 10:55:43 PM G ------> H
04/20/2019 10:55:43 PM g ------> h
04/20/2019 10:55:43 PM D ------> E
04/20/2019 10:55:43 PM n ------> o
04/20/2019 10:55:43 PM n ------> o
04/20/2019 10:55:43 PM F ------> G
04/20/2019 10:55:43 PM d ------> e
04/20/2019 10:55:43 PM C ------> D
04/20/2019 10:55:43 PM D ------> E
04/20/2019 10:55:43 PM f ------> g
04/20/2019 10:55:43 PM S ------> T
04/20/2019 10:55:43 PM Z ------> A
04/20/2019 10:55:43 PM K ------> L
04/20/2019 10:55:43 PM b ------> c
04/20/2019 10:55:43 PM u ------> v
04/20/2019 10:55:43 PM U ------> V
04/20/2019 10:55:43 PM a ------> b
04/20/2019 10:55:43 PM x ------> y
04/20/2019 10:55:43 PM D ------> E
04/20/2019 10:55:43 PM u ------> v
04/20/2019 10:55:43 PM O ------> P
04/20/2019 10:55:43 PM F ------> G
04/20/2019 10:55:43 PM d ------> e
04/20/2019 10:55:43 PM h ------> i
04/20/2019 10:55:43 PM N ------> O
04/20/2019 10:55:43 PM Q ------> R
04/20/2019 10:55:43 PM S ------> T
04/20/2019 10:55:43 PM O ------> P
04/20/2019 10:55:43 PM I ------> J
04/20/2019 10:55:43 PM t ------> u
04/20/2019 10:55:43 PM j ------> k
04/20/2019 10:55:43 PM J ------> K
04/20/2019 10:55:43 PM g ------> h
04/20/2019 10:55:43 PM j ------> k
04/20/2019 10:55:43 PM F ------> G
04/20/2019 10:55:43 PM Q ------> R
04/20/2019 10:55:43 PM y ------> z
04/20/2019 10:55:43 PM R ------> S
04/20/2019 10:55:43 PM g ------> h
04/20/2019 10:55:43 PM X ------> Y
04/20/2019 10:55:43 PM M ------> N
04/20/2019 10:55:43 PM V ------> W
04/20/2019 10:55:43 PM h ------> i
04/20/2019 10:55:43 PM I ------> J
04/20/2019 10:55:43 PM o ------> p
04/20/2019 10:55:43 PM A ------> B
04/20/2019 10:55:43 PM b ------> c
04/20/2019 10:55:43 PM c ------> d
04/20/2019 10:55:43 PM q ------> r
04/20/2019 10:55:43 PM j ------> k
04/20/2019 10:55:43 PM Y ------> Z
04/20/2019 10:55:43 PM F ------> G
04/20/2019 10:55:43 PM W ------> X
04/20/2019 10:55:43 PM p ------> q
04/20/2019 10:55:43 PM H ------> I
04/20/2019 10:55:43 PM z ------> a
04/20/2019 10:55:43 PM Z ------> A
04/20/2019 10:55:43 PM l ------> m
04/20/2019 10:55:43 PM o ------> p
04/20/2019 10:55:43 PM T ------> U
04/20/2019 10:55:43 PM F ------> G
04/20/2019 10:55:43 PM J ------> K
04/20/2019 10:55:43 PM B ------> C
04/20/2019 10:55:43 PM X ------> Y
04/20/2019 10:55:43 PM k ------> l
04/20/2019 10:55:43 PM c ------> d
04/20/2019 10:55:43 PM W ------> X
04/20/2019 10:55:43 PM H ------> I
04/20/2019 10:55:43 PM N ------> O
04/20/2019 10:55:43 PM F ------> G
04/20/2019 10:55:43 PM x ------> y
04/20/2019 10:55:43 PM N ------> O
04/20/2019 10:55:43 PM J ------> K
04/20/2019 10:55:43 PM F ------> G
04/20/2019 10:55:43 PM p ------> q
04/20/2019 10:55:43 PM l ------> m
04/20/2019 10:55:43 PM d ------> e
04/20/2019 10:55:43 PM y ------> z
04/20/2019 10:55:43 PM Z ------> A
04/20/2019 10:55:43 PM f ------> g
04/20/2019 10:55:43 PM j ------> k
04/20/2019 10:55:43 PM B ------> C
04/20/2019 10:55:43 PM D ------> E
04/20/2019 10:55:43 PM q ------> r
04/20/2019 10:55:43 PM l ------> m
04/20/2019 10:55:43 PM D ------> E
04/20/2019 10:55:43 PM V ------> W
04/20/2019 10:55:43 PM l ------> m
04/20/2019 10:55:43 PM D ------> E
04/20/2019 10:55:43 PM Q ------> R
04/20/2019 10:55:43 PM Q ------> R
04/20/2019 10:55:43 PM m ------> n
04/20/2019 10:55:43 PM q ------> r
04/20/2019 10:55:43 PM U ------> V
04/20/2019 10:55:43 PM U ------> V
04/20/2019 10:55:43 PM P ------> Q
04/20/2019 10:55:43 PM t ------> u
04/20/2019 10:55:43 PM y ------> z
04/20/2019 10:55:43 PM C ------> D
04/20/2019 10:55:43 PM K ------> L
04/20/2019 10:55:43 PM K ------> L
04/20/2019 10:55:43 PM c ------> d
04/20/2019 10:55:43 PM Q ------> R
04/20/2019 10:55:43 PM c ------> d
04/20/2019 10:55:43 PM m ------> n
04/20/2019 10:55:43 PM X ------> Y
04/20/2019 10:55:43 PM f ------> g
04/20/2019 10:55:43 PM b ------> c
04/20/2019 10:55:43 PM M ------> N
04/20/2019 10:55:43 PM t ------> u
04/20/2019 10:55:43 PM B ------> C
04/20/2019 10:55:43 PM Q ------> R
04/20/2019 10:55:43 PM R ------> S
04/20/2019 10:55:43 PM t ------> u
04/20/2019 10:55:43 PM p ------> q
04/20/2019 10:55:43 PM E ------> F
04/20/2019 10:55:43 PM t ------> u
04/20/2019 10:55:43 PM a ------> b
04/20/2019 10:55:43 PM V ------> W
04/20/2019 10:55:43 PM x ------> y
04/20/2019 10:55:43 PM G ------> H
04/20/2019 10:55:43 PM B ------> C
04/20/2019 10:55:43 PM d ------> e
04/20/2019 10:55:43 PM E ------> F
04/20/2019 10:55:43 PM h ------> i
04/20/2019 10:55:43 PM w ------> x
04/20/2019 10:55:43 PM Y ------> Z
04/20/2019 10:55:43 PM H ------> I
04/20/2019 10:55:43 PM E ------> F
04/20/2019 10:55:43 PM z ------> a
04/20/2019 10:55:43 PM L ------> M
04/20/2019 10:55:43 PM J ------> K
04/20/2019 10:55:43 PM w ------> x
04/20/2019 10:55:43 PM s ------> t
04/20/2019 10:55:43 PM l ------> m
04/20/2019 10:55:43 PM c ------> d
04/20/2019 10:55:43 PM Y ------> Z
04/20/2019 10:55:43 PM f ------> g
04/20/2019 10:55:43 PM v ------> w
04/20/2019 10:55:43 PM s ------> t
04/20/2019 10:55:43 PM p ------> q
04/20/2019 10:55:43 PM r ------> s
04/20/2019 10:55:43 PM q ------> r
04/20/2019 10:55:43 PM G ------> H
04/20/2019 10:55:43 PM f ------> g
04/20/2019 10:55:44 PM I ------> J
04/20/2019 10:55:44 PM I ------> J
04/20/2019 10:55:44 PM M ------> N
04/20/2019 10:55:44 PM Z ------> A
04/20/2019 10:55:44 PM e ------> f
04/20/2019 10:55:44 PM j ------> k
04/20/2019 10:55:44 PM W ------> X
04/20/2019 10:55:44 PM C ------> D
04/20/2019 10:55:44 PM h ------> i
04/20/2019 10:55:44 PM C ------> D
04/20/2019 10:55:44 PM R ------> S
04/20/2019 10:55:44 PM V ------> W
04/20/2019 10:55:44 PM l ------> m
04/20/2019 10:55:44 PM o ------> p
04/20/2019 10:55:44 PM e ------> f
04/20/2019 10:55:44 PM D ------> E
04/20/2019 10:55:44 PM j ------> k
04/20/2019 10:55:44 PM y ------> z
04/20/2019 10:55:44 PM j ------> k
04/20/2019 10:55:44 PM J ------> K
04/20/2019 10:55:44 PM K ------> L
04/20/2019 10:55:44 PM b ------> c
04/20/2019 10:55:44 PM a ------> b
04/20/2019 10:55:44 PM u ------> v
04/20/2019 10:55:44 PM t ------> u
04/20/2019 10:55:44 PM T ------> U
04/20/2019 10:55:44 PM Q ------> R
04/20/2019 10:55:44 PM W ------> X
04/20/2019 10:55:44 PM a ------> b
04/20/2019 10:55:44 PM e ------> f
04/20/2019 10:55:44 PM q ------> r
04/20/2019 10:55:44 PM E ------> F
04/20/2019 10:55:44 PM H ------> I
04/20/2019 10:55:44 PM j ------> k
04/20/2019 10:55:44 PM N ------> O
04/20/2019 10:55:44 PM G ------> H
04/20/2019 10:55:44 PM i ------> j
04/20/2019 10:55:44 PM W ------> X
04/20/2019 10:55:44 PM l ------> m
04/20/2019 10:55:44 PM x ------> y
04/20/2019 10:55:44 PM H ------> I
04/20/2019 10:55:44 PM h ------> i
04/20/2019 10:55:44 PM W ------> X
04/20/2019 10:55:44 PM Z ------> A
04/20/2019 10:55:44 PM V ------> W
04/20/2019 10:55:44 PM T ------> U
04/20/2019 10:55:44 PM N ------> O
04/20/2019 10:55:44 PM L ------> M
04/20/2019 10:55:44 PM o ------> p
04/20/2019 10:55:44 PM P ------> Q
04/20/2019 10:55:44 PM g ------> h
04/20/2019 10:55:44 PM l ------> m
04/20/2019 10:55:44 PM n ------> o
04/20/2019 10:55:44 PM i ------> j
04/20/2019 10:55:44 PM B ------> C
04/20/2019 10:55:44 PM y ------> z
04/20/2019 10:55:44 PM X ------> Y
04/20/2019 10:55:44 PM F ------> G
04/20/2019 10:55:44 PM m ------> n
04/20/2019 10:55:44 PM F ------> G
04/20/2019 10:55:44 PM t ------> u
04/20/2019 10:55:44 PM I ------> J
04/20/2019 10:55:44 PM r ------> s
04/20/2019 10:55:44 PM Z ------> A
04/20/2019 10:55:44 PM u ------> v
04/20/2019 10:55:44 PM n ------> o
04/20/2019 10:55:44 PM U ------> V
04/20/2019 10:55:44 PM P ------> Q
04/20/2019 10:55:44 PM j ------> k
04/20/2019 10:55:44 PM U ------> V
04/20/2019 10:55:44 PM f ------> g
04/20/2019 10:55:44 PM n ------> o
04/20/2019 10:55:44 PM o ------> p
04/20/2019 10:55:44 PM m ------> n
04/20/2019 10:55:44 PM E ------> F
04/20/2019 10:55:44 PM x ------> y
04/20/2019 10:55:44 PM b ------> c
04/20/2019 10:55:44 PM F ------> G
04/20/2019 10:55:44 PM t ------> u
04/20/2019 10:55:44 PM O ------> P
04/20/2019 10:55:44 PM Q ------> R
04/20/2019 10:55:44 PM S ------> T
04/20/2019 10:55:44 PM P ------> Q
04/20/2019 10:55:44 PM E ------> F
04/20/2019 10:55:44 PM c ------> d
04/20/2019 10:55:44 PM B ------> C
04/20/2019 10:55:44 PM c ------> d
04/20/2019 10:55:44 PM W ------> X
04/20/2019 10:55:44 PM x ------> y
04/20/2019 10:55:44 PM r ------> s
04/20/2019 10:55:44 PM u ------> v
04/20/2019 10:55:44 PM j ------> k
04/20/2019 10:55:44 PM s ------> t
04/20/2019 10:55:44 PM r ------> s
04/20/2019 10:55:44 PM m ------> n
04/20/2019 10:55:44 PM p ------> q
04/20/2019 10:55:44 PM u ------> v
04/20/2019 10:55:44 PM r ------> s
04/20/2019 10:55:44 PM g ------> h
04/20/2019 10:55:44 PM h ------> i
04/20/2019 10:55:44 PM L ------> M
04/20/2019 10:55:44 PM y ------> z
04/20/2019 10:55:44 PM S ------> T
04/20/2019 10:55:44 PM J ------> K
04/20/2019 10:55:44 PM L ------> M
04/20/2019 10:55:44 PM q ------> r
04/20/2019 10:55:44 PM R ------> S
04/20/2019 10:55:44 PM k ------> l
04/20/2019 10:55:44 PM c ------> d
04/20/2019 10:55:44 PM e ------> f
04/20/2019 10:55:44 PM O ------> P
04/20/2019 10:55:44 PM v ------> w
04/20/2019 10:55:44 PM w ------> x
04/20/2019 10:55:44 PM D ------> E
04/20/2019 10:55:44 PM d ------> e
04/20/2019 10:55:44 PM t ------> u
04/20/2019 10:55:44 PM z ------> a
04/20/2019 10:55:44 PM t ------> u
04/20/2019 10:55:44 PM q ------> r
04/20/2019 10:55:44 PM x ------> y
04/20/2019 10:55:44 PM y ------> z
04/20/2019 10:55:44 PM x ------> y
04/20/2019 10:55:44 PM x ------> y
04/20/2019 10:55:44 PM i ------> j
04/20/2019 10:55:44 PM s ------> t
04/20/2019 10:55:44 PM d ------> e
04/20/2019 10:55:44 PM t ------> u
04/20/2019 10:55:44 PM n ------> o
04/20/2019 10:55:44 PM m ------> n
04/20/2019 10:55:44 PM y ------> z
04/20/2019 10:55:44 PM J ------> K
04/20/2019 10:55:44 PM w ------> x
04/20/2019 10:55:44 PM j ------> k
04/20/2019 10:55:44 PM U ------> V
04/20/2019 10:55:44 PM L ------> M
04/20/2019 10:55:44 PM E ------> F
04/20/2019 10:55:44 PM s ------> t
04/20/2019 10:55:44 PM h ------> i
04/20/2019 10:55:44 PM j ------> k
04/20/2019 10:55:44 PM L ------> M
04/20/2019 10:55:44 PM a ------> b
04/20/2019 10:55:44 PM e ------> f
04/20/2019 10:55:44 PM J ------> K
04/20/2019 10:55:44 PM L ------> M
04/20/2019 10:55:44 PM b ------> c
04/20/2019 10:55:44 PM C ------> D
04/20/2019 10:55:44 PM n ------> o
04/20/2019 10:55:44 PM r ------> s
04/20/2019 10:55:44 PM T ------> U
04/20/2019 10:55:44 PM x ------> y
04/20/2019 10:55:44 PM B ------> C
04/20/2019 10:55:44 PM c ------> d
04/20/2019 10:55:44 PM W ------> X
04/20/2019 10:55:44 PM j ------> k
04/20/2019 10:55:44 PM j ------> k
04/20/2019 10:55:44 PM I ------> J
04/20/2019 10:55:44 PM p ------> q
04/20/2019 10:55:44 PM L ------> M
04/20/2019 10:55:44 PM l ------> m
04/20/2019 10:55:44 PM w ------> x
04/20/2019 10:55:44 PM G ------> H
04/20/2019 10:55:44 PM e ------> f
04/20/2019 10:55:44 PM J ------> K
04/20/2019 10:55:44 PM f ------> g
04/20/2019 10:55:44 PM Z ------> A
04/20/2019 10:55:44 PM w ------> x
04/20/2019 10:55:44 PM d ------> e
04/20/2019 10:55:44 PM D ------> E
04/20/2019 10:55:44 PM f ------> g
04/20/2019 10:55:44 PM Y ------> Z
04/20/2019 10:55:44 PM c ------> d
04/20/2019 10:55:44 PM D ------> E
04/20/2019 10:55:44 PM C ------> D
04/20/2019 10:55:44 PM S ------> T
04/20/2019 10:55:44 PM D ------> E
04/20/2019 10:55:44 PM c ------> d
04/20/2019 10:55:44 PM h ------> i
04/20/2019 10:55:44 PM N ------> O
04/20/2019 10:55:44 PM W ------> X
04/20/2019 10:55:44 PM M ------> N
04/20/2019 10:55:44 PM l ------> m
04/20/2019 10:55:44 PM I ------> J
04/20/2019 10:55:44 PM g ------> h
04/20/2019 10:55:44 PM q ------> r
04/20/2019 10:55:44 PM d ------> e
04/20/2019 10:55:44 PM Y ------> Z
04/20/2019 10:55:44 PM F ------> G
04/20/2019 10:55:44 PM z ------> a
04/20/2019 10:55:44 PM I ------> J
04/20/2019 10:55:44 PM E ------> F
04/20/2019 10:55:44 PM y ------> z
04/20/2019 10:55:44 PM W ------> X
04/20/2019 10:55:44 PM F ------> G
04/20/2019 10:55:44 PM C ------> D
04/20/2019 10:55:44 PM L ------> M
04/20/2019 10:55:44 PM E ------> F
04/20/2019 10:55:44 PM n ------> o
04/20/2019 10:55:44 PM U ------> V
04/20/2019 10:55:44 PM O ------> P
04/20/2019 10:55:44 PM a ------> b
04/20/2019 10:55:44 PM P ------> Q
04/20/2019 10:55:44 PM B ------> C
04/20/2019 10:55:44 PM t ------> u
04/20/2019 10:55:44 PM w ------> x
04/20/2019 10:55:44 PM a ------> b
04/20/2019 10:55:44 PM x ------> y
04/20/2019 10:55:44 PM L ------> M
04/20/2019 10:55:44 PM M ------> N
04/20/2019 10:55:44 PM K ------> L
04/20/2019 10:55:44 PM P ------> Q
04/20/2019 10:55:44 PM t ------> u
04/20/2019 10:55:44 PM a ------> b
04/20/2019 10:55:44 PM A ------> B
04/20/2019 10:55:44 PM F ------> G
04/20/2019 10:55:44 PM i ------> j
04/20/2019 10:55:44 PM R ------> S
04/20/2019 10:55:44 PM h ------> i
04/20/2019 10:55:44 PM K ------> L
04/20/2019 10:55:44 PM G ------> H
04/20/2019 10:55:44 PM S ------> T
04/20/2019 10:55:44 PM u ------> v
04/20/2019 10:55:44 PM j ------> k
04/20/2019 10:55:44 PM g ------> h
04/20/2019 10:55:44 PM C ------> D
04/20/2019 10:55:44 PM x ------> y
04/20/2019 10:55:44 PM O ------> P
04/20/2019 10:55:44 PM w ------> x
04/20/2019 10:55:44 PM p ------> q
04/20/2019 10:55:44 PM I ------> J
04/20/2019 10:55:44 PM O ------> P
04/20/2019 10:55:44 PM r ------> s
04/20/2019 10:55:44 PM b ------> c
04/20/2019 10:55:44 PM S ------> T
04/20/2019 10:55:44 PM T ------> U
04/20/2019 10:55:44 PM h ------> i
04/20/2019 10:55:44 PM j ------> k
04/20/2019 10:55:44 PM r ------> s
04/20/2019 10:55:44 PM H ------> I
04/20/2019 10:55:44 PM H ------> I
04/20/2019 10:55:44 PM s ------> t
04/20/2019 10:55:44 PM H ------> I
04/20/2019 10:55:44 PM P ------> Q
04/20/2019 10:55:44 PM S ------> T
04/20/2019 10:55:44 PM i ------> j
04/20/2019 10:55:44 PM f ------> g
04/20/2019 10:55:44 PM Y ------> Z
04/20/2019 10:55:44 PM z ------> a
04/20/2019 10:55:44 PM E ------> F
04/20/2019 10:55:44 PM w ------> x
04/20/2019 10:55:44 PM v ------> w
04/20/2019 10:55:44 PM x ------> y
04/20/2019 10:55:44 PM S ------> T
04/20/2019 10:55:44 PM l ------> m
04/20/2019 10:55:44 PM m ------> n
04/20/2019 10:55:44 PM S ------> T
04/20/2019 10:55:44 PM W ------> X
04/20/2019 10:55:44 PM c ------> d
04/20/2019 10:55:44 PM e ------> f
04/20/2019 10:55:44 PM h ------> i
04/20/2019 10:55:44 PM s ------> t
04/20/2019 10:55:44 PM s ------> t
04/20/2019 10:55:44 PM g ------> h
04/20/2019 10:55:44 PM Q ------> R
04/20/2019 10:55:44 PM D ------> E
04/20/2019 10:55:44 PM X ------> Y
04/20/2019 10:55:44 PM e ------> f
04/20/2019 10:55:44 PM h ------> i
04/20/2019 10:55:44 PM a ------> b
04/20/2019 10:55:44 PM x ------> y
04/20/2019 10:55:44 PM r ------> s
04/20/2019 10:55:44 PM Q ------> R
04/20/2019 10:55:44 PM p ------> q
04/20/2019 10:55:44 PM m ------> n
04/20/2019 10:55:44 PM P ------> Q
04/20/2019 10:55:44 PM v ------> w
04/20/2019 10:55:44 PM O ------> P
04/20/2019 10:55:44 PM d ------> e
04/20/2019 10:55:44 PM n ------> o
04/20/2019 10:55:44 PM Q ------> R
04/20/2019 10:55:44 PM q ------> r
04/20/2019 10:55:44 PM x ------> y
04/20/2019 10:55:44 PM q ------> r
04/20/2019 10:55:44 PM S ------> T
04/20/2019 10:55:44 PM J ------> K
04/20/2019 10:55:44 PM l ------> m
04/20/2019 10:55:44 PM B ------> C
04/20/2019 10:55:44 PM d ------> e
04/20/2019 10:55:44 PM Q ------> R
04/20/2019 10:55:44 PM s ------> t
04/20/2019 10:55:44 PM V ------> W
04/20/2019 10:55:44 PM V ------> W
04/20/2019 10:55:44 PM i ------> j
04/20/2019 10:55:44 PM I ------> J
04/20/2019 10:55:44 PM W ------> X
04/20/2019 10:55:44 PM L ------> M
04/20/2019 10:55:44 PM J ------> K
04/20/2019 10:55:44 PM D ------> E
04/20/2019 10:55:44 PM M ------> N
04/20/2019 10:55:44 PM b ------> c
04/20/2019 10:55:44 PM j ------> k
04/20/2019 10:55:44 PM y ------> z
04/20/2019 10:55:44 PM R ------> S
04/20/2019 10:55:44 PM H ------> I
04/20/2019 10:55:44 PM G ------> H
04/20/2019 10:55:44 PM K ------> L
04/20/2019 10:55:44 PM e ------> f
04/20/2019 10:55:44 PM i ------> j
04/20/2019 10:55:44 PM T ------> U
04/20/2019 10:55:44 PM o ------> p
04/20/2019 10:55:44 PM K ------> L
04/20/2019 10:55:44 PM L ------> M
04/20/2019 10:55:44 PM X ------> Y
04/20/2019 10:55:44 PM b ------> c
04/20/2019 10:55:44 PM i ------> j
04/20/2019 10:55:44 PM W ------> X
04/20/2019 10:55:44 PM u ------> v
04/20/2019 10:55:44 PM r ------> s
04/20/2019 10:55:44 PM b ------> c
04/20/2019 10:55:44 PM S ------> T
04/20/2019 10:55:44 PM X ------> Y
04/20/2019 10:55:44 PM f ------> g
04/20/2019 10:55:44 PM j ------> k
04/20/2019 10:55:44 PM x ------> y
04/20/2019 10:55:44 PM Y ------> Z
04/20/2019 10:55:44 PM R ------> S
04/20/2019 10:55:44 PM D ------> E
04/20/2019 10:55:44 PM l ------> m
04/20/2019 10:55:44 PM z ------> a
04/20/2019 10:55:44 PM q ------> r
04/20/2019 10:55:44 PM i ------> j
04/20/2019 10:55:44 PM v ------> w
04/20/2019 10:55:44 PM M ------> N
04/20/2019 10:55:44 PM c ------> d
04/20/2019 10:55:44 PM E ------> F
04/20/2019 10:55:44 PM v ------> w
04/20/2019 10:55:44 PM Q ------> R
04/20/2019 10:55:44 PM V ------> W
04/20/2019 10:55:44 PM O ------> P
04/20/2019 10:55:44 PM b ------> c
04/20/2019 10:55:44 PM v ------> w
04/20/2019 10:55:44 PM M ------> N
04/20/2019 10:55:44 PM u ------> v
04/20/2019 10:55:44 PM m ------> n
04/20/2019 10:55:44 PM P ------> Q
04/20/2019 10:55:44 PM J ------> K
04/20/2019 10:55:44 PM Z ------> A
04/20/2019 10:55:44 PM b ------> c
04/20/2019 10:55:44 PM U ------> V
04/20/2019 10:55:44 PM C ------> D
04/20/2019 10:55:44 PM I ------> J
04/20/2019 10:55:44 PM G ------> H
04/20/2019 10:55:44 PM h ------> i
04/20/2019 10:55:44 PM E ------> F
04/20/2019 10:55:44 PM S ------> T
04/20/2019 10:55:44 PM u ------> v
04/20/2019 10:55:44 PM k ------> l
04/20/2019 10:55:44 PM a ------> b
04/20/2019 10:55:44 PM d ------> e
04/20/2019 10:55:44 PM B ------> C
04/20/2019 10:55:44 PM m ------> n
04/20/2019 10:55:44 PM k ------> l
04/20/2019 10:55:44 PM l ------> m
04/20/2019 10:55:44 PM H ------> I
04/20/2019 10:55:44 PM i ------> j
04/20/2019 10:55:44 PM v ------> w
04/20/2019 10:55:44 PM o ------> p
04/20/2019 10:55:44 PM N ------> O
04/20/2019 10:55:44 PM L ------> M
04/20/2019 10:55:44 PM V ------> W
04/20/2019 10:55:44 PM I ------> J
04/20/2019 10:55:44 PM Y ------> Z
04/20/2019 10:55:44 PM V ------> W
04/20/2019 10:55:44 PM l ------> m
04/20/2019 10:55:44 PM p ------> q
04/20/2019 10:55:44 PM w ------> x
04/20/2019 10:55:44 PM F ------> G
04/20/2019 10:55:44 PM G ------> H
04/20/2019 10:55:44 PM o ------> p
04/20/2019 10:55:44 PM P ------> Q
04/20/2019 10:55:44 PM G ------> H
04/20/2019 10:55:44 PM B ------> C
04/20/2019 10:55:44 PM H ------> I
04/20/2019 10:55:44 PM s ------> t
04/20/2019 10:55:44 PM e ------> f
04/20/2019 10:55:44 PM S ------> T
04/20/2019 10:55:44 PM O ------> P
04/20/2019 10:55:44 PM t ------> u
04/20/2019 10:55:44 PM x ------> y
04/20/2019 10:55:44 PM k ------> l
04/20/2019 10:55:44 PM H ------> I
04/20/2019 10:55:44 PM O ------> P
04/20/2019 10:55:44 PM p ------> q
04/20/2019 10:55:44 PM d ------> e
04/20/2019 10:55:44 PM R ------> S
04/20/2019 10:55:44 PM Q ------> R
04/20/2019 10:55:44 PM K ------> L
04/20/2019 10:55:44 PM D ------> E
04/20/2019 10:55:44 PM O ------> P
04/20/2019 10:55:44 PM r ------> s
04/20/2019 10:55:44 PM L ------> M
04/20/2019 10:55:44 PM O ------> P
04/20/2019 10:55:44 PM y ------> z
04/20/2019 10:55:44 PM S ------> T
04/20/2019 10:55:44 PM f ------> g
04/20/2019 10:55:44 PM i ------> j
04/20/2019 10:55:44 PM g ------> h
04/20/2019 10:55:44 PM X ------> Y
04/20/2019 10:55:44 PM E ------> F
04/20/2019 10:55:44 PM R ------> S
04/20/2019 10:55:44 PM P ------> Q
04/20/2019 10:55:44 PM L ------> M
04/20/2019 10:55:44 PM Q ------> R
04/20/2019 10:55:44 PM f ------> g
04/20/2019 10:55:44 PM N ------> O
04/20/2019 10:55:44 PM I ------> J
04/20/2019 10:55:44 PM E ------> F
04/20/2019 10:55:44 PM K ------> L
04/20/2019 10:55:44 PM A ------> B
04/20/2019 10:55:44 PM K ------> L
04/20/2019 10:55:44 PM w ------> x
04/20/2019 10:55:44 PM k ------> l
04/20/2019 10:55:44 PM o ------> p
04/20/2019 10:55:44 PM X ------> Y
04/20/2019 10:55:44 PM r ------> s
04/20/2019 10:55:44 PM M ------> N
04/20/2019 10:55:44 PM A ------> B
04/20/2019 10:55:44 PM F ------> G
04/20/2019 10:55:44 PM a ------> b
04/20/2019 10:55:44 PM k ------> l
04/20/2019 10:55:44 PM k ------> l
04/20/2019 10:55:44 PM i ------> j
04/20/2019 10:55:44 PM h ------> i
04/20/2019 10:55:44 PM U ------> V
04/20/2019 10:55:44 PM P ------> Q
04/20/2019 10:55:44 PM M ------> N
04/20/2019 10:55:44 PM q ------> r
04/20/2019 10:55:44 PM r ------> s
04/20/2019 10:55:44 PM b ------> c
04/20/2019 10:55:44 PM p ------> q
04/20/2019 10:55:44 PM D ------> E
04/20/2019 10:55:44 PM R ------> S
04/20/2019 10:55:44 PM L ------> M
04/20/2019 10:55:44 PM q ------> r
04/20/2019 10:55:44 PM f ------> g
04/20/2019 10:55:44 PM M ------> N
04/20/2019 10:55:44 PM Q ------> R
04/20/2019 10:55:44 PM g ------> h
04/20/2019 10:55:44 PM N ------> O
04/20/2019 10:55:44 PM g ------> h
04/20/2019 10:55:44 PM Z ------> A
04/20/2019 10:55:44 PM G ------> H
04/20/2019 10:55:44 PM y ------> z
04/20/2019 10:55:44 PM M ------> N
04/20/2019 10:55:44 PM r ------> s
04/20/2019 10:55:44 PM f ------> g
04/20/2019 10:55:44 PM B ------> C
04/20/2019 10:55:44 PM T ------> U
04/20/2019 10:55:44 PM p ------> q
04/20/2019 10:55:44 PM H ------> I
04/20/2019 10:55:44 PM D ------> E
04/20/2019 10:55:44 PM H ------> I
04/20/2019 10:55:44 PM o ------> p
04/20/2019 10:55:44 PM I ------> J
04/20/2019 10:55:44 PM O ------> P
04/20/2019 10:55:44 PM y ------> z
04/20/2019 10:55:44 PM W ------> X
04/20/2019 10:55:44 PM p ------> q
04/20/2019 10:55:44 PM l ------> m
04/20/2019 10:55:44 PM Y ------> Z
04/20/2019 10:55:44 PM W ------> X
04/20/2019 10:55:44 PM W ------> X
04/20/2019 10:55:44 PM w ------> x
04/20/2019 10:55:44 PM k ------> l
04/20/2019 10:55:44 PM b ------> c
04/20/2019 10:55:44 PM z ------> a
04/20/2019 10:55:44 PM E ------> F
04/20/2019 10:55:44 PM i ------> j
04/20/2019 10:55:44 PM i ------> j
04/20/2019 10:55:44 PM K ------> L
04/20/2019 10:55:44 PM p ------> q
04/20/2019 10:55:44 PM i ------> j
04/20/2019 10:55:44 PM U ------> V
04/20/2019 10:55:44 PM g ------> h
04/20/2019 10:55:44 PM H ------> I
04/20/2019 10:55:44 PM s ------> t
04/20/2019 10:55:44 PM s ------> t
04/20/2019 10:55:44 PM r ------> s
04/20/2019 10:55:44 PM E ------> F
04/20/2019 10:55:44 PM o ------> p
04/20/2019 10:55:44 PM v ------> w
04/20/2019 10:55:44 PM e ------> f
04/20/2019 10:55:44 PM T ------> U
04/20/2019 10:55:44 PM k ------> l
04/20/2019 10:55:44 PM o ------> p
04/20/2019 10:55:44 PM m ------> n
04/20/2019 10:55:44 PM P ------> Q
04/20/2019 10:55:44 PM u ------> v
04/20/2019 10:55:44 PM u ------> v
04/20/2019 10:55:44 PM M ------> N
04/20/2019 10:55:44 PM A ------> B
04/20/2019 10:55:44 PM h ------> i
04/20/2019 10:55:44 PM z ------> a
04/20/2019 10:55:44 PM M ------> N
04/20/2019 10:55:44 PM u ------> v
04/20/2019 10:55:44 PM X ------> Y
04/20/2019 10:55:44 PM C ------> D
04/20/2019 10:55:44 PM X ------> Y
04/20/2019 10:55:44 PM m ------> n
04/20/2019 10:55:44 PM D ------> E
04/20/2019 10:55:44 PM W ------> X
04/20/2019 10:55:44 PM Q ------> R
04/20/2019 10:55:44 PM g ------> h
04/20/2019 10:55:44 PM l ------> m
04/20/2019 10:55:44 PM i ------> j
04/20/2019 10:55:44 PM x ------> y
04/20/2019 10:55:44 PM x ------> y
04/20/2019 10:55:44 PM s ------> t
04/20/2019 10:55:44 PM y ------> z
04/20/2019 10:55:44 PM Z ------> A
04/20/2019 10:55:44 PM P ------> Q
04/20/2019 10:55:44 PM S ------> T
04/20/2019 10:55:44 PM k ------> l
04/20/2019 10:55:44 PM y ------> z
04/20/2019 10:55:44 PM y ------> z
04/20/2019 10:55:44 PM o ------> p
04/20/2019 10:55:44 PM m ------> n
04/20/2019 10:55:44 PM f ------> g
04/20/2019 10:55:44 PM U ------> V
04/20/2019 10:55:44 PM q ------> r
04/20/2019 10:55:44 PM P ------> Q
04/20/2019 10:55:44 PM e ------> f
04/20/2019 10:55:44 PM B ------> C
04/20/2019 10:55:44 PM z ------> a
04/20/2019 10:55:44 PM s ------> t
04/20/2019 10:55:44 PM d ------> e
04/20/2019 10:55:44 PM y ------> z
04/20/2019 10:55:44 PM j ------> k
04/20/2019 10:55:44 PM n ------> o
04/20/2019 10:55:44 PM c ------> d
04/20/2019 10:55:44 PM S ------> T
04/20/2019 10:55:44 PM M ------> N
04/20/2019 10:55:44 PM o ------> p
04/20/2019 10:55:44 PM d ------> e
04/20/2019 10:55:44 PM K ------> L
04/20/2019 10:55:44 PM w ------> x
04/20/2019 10:55:44 PM B ------> C
04/20/2019 10:55:44 PM l ------> m
04/20/2019 10:55:44 PM n ------> o
04/20/2019 10:55:44 PM Q ------> R
04/20/2019 10:55:44 PM n ------> o
04/20/2019 10:55:44 PM R ------> S
04/20/2019 10:55:44 PM I ------> J
04/20/2019 10:55:44 PM d ------> e
04/20/2019 10:55:44 PM N ------> O
04/20/2019 10:55:44 PM u ------> v
04/20/2019 10:55:44 PM Q ------> R
04/20/2019 10:55:44 PM V ------> W
04/20/2019 10:55:44 PM C ------> D
04/20/2019 10:55:44 PM m ------> n
04/20/2019 10:55:44 PM K ------> L
04/20/2019 10:55:44 PM C ------> D
04/20/2019 10:55:44 PM B ------> C
04/20/2019 10:55:44 PM X ------> Y
04/20/2019 10:55:44 PM n ------> o
04/20/2019 10:55:44 PM Y ------> Z
04/20/2019 10:55:44 PM x ------> y
04/20/2019 10:55:44 PM o ------> p
04/20/2019 10:55:44 PM m ------> n
04/20/2019 10:55:44 PM e ------> f
04/20/2019 10:55:44 PM T ------> U
04/20/2019 10:55:44 PM C ------> D
04/20/2019 10:55:44 PM I ------> J
04/20/2019 10:55:44 PM k ------> l
04/20/2019 10:55:44 PM L ------> M
04/20/2019 10:55:44 PM b ------> c
04/20/2019 10:55:44 PM e ------> f
04/20/2019 10:55:44 PM b ------> c
04/20/2019 10:55:44 PM k ------> l
04/20/2019 10:55:44 PM j ------> k
04/20/2019 10:55:44 PM Z ------> A
04/20/2019 10:55:44 PM t ------> u
04/20/2019 10:55:44 PM w ------> x
04/20/2019 10:55:44 PM O ------> P
04/20/2019 10:55:44 PM Q ------> R
04/20/2019 10:55:44 PM K ------> L
04/20/2019 10:55:44 PM n ------> o
04/20/2019 10:55:44 PM r ------> s
04/20/2019 10:55:44 PM S ------> T
04/20/2019 10:55:44 PM X ------> Y
04/20/2019 10:55:44 PM j ------> k
04/20/2019 10:55:44 PM z ------> a
04/20/2019 10:55:44 PM F ------> G
04/20/2019 10:55:44 PM h ------> i
04/20/2019 10:55:44 PM i ------> j
04/20/2019 10:55:44 PM C ------> D
04/20/2019 10:55:44 PM o ------> p
04/20/2019 10:55:44 PM K ------> L
04/20/2019 10:55:44 PM Y ------> Z
04/20/2019 10:55:44 PM V ------> W
04/20/2019 10:55:44 PM g ------> h
04/20/2019 10:55:44 PM z ------> a
04/20/2019 10:55:44 PM S ------> T
04/20/2019 10:55:44 PM X ------> Y
04/20/2019 10:55:44 PM m ------> n
04/20/2019 10:55:44 PM K ------> L
04/20/2019 10:55:44 PM u ------> v
04/20/2019 10:55:44 PM S ------> T
04/20/2019 10:55:44 PM s ------> t
04/20/2019 10:55:44 PM M ------> N
04/20/2019 10:55:44 PM s ------> t
04/20/2019 10:55:44 PM z ------> a
04/20/2019 10:55:44 PM m ------> n
04/20/2019 10:55:44 PM d ------> e
04/20/2019 10:55:44 PM J ------> K
04/20/2019 10:55:44 PM k ------> l
04/20/2019 10:55:44 PM f ------> g
04/20/2019 10:55:44 PM l ------> m
04/20/2019 10:55:44 PM J ------> K
04/20/2019 10:55:44 PM g ------> h
04/20/2019 10:55:44 PM t ------> u
04/20/2019 10:55:44 PM M ------> N
04/20/2019 10:55:44 PM n ------> o
04/20/2019 10:55:44 PM L ------> M
04/20/2019 10:55:44 PM H ------> I
04/20/2019 10:55:44 PM O ------> P
04/20/2019 10:55:44 PM L ------> M
04/20/2019 10:55:44 PM G ------> H
04/20/2019 10:55:44 PM l ------> m
04/20/2019 10:55:44 PM p ------> q
04/20/2019 10:55:44 PM f ------> g
04/20/2019 10:55:44 PM a ------> b
04/20/2019 10:55:44 PM k ------> l
04/20/2019 10:55:44 PM h ------> i
04/20/2019 10:55:44 PM F ------> G
04/20/2019 10:55:44 PM m ------> n
04/20/2019 10:55:44 PM X ------> Y
04/20/2019 10:55:44 PM a ------> b
04/20/2019 10:55:44 PM I ------> J
04/20/2019 10:55:44 PM s ------> t
04/20/2019 10:55:44 PM t ------> u
04/20/2019 10:55:44 PM Q ------> R
04/20/2019 10:55:44 PM O ------> P
04/20/2019 10:55:44 PM P ------> Q
04/20/2019 10:55:44 PM Z ------> A
04/20/2019 10:55:44 PM q ------> r
04/20/2019 10:55:44 PM f ------> g
04/20/2019 10:55:44 PM I ------> J
04/20/2019 10:55:44 PM X ------> Y
04/20/2019 10:55:44 PM Y ------> Z
04/20/2019 10:55:44 PM d ------> e
04/20/2019 10:55:44 PM n ------> o
04/20/2019 10:55:44 PM x ------> y
04/20/2019 10:55:44 PM I ------> J
04/20/2019 10:55:44 PM X ------> Y
04/20/2019 10:55:44 PM Z ------> A
04/20/2019 10:55:44 PM e ------> f
04/20/2019 10:55:44 PM A ------> B
04/20/2019 10:55:44 PM v ------> w
04/20/2019 10:55:44 PM Y ------> Z
04/20/2019 10:55:44 PM U ------> V
04/20/2019 10:55:44 PM G ------> H
04/20/2019 10:55:44 PM m ------> n
04/20/2019 10:55:44 PM R ------> S
04/20/2019 10:55:44 PM K ------> L
04/20/2019 10:55:44 PM N ------> O
04/20/2019 10:55:44 PM b ------> c
04/20/2019 10:55:44 PM B ------> C
04/20/2019 10:55:44 PM P ------> Q
04/20/2019 10:55:44 PM j ------> k
04/20/2019 10:55:44 PM r ------> s
04/20/2019 10:55:44 PM f ------> g
04/20/2019 10:55:44 PM v ------> w
04/20/2019 10:55:44 PM m ------> n
04/20/2019 10:55:44 PM J ------> K
04/20/2019 10:55:44 PM e ------> f
04/20/2019 10:55:44 PM c ------> d
04/20/2019 10:55:44 PM f ------> g
04/20/2019 10:55:44 PM P ------> Q
04/20/2019 10:55:44 PM h ------> i
04/20/2019 10:55:44 PM V ------> W
04/20/2019 10:55:44 PM k ------> l
04/20/2019 10:55:44 PM S ------> T
04/20/2019 10:55:44 PM p ------> q
04/20/2019 10:55:44 PM T ------> U
04/20/2019 10:55:44 PM L ------> M
04/20/2019 10:55:44 PM y ------> z
04/20/2019 10:55:44 PM N ------> O
04/20/2019 10:55:44 PM J ------> K
04/20/2019 10:55:44 PM h ------> i
04/20/2019 10:55:44 PM F ------> G
04/20/2019 10:55:44 PM S ------> T
04/20/2019 10:55:44 PM Y ------> Z
04/20/2019 10:55:44 PM p ------> q
04/20/2019 10:55:44 PM g ------> h
04/20/2019 10:55:44 PM z ------> a
04/20/2019 10:55:44 PM c ------> d
04/20/2019 10:55:44 PM z ------> a
04/20/2019 10:55:44 PM d ------> e
04/20/2019 10:55:44 PM D ------> E
04/20/2019 10:55:44 PM n ------> o
04/20/2019 10:55:44 PM H ------> I
04/20/2019 10:55:44 PM P ------> Q
04/20/2019 10:55:44 PM Q ------> R
04/20/2019 10:55:44 PM h ------> i
04/20/2019 10:55:44 PM u ------> v
04/20/2019 10:55:44 PM D ------> E
04/20/2019 10:55:44 PM s ------> t
04/20/2019 10:55:44 PM N ------> O
04/20/2019 10:55:44 PM h ------> i
04/20/2019 10:55:44 PM y ------> z
04/20/2019 10:55:44 PM X ------> Y
04/20/2019 10:55:44 PM I ------> J
04/20/2019 10:55:44 PM M ------> N
04/20/2019 10:55:44 PM i ------> j
04/20/2019 10:55:44 PM L ------> M
04/20/2019 10:55:44 PM A ------> B
04/20/2019 10:55:44 PM H ------> I
04/20/2019 10:55:44 PM T ------> U
04/20/2019 10:55:44 PM M ------> N
04/20/2019 10:55:44 PM i ------> j
04/20/2019 10:55:44 PM n ------> o
04/20/2019 10:55:44 PM e ------> f
04/20/2019 10:55:44 PM u ------> v
04/20/2019 10:55:44 PM d ------> e
04/20/2019 10:55:44 PM Y ------> Z
04/20/2019 10:55:44 PM d ------> e
04/20/2019 10:55:44 PM U ------> V
04/20/2019 10:55:44 PM W ------> X
04/20/2019 10:55:44 PM O ------> P
04/20/2019 10:55:44 PM D ------> E
04/20/2019 10:55:44 PM p ------> q
04/20/2019 10:55:44 PM z ------> a
04/20/2019 10:55:44 PM L ------> M
04/20/2019 10:55:44 PM a ------> b
04/20/2019 10:55:44 PM p ------> q
04/20/2019 10:55:44 PM S ------> T
04/20/2019 10:55:44 PM y ------> z
04/20/2019 10:55:44 PM g ------> h
04/20/2019 10:55:44 PM i ------> j
04/20/2019 10:55:44 PM D ------> E
04/20/2019 10:55:44 PM K ------> L
04/20/2019 10:55:44 PM D ------> E
04/20/2019 10:55:44 PM z ------> a
04/20/2019 10:55:44 PM U ------> V
04/20/2019 10:55:44 PM v ------> w
04/20/2019 10:55:44 PM T ------> U
04/20/2019 10:55:44 PM d ------> e
04/20/2019 10:55:44 PM i ------> j
04/20/2019 10:55:44 PM x ------> y
04/20/2019 10:55:44 PM u ------> v
04/20/2019 10:55:44 PM b ------> c
04/20/2019 10:55:44 PM l ------> m
04/20/2019 10:55:44 PM k ------> l
04/20/2019 10:55:44 PM p ------> q
04/20/2019 10:55:44 PM V ------> W
04/20/2019 10:55:44 PM S ------> T
04/20/2019 10:55:44 PM b ------> c
04/20/2019 10:55:44 PM e ------> f
04/20/2019 10:55:44 PM W ------> X
04/20/2019 10:55:44 PM q ------> r
04/20/2019 10:55:44 PM L ------> M
04/20/2019 10:55:44 PM L ------> M
04/20/2019 10:55:44 PM c ------> d
04/20/2019 10:55:44 PM y ------> z
04/20/2019 10:55:44 PM r ------> s
04/20/2019 10:55:44 PM V ------> W
04/20/2019 10:55:44 PM z ------> a
04/20/2019 10:55:44 PM f ------> g
04/20/2019 10:55:44 PM t ------> u
04/20/2019 10:55:44 PM E ------> F
04/20/2019 10:55:44 PM e ------> f
04/20/2019 10:55:44 PM t ------> u
04/20/2019 10:55:44 PM w ------> x
04/20/2019 10:55:44 PM U ------> V
04/20/2019 10:55:44 PM H ------> I
04/20/2019 10:55:44 PM x ------> y
04/20/2019 10:55:44 PM I ------> J
04/20/2019 10:55:44 PM L ------> M
04/20/2019 10:55:44 PM g ------> h
04/20/2019 10:55:44 PM S ------> T
04/20/2019 10:55:44 PM Q ------> R
04/20/2019 10:55:44 PM f ------> g
04/20/2019 10:55:44 PM O ------> P
04/20/2019 10:55:44 PM v ------> w
04/20/2019 10:55:44 PM T ------> U
04/20/2019 10:55:44 PM T ------> U
04/20/2019 10:55:44 PM p ------> q
04/20/2019 10:55:44 PM D ------> E
04/20/2019 10:55:44 PM z ------> a
04/20/2019 10:55:44 PM W ------> X
04/20/2019 10:55:44 PM e ------> f
04/20/2019 10:55:44 PM c ------> d
04/20/2019 10:55:44 PM u ------> v
04/20/2019 10:55:44 PM o ------> p
04/20/2019 10:55:44 PM I ------> J
04/20/2019 10:55:44 PM T ------> U
04/20/2019 10:55:44 PM d ------> e
04/20/2019 10:55:44 PM J ------> K
04/20/2019 10:55:44 PM g ------> h
04/20/2019 10:55:44 PM v ------> w
04/20/2019 10:55:44 PM J ------> K
04/20/2019 10:55:44 PM i ------> j
04/20/2019 10:55:44 PM a ------> b
04/20/2019 10:55:44 PM t ------> u
04/20/2019 10:55:44 PM v ------> w
04/20/2019 10:55:44 PM r ------> s
04/20/2019 10:55:44 PM F ------> G
04/20/2019 10:55:44 PM j ------> k
04/20/2019 10:55:44 PM W ------> X
04/20/2019 10:55:44 PM k ------> l
04/20/2019 10:55:44 PM h ------> i
04/20/2019 10:55:44 PM e ------> f
04/20/2019 10:55:44 PM M ------> N
04/20/2019 10:55:44 PM R ------> S
04/20/2019 10:55:44 PM J ------> K
04/20/2019 10:55:44 PM t ------> u
04/20/2019 10:55:44 PM s ------> t
04/20/2019 10:55:44 PM C ------> D
04/20/2019 10:55:44 PM c ------> d
04/20/2019 10:55:44 PM S ------> T
04/20/2019 10:55:44 PM w ------> x
04/20/2019 10:55:44 PM i ------> j
04/20/2019 10:55:44 PM b ------> c
04/20/2019 10:55:44 PM p ------> q
04/20/2019 10:55:44 PM L ------> M
04/20/2019 10:55:44 PM Z ------> A
04/20/2019 10:55:44 PM J ------> K
04/20/2019 10:55:44 PM P ------> Q
04/20/2019 10:55:44 PM Z ------> A
04/20/2019 10:55:44 PM K ------> L
04/20/2019 10:55:44 PM N ------> O
04/20/2019 10:55:44 PM h ------> i
04/20/2019 10:55:44 PM W ------> X
04/20/2019 10:55:44 PM Y ------> Z
04/20/2019 10:55:44 PM l ------> m
04/20/2019 10:55:44 PM N ------> O
04/20/2019 10:55:44 PM L ------> M
04/20/2019 10:55:44 PM u ------> v
04/20/2019 10:55:44 PM w ------> x
04/20/2019 10:55:44 PM z ------> a
04/20/2019 10:55:44 PM f ------> g
04/20/2019 10:55:44 PM A ------> B
04/20/2019 10:55:44 PM C ------> D
04/20/2019 10:55:44 PM N ------> O
04/20/2019 10:55:44 PM W ------> X
04/20/2019 10:55:44 PM L ------> M
04/20/2019 10:55:44 PM Error rate: 0.0
