INFO 	 2019-04-21 02:32:06,147 Serial port COM3 opened successfully.
INFO 	 2019-04-21 02:32:06,147 Running: 1000 tests with baud rate: 200000
DEBUG 	 2019-04-21 02:32:06,148 yyyyy ------> zzzzz
DEBUG 	 2019-04-21 02:32:06,149 QQQQQ ------> RRRRR
DEBUG 	 2019-04-21 02:32:06,150 HHHHH ------> IIIII
DEBUG 	 2019-04-21 02:32:06,151 JJJJJ ------> KKKKK
DEBUG 	 2019-04-21 02:32:06,152 uuuuu ------> vvvvv
DEBUG 	 2019-04-21 02:32:06,153 rrrrr ------> sssss
DEBUG 	 2019-04-21 02:32:06,154 YYYYY ------> ZZZZZ
DEBUG 	 2019-04-21 02:32:06,155 ppppp ------> qqqqq
DEBUG 	 2019-04-21 02:32:06,156 BBBBB ------> CCCCC
DEBUG 	 2019-04-21 02:32:06,157 VVVVV ------> WWWWW
DEBUG 	 2019-04-21 02:32:06,158 iiiii ------> jjjjj
DEBUG 	 2019-04-21 02:32:06,159 HHHHH ------> IIIII
DEBUG 	 2019-04-21 02:32:06,165 CCCCC ------> DDDDD
DEBUG 	 2019-04-21 02:32:06,166 ppppp ------> qqqqq
DEBUG 	 2019-04-21 02:32:06,167 OOOOO ------> PPPPP
DEBUG 	 2019-04-21 02:32:06,168 ppppp ------> qqqqq
DEBUG 	 2019-04-21 02:32:06,169 EEEEE ------> FFFFF
DEBUG 	 2019-04-21 02:32:06,170 SSSSS ------> TTTTT
DEBUG 	 2019-04-21 02:32:06,171 bbbbb ------> ccccc
DEBUG 	 2019-04-21 02:32:06,172 ggggg ------> hhhhh
DEBUG 	 2019-04-21 02:32:06,173 IIIII ------> JJJJJ
DEBUG 	 2019-04-21 02:32:06,174 SSSSS ------> TTTTT
DEBUG 	 2019-04-21 02:32:06,175 HHHHH ------> IIIII
DEBUG 	 2019-04-21 02:32:06,176 JJJJJ ------> KKKKK
DEBUG 	 2019-04-21 02:32:06,177 YYYYY ------> ZZZZZ
DEBUG 	 2019-04-21 02:32:06,178 HHHHH ------> IIIII
DEBUG 	 2019-04-21 02:32:06,179 ppppp ------> qqqqq
DEBUG 	 2019-04-21 02:32:06,180 BBBBB ------> CCCCC
DEBUG 	 2019-04-21 02:32:06,181 UUUUU ------> VVVVV
DEBUG 	 2019-04-21 02:32:06,182 AAAAA ------> BBBBB
DEBUG 	 2019-04-21 02:32:06,183 ggggg ------> hhhhh
DEBUG 	 2019-04-21 02:32:06,184 vvvvv ------> wwwww
DEBUG 	 2019-04-21 02:32:06,185 iiiii ------> jjjjj
DEBUG 	 2019-04-21 02:32:06,186 IIIII ------> JJJJJ
DEBUG 	 2019-04-21 02:32:06,187 SSSSS ------> TTTTT
DEBUG 	 2019-04-21 02:32:06,188 aaaaa ------> bbbbb
DEBUG 	 2019-04-21 02:32:06,189 mmmmm ------> nnnnn
DEBUG 	 2019-04-21 02:32:06,190 WWWWW ------> XXXXX
DEBUG 	 2019-04-21 02:32:06,191 ooooo ------> ppppp
DEBUG 	 2019-04-21 02:32:06,192 hhhhh ------> iiiii
DEBUG 	 2019-04-21 02:32:06,193 mmmmm ------> nnnnn
DEBUG 	 2019-04-21 02:32:06,194 yyyyy ------> zzzzz
DEBUG 	 2019-04-21 02:32:06,195 zzzzz ------> aaaaa
DEBUG 	 2019-04-21 02:32:06,196 MMMMM ------> NNNNN
DEBUG 	 2019-04-21 02:32:06,197 rrrrr ------> sssss
DEBUG 	 2019-04-21 02:32:06,198 ccccc ------> ddddd
DEBUG 	 2019-04-21 02:32:06,199 ggggg ------> hhhhh
DEBUG 	 2019-04-21 02:32:06,200 vvvvv ------> wwwww
DEBUG 	 2019-04-21 02:32:06,201 ooooo ------> ppppp
DEBUG 	 2019-04-21 02:32:06,202 iiiii ------> jjjjj
DEBUG 	 2019-04-21 02:32:06,203 mmmmm ------> nnnnn
DEBUG 	 2019-04-21 02:32:06,204 ppppp ------> qqqqq
DEBUG 	 2019-04-21 02:32:06,205 jjjjj ------> kkkkk
DEBUG 	 2019-04-21 02:32:06,206 uuuuu ------> vvvvv
DEBUG 	 2019-04-21 02:32:06,207 VVVVV ------> WWWWW
DEBUG 	 2019-04-21 02:32:06,208 uuuuu ------> vvvvv
DEBUG 	 2019-04-21 02:32:06,209 JJJJJ ------> KKKKK
DEBUG 	 2019-04-21 02:32:06,210 iiiii ------> jjjjj
DEBUG 	 2019-04-21 02:32:06,211 RRRRR ------> SSSSS
DEBUG 	 2019-04-21 02:32:06,212 FFFFF ------> GGGGG
DEBUG 	 2019-04-21 02:32:06,213 ddddd ------> eeeee
DEBUG 	 2019-04-21 02:32:06,214 kkkkk ------> lllll
DEBUG 	 2019-04-21 02:32:06,215 ooooo ------> ppppp
DEBUG 	 2019-04-21 02:32:06,216 DDDDD ------> EEEEE
DEBUG 	 2019-04-21 02:32:06,217 IIIII ------> JJJJJ
DEBUG 	 2019-04-21 02:32:06,218 ggggg ------> hhhhh
DEBUG 	 2019-04-21 02:32:06,219 jjjjj ------> kkkkk
DEBUG 	 2019-04-21 02:32:06,220 TTTTT ------> UUUUU
DEBUG 	 2019-04-21 02:32:06,221 hhhhh ------> iiiii
DEBUG 	 2019-04-21 02:32:06,222 YYYYY ------> ZZZZZ
DEBUG 	 2019-04-21 02:32:06,223 lllll ------> mmmmm
DEBUG 	 2019-04-21 02:32:06,224 iiiii ------> jjjjj
DEBUG 	 2019-04-21 02:32:06,225 ooooo ------> ppppp
DEBUG 	 2019-04-21 02:32:06,226 KKKKK ------> LLLLL
DEBUG 	 2019-04-21 02:32:06,227 CCCCC ------> DDDDD
DEBUG 	 2019-04-21 02:32:06,228 rrrrr ------> sssss
DEBUG 	 2019-04-21 02:32:06,229 ggggg ------> hhhhh
DEBUG 	 2019-04-21 02:32:06,230 PPPPP ------> QQQQQ
DEBUG 	 2019-04-21 02:32:06,231 lllll ------> mmmmm
DEBUG 	 2019-04-21 02:32:06,232 CCCCC ------> DDDDD
DEBUG 	 2019-04-21 02:32:06,233 eeeee ------> fffff
DEBUG 	 2019-04-21 02:32:06,234 LLLLL ------> MMMMM
DEBUG 	 2019-04-21 02:32:06,235 ccccc ------> ddddd
DEBUG 	 2019-04-21 02:32:06,236 FFFFF ------> GGGGG
DEBUG 	 2019-04-21 02:32:06,237 bbbbb ------> ccccc
DEBUG 	 2019-04-21 02:32:06,238 uuuuu ------> vvvvv
DEBUG 	 2019-04-21 02:32:06,239 iiiii ------> jjjjj
DEBUG 	 2019-04-21 02:32:06,240 mmmmm ------> nnnnn
DEBUG 	 2019-04-21 02:32:06,241 fffff ------> ggggg
DEBUG 	 2019-04-21 02:32:06,242 YYYYY ------> ZZZZZ
DEBUG 	 2019-04-21 02:32:06,243 NNNNN ------> OOOOO
DEBUG 	 2019-04-21 02:32:06,244 XXXXX ------> YYYYY
DEBUG 	 2019-04-21 02:32:06,245 ooooo ------> ppppp
DEBUG 	 2019-04-21 02:32:06,246 JJJJJ ------> KKKKK
DEBUG 	 2019-04-21 02:32:06,247 ggggg ------> hhhhh
DEBUG 	 2019-04-21 02:32:06,248 ppppp ------> qqqqq
DEBUG 	 2019-04-21 02:32:06,249 FFFFF ------> GGGGG
DEBUG 	 2019-04-21 02:32:06,250 qqqqq ------> rrrrr
DEBUG 	 2019-04-21 02:32:06,251 wwwww ------> xxxxx
DEBUG 	 2019-04-21 02:32:06,252 fffff ------> ggggg
DEBUG 	 2019-04-21 02:32:06,253 xxxxx ------> yyyyy
DEBUG 	 2019-04-21 02:32:06,254 NNNNN ------> OOOOO
DEBUG 	 2019-04-21 02:32:06,255 sssss ------> ttttt
DEBUG 	 2019-04-21 02:32:06,256 rrrrr ------> sssss
DEBUG 	 2019-04-21 02:32:06,257 FFFFF ------> GGGGG
DEBUG 	 2019-04-21 02:32:06,258 jjjjj ------> kkkkk
DEBUG 	 2019-04-21 02:32:06,259 EEEEE ------> FFFFF
DEBUG 	 2019-04-21 02:32:06,260 DDDDD ------> EEEEE
DEBUG 	 2019-04-21 02:32:06,261 XXXXX ------> YYYYY
DEBUG 	 2019-04-21 02:32:06,262 rrrrr ------> sssss
DEBUG 	 2019-04-21 02:32:06,263 bbbbb ------> ccccc
DEBUG 	 2019-04-21 02:32:06,264 NNNNN ------> OOOOO
DEBUG 	 2019-04-21 02:32:06,265 ttttt ------> uuuuu
DEBUG 	 2019-04-21 02:32:06,266 OOOOO ------> PPPPP
DEBUG 	 2019-04-21 02:32:06,267 ttttt ------> uuuuu
DEBUG 	 2019-04-21 02:32:06,268 ccccc ------> ddddd
DEBUG 	 2019-04-21 02:32:06,269 AAAAA ------> BBBBB
DEBUG 	 2019-04-21 02:32:06,270 nnnnn ------> ooooo
DEBUG 	 2019-04-21 02:32:06,271 RRRRR ------> SSSSS
DEBUG 	 2019-04-21 02:32:06,272 aaaaa ------> bbbbb
DEBUG 	 2019-04-21 02:32:06,273 LLLLL ------> MMMMM
DEBUG 	 2019-04-21 02:32:06,274 ggggg ------> hhhhh
DEBUG 	 2019-04-21 02:32:06,275 NNNNN ------> OOOOO
DEBUG 	 2019-04-21 02:32:06,276 AAAAA ------> BBBBB
DEBUG 	 2019-04-21 02:32:06,277 ooooo ------> ppppp
DEBUG 	 2019-04-21 02:32:06,278 vvvvv ------> wwwww
DEBUG 	 2019-04-21 02:32:06,279 sssss ------> ttttt
DEBUG 	 2019-04-21 02:32:06,280 AAAAA ------> BBBBB
DEBUG 	 2019-04-21 02:32:06,281 jjjjj ------> kkkkk
DEBUG 	 2019-04-21 02:32:06,282 ooooo ------> ppppp
DEBUG 	 2019-04-21 02:32:06,283 TTTTT ------> UUUUU
DEBUG 	 2019-04-21 02:32:06,284 yyyyy ------> zzzzz
DEBUG 	 2019-04-21 02:32:06,285 EEEEE ------> FFFFF
DEBUG 	 2019-04-21 02:32:06,286 aaaaa ------> bbbbb
DEBUG 	 2019-04-21 02:32:06,287 LLLLL ------> MMMMM
DEBUG 	 2019-04-21 02:32:06,288 rrrrr ------> sssss
DEBUG 	 2019-04-21 02:32:06,289 rrrrr ------> sssss
DEBUG 	 2019-04-21 02:32:06,290 lllll ------> mmmmm
DEBUG 	 2019-04-21 02:32:06,291 ppppp ------> qqqqq
DEBUG 	 2019-04-21 02:32:06,292 wwwww ------> xxxxx
DEBUG 	 2019-04-21 02:32:06,293 NNNNN ------> OOOOO
DEBUG 	 2019-04-21 02:32:06,294 KKKKK ------> LLLLL
DEBUG 	 2019-04-21 02:32:06,295 PPPPP ------> QQQQQ
DEBUG 	 2019-04-21 02:32:06,296 mmmmm ------> nnnnn
DEBUG 	 2019-04-21 02:32:06,297 WWWWW ------> XXXXX
DEBUG 	 2019-04-21 02:32:06,298 BBBBB ------> CCCCC
DEBUG 	 2019-04-21 02:32:06,299 eeeee ------> fffff
DEBUG 	 2019-04-21 02:32:06,300 xxxxx ------> yyyyy
DEBUG 	 2019-04-21 02:32:06,301 uuuuu ------> vvvvv
DEBUG 	 2019-04-21 02:32:06,302 CCCCC ------> DDDDD
DEBUG 	 2019-04-21 02:32:06,303 iiiii ------> jjjjj
DEBUG 	 2019-04-21 02:32:06,304 FFFFF ------> GGGGG
DEBUG 	 2019-04-21 02:32:06,305 BBBBB ------> CCCCC
DEBUG 	 2019-04-21 02:32:06,306 uuuuu ------> vvvvv
DEBUG 	 2019-04-21 02:32:06,307 CCCCC ------> DDDDD
DEBUG 	 2019-04-21 02:32:06,308 qqqqq ------> rrrrr
DEBUG 	 2019-04-21 02:32:06,309 TTTTT ------> UUUUU
DEBUG 	 2019-04-21 02:32:06,310 OOOOO ------> PPPPP
DEBUG 	 2019-04-21 02:32:06,311 BBBBB ------> CCCCC
DEBUG 	 2019-04-21 02:32:06,312 iiiii ------> jjjjj
DEBUG 	 2019-04-21 02:32:06,313 LLLLL ------> MMMMM
DEBUG 	 2019-04-21 02:32:06,314 iiiii ------> jjjjj
DEBUG 	 2019-04-21 02:32:06,315 NNNNN ------> OOOOO
DEBUG 	 2019-04-21 02:32:06,316 YYYYY ------> ZZZZZ
DEBUG 	 2019-04-21 02:32:06,317 CCCCC ------> DDDDD
DEBUG 	 2019-04-21 02:32:06,318 TTTTT ------> UUUUU
DEBUG 	 2019-04-21 02:32:06,319 rrrrr ------> sssss
DEBUG 	 2019-04-21 02:32:06,320 EEEEE ------> FFFFF
DEBUG 	 2019-04-21 02:32:06,321 ddddd ------> eeeee
DEBUG 	 2019-04-21 02:32:06,322 FFFFF ------> GGGGG
DEBUG 	 2019-04-21 02:32:06,323 BBBBB ------> CCCCC
DEBUG 	 2019-04-21 02:32:06,324 FFFFF ------> GGGGG
DEBUG 	 2019-04-21 02:32:06,325 YYYYY ------> ZZZZZ
DEBUG 	 2019-04-21 02:32:06,326 GGGGG ------> HHHHH
DEBUG 	 2019-04-21 02:32:06,327 hhhhh ------> iiiii
DEBUG 	 2019-04-21 02:32:06,328 OOOOO ------> PPPPP
DEBUG 	 2019-04-21 02:32:06,329 sssss ------> ttttt
DEBUG 	 2019-04-21 02:32:06,330 ZZZZZ ------> AAAAA
DEBUG 	 2019-04-21 02:32:06,331 ZZZZZ ------> AAAAA
DEBUG 	 2019-04-21 02:32:06,332 JJJJJ ------> KKKKK
DEBUG 	 2019-04-21 02:32:06,333 zzzzz ------> aaaaa
DEBUG 	 2019-04-21 02:32:06,334 ZZZZZ ------> AAAAA
DEBUG 	 2019-04-21 02:32:06,335 iiiii ------> jjjjj
DEBUG 	 2019-04-21 02:32:06,336 ccccc ------> ddddd
DEBUG 	 2019-04-21 02:32:06,337 zzzzz ------> aaaaa
DEBUG 	 2019-04-21 02:32:06,338 ccccc ------> ddddd
DEBUG 	 2019-04-21 02:32:06,339 zzzzz ------> aaaaa
DEBUG 	 2019-04-21 02:32:06,340 ddddd ------> eeeee
DEBUG 	 2019-04-21 02:32:06,341 OOOOO ------> PPPPP
DEBUG 	 2019-04-21 02:32:06,342 LLLLL ------> MMMMM
DEBUG 	 2019-04-21 02:32:06,343 ooooo ------> ppppp
DEBUG 	 2019-04-21 02:32:06,344 HHHHH ------> IIIII
DEBUG 	 2019-04-21 02:32:06,345 ppppp ------> qqqqq
DEBUG 	 2019-04-21 02:32:06,346 zzzzz ------> aaaaa
DEBUG 	 2019-04-21 02:32:06,347 iiiii ------> jjjjj
DEBUG 	 2019-04-21 02:32:06,349 DDDDD ------> EEEEE
DEBUG 	 2019-04-21 02:32:06,350 KKKKK ------> LLLLL
DEBUG 	 2019-04-21 02:32:06,351 ppppp ------> qqqqq
DEBUG 	 2019-04-21 02:32:06,352 WWWWW ------> XXXXX
DEBUG 	 2019-04-21 02:32:06,353 EEEEE ------> FFFFF
DEBUG 	 2019-04-21 02:32:06,354 vvvvv ------> wwwww
DEBUG 	 2019-04-21 02:32:06,355 MMMMM ------> NNNNN
DEBUG 	 2019-04-21 02:32:06,356 uuuuu ------> vvvvv
DEBUG 	 2019-04-21 02:32:06,357 vvvvv ------> wwwww
DEBUG 	 2019-04-21 02:32:06,358 AAAAA ------> BBBBB
DEBUG 	 2019-04-21 02:32:06,359 UUUUU ------> VVVVV
DEBUG 	 2019-04-21 02:32:06,360 BBBBB ------> CCCCC
DEBUG 	 2019-04-21 02:32:06,361 KKKKK ------> LLLLL
DEBUG 	 2019-04-21 02:32:06,362 YYYYY ------> ZZZZZ
DEBUG 	 2019-04-21 02:32:06,363 lllll ------> mmmmm
DEBUG 	 2019-04-21 02:32:06,364 sssss ------> ttttt
DEBUG 	 2019-04-21 02:32:06,365 ccccc ------> ddddd
DEBUG 	 2019-04-21 02:32:06,366 mmmmm ------> nnnnn
DEBUG 	 2019-04-21 02:32:06,367 FFFFF ------> GGGGG
DEBUG 	 2019-04-21 02:32:06,368 CCCCC ------> DDDDD
DEBUG 	 2019-04-21 02:32:06,369 CCCCC ------> DDDDD
DEBUG 	 2019-04-21 02:32:06,370 ttttt ------> uuuuu
DEBUG 	 2019-04-21 02:32:06,371 ttttt ------> uuuuu
DEBUG 	 2019-04-21 02:32:06,372 YYYYY ------> ZZZZZ
DEBUG 	 2019-04-21 02:32:06,373 zzzzz ------> aaaaa
DEBUG 	 2019-04-21 02:32:06,374 DDDDD ------> EEEEE
DEBUG 	 2019-04-21 02:32:06,375 yyyyy ------> zzzzz
DEBUG 	 2019-04-21 02:32:06,376 OOOOO ------> PPPPP
DEBUG 	 2019-04-21 02:32:06,377 lllll ------> mmmmm
DEBUG 	 2019-04-21 02:32:06,378 ggggg ------> hhhhh
DEBUG 	 2019-04-21 02:32:06,379 EEEEE ------> FFFFF
DEBUG 	 2019-04-21 02:32:06,380 xxxxx ------> yyyyy
DEBUG 	 2019-04-21 02:32:06,381 fffff ------> ggggg
DEBUG 	 2019-04-21 02:32:06,382 fffff ------> ggggg
DEBUG 	 2019-04-21 02:32:06,383 EEEEE ------> FFFFF
DEBUG 	 2019-04-21 02:32:06,384 DDDDD ------> EEEEE
DEBUG 	 2019-04-21 02:32:06,385 LLLLL ------> MMMMM
DEBUG 	 2019-04-21 02:32:06,386 ggggg ------> hhhhh
DEBUG 	 2019-04-21 02:32:06,387 LLLLL ------> MMMMM
DEBUG 	 2019-04-21 02:32:06,388 nnnnn ------> ooooo
DEBUG 	 2019-04-21 02:32:06,389 mmmmm ------> nnnnn
DEBUG 	 2019-04-21 02:32:06,390 nnnnn ------> ooooo
DEBUG 	 2019-04-21 02:32:06,391 MMMMM ------> NNNNN
DEBUG 	 2019-04-21 02:32:06,392 FFFFF ------> GGGGG
DEBUG 	 2019-04-21 02:32:06,393 lllll ------> mmmmm
DEBUG 	 2019-04-21 02:32:06,394 ddddd ------> eeeee
DEBUG 	 2019-04-21 02:32:06,395 DDDDD ------> EEEEE
DEBUG 	 2019-04-21 02:32:06,396 ggggg ------> hhhhh
DEBUG 	 2019-04-21 02:32:06,397 RRRRR ------> SSSSS
DEBUG 	 2019-04-21 02:32:06,398 lllll ------> mmmmm
DEBUG 	 2019-04-21 02:32:06,399 XXXXX ------> YYYYY
DEBUG 	 2019-04-21 02:32:06,400 zzzzz ------> aaaaa
DEBUG 	 2019-04-21 02:32:06,401 nnnnn ------> ooooo
DEBUG 	 2019-04-21 02:32:06,402 TTTTT ------> UUUUU
DEBUG 	 2019-04-21 02:32:06,403 bbbbb ------> ccccc
DEBUG 	 2019-04-21 02:32:06,404 NNNNN ------> OOOOO
DEBUG 	 2019-04-21 02:32:06,405 kkkkk ------> lllll
DEBUG 	 2019-04-21 02:32:06,406 mmmmm ------> nnnnn
DEBUG 	 2019-04-21 02:32:06,407 GGGGG ------> HHHHH
DEBUG 	 2019-04-21 02:32:06,408 ggggg ------> hhhhh
DEBUG 	 2019-04-21 02:32:06,409 NNNNN ------> OOOOO
DEBUG 	 2019-04-21 02:32:06,410 ddddd ------> eeeee
DEBUG 	 2019-04-21 02:32:06,411 RRRRR ------> SSSSS
DEBUG 	 2019-04-21 02:32:06,412 OOOOO ------> PPPPP
DEBUG 	 2019-04-21 02:32:06,413 uuuuu ------> vvvvv
DEBUG 	 2019-04-21 02:32:06,414 kkkkk ------> lllll
DEBUG 	 2019-04-21 02:32:06,415 KKKKK ------> LLLLL
DEBUG 	 2019-04-21 02:32:06,416 GGGGG ------> HHHHH
DEBUG 	 2019-04-21 02:32:06,417 CCCCC ------> DDDDD
DEBUG 	 2019-04-21 02:32:06,418 AAAAA ------> BBBBB
DEBUG 	 2019-04-21 02:32:06,419 YYYYY ------> ZZZZZ
DEBUG 	 2019-04-21 02:32:06,420 HHHHH ------> IIIII
DEBUG 	 2019-04-21 02:32:06,421 CCCCC ------> DDDDD
DEBUG 	 2019-04-21 02:32:06,422 ttttt ------> uuuuu
DEBUG 	 2019-04-21 02:32:06,423 ppppp ------> qqqqq
DEBUG 	 2019-04-21 02:32:06,424 NNNNN ------> OOOOO
DEBUG 	 2019-04-21 02:32:06,425 eeeee ------> fffff
DEBUG 	 2019-04-21 02:32:06,426 GGGGG ------> HHHHH
DEBUG 	 2019-04-21 02:32:06,427 ccccc ------> ddddd
DEBUG 	 2019-04-21 02:32:06,428 OOOOO ------> PPPPP
DEBUG 	 2019-04-21 02:32:06,429 ZZZZZ ------> AAAAA
DEBUG 	 2019-04-21 02:32:06,430 LLLLL ------> MMMMM
DEBUG 	 2019-04-21 02:32:06,431 ttttt ------> uuuuu
DEBUG 	 2019-04-21 02:32:06,432 KKKKK ------> LLLLL
DEBUG 	 2019-04-21 02:32:06,433 ddddd ------> eeeee
DEBUG 	 2019-04-21 02:32:06,434 yyyyy ------> zzzzz
DEBUG 	 2019-04-21 02:32:06,435 PPPPP ------> QQQQQ
DEBUG 	 2019-04-21 02:32:06,436 XXXXX ------> YYYYY
DEBUG 	 2019-04-21 02:32:06,437 ppppp ------> qqqqq
DEBUG 	 2019-04-21 02:32:06,438 sssss ------> ttttt
DEBUG 	 2019-04-21 02:32:06,439 IIIII ------> JJJJJ
DEBUG 	 2019-04-21 02:32:06,440 RRRRR ------> SSSSS
DEBUG 	 2019-04-21 02:32:06,441 TTTTT ------> UUUUU
DEBUG 	 2019-04-21 02:32:06,442 NNNNN ------> OOOOO
DEBUG 	 2019-04-21 02:32:06,443 YYYYY ------> ZZZZZ
DEBUG 	 2019-04-21 02:32:06,444 nnnnn ------> ooooo
DEBUG 	 2019-04-21 02:32:06,445 ccccc ------> ddddd
DEBUG 	 2019-04-21 02:32:06,446 EEEEE ------> FFFFF
DEBUG 	 2019-04-21 02:32:06,447 ccccc ------> ddddd
DEBUG 	 2019-04-21 02:32:06,448 eeeee ------> fffff
DEBUG 	 2019-04-21 02:32:06,449 EEEEE ------> FFFFF
DEBUG 	 2019-04-21 02:32:06,450 bbbbb ------> ccccc
DEBUG 	 2019-04-21 02:32:06,451 lllll ------> mmmmm
DEBUG 	 2019-04-21 02:32:06,452 wwwww ------> xxxxx
DEBUG 	 2019-04-21 02:32:06,453 yyyyy ------> zzzzz
DEBUG 	 2019-04-21 02:32:06,454 BBBBB ------> CCCCC
DEBUG 	 2019-04-21 02:32:06,455 AAAAA ------> BBBBB
DEBUG 	 2019-04-21 02:32:06,456 qqqqq ------> rrrrr
DEBUG 	 2019-04-21 02:32:06,457 TTTTT ------> UUUUU
DEBUG 	 2019-04-21 02:32:06,458 lllll ------> mmmmm
DEBUG 	 2019-04-21 02:32:06,459 JJJJJ ------> KKKKK
DEBUG 	 2019-04-21 02:32:06,460 XXXXX ------> YYYYY
DEBUG 	 2019-04-21 02:32:06,461 TTTTT ------> UUUUU
DEBUG 	 2019-04-21 02:32:06,462 CCCCC ------> DDDDD
DEBUG 	 2019-04-21 02:32:06,463 yyyyy ------> zzzzz
DEBUG 	 2019-04-21 02:32:06,464 VVVVV ------> WWWWW
DEBUG 	 2019-04-21 02:32:06,465 fffff ------> ggggg
DEBUG 	 2019-04-21 02:32:06,466 GGGGG ------> HHHHH
DEBUG 	 2019-04-21 02:32:06,467 ppppp ------> qqqqq
DEBUG 	 2019-04-21 02:32:06,468 QQQQQ ------> RRRRR
DEBUG 	 2019-04-21 02:32:06,469 wwwww ------> xxxxx
DEBUG 	 2019-04-21 02:32:06,470 JJJJJ ------> KKKKK
DEBUG 	 2019-04-21 02:32:06,471 nnnnn ------> ooooo
DEBUG 	 2019-04-21 02:32:06,472 uuuuu ------> vvvvv
DEBUG 	 2019-04-21 02:32:06,473 nnnnn ------> ooooo
DEBUG 	 2019-04-21 02:32:06,474 VVVVV ------> WWWWW
DEBUG 	 2019-04-21 02:32:06,475 EEEEE ------> FFFFF
DEBUG 	 2019-04-21 02:32:06,476 IIIII ------> JJJJJ
DEBUG 	 2019-04-21 02:32:06,477 zzzzz ------> aaaaa
DEBUG 	 2019-04-21 02:32:06,478 mmmmm ------> nnnnn
DEBUG 	 2019-04-21 02:32:06,479 IIIII ------> JJJJJ
DEBUG 	 2019-04-21 02:32:06,480 QQQQQ ------> RRRRR
DEBUG 	 2019-04-21 02:32:06,481 QQQQQ ------> RRRRR
DEBUG 	 2019-04-21 02:32:06,482 UUUUU ------> VVVVV
DEBUG 	 2019-04-21 02:32:06,483 bbbbb ------> ccccc
DEBUG 	 2019-04-21 02:32:06,484 KKKKK ------> LLLLL
DEBUG 	 2019-04-21 02:32:06,485 QQQQQ ------> RRRRR
DEBUG 	 2019-04-21 02:32:06,486 qqqqq ------> rrrrr
DEBUG 	 2019-04-21 02:32:06,487 HHHHH ------> IIIII
DEBUG 	 2019-04-21 02:32:06,488 hhhhh ------> iiiii
DEBUG 	 2019-04-21 02:32:06,489 TTTTT ------> UUUUU
DEBUG 	 2019-04-21 02:32:06,490 FFFFF ------> GGGGG
DEBUG 	 2019-04-21 02:32:06,491 hhhhh ------> iiiii
DEBUG 	 2019-04-21 02:32:06,492 rrrrr ------> sssss
DEBUG 	 2019-04-21 02:32:06,493 IIIII ------> JJJJJ
DEBUG 	 2019-04-21 02:32:06,494 ooooo ------> ppppp
DEBUG 	 2019-04-21 02:32:06,495 hhhhh ------> iiiii
DEBUG 	 2019-04-21 02:32:06,496 TTTTT ------> UUUUU
DEBUG 	 2019-04-21 02:32:06,497 jjjjj ------> kkkkk
DEBUG 	 2019-04-21 02:32:06,498 jjjjj ------> kkkkk
DEBUG 	 2019-04-21 02:32:06,499 WWWWW ------> XXXXX
DEBUG 	 2019-04-21 02:32:06,500 uuuuu ------> vvvvv
DEBUG 	 2019-04-21 02:32:06,501 AAAAA ------> BBBBB
DEBUG 	 2019-04-21 02:32:06,502 KKKKK ------> LLLLL
DEBUG 	 2019-04-21 02:32:06,503 YYYYY ------> ZZZZZ
DEBUG 	 2019-04-21 02:32:06,504 eeeee ------> fffff
DEBUG 	 2019-04-21 02:32:06,505 TTTTT ------> UUUUU
DEBUG 	 2019-04-21 02:32:06,506 XXXXX ------> YYYYY
DEBUG 	 2019-04-21 02:32:06,507 LLLLL ------> MMMMM
DEBUG 	 2019-04-21 02:32:06,508 JJJJJ ------> KKKKK
DEBUG 	 2019-04-21 02:32:06,509 ZZZZZ ------> AAAAA
DEBUG 	 2019-04-21 02:32:06,510 bbbbb ------> ccccc
DEBUG 	 2019-04-21 02:32:06,511 AAAAA ------> BBBBB
DEBUG 	 2019-04-21 02:32:06,512 hhhhh ------> iiiii
DEBUG 	 2019-04-21 02:32:06,513 RRRRR ------> SSSSS
DEBUG 	 2019-04-21 02:32:06,514 eeeee ------> fffff
DEBUG 	 2019-04-21 02:32:06,515 wwwww ------> xxxxx
DEBUG 	 2019-04-21 02:32:06,516 VVVVV ------> WWWWW
DEBUG 	 2019-04-21 02:32:06,517 NNNNN ------> OOOOO
DEBUG 	 2019-04-21 02:32:06,518 vvvvv ------> wwwww
DEBUG 	 2019-04-21 02:32:06,519 xxxxx ------> yyyyy
DEBUG 	 2019-04-21 02:32:06,520 BBBBB ------> CCCCC
DEBUG 	 2019-04-21 02:32:06,521 VVVVV ------> WWWWW
DEBUG 	 2019-04-21 02:32:06,522 WWWWW ------> XXXXX
DEBUG 	 2019-04-21 02:32:06,523 XXXXX ------> YYYYY
DEBUG 	 2019-04-21 02:32:06,524 vvvvv ------> wwwww
DEBUG 	 2019-04-21 02:32:06,525 lllll ------> mmmmm
DEBUG 	 2019-04-21 02:32:06,526 bbbbb ------> ccccc
DEBUG 	 2019-04-21 02:32:06,527 CCCCC ------> DDDDD
DEBUG 	 2019-04-21 02:32:06,528 WWWWW ------> XXXXX
DEBUG 	 2019-04-21 02:32:06,529 TTTTT ------> UUUUU
DEBUG 	 2019-04-21 02:32:06,530 ttttt ------> uuuuu
DEBUG 	 2019-04-21 02:32:06,531 zzzzz ------> aaaaa
DEBUG 	 2019-04-21 02:32:06,532 eeeee ------> fffff
DEBUG 	 2019-04-21 02:32:06,533 rrrrr ------> sssss
DEBUG 	 2019-04-21 02:32:06,534 KKKKK ------> LLLLL
DEBUG 	 2019-04-21 02:32:06,535 bbbbb ------> ccccc
DEBUG 	 2019-04-21 02:32:06,536 CCCCC ------> DDDDD
DEBUG 	 2019-04-21 02:32:06,537 nnnnn ------> ooooo
DEBUG 	 2019-04-21 02:32:06,538 ooooo ------> ppppp
DEBUG 	 2019-04-21 02:32:06,539 nnnnn ------> ooooo
DEBUG 	 2019-04-21 02:32:06,540 wwwww ------> xxxxx
DEBUG 	 2019-04-21 02:32:06,541 mmmmm ------> nnnnn
DEBUG 	 2019-04-21 02:32:06,542 UUUUU ------> VVVVV
DEBUG 	 2019-04-21 02:32:06,543 lllll ------> mmmmm
DEBUG 	 2019-04-21 02:32:06,544 OOOOO ------> PPPPP
DEBUG 	 2019-04-21 02:32:06,545 AAAAA ------> BBBBB
DEBUG 	 2019-04-21 02:32:06,546 UUUUU ------> VVVVV
DEBUG 	 2019-04-21 02:32:06,547 YYYYY ------> ZZZZZ
DEBUG 	 2019-04-21 02:32:06,548 rrrrr ------> sssss
DEBUG 	 2019-04-21 02:32:06,549 AAAAA ------> BBBBB
DEBUG 	 2019-04-21 02:32:06,550 zzzzz ------> aaaaa
DEBUG 	 2019-04-21 02:32:06,551 WWWWW ------> XXXXX
DEBUG 	 2019-04-21 02:32:06,552 fffff ------> ggggg
DEBUG 	 2019-04-21 02:32:06,553 JJJJJ ------> KKKKK
DEBUG 	 2019-04-21 02:32:06,554 PPPPP ------> QQQQQ
DEBUG 	 2019-04-21 02:32:06,555 ddddd ------> eeeee
DEBUG 	 2019-04-21 02:32:06,556 VVVVV ------> WWWWW
DEBUG 	 2019-04-21 02:32:06,557 bbbbb ------> ccccc
DEBUG 	 2019-04-21 02:32:06,558 lllll ------> mmmmm
DEBUG 	 2019-04-21 02:32:06,559 MMMMM ------> NNNNN
DEBUG 	 2019-04-21 02:32:06,560 wwwww ------> xxxxx
DEBUG 	 2019-04-21 02:32:06,561 AAAAA ------> BBBBB
DEBUG 	 2019-04-21 02:32:06,562 WWWWW ------> XXXXX
DEBUG 	 2019-04-21 02:32:06,563 rrrrr ------> sssss
DEBUG 	 2019-04-21 02:32:06,564 EEEEE ------> FFFFF
DEBUG 	 2019-04-21 02:32:06,565 ZZZZZ ------> AAAAA
DEBUG 	 2019-04-21 02:32:06,566 ooooo ------> ppppp
DEBUG 	 2019-04-21 02:32:06,567 PPPPP ------> QQQQQ
DEBUG 	 2019-04-21 02:32:06,568 ppppp ------> qqqqq
DEBUG 	 2019-04-21 02:32:06,569 fffff ------> ggggg
DEBUG 	 2019-04-21 02:32:06,570 OOOOO ------> PPPPP
DEBUG 	 2019-04-21 02:32:06,571 YYYYY ------> ZZZZZ
DEBUG 	 2019-04-21 02:32:06,572 mmmmm ------> nnnnn
DEBUG 	 2019-04-21 02:32:06,573 GGGGG ------> HHHHH
DEBUG 	 2019-04-21 02:32:06,574 CCCCC ------> DDDDD
DEBUG 	 2019-04-21 02:32:06,575 HHHHH ------> IIIII
DEBUG 	 2019-04-21 02:32:06,576 UUUUU ------> VVVVV
DEBUG 	 2019-04-21 02:32:06,577 JJJJJ ------> KKKKK
DEBUG 	 2019-04-21 02:32:06,578 PPPPP ------> QQQQQ
DEBUG 	 2019-04-21 02:32:06,579 QQQQQ ------> RRRRR
DEBUG 	 2019-04-21 02:32:06,580 HHHHH ------> IIIII
DEBUG 	 2019-04-21 02:32:06,581 ooooo ------> ppppp
DEBUG 	 2019-04-21 02:32:06,582 mmmmm ------> nnnnn
DEBUG 	 2019-04-21 02:32:06,583 ppppp ------> qqqqq
DEBUG 	 2019-04-21 02:32:06,584 WWWWW ------> XXXXX
DEBUG 	 2019-04-21 02:32:06,585 FFFFF ------> GGGGG
DEBUG 	 2019-04-21 02:32:06,586 wwwww ------> xxxxx
DEBUG 	 2019-04-21 02:32:06,587 XXXXX ------> YYYYY
DEBUG 	 2019-04-21 02:32:06,588 ddddd ------> eeeee
DEBUG 	 2019-04-21 02:32:06,589 ddddd ------> eeeee
DEBUG 	 2019-04-21 02:32:06,590 iiiii ------> jjjjj
DEBUG 	 2019-04-21 02:32:06,591 ggggg ------> hhhhh
DEBUG 	 2019-04-21 02:32:06,592 lllll ------> mmmmm
DEBUG 	 2019-04-21 02:32:06,593 ddddd ------> eeeee
DEBUG 	 2019-04-21 02:32:06,594 HHHHH ------> IIIII
DEBUG 	 2019-04-21 02:32:06,595 BBBBB ------> CCCCC
DEBUG 	 2019-04-21 02:32:06,596 mmmmm ------> nnnnn
DEBUG 	 2019-04-21 02:32:06,597 ddddd ------> eeeee
DEBUG 	 2019-04-21 02:32:06,598 nnnnn ------> ooooo
DEBUG 	 2019-04-21 02:32:06,599 nnnnn ------> ooooo
DEBUG 	 2019-04-21 02:32:06,600 PPPPP ------> QQQQQ
DEBUG 	 2019-04-21 02:32:06,601 IIIII ------> JJJJJ
DEBUG 	 2019-04-21 02:32:06,602 jjjjj ------> kkkkk
DEBUG 	 2019-04-21 02:32:06,603 ggggg ------> hhhhh
DEBUG 	 2019-04-21 02:32:06,604 WWWWW ------> XXXXX
DEBUG 	 2019-04-21 02:32:06,605 BBBBB ------> CCCCC
DEBUG 	 2019-04-21 02:32:06,606 CCCCC ------> DDDDD
DEBUG 	 2019-04-21 02:32:06,607 NNNNN ------> OOOOO
DEBUG 	 2019-04-21 02:32:06,608 ggggg ------> hhhhh
DEBUG 	 2019-04-21 02:32:06,609 rrrrr ------> sssss
DEBUG 	 2019-04-21 02:32:06,610 DDDDD ------> EEEEE
DEBUG 	 2019-04-21 02:32:06,611 sssss ------> ttttt
DEBUG 	 2019-04-21 02:32:06,612 wwwww ------> xxxxx
DEBUG 	 2019-04-21 02:32:06,613 QQQQQ ------> RRRRR
DEBUG 	 2019-04-21 02:32:06,614 lllll ------> mmmmm
DEBUG 	 2019-04-21 02:32:06,615 KKKKK ------> LLLLL
DEBUG 	 2019-04-21 02:32:06,616 YYYYY ------> ZZZZZ
DEBUG 	 2019-04-21 02:32:06,617 zzzzz ------> aaaaa
DEBUG 	 2019-04-21 02:32:06,618 EEEEE ------> FFFFF
DEBUG 	 2019-04-21 02:32:06,619 bbbbb ------> ccccc
DEBUG 	 2019-04-21 02:32:06,621 VVVVV ------> WWWWW
DEBUG 	 2019-04-21 02:32:06,622 ppppp ------> qqqqq
DEBUG 	 2019-04-21 02:32:06,623 ZZZZZ ------> AAAAA
DEBUG 	 2019-04-21 02:32:06,624 AAAAA ------> BBBB
DEBUG 	 2019-04-21 02:32:06,625 zzzzz ------> Baaaaa
DEBUG 	 2019-04-21 02:32:06,626 jjjjj ------> kkkkk
DEBUG 	 2019-04-21 02:32:06,627 NNNNN ------> OOOOO
DEBUG 	 2019-04-21 02:32:06,628 GGGGG ------> HHHHH
DEBUG 	 2019-04-21 02:32:06,629 XXXXX ------> YYYYY
DEBUG 	 2019-04-21 02:32:06,630 ttttt ------> uuuuu
DEBUG 	 2019-04-21 02:32:06,631 LLLLL ------> MMMMM
DEBUG 	 2019-04-21 02:32:06,632 yyyyy ------> zzzzz
DEBUG 	 2019-04-21 02:32:06,633 WWWWW ------> XXXXX
DEBUG 	 2019-04-21 02:32:06,634 ccccc ------> ddddd
DEBUG 	 2019-04-21 02:32:06,635 xxxxx ------> yyyyy
DEBUG 	 2019-04-21 02:32:06,636 TTTTT ------> UUUUU
DEBUG 	 2019-04-21 02:32:06,637 LLLLL ------> MMMMM
DEBUG 	 2019-04-21 02:32:06,638 xxxxx ------> yyyyy
DEBUG 	 2019-04-21 02:32:06,639 ttttt ------> uuuuu
DEBUG 	 2019-04-21 02:32:06,640 ccccc ------> ddddd
DEBUG 	 2019-04-21 02:32:06,641 HHHHH ------> IIIII
DEBUG 	 2019-04-21 02:32:06,642 OOOOO ------> PPPPP
DEBUG 	 2019-04-21 02:32:06,643 eeeee ------> fffff
DEBUG 	 2019-04-21 02:32:06,644 hhhhh ------> iiiii
DEBUG 	 2019-04-21 02:32:06,645 PPPPP ------> QQQQQ
DEBUG 	 2019-04-21 02:32:06,646 vvvvv ------> wwwww
DEBUG 	 2019-04-21 02:32:06,647 nnnnn ------> ooooo
DEBUG 	 2019-04-21 02:32:06,648 ccccc ------> ddddd
DEBUG 	 2019-04-21 02:32:06,649 KKKKK ------> LLLLL
DEBUG 	 2019-04-21 02:32:06,650 eeeee ------> fffff
DEBUG 	 2019-04-21 02:32:06,651 RRRRR ------> SSSSS
DEBUG 	 2019-04-21 02:32:06,652 mmmmm ------> nnnnn
DEBUG 	 2019-04-21 02:32:06,653 sssss ------> ttttt
DEBUG 	 2019-04-21 02:32:06,654 qqqqq ------> rrrrr
DEBUG 	 2019-04-21 02:32:06,655 kkkkk ------> lllll
DEBUG 	 2019-04-21 02:32:06,656 RRRRR ------> SSSSS
DEBUG 	 2019-04-21 02:32:06,657 uuuuu ------> vvvvv
DEBUG 	 2019-04-21 02:32:06,658 hhhhh ------> iiiii
DEBUG 	 2019-04-21 02:32:06,659 zzzzz ------> aaaaa
DEBUG 	 2019-04-21 02:32:06,660 HHHHH ------> IIIII
DEBUG 	 2019-04-21 02:32:06,661 vvvvv ------> wwwww
DEBUG 	 2019-04-21 02:32:06,662 wwwww ------> xxxxx
DEBUG 	 2019-04-21 02:32:06,663 XXXXX ------> YYYYY
DEBUG 	 2019-04-21 02:32:06,664 xxxxx ------> yyyyy
DEBUG 	 2019-04-21 02:32:06,665 rrrrr ------> sssss
DEBUG 	 2019-04-21 02:32:06,666 kkkkk ------> lllll
DEBUG 	 2019-04-21 02:32:06,667 MMMMM ------> NNNNN
DEBUG 	 2019-04-21 02:32:06,668 xxxxx ------> yyyyy
DEBUG 	 2019-04-21 02:32:06,669 xxxxx ------> yyyyy
DEBUG 	 2019-04-21 02:32:06,670 jjjjj ------> kkkkk
DEBUG 	 2019-04-21 02:32:06,671 nnnnn ------> ooooo
DEBUG 	 2019-04-21 02:32:06,672 TTTTT ------> UUUUU
DEBUG 	 2019-04-21 02:32:06,673 hhhhh ------> iiiii
DEBUG 	 2019-04-21 02:32:06,674 OOOOO ------> PPPPP
DEBUG 	 2019-04-21 02:32:06,675 YYYYY ------> ZZZZZ
DEBUG 	 2019-04-21 02:32:06,676 JJJJJ ------> KKKKK
DEBUG 	 2019-04-21 02:32:06,677 VVVVV ------> WWWWW
DEBUG 	 2019-04-21 02:32:06,678 WWWWW ------> XXXXX
DEBUG 	 2019-04-21 02:32:06,679 RRRRR ------> SSSSS
DEBUG 	 2019-04-21 02:32:06,680 ggggg ------> hhhhh
DEBUG 	 2019-04-21 02:32:06,681 uuuuu ------> vvvvv
DEBUG 	 2019-04-21 02:32:06,682 HHHHH ------> IIIII
DEBUG 	 2019-04-21 02:32:06,683 aaaaa ------> bbbbb
DEBUG 	 2019-04-21 02:32:06,684 iiiii ------> jjjjj
DEBUG 	 2019-04-21 02:32:06,685 IIIII ------> JJJJJ
DEBUG 	 2019-04-21 02:32:06,686 IIIII ------> JJJJJ
DEBUG 	 2019-04-21 02:32:06,687 DDDDD ------> EEEEE
DEBUG 	 2019-04-21 02:32:06,689 bbbbb ------> ccccc
DEBUG 	 2019-04-21 02:32:06,690 fffff ------> ggggg
DEBUG 	 2019-04-21 02:32:06,691 eeeee ------> fffff
DEBUG 	 2019-04-21 02:32:06,692 fffff ------> ggggg
DEBUG 	 2019-04-21 02:32:06,693 HHHHH ------> IIIII
DEBUG 	 2019-04-21 02:32:06,694 AAAAA ------> BBBBB
DEBUG 	 2019-04-21 02:32:06,695 TTTTT ------> UUUUU
DEBUG 	 2019-04-21 02:32:06,696 uuuuu ------> vvvvv
DEBUG 	 2019-04-21 02:32:06,697 EEEEE ------> FFFFF
DEBUG 	 2019-04-21 02:32:06,698 RRRRR ------> SSSSS
DEBUG 	 2019-04-21 02:32:06,699 FFFFF ------> GGGGG
DEBUG 	 2019-04-21 02:32:06,700 YYYYY ------> ZZZZZ
DEBUG 	 2019-04-21 02:32:06,701 lllll ------> mmmmm
DEBUG 	 2019-04-21 02:32:06,702 YYYYY ------> ZZZZZ
DEBUG 	 2019-04-21 02:32:06,703 VVVVV ------> WWWWW
DEBUG 	 2019-04-21 02:32:06,704 ddddd ------> eeeee
DEBUG 	 2019-04-21 02:32:06,705 eeeee ------> fffff
DEBUG 	 2019-04-21 02:32:06,706 KKKKK ------> LLLLL
DEBUG 	 2019-04-21 02:32:06,707 HHHHH ------> IIIII
DEBUG 	 2019-04-21 02:32:06,708 nnnnn ------> ooooo
DEBUG 	 2019-04-21 02:32:06,709 mmmmm ------> nnnnn
DEBUG 	 2019-04-21 02:32:06,710 fffff ------> ggggg
DEBUG 	 2019-04-21 02:32:06,711 KKKKK ------> LLLLL
DEBUG 	 2019-04-21 02:32:06,712 UUUUU ------> VVVVV
DEBUG 	 2019-04-21 02:32:06,713 fffff ------> ggggg
DEBUG 	 2019-04-21 02:32:06,714 iiiii ------> jjjjj
DEBUG 	 2019-04-21 02:32:06,715 AAAAA ------> BBBBB
DEBUG 	 2019-04-21 02:32:06,716 JJJJJ ------> KKKKK
DEBUG 	 2019-04-21 02:32:06,717 eeeee ------> fffff
DEBUG 	 2019-04-21 02:32:06,718 kkkkk ------> lllll
DEBUG 	 2019-04-21 02:32:06,719 GGGGG ------> HHHHH
DEBUG 	 2019-04-21 02:32:06,720 UUUUU ------> VVVVV
DEBUG 	 2019-04-21 02:32:06,721 fffff ------> ggggg
DEBUG 	 2019-04-21 02:32:06,721 kkkkk ------> lllll
DEBUG 	 2019-04-21 02:32:06,722 vvvvv ------> wwwww
DEBUG 	 2019-04-21 02:32:06,723 lllll ------> mmmmm
DEBUG 	 2019-04-21 02:32:06,724 hhhhh ------> iiiii
DEBUG 	 2019-04-21 02:32:06,725 qqqqq ------> rrrrr
DEBUG 	 2019-04-21 02:32:06,726 QQQQQ ------> RRRRR
DEBUG 	 2019-04-21 02:32:06,727 AAAAA ------> BBBBB
DEBUG 	 2019-04-21 02:32:06,728 lllll ------> mmmmm
DEBUG 	 2019-04-21 02:32:06,729 xxxxx ------> yyyyy
DEBUG 	 2019-04-21 02:32:06,731 PPPPP ------> QQQQQ
DEBUG 	 2019-04-21 02:32:06,731 sssss ------> ttttt
DEBUG 	 2019-04-21 02:32:06,732 uuuuu ------> vvvvv
DEBUG 	 2019-04-21 02:32:06,733 bbbbb ------> ccccc
DEBUG 	 2019-04-21 02:32:06,734 hhhhh ------> iiiii
DEBUG 	 2019-04-21 02:32:06,735 OOOOO ------> PPPPP
DEBUG 	 2019-04-21 02:32:06,736 vvvvv ------> wwwww
DEBUG 	 2019-04-21 02:32:06,737 MMMMM ------> NNNNN
DEBUG 	 2019-04-21 02:32:06,738 GGGGG ------> HHHHH
DEBUG 	 2019-04-21 02:32:06,739 ccccc ------> ddddd
DEBUG 	 2019-04-21 02:32:06,740 ggggg ------> hhhhh
DEBUG 	 2019-04-21 02:32:06,741 zzzzz ------> aaaaa
DEBUG 	 2019-04-21 02:32:06,742 MMMMM ------> NNNNN
DEBUG 	 2019-04-21 02:32:06,743 TTTTT ------> UUUUU
DEBUG 	 2019-04-21 02:32:06,744 vvvvv ------> wwwww
DEBUG 	 2019-04-21 02:32:06,745 CCCCC ------> DDDDD
DEBUG 	 2019-04-21 02:32:06,746 ZZZZZ ------> AAAAA
DEBUG 	 2019-04-21 02:32:06,747 KKKKK ------> LLLLL
DEBUG 	 2019-04-21 02:32:06,748 eeeee ------> fffff
DEBUG 	 2019-04-21 02:32:06,749 zzzzz ------> aaaaa
DEBUG 	 2019-04-21 02:32:06,750 TTTTT ------> UUUUU
DEBUG 	 2019-04-21 02:32:06,751 XXXXX ------> YYYYY
DEBUG 	 2019-04-21 02:32:06,752 EEEEE ------> FFFFF
DEBUG 	 2019-04-21 02:32:06,753 nnnnn ------> ooooo
DEBUG 	 2019-04-21 02:32:06,754 yyyyy ------> zzzzz
DEBUG 	 2019-04-21 02:32:06,755 kkkkk ------> lllll
DEBUG 	 2019-04-21 02:32:06,756 jjjjj ------> kkkkk
DEBUG 	 2019-04-21 02:32:06,757 uuuuu ------> vvvvv
DEBUG 	 2019-04-21 02:32:06,758 XXXXX ------> YYYYY
DEBUG 	 2019-04-21 02:32:06,759 CCCCC ------> DDDDD
DEBUG 	 2019-04-21 02:32:06,760 eeeee ------> fffff
DEBUG 	 2019-04-21 02:32:06,761 UUUUU ------> VVVVV
DEBUG 	 2019-04-21 02:32:06,762 YYYYY ------> ZZZZZ
DEBUG 	 2019-04-21 02:32:06,763 UUUUU ------> VVVVV
DEBUG 	 2019-04-21 02:32:06,764 UUUUU ------> VVVVV
DEBUG 	 2019-04-21 02:32:06,765 ggggg ------> hhhhh
DEBUG 	 2019-04-21 02:32:06,766 UUUUU ------> VVVVV
DEBUG 	 2019-04-21 02:32:06,767 vvvvv ------> wwwww
DEBUG 	 2019-04-21 02:32:06,768 aaaaa ------> bbbbb
DEBUG 	 2019-04-21 02:32:06,769 fffff ------> ggggg
DEBUG 	 2019-04-21 02:32:06,770 XXXXX ------> YYYYY
DEBUG 	 2019-04-21 02:32:06,771 bbbbb ------> ccccc
DEBUG 	 2019-04-21 02:32:06,772 IIIII ------> JJJJJ
DEBUG 	 2019-04-21 02:32:06,773 EEEEE ------> FFFFF
DEBUG 	 2019-04-21 02:32:06,774 KKKKK ------> LLLLL
DEBUG 	 2019-04-21 02:32:06,775 eeeee ------> fffff
DEBUG 	 2019-04-21 02:32:06,776 kkkkk ------> lllll
DEBUG 	 2019-04-21 02:32:06,777 ddddd ------> eeeee
DEBUG 	 2019-04-21 02:32:06,778 ppppp ------> qqqqq
DEBUG 	 2019-04-21 02:32:06,779 SSSSS ------> TTTTT
DEBUG 	 2019-04-21 02:32:06,780 zzzzz ------> aaaaa
DEBUG 	 2019-04-21 02:32:06,781 GGGGG ------> HHHHH
DEBUG 	 2019-04-21 02:32:06,782 AAAAA ------> BBBBB
DEBUG 	 2019-04-21 02:32:06,783 kkkkk ------> lllll
DEBUG 	 2019-04-21 02:32:06,784 ooooo ------> ppppp
DEBUG 	 2019-04-21 02:32:06,785 OOOOO ------> PPPPP
DEBUG 	 2019-04-21 02:32:06,786 VVVVV ------> WWWWW
DEBUG 	 2019-04-21 02:32:06,787 qqqqq ------> rrrrr
DEBUG 	 2019-04-21 02:32:06,788 eeeee ------> fffff
DEBUG 	 2019-04-21 02:32:06,789 BBBBB ------> CCCCC
DEBUG 	 2019-04-21 02:32:06,790 QQQQQ ------> RRRRR
DEBUG 	 2019-04-21 02:32:06,791 GGGGG ------> HHHHH
DEBUG 	 2019-04-21 02:32:06,792 NNNNN ------> OOOOO
DEBUG 	 2019-04-21 02:32:06,793 ttttt ------> uuuuu
DEBUG 	 2019-04-21 02:32:06,794 sssss ------> ttttt
DEBUG 	 2019-04-21 02:32:06,795 FFFFF ------> GGGGG
DEBUG 	 2019-04-21 02:32:06,796 JJJJJ ------> KKKKK
DEBUG 	 2019-04-21 02:32:06,797 KKKKK ------> LLLLL
DEBUG 	 2019-04-21 02:32:06,798 FFFFF ------> GGGGG
DEBUG 	 2019-04-21 02:32:06,799 ddddd ------> eeeee
DEBUG 	 2019-04-21 02:32:06,800 rrrrr ------> sssss
DEBUG 	 2019-04-21 02:32:06,801 jjjjj ------> kkkkk
DEBUG 	 2019-04-21 02:32:06,802 RRRRR ------> SSSSS
DEBUG 	 2019-04-21 02:32:06,803 PPPPP ------> QQQQQ
DEBUG 	 2019-04-21 02:32:06,804 IIIII ------> JJJJJ
DEBUG 	 2019-04-21 02:32:06,805 IIIII ------> JJJJJ
DEBUG 	 2019-04-21 02:32:06,806 fffff ------> ggggg
DEBUG 	 2019-04-21 02:32:06,807 QQQQQ ------> RRRRR
DEBUG 	 2019-04-21 02:32:06,808 SSSSS ------> TTTTT
DEBUG 	 2019-04-21 02:32:06,809 eeeee ------> fffff
DEBUG 	 2019-04-21 02:32:06,810 BBBBB ------> CCCCC
DEBUG 	 2019-04-21 02:32:06,811 OOOOO ------> PPPPP
DEBUG 	 2019-04-21 02:32:06,812 mmmmm ------> nnnnn
DEBUG 	 2019-04-21 02:32:06,813 TTTTT ------> UUUUU
DEBUG 	 2019-04-21 02:32:06,814 ooooo ------> ppppp
DEBUG 	 2019-04-21 02:32:06,815 sssss ------> ttttt
DEBUG 	 2019-04-21 02:32:06,816 aaaaa ------> bbbbb
DEBUG 	 2019-04-21 02:32:06,817 kkkkk ------> lllll
DEBUG 	 2019-04-21 02:32:06,818 ttttt ------> uuuuu
DEBUG 	 2019-04-21 02:32:06,819 EEEEE ------> FFFFF
DEBUG 	 2019-04-21 02:32:06,820 FFFFF ------> GGGGG
DEBUG 	 2019-04-21 02:32:06,821 UUUUU ------> VVVVV
DEBUG 	 2019-04-21 02:32:06,822 nnnnn ------> ooooo
DEBUG 	 2019-04-21 02:32:06,823 RRRRR ------> SSSSS
DEBUG 	 2019-04-21 02:32:06,824 ttttt ------> uuuuu
DEBUG 	 2019-04-21 02:32:06,825 LLLLL ------> MMMMM
DEBUG 	 2019-04-21 02:32:06,826 QQQQQ ------> RRRRR
DEBUG 	 2019-04-21 02:32:06,827 iiiii ------> jjjjj
DEBUG 	 2019-04-21 02:32:06,828 kkkkk ------> lllll
DEBUG 	 2019-04-21 02:32:06,829 AAAAA ------> BBBBB
DEBUG 	 2019-04-21 02:32:06,830 YYYYY ------> ZZZZZ
DEBUG 	 2019-04-21 02:32:06,831 ppppp ------> qqqqq
DEBUG 	 2019-04-21 02:32:06,832 BBBBB ------> CCCCC
DEBUG 	 2019-04-21 02:32:06,833 MMMMM ------> NNNNN
DEBUG 	 2019-04-21 02:32:06,834 PPPPP ------> QQQQQ
DEBUG 	 2019-04-21 02:32:06,835 bbbbb ------> ccccc
DEBUG 	 2019-04-21 02:32:06,836 PPPPP ------> QQQQQ
DEBUG 	 2019-04-21 02:32:06,837 ccccc ------> ddddd
DEBUG 	 2019-04-21 02:32:06,838 ddddd ------> eeeee
DEBUG 	 2019-04-21 02:32:06,839 xxxxx ------> yyyyy
DEBUG 	 2019-04-21 02:32:06,840 EEEEE ------> FFFFF
DEBUG 	 2019-04-21 02:32:06,841 zzzzz ------> aaaaa
DEBUG 	 2019-04-21 02:32:06,842 JJJJJ ------> KKKKK
DEBUG 	 2019-04-21 02:32:06,843 yyyyy ------> zzzzz
DEBUG 	 2019-04-21 02:32:06,844 jjjjj ------> kkkkk
DEBUG 	 2019-04-21 02:32:06,845 MMMMM ------> NNNNN
DEBUG 	 2019-04-21 02:32:06,846 fffff ------> ggggg
DEBUG 	 2019-04-21 02:32:06,847 RRRRR ------> SSSSS
DEBUG 	 2019-04-21 02:32:06,848 MMMMM ------> NNNNN
DEBUG 	 2019-04-21 02:32:06,849 NNNNN ------> OOOOO
DEBUG 	 2019-04-21 02:32:06,850 rrrrr ------> sssss
DEBUG 	 2019-04-21 02:32:06,851 BBBBB ------> CCCCC
DEBUG 	 2019-04-21 02:32:06,852 xxxxx ------> yyyyy
DEBUG 	 2019-04-21 02:32:06,853 qqqqq ------> rrrrr
DEBUG 	 2019-04-21 02:32:06,854 OOOOO ------> PPPPP
DEBUG 	 2019-04-21 02:32:06,855 VVVVV ------> WWWWW
DEBUG 	 2019-04-21 02:32:06,856 GGGGG ------> HHHHH
DEBUG 	 2019-04-21 02:32:06,857 nnnnn ------> ooooo
DEBUG 	 2019-04-21 02:32:06,858 jjjjj ------> kkkkk
DEBUG 	 2019-04-21 02:32:06,859 hhhhh ------> iiiii
DEBUG 	 2019-04-21 02:32:06,860 nnnnn ------> ooooo
DEBUG 	 2019-04-21 02:32:06,861 jjjjj ------> kkkkk
DEBUG 	 2019-04-21 02:32:06,862 kkkkk ------> lllll
DEBUG 	 2019-04-21 02:32:06,863 xxxxx ------> yyyyy
DEBUG 	 2019-04-21 02:32:06,864 KKKKK ------> LLLLL
DEBUG 	 2019-04-21 02:32:06,865 VVVVV ------> WWWWW
DEBUG 	 2019-04-21 02:32:06,866 ooooo ------> ppppp
DEBUG 	 2019-04-21 02:32:06,867 bbbbb ------> ccccc
DEBUG 	 2019-04-21 02:32:06,868 wwwww ------> xxxxx
DEBUG 	 2019-04-21 02:32:06,869 kkkkk ------> lllll
DEBUG 	 2019-04-21 02:32:06,870 XXXXX ------> YYYYY
DEBUG 	 2019-04-21 02:32:06,871 JJJJJ ------> KKKKK
DEBUG 	 2019-04-21 02:32:06,872 lllll ------> mmmmm
DEBUG 	 2019-04-21 02:32:06,873 vvvvv ------> wwwww
DEBUG 	 2019-04-21 02:32:06,874 sssss ------> ttttt
DEBUG 	 2019-04-21 02:32:06,875 hhhhh ------> iiiii
DEBUG 	 2019-04-21 02:32:06,876 YYYYY ------> ZZZZZ
DEBUG 	 2019-04-21 02:32:06,877 FFFFF ------> GGGGG
DEBUG 	 2019-04-21 02:32:06,878 iiiii ------> jjjjj
DEBUG 	 2019-04-21 02:32:06,879 hhhhh ------> iiiii
DEBUG 	 2019-04-21 02:32:06,880 aaaaa ------> bbbbb
DEBUG 	 2019-04-21 02:32:06,881 QQQQQ ------> RRRRR
DEBUG 	 2019-04-21 02:32:06,882 SSSSS ------> TTTTT
DEBUG 	 2019-04-21 02:32:06,883 OOOOO ------> PPPPP
DEBUG 	 2019-04-21 02:32:06,884 bbbbb ------> ccccc
DEBUG 	 2019-04-21 02:32:06,885 yyyyy ------> zzzzz
DEBUG 	 2019-04-21 02:32:06,886 qqqqq ------> rrrrr
DEBUG 	 2019-04-21 02:32:06,887 wwwww ------> xxxxx
DEBUG 	 2019-04-21 02:32:06,888 uuuuu ------> vvvvv
DEBUG 	 2019-04-21 02:32:06,889 hhhhh ------> iiiii
DEBUG 	 2019-04-21 02:32:06,890 CCCCC ------> DDDDD
DEBUG 	 2019-04-21 02:32:06,891 qqqqq ------> rrrrr
DEBUG 	 2019-04-21 02:32:06,892 xxxxx ------> yyyyy
DEBUG 	 2019-04-21 02:32:06,893 jjjjj ------> kkkkk
DEBUG 	 2019-04-21 02:32:06,894 ppppp ------> qqqqq
DEBUG 	 2019-04-21 02:32:06,895 QQQQQ ------> RRRRR
DEBUG 	 2019-04-21 02:32:06,896 uuuuu ------> vvvvv
DEBUG 	 2019-04-21 02:32:06,897 vvvvv ------> wwwww
DEBUG 	 2019-04-21 02:32:06,898 WWWWW ------> XXXXX
DEBUG 	 2019-04-21 02:32:06,899 KKKKK ------> LLLLL
DEBUG 	 2019-04-21 02:32:06,900 AAAAA ------> BBBBB
DEBUG 	 2019-04-21 02:32:06,901 KKKKK ------> LLLLL
DEBUG 	 2019-04-21 02:32:06,902 jjjjj ------> kkkkk
DEBUG 	 2019-04-21 02:32:06,903 ggggg ------> hhhhh
DEBUG 	 2019-04-21 02:32:06,904 ooooo ------> ppppp
DEBUG 	 2019-04-21 02:32:06,905 sssss ------> ttttt
DEBUG 	 2019-04-21 02:32:06,906 eeeee ------> fffff
DEBUG 	 2019-04-21 02:32:06,907 VVVVV ------> WWWWW
DEBUG 	 2019-04-21 02:32:06,908 wwwww ------> xxxxx
DEBUG 	 2019-04-21 02:32:06,909 jjjjj ------> kkkkk
DEBUG 	 2019-04-21 02:32:06,910 MMMMM ------> NNNNN
DEBUG 	 2019-04-21 02:32:06,911 KKKKK ------> LLLLL
DEBUG 	 2019-04-21 02:32:06,912 uuuuu ------> vvvvv
DEBUG 	 2019-04-21 02:32:06,913 WWWWW ------> XXXXX
DEBUG 	 2019-04-21 02:32:06,914 RRRRR ------> SSSSS
DEBUG 	 2019-04-21 02:32:06,915 IIIII ------> JJJJJ
DEBUG 	 2019-04-21 02:32:06,916 sssss ------> ttttt
DEBUG 	 2019-04-21 02:32:06,917 HHHHH ------> IIIII
DEBUG 	 2019-04-21 02:32:06,918 ooooo ------> ppppp
DEBUG 	 2019-04-21 02:32:06,919 uuuuu ------> vvvvv
DEBUG 	 2019-04-21 02:32:06,920 PPPPP ------> QQQQQ
DEBUG 	 2019-04-21 02:32:06,921 uuuuu ------> vvvvv
DEBUG 	 2019-04-21 02:32:06,922 rrrrr ------> sssss
DEBUG 	 2019-04-21 02:32:06,923 aaaaa ------> bbbbb
DEBUG 	 2019-04-21 02:32:06,924 DDDDD ------> EEEEE
DEBUG 	 2019-04-21 02:32:06,925 TTTTT ------> UUUUU
DEBUG 	 2019-04-21 02:32:06,926 kkkkk ------> lllll
DEBUG 	 2019-04-21 02:32:06,927 ZZZZZ ------> AAAAA
DEBUG 	 2019-04-21 02:32:06,928 IIIII ------> JJJJJ
DEBUG 	 2019-04-21 02:32:06,929 IIIII ------> JJJJJ
DEBUG 	 2019-04-21 02:32:06,930 NNNNN ------> OOOOO
DEBUG 	 2019-04-21 02:32:06,931 rrrrr ------> sssss
DEBUG 	 2019-04-21 02:32:06,932 ppppp ------> qqqqq
DEBUG 	 2019-04-21 02:32:06,933 eeeee ------> fffff
DEBUG 	 2019-04-21 02:32:06,934 BBBBB ------> CCCCC
DEBUG 	 2019-04-21 02:32:06,935 xxxxx ------> yyyyy
DEBUG 	 2019-04-21 02:32:06,936 ooooo ------> ppppp
DEBUG 	 2019-04-21 02:32:06,937 fffff ------> ggggg
DEBUG 	 2019-04-21 02:32:06,938 FFFFF ------> GGGGG
DEBUG 	 2019-04-21 02:32:06,939 zzzzz ------> aaaaa
DEBUG 	 2019-04-21 02:32:06,940 vvvvv ------> wwwww
DEBUG 	 2019-04-21 02:32:06,941 MMMMM ------> NNNNN
DEBUG 	 2019-04-21 02:32:06,942 qqqqq ------> rrrrr
DEBUG 	 2019-04-21 02:32:06,943 zzzzz ------> aaaaa
DEBUG 	 2019-04-21 02:32:06,944 kkkkk ------> lllll
DEBUG 	 2019-04-21 02:32:06,945 RRRRR ------> SSSSS
DEBUG 	 2019-04-21 02:32:06,946 XXXXX ------> YYYYY
DEBUG 	 2019-04-21 02:32:06,947 nnnnn ------> ooooo
DEBUG 	 2019-04-21 02:32:06,948 zzzzz ------> aaaaa
DEBUG 	 2019-04-21 02:32:06,949 vvvvv ------> wwwww
DEBUG 	 2019-04-21 02:32:06,950 mmmmm ------> nnnnn
DEBUG 	 2019-04-21 02:32:06,951 DDDDD ------> EEEEE
DEBUG 	 2019-04-21 02:32:06,952 zzzzz ------> aaaaa
DEBUG 	 2019-04-21 02:32:06,953 HHHHH ------> IIIII
DEBUG 	 2019-04-21 02:32:06,954 WWWWW ------> XXXXX
DEBUG 	 2019-04-21 02:32:06,955 jjjjj ------> kkkkk
DEBUG 	 2019-04-21 02:32:06,956 mmmmm ------> nnnnn
DEBUG 	 2019-04-21 02:32:06,957 iiiii ------> jjjjj
DEBUG 	 2019-04-21 02:32:06,958 OOOOO ------> PPPPP
DEBUG 	 2019-04-21 02:32:06,959 wwwww ------> xxxxx
DEBUG 	 2019-04-21 02:32:06,960 QQQQQ ------> RRRRR
DEBUG 	 2019-04-21 02:32:06,961 DDDDD ------> EEEEE
DEBUG 	 2019-04-21 02:32:06,962 ccccc ------> ddddd
DEBUG 	 2019-04-21 02:32:06,963 AAAAA ------> BBBBB
DEBUG 	 2019-04-21 02:32:06,964 YYYYY ------> ZZZZZ
DEBUG 	 2019-04-21 02:32:06,965 UUUUU ------> VVVVV
DEBUG 	 2019-04-21 02:32:06,966 YYYYY ------> ZZZZZ
DEBUG 	 2019-04-21 02:32:06,967 qqqqq ------> rrrrr
DEBUG 	 2019-04-21 02:32:06,968 DDDDD ------> EEEEE
DEBUG 	 2019-04-21 02:32:06,969 iiiii ------> jjjjj
DEBUG 	 2019-04-21 02:32:06,970 rrrrr ------> sssss
DEBUG 	 2019-04-21 02:32:06,971 ppppp ------> qqqqq
DEBUG 	 2019-04-21 02:32:06,972 YYYYY ------> ZZZZZ
DEBUG 	 2019-04-21 02:32:06,973 PPPPP ------> QQQQQ
DEBUG 	 2019-04-21 02:32:06,974 TTTTT ------> UUUUU
DEBUG 	 2019-04-21 02:32:06,975 ppppp ------> qqqqq
DEBUG 	 2019-04-21 02:32:06,976 lllll ------> mmmmm
DEBUG 	 2019-04-21 02:32:06,977 sssss ------> ttttt
DEBUG 	 2019-04-21 02:32:06,978 MMMMM ------> NNNNN
DEBUG 	 2019-04-21 02:32:06,979 IIIII ------> JJJJJ
DEBUG 	 2019-04-21 02:32:06,980 IIIII ------> JJJJJ
DEBUG 	 2019-04-21 02:32:06,981 KKKKK ------> LLLLL
DEBUG 	 2019-04-21 02:32:06,982 KKKKK ------> LLLLL
DEBUG 	 2019-04-21 02:32:06,983 GGGGG ------> HHHHH
DEBUG 	 2019-04-21 02:32:06,984 nnnnn ------> ooooo
DEBUG 	 2019-04-21 02:32:06,985 MMMMM ------> NNNNN
DEBUG 	 2019-04-21 02:32:06,986 BBBBB ------> CCCCC
DEBUG 	 2019-04-21 02:32:06,987 ppppp ------> qqqqq
DEBUG 	 2019-04-21 02:32:06,988 fffff ------> ggggg
DEBUG 	 2019-04-21 02:32:06,989 rrrrr ------> sssss
DEBUG 	 2019-04-21 02:32:06,990 jjjjj ------> kkkkk
DEBUG 	 2019-04-21 02:32:06,991 DDDDD ------> EEEEE
DEBUG 	 2019-04-21 02:32:06,992 TTTTT ------> UUUUU
DEBUG 	 2019-04-21 02:32:06,993 vvvvv ------> wwwww
DEBUG 	 2019-04-21 02:32:06,994 LLLLL ------> MMMMM
DEBUG 	 2019-04-21 02:32:06,995 iiiii ------> jjjjj
DEBUG 	 2019-04-21 02:32:06,996 vvvvv ------> wwwww
DEBUG 	 2019-04-21 02:32:06,997 fffff ------> ggggg
DEBUG 	 2019-04-21 02:32:06,998 bbbbb ------> ccccc
DEBUG 	 2019-04-21 02:32:06,999 RRRRR ------> SSSSS
DEBUG 	 2019-04-21 02:32:07,000 nnnnn ------> ooooo
DEBUG 	 2019-04-21 02:32:07,001 QQQQQ ------> RRRRR
DEBUG 	 2019-04-21 02:32:07,002 TTTTT ------> UUUUU
DEBUG 	 2019-04-21 02:32:07,003 ooooo ------> ppppp
DEBUG 	 2019-04-21 02:32:07,004 xxxxx ------> yyyyy
DEBUG 	 2019-04-21 02:32:07,005 AAAAA ------> BBBBB
DEBUG 	 2019-04-21 02:32:07,006 ooooo ------> ppppp
DEBUG 	 2019-04-21 02:32:07,007 QQQQQ ------> RRRRR
DEBUG 	 2019-04-21 02:32:07,008 PPPPP ------> QQQQQ
DEBUG 	 2019-04-21 02:32:07,009 wwwww ------> xxxxx
DEBUG 	 2019-04-21 02:32:07,010 OOOOO ------> PPPPP
DEBUG 	 2019-04-21 02:32:07,011 ggggg ------> hhhhh
DEBUG 	 2019-04-21 02:32:07,012 EEEEE ------> FFFFF
DEBUG 	 2019-04-21 02:32:07,013 UUUUU ------> VVVVV
DEBUG 	 2019-04-21 02:32:07,014 SSSSS ------> TTTTT
DEBUG 	 2019-04-21 02:32:07,015 lllll ------> mmmmm
DEBUG 	 2019-04-21 02:32:07,016 GGGGG ------> HHHHH
DEBUG 	 2019-04-21 02:32:07,017 CCCCC ------> DDDDD
DEBUG 	 2019-04-21 02:32:07,018 lllll ------> mmmmm
DEBUG 	 2019-04-21 02:32:07,019 TTTTT ------> UUUUU
DEBUG 	 2019-04-21 02:32:07,020 jjjjj ------> kkkkk
DEBUG 	 2019-04-21 02:32:07,021 EEEEE ------> FFFFF
DEBUG 	 2019-04-21 02:32:07,022 QQQQQ ------> RRRRR
DEBUG 	 2019-04-21 02:32:07,023 yyyyy ------> zzzzz
DEBUG 	 2019-04-21 02:32:07,024 FFFFF ------> GGGGG
DEBUG 	 2019-04-21 02:32:07,025 hhhhh ------> iiiii
DEBUG 	 2019-04-21 02:32:07,026 ggggg ------> hhhhh
DEBUG 	 2019-04-21 02:32:07,027 ddddd ------> eeeee
DEBUG 	 2019-04-21 02:32:07,028 KKKKK ------> LLLLL
DEBUG 	 2019-04-21 02:32:07,029 DDDDD ------> EEEEE
DEBUG 	 2019-04-21 02:32:07,030 yyyyy ------> zzzzz
DEBUG 	 2019-04-21 02:32:07,031 ddddd ------> eeeee
DEBUG 	 2019-04-21 02:32:07,032 xxxxx ------> yyyyy
DEBUG 	 2019-04-21 02:32:07,033 GGGGG ------> HHHHH
DEBUG 	 2019-04-21 02:32:07,034 FFFFF ------> GGGGG
DEBUG 	 2019-04-21 02:32:07,035 KKKKK ------> LLLLL
DEBUG 	 2019-04-21 02:32:07,036 BBBBB ------> CCCCC
DEBUG 	 2019-04-21 02:32:07,037 ZZZZZ ------> AAAAA
DEBUG 	 2019-04-21 02:32:07,038 vvvvv ------> wwwww
DEBUG 	 2019-04-21 02:32:07,039 JJJJJ ------> KKKKK
DEBUG 	 2019-04-21 02:32:07,040 xxxxx ------> yyyyy
DEBUG 	 2019-04-21 02:32:07,041 CCCCC ------> DDDDD
DEBUG 	 2019-04-21 02:32:07,042 xxxxx ------> yyyyy
DEBUG 	 2019-04-21 02:32:07,043 nnnnn ------> ooooo
DEBUG 	 2019-04-21 02:32:07,044 mmmmm ------> nnnnn
DEBUG 	 2019-04-21 02:32:07,045 sssss ------> ttttt
DEBUG 	 2019-04-21 02:32:07,046 IIIII ------> JJJJJ
DEBUG 	 2019-04-21 02:32:07,047 LLLLL ------> MMMMM
DEBUG 	 2019-04-21 02:32:07,048 yyyyy ------> zzzzz
DEBUG 	 2019-04-21 02:32:07,049 OOOOO ------> PPPPP
DEBUG 	 2019-04-21 02:32:07,050 QQQQQ ------> RRRRR
DEBUG 	 2019-04-21 02:32:07,051 NNNNN ------> OOOOO
DEBUG 	 2019-04-21 02:32:07,052 kkkkk ------> lllll
DEBUG 	 2019-04-21 02:32:07,053 ttttt ------> uuuuu
DEBUG 	 2019-04-21 02:32:07,054 lllll ------> mmmmm
DEBUG 	 2019-04-21 02:32:07,055 NNNNN ------> OOOOO
DEBUG 	 2019-04-21 02:32:07,056 yyyyy ------> zzzzz
DEBUG 	 2019-04-21 02:32:07,057 zzzzz ------> aaaaa
DEBUG 	 2019-04-21 02:32:07,058 BBBBB ------> CCCCC
DEBUG 	 2019-04-21 02:32:07,059 JJJJJ ------> KKKKK
DEBUG 	 2019-04-21 02:32:07,060 lllll ------> mmmmm
DEBUG 	 2019-04-21 02:32:07,061 wwwww ------> xxxxx
DEBUG 	 2019-04-21 02:32:07,062 sssss ------> ttttt
DEBUG 	 2019-04-21 02:32:07,063 YYYYY ------> ZZZZZ
DEBUG 	 2019-04-21 02:32:07,064 VVVVV ------> WWWWW
DEBUG 	 2019-04-21 02:32:07,065 QQQQQ ------> RRRRR
DEBUG 	 2019-04-21 02:32:07,066 vvvvv ------> wwwww
DEBUG 	 2019-04-21 02:32:07,067 RRRRR ------> SSSSS
DEBUG 	 2019-04-21 02:32:07,068 ooooo ------> ppppp
DEBUG 	 2019-04-21 02:32:07,069 iiiii ------> jjjjj
DEBUG 	 2019-04-21 02:32:07,070 nnnnn ------> ooooo
DEBUG 	 2019-04-21 02:32:07,071 AAAAA ------> BBBBB
DEBUG 	 2019-04-21 02:32:07,072 SSSSS ------> TTTTT
DEBUG 	 2019-04-21 02:32:07,073 RRRRR ------> SSSSS
DEBUG 	 2019-04-21 02:32:07,074 eeeee ------> fffff
DEBUG 	 2019-04-21 02:32:07,075 ddddd ------> eeeee
DEBUG 	 2019-04-21 02:32:07,076 yyyyy ------> zzzzz
DEBUG 	 2019-04-21 02:32:07,077 WWWWW ------> XXXXX
DEBUG 	 2019-04-21 02:32:07,078 zzzzz ------> aaaaa
DEBUG 	 2019-04-21 02:32:07,079 uuuuu ------> vvvvv
DEBUG 	 2019-04-21 02:32:07,080 JJJJJ ------> KKKKK
DEBUG 	 2019-04-21 02:32:07,081 BBBBB ------> CCCCC
DEBUG 	 2019-04-21 02:32:07,082 xxxxx ------> yyyyy
DEBUG 	 2019-04-21 02:32:07,083 TTTTT ------> UUUUU
DEBUG 	 2019-04-21 02:32:07,084 WWWWW ------> XXXXX
DEBUG 	 2019-04-21 02:32:07,085 IIIII ------> JJJJJ
DEBUG 	 2019-04-21 02:32:07,086 TTTTT ------> UUUUU
DEBUG 	 2019-04-21 02:32:07,087 FFFFF ------> GGGGG
DEBUG 	 2019-04-21 02:32:07,088 LLLLL ------> MMMMM
DEBUG 	 2019-04-21 02:32:07,089 xxxxx ------> yyyyy
DEBUG 	 2019-04-21 02:32:07,090 zzzzz ------> aaaaa
DEBUG 	 2019-04-21 02:32:07,091 xxxxx ------> yyyyy
DEBUG 	 2019-04-21 02:32:07,092 ggggg ------> hhhhh
DEBUG 	 2019-04-21 02:32:07,093 WWWWW ------> XXXXX
DEBUG 	 2019-04-21 02:32:07,094 nnnnn ------> ooooo
DEBUG 	 2019-04-21 02:32:07,095 IIIII ------> JJJJJ
DEBUG 	 2019-04-21 02:32:07,096 XXXXX ------> YYYYY
DEBUG 	 2019-04-21 02:32:07,097 hhhhh ------> iiiii
DEBUG 	 2019-04-21 02:32:07,098 yyyyy ------> zzzzz
DEBUG 	 2019-04-21 02:32:07,099 LLLLL ------> MMMMM
DEBUG 	 2019-04-21 02:32:07,100 JJJJJ ------> KKKKK
DEBUG 	 2019-04-21 02:32:07,101 uuuuu ------> vvvvv
DEBUG 	 2019-04-21 02:32:07,102 ooooo ------> ppppp
DEBUG 	 2019-04-21 02:32:07,103 HHHHH ------> IIIII
DEBUG 	 2019-04-21 02:32:07,104 TTTTT ------> UUUUU
DEBUG 	 2019-04-21 02:32:07,105 uuuuu ------> vvvvv
DEBUG 	 2019-04-21 02:32:07,106 vvvvv ------> wwwww
DEBUG 	 2019-04-21 02:32:07,107 rrrrr ------> sssss
DEBUG 	 2019-04-21 02:32:07,108 ccccc ------> ddddd
DEBUG 	 2019-04-21 02:32:07,109 JJJJJ ------> KKKKK
DEBUG 	 2019-04-21 02:32:07,110 VVVVV ------> WWWWW
DEBUG 	 2019-04-21 02:32:07,111 yyyyy ------> zzzzz
DEBUG 	 2019-04-21 02:32:07,112 OOOOO ------> PPPPP
DEBUG 	 2019-04-21 02:32:07,113 NNNNN ------> OOOOO
DEBUG 	 2019-04-21 02:32:07,114 GGGGG ------> HHHHH
DEBUG 	 2019-04-21 02:32:07,115 hhhhh ------> iiiii
DEBUG 	 2019-04-21 02:32:07,116 kkkkk ------> lllll
DEBUG 	 2019-04-21 02:32:07,117 EEEEE ------> FFFFF
DEBUG 	 2019-04-21 02:32:07,118 ccccc ------> ddddd
DEBUG 	 2019-04-21 02:32:07,119 ggggg ------> hhhhh
DEBUG 	 2019-04-21 02:32:07,120 ZZZZZ ------> AAAAA
DEBUG 	 2019-04-21 02:32:07,121 CCCCC ------> DDDDD
DEBUG 	 2019-04-21 02:32:07,122 CCCCC ------> DDDDD
DEBUG 	 2019-04-21 02:32:07,123 VVVVV ------> WWWWW
DEBUG 	 2019-04-21 02:32:07,124 VVVVV ------> WWWWW
DEBUG 	 2019-04-21 02:32:07,125 LLLLL ------> MMMMM
DEBUG 	 2019-04-21 02:32:07,126 xxxxx ------> yyyyy
DEBUG 	 2019-04-21 02:32:07,127 ggggg ------> hhhhh
DEBUG 	 2019-04-21 02:32:07,128 SSSSS ------> TTTTT
DEBUG 	 2019-04-21 02:32:07,129 jjjjj ------> kkkkk
DEBUG 	 2019-04-21 02:32:07,130 FFFFF ------> GGGGG
DEBUG 	 2019-04-21 02:32:07,131 bbbbb ------> ccccc
DEBUG 	 2019-04-21 02:32:07,132 GGGGG ------> HHHHH
DEBUG 	 2019-04-21 02:32:07,133 AAAAA ------> BBBBB
DEBUG 	 2019-04-21 02:32:07,134 IIIII ------> JJJJJ
DEBUG 	 2019-04-21 02:32:07,135 UUUUU ------> VVVVV
DEBUG 	 2019-04-21 02:32:07,136 aaaaa ------> bbbbb
DEBUG 	 2019-04-21 02:32:07,137 ttttt ------> uuuuu
DEBUG 	 2019-04-21 02:32:07,138 UUUUU ------> VVVVV
DEBUG 	 2019-04-21 02:32:07,139 ZZZZZ ------> AAAAA
DEBUG 	 2019-04-21 02:32:07,140 bbbbb ------> ccccc
DEBUG 	 2019-04-21 02:32:07,141 SSSSS ------> TTTTT
DEBUG 	 2019-04-21 02:32:07,142 UUUUU ------> VVVVV
DEBUG 	 2019-04-21 02:32:07,143 fffff ------> ggggg
DEBUG 	 2019-04-21 02:32:07,144 LLLLL ------> MMMMM
DEBUG 	 2019-04-21 02:32:07,145 TTTTT ------> UUUUU
DEBUG 	 2019-04-21 02:32:07,146 mmmmm ------> nnnnn
DEBUG 	 2019-04-21 02:32:07,147 zzzzz ------> aaaaa
DEBUG 	 2019-04-21 02:32:07,148 fffff ------> ggggg
DEBUG 	 2019-04-21 02:32:07,149 LLLLL ------> MMMMM
DEBUG 	 2019-04-21 02:32:07,150 bbbbb ------> ccccc
DEBUG 	 2019-04-21 02:32:07,151 GGGGG ------> HHHHH
DEBUG 	 2019-04-21 02:32:07,152 DDDDD ------> EEEEE
DEBUG 	 2019-04-21 02:32:07,153 DDDDD ------> EEEEE
DEBUG 	 2019-04-21 02:32:07,154 TTTTT ------> UUUUU
INFO 	 2019-04-21 02:32:07,154 Error rate: 0.0
