INFO 	 2019-04-21 02:28:54,676 Serial port COM3 opened successfully.
INFO 	 2019-04-21 02:28:54,676 Running: 1000 tests with baud rate: 200000
DEBUG 	 2019-04-21 02:28:54,676 V ------> W
DEBUG 	 2019-04-21 02:28:54,677 P ------> Q
DEBUG 	 2019-04-21 02:28:54,678 W ------> X
DEBUG 	 2019-04-21 02:28:54,679 Z ------> A
DEBUG 	 2019-04-21 02:28:54,680 g ------> h
DEBUG 	 2019-04-21 02:28:54,681 S ------> T
DEBUG 	 2019-04-21 02:28:54,682 H ------> I
DEBUG 	 2019-04-21 02:28:54,683 D ------> E
DEBUG 	 2019-04-21 02:28:54,684 t ------> u
DEBUG 	 2019-04-21 02:28:54,685 b ------> c
DEBUG 	 2019-04-21 02:28:54,686 A ------> B
DEBUG 	 2019-04-21 02:28:54,687 y ------> z
DEBUG 	 2019-04-21 02:28:54,688 I ------> J
DEBUG 	 2019-04-21 02:28:54,693 p ------> q
DEBUG 	 2019-04-21 02:28:54,694 Z ------> A
DEBUG 	 2019-04-21 02:28:54,695 c ------> d
DEBUG 	 2019-04-21 02:28:54,696 k ------> l
DEBUG 	 2019-04-21 02:28:54,697 a ------> b
DEBUG 	 2019-04-21 02:28:54,698 a ------> b
DEBUG 	 2019-04-21 02:28:54,699 q ------> r
DEBUG 	 2019-04-21 02:28:54,700 i ------> j
DEBUG 	 2019-04-21 02:28:54,701 H ------> I
DEBUG 	 2019-04-21 02:28:54,702 S ------> T
DEBUG 	 2019-04-21 02:28:54,703 M ------> N
DEBUG 	 2019-04-21 02:28:54,704 E ------> F
DEBUG 	 2019-04-21 02:28:54,705 U ------> V
DEBUG 	 2019-04-21 02:28:54,706 h ------> i
DEBUG 	 2019-04-21 02:28:54,707 q ------> r
DEBUG 	 2019-04-21 02:28:54,708 O ------> P
DEBUG 	 2019-04-21 02:28:54,709 W ------> X
DEBUG 	 2019-04-21 02:28:54,710 m ------> n
DEBUG 	 2019-04-21 02:28:54,711 u ------> v
DEBUG 	 2019-04-21 02:28:54,712 a ------> b
DEBUG 	 2019-04-21 02:28:54,713 e ------> f
DEBUG 	 2019-04-21 02:28:54,714 q ------> r
DEBUG 	 2019-04-21 02:28:54,715 M ------> N
DEBUG 	 2019-04-21 02:28:54,716 R ------> S
DEBUG 	 2019-04-21 02:28:54,717 a ------> b
DEBUG 	 2019-04-21 02:28:54,718 q ------> r
DEBUG 	 2019-04-21 02:28:54,719 g ------> h
DEBUG 	 2019-04-21 02:28:54,720 J ------> K
DEBUG 	 2019-04-21 02:28:54,721 A ------> B
DEBUG 	 2019-04-21 02:28:54,722 O ------> P
DEBUG 	 2019-04-21 02:28:54,723 u ------> v
DEBUG 	 2019-04-21 02:28:54,724 L ------> M
DEBUG 	 2019-04-21 02:28:54,725 L ------> M
DEBUG 	 2019-04-21 02:28:54,726 z ------> a
DEBUG 	 2019-04-21 02:28:54,727 a ------> b
DEBUG 	 2019-04-21 02:28:54,728 u ------> v
DEBUG 	 2019-04-21 02:28:54,729 k ------> l
DEBUG 	 2019-04-21 02:28:54,730 V ------> W
DEBUG 	 2019-04-21 02:28:54,731 u ------> v
DEBUG 	 2019-04-21 02:28:54,732 s ------> t
DEBUG 	 2019-04-21 02:28:54,733 A ------> B
DEBUG 	 2019-04-21 02:28:54,734 X ------> Y
DEBUG 	 2019-04-21 02:28:54,735 P ------> Q
DEBUG 	 2019-04-21 02:28:54,736 D ------> E
DEBUG 	 2019-04-21 02:28:54,737 c ------> d
DEBUG 	 2019-04-21 02:28:54,738 X ------> Y
DEBUG 	 2019-04-21 02:28:54,739 K ------> L
DEBUG 	 2019-04-21 02:28:54,740 n ------> o
DEBUG 	 2019-04-21 02:28:54,741 H ------> I
DEBUG 	 2019-04-21 02:28:54,742 O ------> P
DEBUG 	 2019-04-21 02:28:54,743 W ------> X
DEBUG 	 2019-04-21 02:28:54,744 I ------> J
DEBUG 	 2019-04-21 02:28:54,745 C ------> D
DEBUG 	 2019-04-21 02:28:54,746 y ------> z
DEBUG 	 2019-04-21 02:28:54,747 Q ------> R
DEBUG 	 2019-04-21 02:28:54,748 o ------> p
DEBUG 	 2019-04-21 02:28:54,749 K ------> L
DEBUG 	 2019-04-21 02:28:54,750 E ------> F
DEBUG 	 2019-04-21 02:28:54,751 P ------> Q
DEBUG 	 2019-04-21 02:28:54,752 c ------> d
DEBUG 	 2019-04-21 02:28:54,753 U ------> V
DEBUG 	 2019-04-21 02:28:54,754 m ------> n
DEBUG 	 2019-04-21 02:28:54,755 T ------> U
DEBUG 	 2019-04-21 02:28:54,756 H ------> I
DEBUG 	 2019-04-21 02:28:54,757 m ------> n
DEBUG 	 2019-04-21 02:28:54,758 W ------> X
DEBUG 	 2019-04-21 02:28:54,759 Q ------> R
DEBUG 	 2019-04-21 02:28:54,760 K ------> L
DEBUG 	 2019-04-21 02:28:54,761 Q ------> R
DEBUG 	 2019-04-21 02:28:54,762 V ------> W
DEBUG 	 2019-04-21 02:28:54,763 G ------> H
DEBUG 	 2019-04-21 02:28:54,764 w ------> x
DEBUG 	 2019-04-21 02:28:54,765 j ------> k
DEBUG 	 2019-04-21 02:28:54,766 O ------> P
DEBUG 	 2019-04-21 02:28:54,767 X ------> Y
DEBUG 	 2019-04-21 02:28:54,768 y ------> z
DEBUG 	 2019-04-21 02:28:54,769 B ------> C
DEBUG 	 2019-04-21 02:28:54,770 x ------> y
DEBUG 	 2019-04-21 02:28:54,771 I ------> J
DEBUG 	 2019-04-21 02:28:54,772 A ------> B
DEBUG 	 2019-04-21 02:28:54,773 u ------> v
DEBUG 	 2019-04-21 02:28:54,774 S ------> T
DEBUG 	 2019-04-21 02:28:54,775 i ------> j
DEBUG 	 2019-04-21 02:28:54,776 E ------> F
DEBUG 	 2019-04-21 02:28:54,777 J ------> K
DEBUG 	 2019-04-21 02:28:54,778 v ------> w
DEBUG 	 2019-04-21 02:28:54,779 E ------> F
DEBUG 	 2019-04-21 02:28:54,780 C ------> D
DEBUG 	 2019-04-21 02:28:54,781 K ------> L
DEBUG 	 2019-04-21 02:28:54,782 H ------> I
DEBUG 	 2019-04-21 02:28:54,783 g ------> h
DEBUG 	 2019-04-21 02:28:54,784 R ------> S
DEBUG 	 2019-04-21 02:28:54,785 T ------> U
DEBUG 	 2019-04-21 02:28:54,786 E ------> F
DEBUG 	 2019-04-21 02:28:54,787 u ------> v
DEBUG 	 2019-04-21 02:28:54,788 a ------> b
DEBUG 	 2019-04-21 02:28:54,789 I ------> J
DEBUG 	 2019-04-21 02:28:54,790 B ------> C
DEBUG 	 2019-04-21 02:28:54,791 N ------> O
DEBUG 	 2019-04-21 02:28:54,792 l ------> m
DEBUG 	 2019-04-21 02:28:54,793 f ------> g
DEBUG 	 2019-04-21 02:28:54,794 i ------> j
DEBUG 	 2019-04-21 02:28:54,795 E ------> F
DEBUG 	 2019-04-21 02:28:54,796 P ------> Q
DEBUG 	 2019-04-21 02:28:54,797 r ------> s
DEBUG 	 2019-04-21 02:28:54,798 Z ------> A
DEBUG 	 2019-04-21 02:28:54,799 G ------> H
DEBUG 	 2019-04-21 02:28:54,800 u ------> v
DEBUG 	 2019-04-21 02:28:54,801 v ------> w
DEBUG 	 2019-04-21 02:28:54,802 N ------> O
DEBUG 	 2019-04-21 02:28:54,803 J ------> K
DEBUG 	 2019-04-21 02:28:54,804 O ------> P
DEBUG 	 2019-04-21 02:28:54,805 U ------> V
DEBUG 	 2019-04-21 02:28:54,806 C ------> D
DEBUG 	 2019-04-21 02:28:54,807 m ------> n
DEBUG 	 2019-04-21 02:28:54,808 I ------> J
DEBUG 	 2019-04-21 02:28:54,809 e ------> f
DEBUG 	 2019-04-21 02:28:54,810 e ------> f
DEBUG 	 2019-04-21 02:28:54,811 R ------> S
DEBUG 	 2019-04-21 02:28:54,812 V ------> W
DEBUG 	 2019-04-21 02:28:54,813 w ------> x
DEBUG 	 2019-04-21 02:28:54,814 H ------> I
DEBUG 	 2019-04-21 02:28:54,815 i ------> j
DEBUG 	 2019-04-21 02:28:54,816 E ------> F
DEBUG 	 2019-04-21 02:28:54,817 U ------> V
DEBUG 	 2019-04-21 02:28:54,818 j ------> k
DEBUG 	 2019-04-21 02:28:54,819 S ------> T
DEBUG 	 2019-04-21 02:28:54,820 R ------> S
DEBUG 	 2019-04-21 02:28:54,821 f ------> g
DEBUG 	 2019-04-21 02:28:54,822 b ------> c
DEBUG 	 2019-04-21 02:28:54,823 B ------> C
DEBUG 	 2019-04-21 02:28:54,824 i ------> j
DEBUG 	 2019-04-21 02:28:54,825 J ------> K
DEBUG 	 2019-04-21 02:28:54,826 r ------> s
DEBUG 	 2019-04-21 02:28:54,827 C ------> D
DEBUG 	 2019-04-21 02:28:54,828 t ------> u
DEBUG 	 2019-04-21 02:28:54,829 Y ------> Z
DEBUG 	 2019-04-21 02:28:54,830 P ------> Q
DEBUG 	 2019-04-21 02:28:54,831 i ------> j
DEBUG 	 2019-04-21 02:28:54,832 D ------> E
DEBUG 	 2019-04-21 02:28:54,833 I ------> J
DEBUG 	 2019-04-21 02:28:54,834 I ------> J
DEBUG 	 2019-04-21 02:28:54,835 s ------> t
DEBUG 	 2019-04-21 02:28:54,836 q ------> r
DEBUG 	 2019-04-21 02:28:54,837 n ------> o
DEBUG 	 2019-04-21 02:28:54,838 T ------> U
DEBUG 	 2019-04-21 02:28:54,839 v ------> w
DEBUG 	 2019-04-21 02:28:54,840 v ------> w
DEBUG 	 2019-04-21 02:28:54,841 i ------> j
DEBUG 	 2019-04-21 02:28:54,842 p ------> q
DEBUG 	 2019-04-21 02:28:54,843 C ------> D
DEBUG 	 2019-04-21 02:28:54,844 E ------> F
DEBUG 	 2019-04-21 02:28:54,845 J ------> K
DEBUG 	 2019-04-21 02:28:54,846 u ------> v
DEBUG 	 2019-04-21 02:28:54,847 B ------> C
DEBUG 	 2019-04-21 02:28:54,848 a ------> b
DEBUG 	 2019-04-21 02:28:54,849 d ------> e
DEBUG 	 2019-04-21 02:28:54,850 O ------> P
DEBUG 	 2019-04-21 02:28:54,851 q ------> r
DEBUG 	 2019-04-21 02:28:54,852 m ------> n
DEBUG 	 2019-04-21 02:28:54,853 X ------> Y
DEBUG 	 2019-04-21 02:28:54,854 x ------> y
DEBUG 	 2019-04-21 02:28:54,855 S ------> T
DEBUG 	 2019-04-21 02:28:54,856 e ------> f
DEBUG 	 2019-04-21 02:28:54,857 h ------> i
DEBUG 	 2019-04-21 02:28:54,858 Q ------> R
DEBUG 	 2019-04-21 02:28:54,859 I ------> J
DEBUG 	 2019-04-21 02:28:54,860 n ------> o
DEBUG 	 2019-04-21 02:28:54,861 B ------> C
DEBUG 	 2019-04-21 02:28:54,862 k ------> l
DEBUG 	 2019-04-21 02:28:54,863 x ------> y
DEBUG 	 2019-04-21 02:28:54,864 q ------> r
DEBUG 	 2019-04-21 02:28:54,865 x ------> y
DEBUG 	 2019-04-21 02:28:54,866 J ------> K
DEBUG 	 2019-04-21 02:28:54,867 P ------> Q
DEBUG 	 2019-04-21 02:28:54,868 h ------> i
DEBUG 	 2019-04-21 02:28:54,869 P ------> Q
DEBUG 	 2019-04-21 02:28:54,870 P ------> Q
DEBUG 	 2019-04-21 02:28:54,871 g ------> h
DEBUG 	 2019-04-21 02:28:54,872 o ------> p
DEBUG 	 2019-04-21 02:28:54,873 s ------> t
DEBUG 	 2019-04-21 02:28:54,875 I ------> J
DEBUG 	 2019-04-21 02:28:54,875 h ------> i
DEBUG 	 2019-04-21 02:28:54,876 h ------> i
DEBUG 	 2019-04-21 02:28:54,877 z ------> a
DEBUG 	 2019-04-21 02:28:54,878 L ------> M
DEBUG 	 2019-04-21 02:28:54,879 j ------> k
DEBUG 	 2019-04-21 02:28:54,881 E ------> F
DEBUG 	 2019-04-21 02:28:54,882 C ------> D
DEBUG 	 2019-04-21 02:28:54,882 A ------> B
DEBUG 	 2019-04-21 02:28:54,883 B ------> C
DEBUG 	 2019-04-21 02:28:54,884 K ------> L
DEBUG 	 2019-04-21 02:28:54,885 x ------> y
DEBUG 	 2019-04-21 02:28:54,886 E ------> F
DEBUG 	 2019-04-21 02:28:54,887 J ------> K
DEBUG 	 2019-04-21 02:28:54,888 L ------> M
DEBUG 	 2019-04-21 02:28:54,889 w ------> x
DEBUG 	 2019-04-21 02:28:54,890 y ------> z
DEBUG 	 2019-04-21 02:28:54,891 x ------> y
DEBUG 	 2019-04-21 02:28:54,892 c ------> d
DEBUG 	 2019-04-21 02:28:54,893 c ------> d
DEBUG 	 2019-04-21 02:28:54,894 r ------> s
DEBUG 	 2019-04-21 02:28:54,895 G ------> H
DEBUG 	 2019-04-21 02:28:54,896 p ------> q
DEBUG 	 2019-04-21 02:28:54,897 u ------> v
DEBUG 	 2019-04-21 02:28:54,898 Y ------> Z
DEBUG 	 2019-04-21 02:28:54,899 l ------> m
DEBUG 	 2019-04-21 02:28:54,900 U ------> V
DEBUG 	 2019-04-21 02:28:54,901 t ------> u
DEBUG 	 2019-04-21 02:28:54,902 z ------> a
DEBUG 	 2019-04-21 02:28:54,903 e ------> f
DEBUG 	 2019-04-21 02:28:54,904 C ------> D
DEBUG 	 2019-04-21 02:28:54,905 G ------> H
DEBUG 	 2019-04-21 02:28:54,906 a ------> b
DEBUG 	 2019-04-21 02:28:54,907 v ------> w
DEBUG 	 2019-04-21 02:28:54,908 w ------> x
DEBUG 	 2019-04-21 02:28:54,909 j ------> k
DEBUG 	 2019-04-21 02:28:54,910 p ------> q
DEBUG 	 2019-04-21 02:28:54,911 X ------> Y
DEBUG 	 2019-04-21 02:28:54,912 B ------> C
DEBUG 	 2019-04-21 02:28:54,913 Q ------> R
DEBUG 	 2019-04-21 02:28:54,914 v ------> w
DEBUG 	 2019-04-21 02:28:54,915 g ------> h
DEBUG 	 2019-04-21 02:28:54,916 m ------> n
DEBUG 	 2019-04-21 02:28:54,917 Z ------> A
DEBUG 	 2019-04-21 02:28:54,918 d ------> e
DEBUG 	 2019-04-21 02:28:54,919 H ------> I
DEBUG 	 2019-04-21 02:28:54,920 R ------> S
DEBUG 	 2019-04-21 02:28:54,921 l ------> m
DEBUG 	 2019-04-21 02:28:54,922 Z ------> A
DEBUG 	 2019-04-21 02:28:54,923 a ------> b
DEBUG 	 2019-04-21 02:28:54,924 S ------> T
DEBUG 	 2019-04-21 02:28:54,925 q ------> r
DEBUG 	 2019-04-21 02:28:54,926 s ------> t
DEBUG 	 2019-04-21 02:28:54,927 i ------> j
DEBUG 	 2019-04-21 02:28:54,928 x ------> y
DEBUG 	 2019-04-21 02:28:54,929 N ------> O
DEBUG 	 2019-04-21 02:28:54,930 L ------> M
DEBUG 	 2019-04-21 02:28:54,931 z ------> a
DEBUG 	 2019-04-21 02:28:54,932 Z ------> A
DEBUG 	 2019-04-21 02:28:54,933 U ------> V
DEBUG 	 2019-04-21 02:28:54,934 T ------> U
DEBUG 	 2019-04-21 02:28:54,935 Q ------> R
DEBUG 	 2019-04-21 02:28:54,936 F ------> G
DEBUG 	 2019-04-21 02:28:54,937 o ------> p
DEBUG 	 2019-04-21 02:28:54,939 F ------> G
DEBUG 	 2019-04-21 02:28:54,939 m ------> n
DEBUG 	 2019-04-21 02:28:54,940 R ------> S
DEBUG 	 2019-04-21 02:28:54,941 G ------> H
DEBUG 	 2019-04-21 02:28:54,942 L ------> M
DEBUG 	 2019-04-21 02:28:54,943 a ------> b
DEBUG 	 2019-04-21 02:28:54,944 h ------> i
DEBUG 	 2019-04-21 02:28:54,945 B ------> C
DEBUG 	 2019-04-21 02:28:54,946 Q ------> R
DEBUG 	 2019-04-21 02:28:54,947 e ------> f
DEBUG 	 2019-04-21 02:28:54,948 z ------> a
DEBUG 	 2019-04-21 02:28:54,949 I ------> J
DEBUG 	 2019-04-21 02:28:54,950 C ------> D
DEBUG 	 2019-04-21 02:28:54,951 K ------> L
DEBUG 	 2019-04-21 02:28:54,952 p ------> q
DEBUG 	 2019-04-21 02:28:54,953 I ------> J
DEBUG 	 2019-04-21 02:28:54,954 q ------> r
DEBUG 	 2019-04-21 02:28:54,955 Q ------> R
DEBUG 	 2019-04-21 02:28:54,956 e ------> f
DEBUG 	 2019-04-21 02:28:54,957 R ------> S
DEBUG 	 2019-04-21 02:28:54,958 C ------> D
DEBUG 	 2019-04-21 02:28:54,959 x ------> y
DEBUG 	 2019-04-21 02:28:54,960 D ------> E
DEBUG 	 2019-04-21 02:28:54,961 X ------> Y
DEBUG 	 2019-04-21 02:28:54,962 C ------> D
DEBUG 	 2019-04-21 02:28:54,963 y ------> z
DEBUG 	 2019-04-21 02:28:54,964 Y ------> Z
DEBUG 	 2019-04-21 02:28:54,965 l ------> m
DEBUG 	 2019-04-21 02:28:54,967 L ------> M
DEBUG 	 2019-04-21 02:28:54,967 w ------> x
DEBUG 	 2019-04-21 02:28:54,968 g ------> h
DEBUG 	 2019-04-21 02:28:54,969 f ------> g
DEBUG 	 2019-04-21 02:28:54,971 b ------> c
DEBUG 	 2019-04-21 02:28:54,972 F ------> G
DEBUG 	 2019-04-21 02:28:54,973 D ------> E
DEBUG 	 2019-04-21 02:28:54,973 j ------> k
DEBUG 	 2019-04-21 02:28:54,974 U ------> V
DEBUG 	 2019-04-21 02:28:54,975 E ------> F
DEBUG 	 2019-04-21 02:28:54,976 z ------> a
DEBUG 	 2019-04-21 02:28:54,977 E ------> F
DEBUG 	 2019-04-21 02:28:54,979 T ------> U
DEBUG 	 2019-04-21 02:28:54,979 n ------> o
DEBUG 	 2019-04-21 02:28:54,980 O ------> P
DEBUG 	 2019-04-21 02:28:54,982 K ------> L
DEBUG 	 2019-04-21 02:28:54,983 g ------> h
DEBUG 	 2019-04-21 02:28:54,983 C ------> D
DEBUG 	 2019-04-21 02:28:54,985 X ------> Y
DEBUG 	 2019-04-21 02:28:54,985 x ------> y
DEBUG 	 2019-04-21 02:28:54,986 R ------> S
DEBUG 	 2019-04-21 02:28:54,987 E ------> F
DEBUG 	 2019-04-21 02:28:54,988 e ------> f
DEBUG 	 2019-04-21 02:28:54,990 m ------> n
DEBUG 	 2019-04-21 02:28:54,991 D ------> E
DEBUG 	 2019-04-21 02:28:54,992 U ------> V
DEBUG 	 2019-04-21 02:28:54,993 s ------> t
DEBUG 	 2019-04-21 02:28:54,994 B ------> C
DEBUG 	 2019-04-21 02:28:54,994 q ------> r
DEBUG 	 2019-04-21 02:28:54,996 j ------> k
DEBUG 	 2019-04-21 02:28:54,997 J ------> K
DEBUG 	 2019-04-21 02:28:54,997 g ------> h
DEBUG 	 2019-04-21 02:28:54,999 t ------> u
DEBUG 	 2019-04-21 02:28:55,000 h ------> i
DEBUG 	 2019-04-21 02:28:55,001 x ------> y
DEBUG 	 2019-04-21 02:28:55,002 R ------> S
DEBUG 	 2019-04-21 02:28:55,003 W ------> X
DEBUG 	 2019-04-21 02:28:55,004 r ------> s
DEBUG 	 2019-04-21 02:28:55,005 B ------> C
DEBUG 	 2019-04-21 02:28:55,006 d ------> e
DEBUG 	 2019-04-21 02:28:55,007 S ------> T
DEBUG 	 2019-04-21 02:28:55,008 b ------> c
DEBUG 	 2019-04-21 02:28:55,009 e ------> f
DEBUG 	 2019-04-21 02:28:55,010 b ------> c
DEBUG 	 2019-04-21 02:28:55,011 t ------> u
DEBUG 	 2019-04-21 02:28:55,012 o ------> p
DEBUG 	 2019-04-21 02:28:55,013 H ------> I
DEBUG 	 2019-04-21 02:28:55,014 T ------> U
DEBUG 	 2019-04-21 02:28:55,015 w ------> x
DEBUG 	 2019-04-21 02:28:55,016 B ------> C
DEBUG 	 2019-04-21 02:28:55,017 w ------> x
DEBUG 	 2019-04-21 02:28:55,018 s ------> t
DEBUG 	 2019-04-21 02:28:55,019 p ------> q
DEBUG 	 2019-04-21 02:28:55,020 Q ------> R
DEBUG 	 2019-04-21 02:28:55,021 M ------> N
DEBUG 	 2019-04-21 02:28:55,022 w ------> x
DEBUG 	 2019-04-21 02:28:55,023 k ------> l
DEBUG 	 2019-04-21 02:28:55,024 a ------> b
DEBUG 	 2019-04-21 02:28:55,025 F ------> G
DEBUG 	 2019-04-21 02:28:55,026 U ------> V
DEBUG 	 2019-04-21 02:28:55,027 M ------> N
DEBUG 	 2019-04-21 02:28:55,028 C ------> D
DEBUG 	 2019-04-21 02:28:55,029 N ------> O
DEBUG 	 2019-04-21 02:28:55,030 c ------> d
DEBUG 	 2019-04-21 02:28:55,031 z ------> a
DEBUG 	 2019-04-21 02:28:55,032 r ------> s
DEBUG 	 2019-04-21 02:28:55,033 v ------> w
DEBUG 	 2019-04-21 02:28:55,034 K ------> L
DEBUG 	 2019-04-21 02:28:55,035 X ------> Y
DEBUG 	 2019-04-21 02:28:55,036 o ------> p
DEBUG 	 2019-04-21 02:28:55,037 L ------> M
DEBUG 	 2019-04-21 02:28:55,038 P ------> Q
DEBUG 	 2019-04-21 02:28:55,039 C ------> D
DEBUG 	 2019-04-21 02:28:55,040 G ------> H
DEBUG 	 2019-04-21 02:28:55,041 h ------> i
DEBUG 	 2019-04-21 02:28:55,042 S ------> T
DEBUG 	 2019-04-21 02:28:55,043 t ------> u
DEBUG 	 2019-04-21 02:28:55,044 w ------> x
DEBUG 	 2019-04-21 02:28:55,045 O ------> P
DEBUG 	 2019-04-21 02:28:55,046 R ------> S
DEBUG 	 2019-04-21 02:28:55,047 T ------> U
DEBUG 	 2019-04-21 02:28:55,048 o ------> p
DEBUG 	 2019-04-21 02:28:55,049 A ------> B
DEBUG 	 2019-04-21 02:28:55,050 d ------> e
DEBUG 	 2019-04-21 02:28:55,051 w ------> x
DEBUG 	 2019-04-21 02:28:55,052 u ------> v
DEBUG 	 2019-04-21 02:28:55,053 r ------> s
DEBUG 	 2019-04-21 02:28:55,054 s ------> t
DEBUG 	 2019-04-21 02:28:55,055 V ------> W
DEBUG 	 2019-04-21 02:28:55,056 r ------> s
DEBUG 	 2019-04-21 02:28:55,057 k ------> l
DEBUG 	 2019-04-21 02:28:55,058 f ------> g
DEBUG 	 2019-04-21 02:28:55,059 N ------> O
DEBUG 	 2019-04-21 02:28:55,060 F ------> G
DEBUG 	 2019-04-21 02:28:55,061 S ------> T
DEBUG 	 2019-04-21 02:28:55,062 p ------> q
DEBUG 	 2019-04-21 02:28:55,063 A ------> B
DEBUG 	 2019-04-21 02:28:55,064 F ------> G
DEBUG 	 2019-04-21 02:28:55,065 Q ------> R
DEBUG 	 2019-04-21 02:28:55,066 G ------> H
DEBUG 	 2019-04-21 02:28:55,067 a ------> b
DEBUG 	 2019-04-21 02:28:55,068 z ------> a
DEBUG 	 2019-04-21 02:28:55,069 k ------> l
DEBUG 	 2019-04-21 02:28:55,070 y ------> z
DEBUG 	 2019-04-21 02:28:55,071 T ------> U
DEBUG 	 2019-04-21 02:28:55,072 y ------> z
DEBUG 	 2019-04-21 02:28:55,073 d ------> e
DEBUG 	 2019-04-21 02:28:55,074 g ------> h
DEBUG 	 2019-04-21 02:28:55,075 p ------> q
DEBUG 	 2019-04-21 02:28:55,076 T ------> U
DEBUG 	 2019-04-21 02:28:55,077 J ------> K
DEBUG 	 2019-04-21 02:28:55,078 B ------> C
DEBUG 	 2019-04-21 02:28:55,079 k ------> l
DEBUG 	 2019-04-21 02:28:55,080 y ------> z
DEBUG 	 2019-04-21 02:28:55,081 F ------> G
DEBUG 	 2019-04-21 02:28:55,082 l ------> m
DEBUG 	 2019-04-21 02:28:55,083 C ------> D
DEBUG 	 2019-04-21 02:28:55,084 O ------> P
DEBUG 	 2019-04-21 02:28:55,085 X ------> Y
DEBUG 	 2019-04-21 02:28:55,086 W ------> X
DEBUG 	 2019-04-21 02:28:55,087 l ------> m
DEBUG 	 2019-04-21 02:28:55,088 F ------> G
DEBUG 	 2019-04-21 02:28:55,089 p ------> q
DEBUG 	 2019-04-21 02:28:55,090 W ------> X
DEBUG 	 2019-04-21 02:28:55,091 F ------> G
DEBUG 	 2019-04-21 02:28:55,092 D ------> E
DEBUG 	 2019-04-21 02:28:55,093 W ------> X
DEBUG 	 2019-04-21 02:28:55,094 t ------> u
DEBUG 	 2019-04-21 02:28:55,095 D ------> E
DEBUG 	 2019-04-21 02:28:55,096 E ------> F
DEBUG 	 2019-04-21 02:28:55,097 Q ------> R
DEBUG 	 2019-04-21 02:28:55,098 C ------> D
DEBUG 	 2019-04-21 02:28:55,099 X ------> Y
DEBUG 	 2019-04-21 02:28:55,100 x ------> y
DEBUG 	 2019-04-21 02:28:55,101 g ------> h
DEBUG 	 2019-04-21 02:28:55,102 c ------> d
DEBUG 	 2019-04-21 02:28:55,103 q ------> r
DEBUG 	 2019-04-21 02:28:55,104 R ------> S
DEBUG 	 2019-04-21 02:28:55,105 b ------> c
DEBUG 	 2019-04-21 02:28:55,106 I ------> J
DEBUG 	 2019-04-21 02:28:55,107 H ------> I
DEBUG 	 2019-04-21 02:28:55,108 x ------> y
DEBUG 	 2019-04-21 02:28:55,109 L ------> M
DEBUG 	 2019-04-21 02:28:55,110 v ------> w
DEBUG 	 2019-04-21 02:28:55,111 b ------> c
DEBUG 	 2019-04-21 02:28:55,112 z ------> a
DEBUG 	 2019-04-21 02:28:55,113 D ------> E
DEBUG 	 2019-04-21 02:28:55,114 p ------> q
DEBUG 	 2019-04-21 02:28:55,115 S ------> T
DEBUG 	 2019-04-21 02:28:55,116 E ------> F
DEBUG 	 2019-04-21 02:28:55,117 P ------> Q
DEBUG 	 2019-04-21 02:28:55,118 J ------> K
DEBUG 	 2019-04-21 02:28:55,119 k ------> l
DEBUG 	 2019-04-21 02:28:55,120 i ------> j
DEBUG 	 2019-04-21 02:28:55,121 Q ------> R
DEBUG 	 2019-04-21 02:28:55,122 g ------> h
DEBUG 	 2019-04-21 02:28:55,123 v ------> w
DEBUG 	 2019-04-21 02:28:55,124 l ------> m
DEBUG 	 2019-04-21 02:28:55,125 Z ------> A
DEBUG 	 2019-04-21 02:28:55,126 v ------> w
DEBUG 	 2019-04-21 02:28:55,127 B ------> C
DEBUG 	 2019-04-21 02:28:55,128 a ------> b
DEBUG 	 2019-04-21 02:28:55,129 v ------> w
DEBUG 	 2019-04-21 02:28:55,130 S ------> T
DEBUG 	 2019-04-21 02:28:55,131 G ------> H
DEBUG 	 2019-04-21 02:28:55,132 I ------> J
DEBUG 	 2019-04-21 02:28:55,133 l ------> m
DEBUG 	 2019-04-21 02:28:55,134 C ------> D
DEBUG 	 2019-04-21 02:28:55,135 q ------> r
DEBUG 	 2019-04-21 02:28:55,136 G ------> H
DEBUG 	 2019-04-21 02:28:55,137 f ------> g
DEBUG 	 2019-04-21 02:28:55,138 g ------> h
DEBUG 	 2019-04-21 02:28:55,139 N ------> O
DEBUG 	 2019-04-21 02:28:55,140 m ------> n
DEBUG 	 2019-04-21 02:28:55,141 H ------> I
DEBUG 	 2019-04-21 02:28:55,142 v ------> w
DEBUG 	 2019-04-21 02:28:55,143 e ------> f
DEBUG 	 2019-04-21 02:28:55,144 I ------> J
DEBUG 	 2019-04-21 02:28:55,145 j ------> k
DEBUG 	 2019-04-21 02:28:55,146 N ------> O
DEBUG 	 2019-04-21 02:28:55,147 p ------> q
DEBUG 	 2019-04-21 02:28:55,148 P ------> Q
DEBUG 	 2019-04-21 02:28:55,149 a ------> b
DEBUG 	 2019-04-21 02:28:55,150 V ------> W
DEBUG 	 2019-04-21 02:28:55,151 z ------> a
DEBUG 	 2019-04-21 02:28:55,152 m ------> n
DEBUG 	 2019-04-21 02:28:55,153 u ------> v
DEBUG 	 2019-04-21 02:28:55,154 u ------> v
DEBUG 	 2019-04-21 02:28:55,155 Q ------> R
DEBUG 	 2019-04-21 02:28:55,156 S ------> T
DEBUG 	 2019-04-21 02:28:55,157 D ------> E
DEBUG 	 2019-04-21 02:28:55,158 K ------> L
DEBUG 	 2019-04-21 02:28:55,159 W ------> X
DEBUG 	 2019-04-21 02:28:55,160 U ------> V
DEBUG 	 2019-04-21 02:28:55,161 I ------> J
DEBUG 	 2019-04-21 02:28:55,162 E ------> F
DEBUG 	 2019-04-21 02:28:55,163 i ------> j
DEBUG 	 2019-04-21 02:28:55,164 Z ------> A
DEBUG 	 2019-04-21 02:28:55,165 b ------> c
DEBUG 	 2019-04-21 02:28:55,166 V ------> W
DEBUG 	 2019-04-21 02:28:55,167 R ------> S
DEBUG 	 2019-04-21 02:28:55,168 l ------> m
DEBUG 	 2019-04-21 02:28:55,169 l ------> m
DEBUG 	 2019-04-21 02:28:55,170 C ------> D
DEBUG 	 2019-04-21 02:28:55,171 H ------> I
DEBUG 	 2019-04-21 02:28:55,172 y ------> z
DEBUG 	 2019-04-21 02:28:55,173 E ------> F
DEBUG 	 2019-04-21 02:28:55,174 U ------> V
DEBUG 	 2019-04-21 02:28:55,175 n ------> o
DEBUG 	 2019-04-21 02:28:55,176 B ------> C
DEBUG 	 2019-04-21 02:28:55,177 c ------> d
DEBUG 	 2019-04-21 02:28:55,178 h ------> i
DEBUG 	 2019-04-21 02:28:55,179 N ------> O
DEBUG 	 2019-04-21 02:28:55,180 H ------> I
DEBUG 	 2019-04-21 02:28:55,181 R ------> S
DEBUG 	 2019-04-21 02:28:55,182 A ------> B
DEBUG 	 2019-04-21 02:28:55,183 p ------> q
DEBUG 	 2019-04-21 02:28:55,184 z ------> a
DEBUG 	 2019-04-21 02:28:55,185 n ------> o
DEBUG 	 2019-04-21 02:28:55,186 G ------> H
DEBUG 	 2019-04-21 02:28:55,187 c ------> d
DEBUG 	 2019-04-21 02:28:55,188 Q ------> R
DEBUG 	 2019-04-21 02:28:55,189 Z ------> A
DEBUG 	 2019-04-21 02:28:55,190 R ------> S
DEBUG 	 2019-04-21 02:28:55,191 d ------> e
DEBUG 	 2019-04-21 02:28:55,192 O ------> P
DEBUG 	 2019-04-21 02:28:55,193 u ------> v
DEBUG 	 2019-04-21 02:28:55,194 g ------> h
DEBUG 	 2019-04-21 02:28:55,195 j ------> k
DEBUG 	 2019-04-21 02:28:55,196 J ------> K
DEBUG 	 2019-04-21 02:28:55,197 X ------> Y
DEBUG 	 2019-04-21 02:28:55,198 V ------> W
DEBUG 	 2019-04-21 02:28:55,199 x ------> y
DEBUG 	 2019-04-21 02:28:55,200 W ------> X
DEBUG 	 2019-04-21 02:28:55,201 b ------> c
DEBUG 	 2019-04-21 02:28:55,202 h ------> i
DEBUG 	 2019-04-21 02:28:55,203 Y ------> Z
DEBUG 	 2019-04-21 02:28:55,204 v ------> w
DEBUG 	 2019-04-21 02:28:55,205 c ------> d
DEBUG 	 2019-04-21 02:28:55,206 n ------> o
DEBUG 	 2019-04-21 02:28:55,207 Y ------> Z
DEBUG 	 2019-04-21 02:28:55,208 U ------> V
DEBUG 	 2019-04-21 02:28:55,209 G ------> H
DEBUG 	 2019-04-21 02:28:55,210 f ------> g
DEBUG 	 2019-04-21 02:28:55,211 R ------> S
DEBUG 	 2019-04-21 02:28:55,212 r ------> s
DEBUG 	 2019-04-21 02:28:55,213 P ------> Q
DEBUG 	 2019-04-21 02:28:55,214 O ------> P
DEBUG 	 2019-04-21 02:28:55,215 n ------> o
DEBUG 	 2019-04-21 02:28:55,216 k ------> l
DEBUG 	 2019-04-21 02:28:55,217 l ------> m
DEBUG 	 2019-04-21 02:28:55,218 L ------> M
DEBUG 	 2019-04-21 02:28:55,219 j ------> k
DEBUG 	 2019-04-21 02:28:55,220 e ------> f
DEBUG 	 2019-04-21 02:28:55,221 h ------> i
DEBUG 	 2019-04-21 02:28:55,222 e ------> f
DEBUG 	 2019-04-21 02:28:55,223 O ------> P
DEBUG 	 2019-04-21 02:28:55,224 b ------> c
DEBUG 	 2019-04-21 02:28:55,225 o ------> p
DEBUG 	 2019-04-21 02:28:55,226 b ------> c
DEBUG 	 2019-04-21 02:28:55,227 v ------> w
DEBUG 	 2019-04-21 02:28:55,227 L ------> M
DEBUG 	 2019-04-21 02:28:55,228 I ------> J
DEBUG 	 2019-04-21 02:28:55,229 d ------> e
DEBUG 	 2019-04-21 02:28:55,230 P ------> Q
DEBUG 	 2019-04-21 02:28:55,231 e ------> f
DEBUG 	 2019-04-21 02:28:55,232 k ------> l
DEBUG 	 2019-04-21 02:28:55,233 W ------> X
DEBUG 	 2019-04-21 02:28:55,234 a ------> b
DEBUG 	 2019-04-21 02:28:55,235 R ------> S
DEBUG 	 2019-04-21 02:28:55,236 M ------> N
DEBUG 	 2019-04-21 02:28:55,237 T ------> U
DEBUG 	 2019-04-21 02:28:55,238 N ------> O
DEBUG 	 2019-04-21 02:28:55,239 X ------> Y
DEBUG 	 2019-04-21 02:28:55,240 H ------> I
DEBUG 	 2019-04-21 02:28:55,241 k ------> l
DEBUG 	 2019-04-21 02:28:55,242 L ------> M
DEBUG 	 2019-04-21 02:28:55,243 p ------> q
DEBUG 	 2019-04-21 02:28:55,244 Y ------> Z
DEBUG 	 2019-04-21 02:28:55,245 i ------> j
DEBUG 	 2019-04-21 02:28:55,246 M ------> N
DEBUG 	 2019-04-21 02:28:55,247 i ------> j
DEBUG 	 2019-04-21 02:28:55,248 X ------> Y
DEBUG 	 2019-04-21 02:28:55,249 T ------> U
DEBUG 	 2019-04-21 02:28:55,250 k ------> l
DEBUG 	 2019-04-21 02:28:55,251 T ------> U
DEBUG 	 2019-04-21 02:28:55,252 c ------> d
DEBUG 	 2019-04-21 02:28:55,253 n ------> o
DEBUG 	 2019-04-21 02:28:55,254 h ------> i
DEBUG 	 2019-04-21 02:28:55,255 O ------> P
DEBUG 	 2019-04-21 02:28:55,256 q ------> r
DEBUG 	 2019-04-21 02:28:55,257 o ------> p
DEBUG 	 2019-04-21 02:28:55,258 H ------> I
DEBUG 	 2019-04-21 02:28:55,259 g ------> h
DEBUG 	 2019-04-21 02:28:55,260 C ------> D
DEBUG 	 2019-04-21 02:28:55,261 k ------> l
DEBUG 	 2019-04-21 02:28:55,262 x ------> y
DEBUG 	 2019-04-21 02:28:55,263 e ------> f
DEBUG 	 2019-04-21 02:28:55,264 q ------> r
DEBUG 	 2019-04-21 02:28:55,265 h ------> i
DEBUG 	 2019-04-21 02:28:55,266 I ------> J
DEBUG 	 2019-04-21 02:28:55,267 u ------> v
DEBUG 	 2019-04-21 02:28:55,268 x ------> y
DEBUG 	 2019-04-21 02:28:55,269 r ------> s
DEBUG 	 2019-04-21 02:28:55,270 o ------> p
DEBUG 	 2019-04-21 02:28:55,271 S ------> T
DEBUG 	 2019-04-21 02:28:55,272 n ------> o
DEBUG 	 2019-04-21 02:28:55,273 N ------> O
DEBUG 	 2019-04-21 02:28:55,274 g ------> h
DEBUG 	 2019-04-21 02:28:55,275 X ------> Y
DEBUG 	 2019-04-21 02:28:55,276 f ------> g
DEBUG 	 2019-04-21 02:28:55,277 N ------> O
DEBUG 	 2019-04-21 02:28:55,278 n ------> o
DEBUG 	 2019-04-21 02:28:55,279 E ------> F
DEBUG 	 2019-04-21 02:28:55,280 J ------> K
DEBUG 	 2019-04-21 02:28:55,281 R ------> S
DEBUG 	 2019-04-21 02:28:55,282 I ------> J
DEBUG 	 2019-04-21 02:28:55,283 R ------> S
DEBUG 	 2019-04-21 02:28:55,284 g ------> h
DEBUG 	 2019-04-21 02:28:55,285 B ------> C
DEBUG 	 2019-04-21 02:28:55,286 T ------> U
DEBUG 	 2019-04-21 02:28:55,287 R ------> S
DEBUG 	 2019-04-21 02:28:55,288 e ------> f
DEBUG 	 2019-04-21 02:28:55,289 a ------> b
DEBUG 	 2019-04-21 02:28:55,290 f ------> g
DEBUG 	 2019-04-21 02:28:55,291 d ------> e
DEBUG 	 2019-04-21 02:28:55,292 z ------> a
DEBUG 	 2019-04-21 02:28:55,293 e ------> f
DEBUG 	 2019-04-21 02:28:55,294 B ------> C
DEBUG 	 2019-04-21 02:28:55,295 f ------> g
DEBUG 	 2019-04-21 02:28:55,296 L ------> M
DEBUG 	 2019-04-21 02:28:55,297 N ------> O
DEBUG 	 2019-04-21 02:28:55,298 g ------> h
DEBUG 	 2019-04-21 02:28:55,299 d ------> e
DEBUG 	 2019-04-21 02:28:55,300 j ------> k
DEBUG 	 2019-04-21 02:28:55,301 e ------> f
DEBUG 	 2019-04-21 02:28:55,302 D ------> E
DEBUG 	 2019-04-21 02:28:55,303 g ------> h
DEBUG 	 2019-04-21 02:28:55,304 j ------> k
DEBUG 	 2019-04-21 02:28:55,305 s ------> t
DEBUG 	 2019-04-21 02:28:55,306 x ------> y
DEBUG 	 2019-04-21 02:28:55,307 H ------> I
DEBUG 	 2019-04-21 02:28:55,308 l ------> m
DEBUG 	 2019-04-21 02:28:55,309 A ------> B
DEBUG 	 2019-04-21 02:28:55,310 r ------> s
DEBUG 	 2019-04-21 02:28:55,311 r ------> s
DEBUG 	 2019-04-21 02:28:55,312 M ------> N
DEBUG 	 2019-04-21 02:28:55,313 O ------> P
DEBUG 	 2019-04-21 02:28:55,314 Y ------> Z
DEBUG 	 2019-04-21 02:28:55,315 c ------> d
DEBUG 	 2019-04-21 02:28:55,316 Q ------> R
DEBUG 	 2019-04-21 02:28:55,317 Z ------> A
DEBUG 	 2019-04-21 02:28:55,318 u ------> v
DEBUG 	 2019-04-21 02:28:55,319 t ------> u
DEBUG 	 2019-04-21 02:28:55,320 P ------> Q
DEBUG 	 2019-04-21 02:28:55,321 S ------> T
DEBUG 	 2019-04-21 02:28:55,322 i ------> j
DEBUG 	 2019-04-21 02:28:55,323 t ------> u
DEBUG 	 2019-04-21 02:28:55,324 f ------> g
DEBUG 	 2019-04-21 02:28:55,325 E ------> F
DEBUG 	 2019-04-21 02:28:55,326 f ------> g
DEBUG 	 2019-04-21 02:28:55,327 G ------> H
DEBUG 	 2019-04-21 02:28:55,328 Y ------> Z
DEBUG 	 2019-04-21 02:28:55,329 z ------> a
DEBUG 	 2019-04-21 02:28:55,330 g ------> h
DEBUG 	 2019-04-21 02:28:55,331 n ------> o
DEBUG 	 2019-04-21 02:28:55,332 r ------> s
DEBUG 	 2019-04-21 02:28:55,333 p ------> q
DEBUG 	 2019-04-21 02:28:55,334 K ------> L
DEBUG 	 2019-04-21 02:28:55,335 c ------> d
DEBUG 	 2019-04-21 02:28:55,336 t ------> u
DEBUG 	 2019-04-21 02:28:55,337 h ------> i
DEBUG 	 2019-04-21 02:28:55,338 r ------> s
DEBUG 	 2019-04-21 02:28:55,339 F ------> G
DEBUG 	 2019-04-21 02:28:55,340 N ------> O
DEBUG 	 2019-04-21 02:28:55,341 x ------> y
DEBUG 	 2019-04-21 02:28:55,342 P ------> Q
DEBUG 	 2019-04-21 02:28:55,343 s ------> t
DEBUG 	 2019-04-21 02:28:55,344 M ------> N
DEBUG 	 2019-04-21 02:28:55,345 C ------> D
DEBUG 	 2019-04-21 02:28:55,346 x ------> y
DEBUG 	 2019-04-21 02:28:55,347 S ------> T
DEBUG 	 2019-04-21 02:28:55,348 U ------> V
DEBUG 	 2019-04-21 02:28:55,349 A ------> B
DEBUG 	 2019-04-21 02:28:55,350 z ------> a
DEBUG 	 2019-04-21 02:28:55,351 u ------> v
DEBUG 	 2019-04-21 02:28:55,352 d ------> e
DEBUG 	 2019-04-21 02:28:55,353 s ------> t
DEBUG 	 2019-04-21 02:28:55,354 b ------> c
DEBUG 	 2019-04-21 02:28:55,355 a ------> b
DEBUG 	 2019-04-21 02:28:55,356 n ------> o
DEBUG 	 2019-04-21 02:28:55,357 d ------> e
DEBUG 	 2019-04-21 02:28:55,358 A ------> B
DEBUG 	 2019-04-21 02:28:55,359 t ------> u
DEBUG 	 2019-04-21 02:28:55,360 W ------> X
DEBUG 	 2019-04-21 02:28:55,361 Q ------> R
DEBUG 	 2019-04-21 02:28:55,362 c ------> d
DEBUG 	 2019-04-21 02:28:55,363 v ------> w
DEBUG 	 2019-04-21 02:28:55,364 I ------> J
DEBUG 	 2019-04-21 02:28:55,365 K ------> L
DEBUG 	 2019-04-21 02:28:55,366 m ------> n
DEBUG 	 2019-04-21 02:28:55,367 P ------> Q
DEBUG 	 2019-04-21 02:28:55,368 r ------> s
DEBUG 	 2019-04-21 02:28:55,369 r ------> s
DEBUG 	 2019-04-21 02:28:55,370 r ------> s
DEBUG 	 2019-04-21 02:28:55,371 W ------> X
DEBUG 	 2019-04-21 02:28:55,372 E ------> F
DEBUG 	 2019-04-21 02:28:55,373 h ------> i
DEBUG 	 2019-04-21 02:28:55,374 M ------> N
DEBUG 	 2019-04-21 02:28:55,375 p ------> q
DEBUG 	 2019-04-21 02:28:55,376 y ------> z
DEBUG 	 2019-04-21 02:28:55,377 o ------> p
DEBUG 	 2019-04-21 02:28:55,378 F ------> G
DEBUG 	 2019-04-21 02:28:55,379 h ------> i
DEBUG 	 2019-04-21 02:28:55,380 r ------> s
DEBUG 	 2019-04-21 02:28:55,381 P ------> Q
DEBUG 	 2019-04-21 02:28:55,382 j ------> k
DEBUG 	 2019-04-21 02:28:55,383 e ------> f
DEBUG 	 2019-04-21 02:28:55,384 e ------> f
DEBUG 	 2019-04-21 02:28:55,385 k ------> l
DEBUG 	 2019-04-21 02:28:55,386 W ------> X
DEBUG 	 2019-04-21 02:28:55,387 q ------> r
DEBUG 	 2019-04-21 02:28:55,388 a ------> b
DEBUG 	 2019-04-21 02:28:55,389 n ------> o
DEBUG 	 2019-04-21 02:28:55,390 X ------> Y
DEBUG 	 2019-04-21 02:28:55,391 W ------> X
DEBUG 	 2019-04-21 02:28:55,392 q ------> r
DEBUG 	 2019-04-21 02:28:55,393 v ------> w
DEBUG 	 2019-04-21 02:28:55,394 D ------> E
DEBUG 	 2019-04-21 02:28:55,395 u ------> v
DEBUG 	 2019-04-21 02:28:55,396 L ------> M
DEBUG 	 2019-04-21 02:28:55,397 T ------> U
DEBUG 	 2019-04-21 02:28:55,398 D ------> E
DEBUG 	 2019-04-21 02:28:55,399 N ------> O
DEBUG 	 2019-04-21 02:28:55,400 U ------> V
DEBUG 	 2019-04-21 02:28:55,401 I ------> J
DEBUG 	 2019-04-21 02:28:55,402 b ------> c
DEBUG 	 2019-04-21 02:28:55,403 b ------> c
DEBUG 	 2019-04-21 02:28:55,404 M ------> N
DEBUG 	 2019-04-21 02:28:55,405 A ------> B
DEBUG 	 2019-04-21 02:28:55,406 j ------> k
DEBUG 	 2019-04-21 02:28:55,407 h ------> i
DEBUG 	 2019-04-21 02:28:55,408 K ------> L
DEBUG 	 2019-04-21 02:28:55,409 U ------> V
DEBUG 	 2019-04-21 02:28:55,410 i ------> j
DEBUG 	 2019-04-21 02:28:55,411 K ------> L
DEBUG 	 2019-04-21 02:28:55,412 o ------> p
DEBUG 	 2019-04-21 02:28:55,413 f ------> g
DEBUG 	 2019-04-21 02:28:55,414 M ------> N
DEBUG 	 2019-04-21 02:28:55,415 Q ------> R
DEBUG 	 2019-04-21 02:28:55,416 o ------> p
DEBUG 	 2019-04-21 02:28:55,417 N ------> O
DEBUG 	 2019-04-21 02:28:55,418 c ------> d
DEBUG 	 2019-04-21 02:28:55,419 C ------> D
DEBUG 	 2019-04-21 02:28:55,420 W ------> X
DEBUG 	 2019-04-21 02:28:55,421 d ------> e
DEBUG 	 2019-04-21 02:28:55,422 B ------> C
DEBUG 	 2019-04-21 02:28:55,423 U ------> V
DEBUG 	 2019-04-21 02:28:55,424 Z ------> A
DEBUG 	 2019-04-21 02:28:55,425 N ------> O
DEBUG 	 2019-04-21 02:28:55,426 Q ------> R
DEBUG 	 2019-04-21 02:28:55,427 I ------> J
DEBUG 	 2019-04-21 02:28:55,428 j ------> k
DEBUG 	 2019-04-21 02:28:55,429 x ------> y
DEBUG 	 2019-04-21 02:28:55,430 A ------> B
DEBUG 	 2019-04-21 02:28:55,431 N ------> O
DEBUG 	 2019-04-21 02:28:55,432 j ------> k
DEBUG 	 2019-04-21 02:28:55,433 c ------> d
DEBUG 	 2019-04-21 02:28:55,434 V ------> W
DEBUG 	 2019-04-21 02:28:55,435 f ------> g
DEBUG 	 2019-04-21 02:28:55,436 p ------> q
DEBUG 	 2019-04-21 02:28:55,437 U ------> V
DEBUG 	 2019-04-21 02:28:55,438 n ------> o
DEBUG 	 2019-04-21 02:28:55,439 u ------> v
DEBUG 	 2019-04-21 02:28:55,440 Y ------> Z
DEBUG 	 2019-04-21 02:28:55,441 Z ------> A
DEBUG 	 2019-04-21 02:28:55,442 H ------> I
DEBUG 	 2019-04-21 02:28:55,443 N ------> O
DEBUG 	 2019-04-21 02:28:55,444 t ------> u
DEBUG 	 2019-04-21 02:28:55,445 H ------> I
DEBUG 	 2019-04-21 02:28:55,446 a ------> b
DEBUG 	 2019-04-21 02:28:55,447 T ------> U
DEBUG 	 2019-04-21 02:28:55,448 Q ------> R
DEBUG 	 2019-04-21 02:28:55,449 c ------> d
DEBUG 	 2019-04-21 02:28:55,450 r ------> s
DEBUG 	 2019-04-21 02:28:55,451 w ------> x
DEBUG 	 2019-04-21 02:28:55,452 x ------> y
DEBUG 	 2019-04-21 02:28:55,453 p ------> q
DEBUG 	 2019-04-21 02:28:55,454 K ------> L
DEBUG 	 2019-04-21 02:28:55,455 T ------> U
DEBUG 	 2019-04-21 02:28:55,456 m ------> n
DEBUG 	 2019-04-21 02:28:55,457 l ------> m
DEBUG 	 2019-04-21 02:28:55,458 O ------> P
DEBUG 	 2019-04-21 02:28:55,459 t ------> u
DEBUG 	 2019-04-21 02:28:55,460 r ------> s
DEBUG 	 2019-04-21 02:28:55,461 N ------> O
DEBUG 	 2019-04-21 02:28:55,462 U ------> V
DEBUG 	 2019-04-21 02:28:55,463 h ------> i
DEBUG 	 2019-04-21 02:28:55,464 u ------> v
DEBUG 	 2019-04-21 02:28:55,465 N ------> O
DEBUG 	 2019-04-21 02:28:55,466 b ------> c
DEBUG 	 2019-04-21 02:28:55,467 O ------> P
DEBUG 	 2019-04-21 02:28:55,468 a ------> b
DEBUG 	 2019-04-21 02:28:55,469 o ------> p
DEBUG 	 2019-04-21 02:28:55,470 T ------> U
DEBUG 	 2019-04-21 02:28:55,471 V ------> W
DEBUG 	 2019-04-21 02:28:55,472 L ------> M
DEBUG 	 2019-04-21 02:28:55,473 P ------> Q
DEBUG 	 2019-04-21 02:28:55,474 M ------> N
DEBUG 	 2019-04-21 02:28:55,475 O ------> P
DEBUG 	 2019-04-21 02:28:55,476 q ------> r
DEBUG 	 2019-04-21 02:28:55,477 D ------> E
DEBUG 	 2019-04-21 02:28:55,478 h ------> i
DEBUG 	 2019-04-21 02:28:55,479 a ------> b
DEBUG 	 2019-04-21 02:28:55,480 C ------> D
DEBUG 	 2019-04-21 02:28:55,481 D ------> E
DEBUG 	 2019-04-21 02:28:55,482 T ------> U
DEBUG 	 2019-04-21 02:28:55,483 C ------> D
DEBUG 	 2019-04-21 02:28:55,484 C ------> D
DEBUG 	 2019-04-21 02:28:55,485 o ------> p
DEBUG 	 2019-04-21 02:28:55,486 E ------> F
DEBUG 	 2019-04-21 02:28:55,487 q ------> r
DEBUG 	 2019-04-21 02:28:55,488 v ------> w
DEBUG 	 2019-04-21 02:28:55,489 q ------> r
DEBUG 	 2019-04-21 02:28:55,490 L ------> M
DEBUG 	 2019-04-21 02:28:55,491 M ------> N
DEBUG 	 2019-04-21 02:28:55,492 g ------> h
DEBUG 	 2019-04-21 02:28:55,493 O ------> P
DEBUG 	 2019-04-21 02:28:55,494 t ------> u
DEBUG 	 2019-04-21 02:28:55,495 X ------> Y
DEBUG 	 2019-04-21 02:28:55,496 s ------> t
DEBUG 	 2019-04-21 02:28:55,497 G ------> H
DEBUG 	 2019-04-21 02:28:55,498 X ------> Y
DEBUG 	 2019-04-21 02:28:55,499 n ------> o
DEBUG 	 2019-04-21 02:28:55,500 l ------> m
DEBUG 	 2019-04-21 02:28:55,501 u ------> v
DEBUG 	 2019-04-21 02:28:55,502 O ------> P
DEBUG 	 2019-04-21 02:28:55,503 F ------> G
DEBUG 	 2019-04-21 02:28:55,504 W ------> X
DEBUG 	 2019-04-21 02:28:55,505 h ------> i
DEBUG 	 2019-04-21 02:28:55,506 m ------> n
DEBUG 	 2019-04-21 02:28:55,507 F ------> G
DEBUG 	 2019-04-21 02:28:55,508 h ------> i
DEBUG 	 2019-04-21 02:28:55,509 p ------> q
DEBUG 	 2019-04-21 02:28:55,510 I ------> J
DEBUG 	 2019-04-21 02:28:55,511 B ------> C
DEBUG 	 2019-04-21 02:28:55,512 S ------> T
DEBUG 	 2019-04-21 02:28:55,513 V ------> W
DEBUG 	 2019-04-21 02:28:55,514 X ------> Y
DEBUG 	 2019-04-21 02:28:55,515 a ------> b
DEBUG 	 2019-04-21 02:28:55,516 D ------> E
DEBUG 	 2019-04-21 02:28:55,517 I ------> J
DEBUG 	 2019-04-21 02:28:55,518 S ------> T
DEBUG 	 2019-04-21 02:28:55,519 Y ------> Z
DEBUG 	 2019-04-21 02:28:55,520 G ------> H
DEBUG 	 2019-04-21 02:28:55,521 J ------> K
DEBUG 	 2019-04-21 02:28:55,522 I ------> J
DEBUG 	 2019-04-21 02:28:55,523 A ------> B
DEBUG 	 2019-04-21 02:28:55,524 s ------> t
DEBUG 	 2019-04-21 02:28:55,525 r ------> s
DEBUG 	 2019-04-21 02:28:55,526 r ------> s
DEBUG 	 2019-04-21 02:28:55,527 B ------> C
DEBUG 	 2019-04-21 02:28:55,528 Z ------> A
DEBUG 	 2019-04-21 02:28:55,529 H ------> I
DEBUG 	 2019-04-21 02:28:55,530 m ------> n
DEBUG 	 2019-04-21 02:28:55,531 f ------> g
DEBUG 	 2019-04-21 02:28:55,532 p ------> q
DEBUG 	 2019-04-21 02:28:55,533 S ------> T
DEBUG 	 2019-04-21 02:28:55,534 F ------> G
DEBUG 	 2019-04-21 02:28:55,535 G ------> H
DEBUG 	 2019-04-21 02:28:55,536 e ------> f
DEBUG 	 2019-04-21 02:28:55,537 B ------> C
DEBUG 	 2019-04-21 02:28:55,538 F ------> G
DEBUG 	 2019-04-21 02:28:55,539 r ------> s
DEBUG 	 2019-04-21 02:28:55,540 U ------> V
DEBUG 	 2019-04-21 02:28:55,541 o ------> p
DEBUG 	 2019-04-21 02:28:55,542 O ------> P
DEBUG 	 2019-04-21 02:28:55,543 v ------> w
DEBUG 	 2019-04-21 02:28:55,544 t ------> u
DEBUG 	 2019-04-21 02:28:55,545 b ------> c
DEBUG 	 2019-04-21 02:28:55,546 V ------> W
DEBUG 	 2019-04-21 02:28:55,547 F ------> G
DEBUG 	 2019-04-21 02:28:55,548 n ------> o
DEBUG 	 2019-04-21 02:28:55,549 V ------> W
DEBUG 	 2019-04-21 02:28:55,550 Y ------> Z
DEBUG 	 2019-04-21 02:28:55,551 S ------> T
DEBUG 	 2019-04-21 02:28:55,552 b ------> c
DEBUG 	 2019-04-21 02:28:55,553 Q ------> R
DEBUG 	 2019-04-21 02:28:55,554 j ------> k
DEBUG 	 2019-04-21 02:28:55,555 J ------> K
DEBUG 	 2019-04-21 02:28:55,556 O ------> P
DEBUG 	 2019-04-21 02:28:55,557 S ------> T
DEBUG 	 2019-04-21 02:28:55,558 Q ------> R
DEBUG 	 2019-04-21 02:28:55,559 C ------> D
DEBUG 	 2019-04-21 02:28:55,560 u ------> v
DEBUG 	 2019-04-21 02:28:55,561 a ------> b
DEBUG 	 2019-04-21 02:28:55,562 j ------> k
DEBUG 	 2019-04-21 02:28:55,563 E ------> F
DEBUG 	 2019-04-21 02:28:55,564 R ------> S
DEBUG 	 2019-04-21 02:28:55,565 X ------> Y
DEBUG 	 2019-04-21 02:28:55,566 p ------> q
DEBUG 	 2019-04-21 02:28:55,567 B ------> C
DEBUG 	 2019-04-21 02:28:55,568 T ------> U
DEBUG 	 2019-04-21 02:28:55,569 j ------> k
DEBUG 	 2019-04-21 02:28:55,570 R ------> S
DEBUG 	 2019-04-21 02:28:55,571 X ------> Y
DEBUG 	 2019-04-21 02:28:55,572 q ------> r
DEBUG 	 2019-04-21 02:28:55,573 n ------> o
DEBUG 	 2019-04-21 02:28:55,574 h ------> i
DEBUG 	 2019-04-21 02:28:55,575 p ------> q
DEBUG 	 2019-04-21 02:28:55,576 S ------> T
DEBUG 	 2019-04-21 02:28:55,577 M ------> N
DEBUG 	 2019-04-21 02:28:55,578 w ------> x
DEBUG 	 2019-04-21 02:28:55,579 r ------> s
DEBUG 	 2019-04-21 02:28:55,580 f ------> g
DEBUG 	 2019-04-21 02:28:55,581 p ------> q
DEBUG 	 2019-04-21 02:28:55,582 g ------> h
DEBUG 	 2019-04-21 02:28:55,583 g ------> h
DEBUG 	 2019-04-21 02:28:55,584 Z ------> A
DEBUG 	 2019-04-21 02:28:55,585 z ------> a
DEBUG 	 2019-04-21 02:28:55,586 o ------> p
DEBUG 	 2019-04-21 02:28:55,587 g ------> h
DEBUG 	 2019-04-21 02:28:55,588 C ------> D
DEBUG 	 2019-04-21 02:28:55,589 A ------> B
DEBUG 	 2019-04-21 02:28:55,590 e ------> f
DEBUG 	 2019-04-21 02:28:55,591 E ------> F
DEBUG 	 2019-04-21 02:28:55,592 s ------> t
DEBUG 	 2019-04-21 02:28:55,593 J ------> K
DEBUG 	 2019-04-21 02:28:55,594 V ------> W
DEBUG 	 2019-04-21 02:28:55,595 f ------> g
DEBUG 	 2019-04-21 02:28:55,596 J ------> K
DEBUG 	 2019-04-21 02:28:55,597 T ------> U
DEBUG 	 2019-04-21 02:28:55,598 e ------> f
DEBUG 	 2019-04-21 02:28:55,599 f ------> g
DEBUG 	 2019-04-21 02:28:55,600 x ------> y
DEBUG 	 2019-04-21 02:28:55,601 X ------> Y
DEBUG 	 2019-04-21 02:28:55,602 z ------> a
DEBUG 	 2019-04-21 02:28:55,603 B ------> C
DEBUG 	 2019-04-21 02:28:55,604 f ------> g
DEBUG 	 2019-04-21 02:28:55,605 I ------> J
DEBUG 	 2019-04-21 02:28:55,606 m ------> n
DEBUG 	 2019-04-21 02:28:55,607 T ------> U
DEBUG 	 2019-04-21 02:28:55,608 L ------> M
DEBUG 	 2019-04-21 02:28:55,609 a ------> b
DEBUG 	 2019-04-21 02:28:55,610 v ------> w
DEBUG 	 2019-04-21 02:28:55,611 b ------> c
DEBUG 	 2019-04-21 02:28:55,612 V ------> W
DEBUG 	 2019-04-21 02:28:55,613 o ------> p
DEBUG 	 2019-04-21 02:28:55,614 Q ------> R
DEBUG 	 2019-04-21 02:28:55,615 R ------> S
DEBUG 	 2019-04-21 02:28:55,616 u ------> v
DEBUG 	 2019-04-21 02:28:55,617 v ------> w
DEBUG 	 2019-04-21 02:28:55,618 F ------> G
DEBUG 	 2019-04-21 02:28:55,619 R ------> S
DEBUG 	 2019-04-21 02:28:55,620 d ------> e
DEBUG 	 2019-04-21 02:28:55,621 C ------> D
DEBUG 	 2019-04-21 02:28:55,622 v ------> w
DEBUG 	 2019-04-21 02:28:55,623 E ------> F
DEBUG 	 2019-04-21 02:28:55,624 Q ------> R
DEBUG 	 2019-04-21 02:28:55,625 e ------> f
DEBUG 	 2019-04-21 02:28:55,626 w ------> x
DEBUG 	 2019-04-21 02:28:55,627 a ------> b
DEBUG 	 2019-04-21 02:28:55,628 P ------> Q
DEBUG 	 2019-04-21 02:28:55,629 U ------> V
DEBUG 	 2019-04-21 02:28:55,630 I ------> J
DEBUG 	 2019-04-21 02:28:55,631 I ------> J
DEBUG 	 2019-04-21 02:28:55,632 X ------> Y
DEBUG 	 2019-04-21 02:28:55,633 d ------> e
DEBUG 	 2019-04-21 02:28:55,634 t ------> u
DEBUG 	 2019-04-21 02:28:55,635 Y ------> Z
DEBUG 	 2019-04-21 02:28:55,636 p ------> q
DEBUG 	 2019-04-21 02:28:55,637 n ------> o
DEBUG 	 2019-04-21 02:28:55,638 q ------> r
DEBUG 	 2019-04-21 02:28:55,639 f ------> g
DEBUG 	 2019-04-21 02:28:55,640 r ------> s
DEBUG 	 2019-04-21 02:28:55,641 i ------> j
DEBUG 	 2019-04-21 02:28:55,642 A ------> B
DEBUG 	 2019-04-21 02:28:55,643 g ------> h
DEBUG 	 2019-04-21 02:28:55,644 U ------> V
DEBUG 	 2019-04-21 02:28:55,645 m ------> n
DEBUG 	 2019-04-21 02:28:55,646 r ------> s
DEBUG 	 2019-04-21 02:28:55,647 f ------> g
DEBUG 	 2019-04-21 02:28:55,648 v ------> w
DEBUG 	 2019-04-21 02:28:55,649 d ------> e
DEBUG 	 2019-04-21 02:28:55,650 q ------> r
DEBUG 	 2019-04-21 02:28:55,651 H ------> I
DEBUG 	 2019-04-21 02:28:55,652 r ------> s
DEBUG 	 2019-04-21 02:28:55,653 a ------> b
DEBUG 	 2019-04-21 02:28:55,654 j ------> k
DEBUG 	 2019-04-21 02:28:55,655 I ------> J
DEBUG 	 2019-04-21 02:28:55,656 b ------> c
DEBUG 	 2019-04-21 02:28:55,657 V ------> W
DEBUG 	 2019-04-21 02:28:55,658 Z ------> A
DEBUG 	 2019-04-21 02:28:55,659 f ------> g
DEBUG 	 2019-04-21 02:28:55,660 O ------> P
DEBUG 	 2019-04-21 02:28:55,661 A ------> B
DEBUG 	 2019-04-21 02:28:55,662 y ------> z
DEBUG 	 2019-04-21 02:28:55,663 S ------> T
DEBUG 	 2019-04-21 02:28:55,664 d ------> e
DEBUG 	 2019-04-21 02:28:55,665 C ------> D
DEBUG 	 2019-04-21 02:28:55,666 T ------> U
DEBUG 	 2019-04-21 02:28:55,667 R ------> S
DEBUG 	 2019-04-21 02:28:55,668 x ------> y
DEBUG 	 2019-04-21 02:28:55,669 S ------> T
DEBUG 	 2019-04-21 02:28:55,670 P ------> Q
DEBUG 	 2019-04-21 02:28:55,671 H ------> I
DEBUG 	 2019-04-21 02:28:55,672 h ------> i
DEBUG 	 2019-04-21 02:28:55,673 a ------> b
DEBUG 	 2019-04-21 02:28:55,674 u ------> v
DEBUG 	 2019-04-21 02:28:55,675 X ------> Y
DEBUG 	 2019-04-21 02:28:55,676 Z ------> A
DEBUG 	 2019-04-21 02:28:55,677 z ------> a
DEBUG 	 2019-04-21 02:28:55,678 H ------> I
DEBUG 	 2019-04-21 02:28:55,679 b ------> c
INFO 	 2019-04-21 02:28:55,679 Error rate: 0.0
