04/20/2019 10:55:58 PM Serial port COM3 opened successfully.
04/20/2019 10:55:58 PM Running: 1000 tests with baud rate: 2000000
04/20/2019 10:55:58 PM k ------> l
04/20/2019 10:55:58 PM n ------> o
04/20/2019 10:55:58 PM j ------> k
04/20/2019 10:55:58 PM X ------> Y
04/20/2019 10:55:58 PM J ------> K
04/20/2019 10:55:58 PM Q ------> R
04/20/2019 10:55:58 PM B ------> C
04/20/2019 10:55:58 PM B ------> C
04/20/2019 10:55:58 PM M ------> N
04/20/2019 10:55:58 PM z ------> a
04/20/2019 10:55:58 PM B ------> C
04/20/2019 10:55:58 PM u ------> v
04/20/2019 10:55:58 PM a ------> b
04/20/2019 10:55:58 PM A ------> B
04/20/2019 10:55:58 PM m ------> n
04/20/2019 10:55:58 PM R ------> S
04/20/2019 10:55:58 PM S ------> T
04/20/2019 10:55:58 PM V ------> W
04/20/2019 10:55:58 PM Y ------> Z
04/20/2019 10:55:58 PM P ------> Q
04/20/2019 10:55:58 PM Z ------> A
04/20/2019 10:55:58 PM s ------> t
04/20/2019 10:55:58 PM q ------> r
04/20/2019 10:55:58 PM d ------> e
04/20/2019 10:55:58 PM A ------> B
04/20/2019 10:55:58 PM N ------> O
04/20/2019 10:55:58 PM j ------> k
04/20/2019 10:55:58 PM Y ------> Z
04/20/2019 10:55:58 PM I ------> J
04/20/2019 10:55:58 PM S ------> T
04/20/2019 10:55:58 PM I ------> J
04/20/2019 10:55:58 PM v ------> w
04/20/2019 10:55:58 PM o ------> p
04/20/2019 10:55:58 PM U ------> V
04/20/2019 10:55:58 PM h ------> i
04/20/2019 10:55:58 PM z ------> a
04/20/2019 10:55:58 PM r ------> s
04/20/2019 10:55:58 PM L ------> M
04/20/2019 10:55:58 PM R ------> S
04/20/2019 10:55:58 PM y ------> z
04/20/2019 10:55:58 PM k ------> l
04/20/2019 10:55:58 PM g ------> h
04/20/2019 10:55:58 PM e ------> f
04/20/2019 10:55:58 PM r ------> s
04/20/2019 10:55:58 PM V ------> W
04/20/2019 10:55:58 PM U ------> V
04/20/2019 10:55:58 PM d ------> e
04/20/2019 10:55:58 PM N ------> O
04/20/2019 10:55:58 PM p ------> q
04/20/2019 10:55:58 PM f ------> g
04/20/2019 10:55:58 PM A ------> B
04/20/2019 10:55:58 PM U ------> V
04/20/2019 10:55:58 PM z ------> a
04/20/2019 10:55:58 PM k ------> l
04/20/2019 10:55:58 PM l ------> m
04/20/2019 10:55:58 PM g ------> h
04/20/2019 10:55:58 PM o ------> p
04/20/2019 10:55:58 PM l ------> m
04/20/2019 10:55:58 PM m ------> n
04/20/2019 10:55:58 PM U ------> V
04/20/2019 10:55:58 PM T ------> U
04/20/2019 10:55:58 PM U ------> V
04/20/2019 10:55:58 PM q ------> r
04/20/2019 10:55:58 PM Q ------> R
04/20/2019 10:55:58 PM y ------> z
04/20/2019 10:55:58 PM F ------> G
04/20/2019 10:55:58 PM p ------> q
04/20/2019 10:55:58 PM i ------> j
04/20/2019 10:55:58 PM S ------> T
04/20/2019 10:55:58 PM p ------> q
04/20/2019 10:55:58 PM R ------> S
04/20/2019 10:55:58 PM X ------> Y
04/20/2019 10:55:58 PM S ------> T
04/20/2019 10:55:58 PM p ------> q
04/20/2019 10:55:58 PM i ------> j
04/20/2019 10:55:58 PM F ------> G
04/20/2019 10:55:58 PM L ------> M
04/20/2019 10:55:58 PM X ------> Y
04/20/2019 10:55:58 PM c ------> d
04/20/2019 10:55:58 PM Y ------> Z
04/20/2019 10:55:58 PM o ------> p
04/20/2019 10:55:58 PM O ------> P
04/20/2019 10:55:58 PM w ------> x
04/20/2019 10:55:58 PM F ------> G
04/20/2019 10:55:58 PM f ------> g
04/20/2019 10:55:58 PM u ------> v
04/20/2019 10:55:58 PM S ------> T
04/20/2019 10:55:58 PM O ------> P
04/20/2019 10:55:58 PM P ------> Q
04/20/2019 10:55:58 PM m ------> n
04/20/2019 10:55:58 PM y ------> z
04/20/2019 10:55:58 PM u ------> v
04/20/2019 10:55:58 PM Y ------> Z
04/20/2019 10:55:58 PM S ------> T
04/20/2019 10:55:58 PM R ------> S
04/20/2019 10:55:58 PM b ------> c
04/20/2019 10:55:58 PM a ------> b
04/20/2019 10:55:58 PM T ------> U
04/20/2019 10:55:58 PM r ------> s
04/20/2019 10:55:58 PM y ------> z
04/20/2019 10:55:58 PM I ------> J
04/20/2019 10:55:58 PM W ------> X
04/20/2019 10:55:58 PM W ------> X
04/20/2019 10:55:58 PM V ------> W
04/20/2019 10:55:58 PM O ------> P
04/20/2019 10:55:58 PM n ------> o
04/20/2019 10:55:58 PM o ------> p
04/20/2019 10:55:58 PM G ------> H
04/20/2019 10:55:58 PM e ------> f
04/20/2019 10:55:58 PM j ------> k
04/20/2019 10:55:58 PM A ------> B
04/20/2019 10:55:58 PM T ------> U
04/20/2019 10:55:58 PM N ------> O
04/20/2019 10:55:58 PM m ------> n
04/20/2019 10:55:58 PM h ------> i
04/20/2019 10:55:58 PM o ------> p
04/20/2019 10:55:58 PM A ------> B
04/20/2019 10:55:58 PM g ------> h
04/20/2019 10:55:58 PM a ------> b
04/20/2019 10:55:58 PM V ------> W
04/20/2019 10:55:58 PM H ------> I
04/20/2019 10:55:58 PM O ------> P
04/20/2019 10:55:58 PM V ------> W
04/20/2019 10:55:58 PM w ------> x
04/20/2019 10:55:58 PM U ------> V
04/20/2019 10:55:58 PM N ------> O
04/20/2019 10:55:58 PM u ------> v
04/20/2019 10:55:58 PM E ------> F
04/20/2019 10:55:58 PM L ------> M
04/20/2019 10:55:58 PM i ------> j
04/20/2019 10:55:58 PM i ------> j
04/20/2019 10:55:58 PM V ------> W
04/20/2019 10:55:58 PM F ------> G
04/20/2019 10:55:58 PM l ------> m
04/20/2019 10:55:58 PM l ------> m
04/20/2019 10:55:58 PM c ------> d
04/20/2019 10:55:58 PM t ------> u
04/20/2019 10:55:58 PM W ------> X
04/20/2019 10:55:58 PM z ------> a
04/20/2019 10:55:58 PM j ------> k
04/20/2019 10:55:58 PM c ------> d
04/20/2019 10:55:58 PM h ------> i
04/20/2019 10:55:58 PM O ------> P
04/20/2019 10:55:58 PM r ------> s
04/20/2019 10:55:58 PM X ------> Y
04/20/2019 10:55:58 PM X ------> Y
04/20/2019 10:55:58 PM d ------> e
04/20/2019 10:55:58 PM r ------> s
04/20/2019 10:55:58 PM x ------> y
04/20/2019 10:55:58 PM A ------> B
04/20/2019 10:55:58 PM w ------> x
04/20/2019 10:55:58 PM j ------> k
04/20/2019 10:55:58 PM v ------> w
04/20/2019 10:55:58 PM c ------> d
04/20/2019 10:55:58 PM L ------> M
04/20/2019 10:55:58 PM W ------> X
04/20/2019 10:55:58 PM g ------> h
04/20/2019 10:55:58 PM z ------> a
04/20/2019 10:55:58 PM f ------> g
04/20/2019 10:55:58 PM i ------> j
04/20/2019 10:55:58 PM w ------> x
04/20/2019 10:55:58 PM R ------> S
04/20/2019 10:55:58 PM E ------> F
04/20/2019 10:55:58 PM q ------> r
04/20/2019 10:55:58 PM B ------> C
04/20/2019 10:55:58 PM S ------> T
04/20/2019 10:55:58 PM L ------> M
04/20/2019 10:55:58 PM g ------> h
04/20/2019 10:55:58 PM P ------> Q
04/20/2019 10:55:58 PM b ------> c
04/20/2019 10:55:58 PM o ------> p
04/20/2019 10:55:58 PM E ------> F
04/20/2019 10:55:58 PM V ------> W
04/20/2019 10:55:58 PM d ------> e
04/20/2019 10:55:58 PM k ------> l
04/20/2019 10:55:58 PM e ------> f
04/20/2019 10:55:58 PM V ------> W
04/20/2019 10:55:58 PM d ------> e
04/20/2019 10:55:58 PM E ------> F
04/20/2019 10:55:58 PM n ------> o
04/20/2019 10:55:58 PM m ------> n
04/20/2019 10:55:58 PM Q ------> R
04/20/2019 10:55:58 PM a ------> b
04/20/2019 10:55:58 PM H ------> I
04/20/2019 10:55:58 PM w ------> x
04/20/2019 10:55:58 PM e ------> f
04/20/2019 10:55:58 PM C ------> D
04/20/2019 10:55:58 PM K ------> L
04/20/2019 10:55:58 PM I ------> J
04/20/2019 10:55:58 PM u ------> v
04/20/2019 10:55:58 PM i ------> j
04/20/2019 10:55:58 PM A ------> B
04/20/2019 10:55:58 PM u ------> v
04/20/2019 10:55:58 PM R ------> S
04/20/2019 10:55:58 PM u ------> v
04/20/2019 10:55:58 PM b ------> c
04/20/2019 10:55:58 PM T ------> U
04/20/2019 10:55:58 PM t ------> u
04/20/2019 10:55:58 PM p ------> q
04/20/2019 10:55:58 PM O ------> P
04/20/2019 10:55:58 PM n ------> o
04/20/2019 10:55:58 PM A ------> B
04/20/2019 10:55:58 PM E ------> F
04/20/2019 10:55:58 PM D ------> E
04/20/2019 10:55:58 PM V ------> W
04/20/2019 10:55:58 PM E ------> F
04/20/2019 10:55:58 PM s ------> t
04/20/2019 10:55:58 PM R ------> S
04/20/2019 10:55:58 PM N ------> O
04/20/2019 10:55:58 PM B ------> C
04/20/2019 10:55:58 PM q ------> r
04/20/2019 10:55:58 PM A ------> B
04/20/2019 10:55:58 PM Y ------> Z
04/20/2019 10:55:58 PM E ------> F
04/20/2019 10:55:58 PM U ------> V
04/20/2019 10:55:58 PM t ------> u
04/20/2019 10:55:58 PM p ------> q
04/20/2019 10:55:58 PM U ------> V
04/20/2019 10:55:58 PM I ------> J
04/20/2019 10:55:58 PM t ------> u
04/20/2019 10:55:58 PM w ------> x
04/20/2019 10:55:58 PM R ------> S
04/20/2019 10:55:58 PM P ------> Q
04/20/2019 10:55:58 PM P ------> Q
04/20/2019 10:55:58 PM o ------> p
04/20/2019 10:55:58 PM f ------> g
04/20/2019 10:55:58 PM P ------> Q
04/20/2019 10:55:58 PM E ------> F
04/20/2019 10:55:58 PM b ------> c
04/20/2019 10:55:58 PM G ------> H
04/20/2019 10:55:58 PM r ------> s
04/20/2019 10:55:58 PM N ------> O
04/20/2019 10:55:58 PM K ------> L
04/20/2019 10:55:58 PM R ------> S
04/20/2019 10:55:58 PM j ------> k
04/20/2019 10:55:58 PM K ------> L
04/20/2019 10:55:58 PM K ------> L
04/20/2019 10:55:58 PM V ------> W
04/20/2019 10:55:58 PM T ------> U
04/20/2019 10:55:58 PM H ------> I
04/20/2019 10:55:58 PM i ------> j
04/20/2019 10:55:58 PM Q ------> R
04/20/2019 10:55:58 PM K ------> L
04/20/2019 10:55:58 PM M ------> N
04/20/2019 10:55:58 PM E ------> F
04/20/2019 10:55:58 PM z ------> a
04/20/2019 10:55:58 PM c ------> d
04/20/2019 10:55:58 PM L ------> M
04/20/2019 10:55:58 PM k ------> l
04/20/2019 10:55:58 PM W ------> X
04/20/2019 10:55:58 PM T ------> U
04/20/2019 10:55:58 PM u ------> v
04/20/2019 10:55:58 PM q ------> r
04/20/2019 10:55:58 PM M ------> N
04/20/2019 10:55:58 PM j ------> k
04/20/2019 10:55:58 PM A ------> B
04/20/2019 10:55:58 PM U ------> V
04/20/2019 10:55:58 PM Z ------> A
04/20/2019 10:55:58 PM T ------> U
04/20/2019 10:55:58 PM n ------> o
04/20/2019 10:55:58 PM j ------> k
04/20/2019 10:55:58 PM b ------> c
04/20/2019 10:55:58 PM a ------> b
04/20/2019 10:55:58 PM q ------> r
04/20/2019 10:55:58 PM u ------> v
04/20/2019 10:55:58 PM U ------> V
04/20/2019 10:55:58 PM J ------> K
04/20/2019 10:55:58 PM l ------> m
04/20/2019 10:55:58 PM G ------> H
04/20/2019 10:55:58 PM w ------> x
04/20/2019 10:55:58 PM Y ------> Z
04/20/2019 10:55:58 PM b ------> c
04/20/2019 10:55:58 PM Z ------> A
04/20/2019 10:55:58 PM c ------> d
04/20/2019 10:55:58 PM G ------> H
04/20/2019 10:55:58 PM D ------> E
04/20/2019 10:55:58 PM a ------> b
04/20/2019 10:55:58 PM k ------> l
04/20/2019 10:55:58 PM S ------> T
04/20/2019 10:55:58 PM O ------> P
04/20/2019 10:55:58 PM x ------> y
04/20/2019 10:55:58 PM V ------> W
04/20/2019 10:55:58 PM x ------> y
04/20/2019 10:55:58 PM T ------> U
04/20/2019 10:55:58 PM H ------> I
04/20/2019 10:55:58 PM N ------> O
04/20/2019 10:55:58 PM b ------> c
04/20/2019 10:55:58 PM F ------> G
04/20/2019 10:55:58 PM u ------> v
04/20/2019 10:55:58 PM q ------> r
04/20/2019 10:55:58 PM a ------> b
04/20/2019 10:55:58 PM U ------> V
04/20/2019 10:55:58 PM z ------> a
04/20/2019 10:55:58 PM u ------> v
04/20/2019 10:55:58 PM X ------> Y
04/20/2019 10:55:58 PM M ------> N
04/20/2019 10:55:58 PM L ------> M
04/20/2019 10:55:58 PM N ------> O
04/20/2019 10:55:58 PM N ------> O
04/20/2019 10:55:58 PM q ------> r
04/20/2019 10:55:58 PM W ------> X
04/20/2019 10:55:58 PM z ------> a
04/20/2019 10:55:58 PM O ------> P
04/20/2019 10:55:58 PM H ------> I
04/20/2019 10:55:58 PM n ------> o
04/20/2019 10:55:58 PM k ------> l
04/20/2019 10:55:58 PM I ------> J
04/20/2019 10:55:58 PM z ------> a
04/20/2019 10:55:58 PM p ------> q
04/20/2019 10:55:58 PM F ------> G
04/20/2019 10:55:58 PM n ------> o
04/20/2019 10:55:58 PM S ------> T
04/20/2019 10:55:58 PM J ------> K
04/20/2019 10:55:58 PM T ------> U
04/20/2019 10:55:58 PM I ------> J
04/20/2019 10:55:58 PM X ------> Y
04/20/2019 10:55:58 PM l ------> m
04/20/2019 10:55:58 PM q ------> r
04/20/2019 10:55:58 PM d ------> e
04/20/2019 10:55:58 PM z ------> a
04/20/2019 10:55:58 PM L ------> M
04/20/2019 10:55:58 PM s ------> t
04/20/2019 10:55:58 PM w ------> x
04/20/2019 10:55:58 PM M ------> N
04/20/2019 10:55:58 PM F ------> G
04/20/2019 10:55:58 PM t ------> u
04/20/2019 10:55:58 PM U ------> V
04/20/2019 10:55:58 PM d ------> e
04/20/2019 10:55:58 PM M ------> N
04/20/2019 10:55:58 PM Q ------> R
04/20/2019 10:55:58 PM v ------> w
04/20/2019 10:55:58 PM i ------> j
04/20/2019 10:55:58 PM K ------> L
04/20/2019 10:55:58 PM K ------> L
04/20/2019 10:55:58 PM g ------> h
04/20/2019 10:55:58 PM Q ------> R
04/20/2019 10:55:58 PM b ------> c
04/20/2019 10:55:58 PM p ------> q
04/20/2019 10:55:58 PM V ------> W
04/20/2019 10:55:58 PM a ------> b
04/20/2019 10:55:58 PM L ------> M
04/20/2019 10:55:58 PM D ------> E
04/20/2019 10:55:58 PM g ------> h
04/20/2019 10:55:58 PM J ------> K
04/20/2019 10:55:58 PM B ------> C
04/20/2019 10:55:58 PM w ------> x
04/20/2019 10:55:58 PM r ------> s
04/20/2019 10:55:58 PM B ------> C
04/20/2019 10:55:58 PM u ------> v
04/20/2019 10:55:58 PM S ------> T
04/20/2019 10:55:58 PM s ------> t
04/20/2019 10:55:58 PM I ------> J
04/20/2019 10:55:58 PM x ------> y
04/20/2019 10:55:58 PM P ------> Q
04/20/2019 10:55:58 PM Q ------> R
04/20/2019 10:55:58 PM E ------> F
04/20/2019 10:55:58 PM a ------> b
04/20/2019 10:55:58 PM V ------> W
04/20/2019 10:55:58 PM J ------> K
04/20/2019 10:55:58 PM w ------> x
04/20/2019 10:55:58 PM l ------> m
04/20/2019 10:55:58 PM g ------> h
04/20/2019 10:55:58 PM e ------> f
04/20/2019 10:55:58 PM K ------> L
04/20/2019 10:55:58 PM j ------> k
04/20/2019 10:55:58 PM t ------> u
04/20/2019 10:55:58 PM F ------> G
04/20/2019 10:55:58 PM v ------> w
04/20/2019 10:55:58 PM X ------> Y
04/20/2019 10:55:58 PM z ------> a
04/20/2019 10:55:58 PM J ------> K
04/20/2019 10:55:58 PM F ------> G
04/20/2019 10:55:58 PM S ------> T
04/20/2019 10:55:58 PM W ------> X
04/20/2019 10:55:58 PM p ------> q
04/20/2019 10:55:58 PM c ------> d
04/20/2019 10:55:58 PM W ------> X
04/20/2019 10:55:58 PM e ------> f
04/20/2019 10:55:58 PM j ------> k
04/20/2019 10:55:58 PM s ------> t
04/20/2019 10:55:58 PM g ------> h
04/20/2019 10:55:58 PM D ------> E
04/20/2019 10:55:58 PM M ------> N
04/20/2019 10:55:58 PM U ------> V
04/20/2019 10:55:58 PM V ------> W
04/20/2019 10:55:58 PM f ------> g
04/20/2019 10:55:58 PM g ------> h
04/20/2019 10:55:58 PM g ------> h
04/20/2019 10:55:58 PM U ------> V
04/20/2019 10:55:58 PM F ------> G
04/20/2019 10:55:58 PM R ------> S
04/20/2019 10:55:58 PM p ------> q
04/20/2019 10:55:58 PM S ------> T
04/20/2019 10:55:58 PM l ------> m
04/20/2019 10:55:58 PM i ------> j
04/20/2019 10:55:58 PM M ------> N
04/20/2019 10:55:58 PM B ------> C
04/20/2019 10:55:58 PM G ------> H
04/20/2019 10:55:58 PM g ------> h
04/20/2019 10:55:58 PM B ------> C
04/20/2019 10:55:58 PM l ------> m
04/20/2019 10:55:58 PM W ------> X
04/20/2019 10:55:58 PM t ------> u
04/20/2019 10:55:58 PM n ------> o
04/20/2019 10:55:58 PM d ------> e
04/20/2019 10:55:58 PM i ------> j
04/20/2019 10:55:58 PM I ------> J
04/20/2019 10:55:58 PM h ------> i
04/20/2019 10:55:58 PM w ------> x
04/20/2019 10:55:58 PM A ------> B
04/20/2019 10:55:58 PM Y ------> Z
04/20/2019 10:55:58 PM z ------> a
04/20/2019 10:55:58 PM u ------> v
04/20/2019 10:55:58 PM B ------> C
04/20/2019 10:55:58 PM K ------> L
04/20/2019 10:55:58 PM F ------> G
04/20/2019 10:55:58 PM r ------> s
04/20/2019 10:55:58 PM l ------> m
04/20/2019 10:55:58 PM m ------> n
04/20/2019 10:55:58 PM R ------> S
04/20/2019 10:55:58 PM Z ------> A
04/20/2019 10:55:58 PM W ------> X
04/20/2019 10:55:58 PM F ------> G
04/20/2019 10:55:58 PM s ------> t
04/20/2019 10:55:58 PM x ------> y
04/20/2019 10:55:58 PM b ------> c
04/20/2019 10:55:58 PM l ------> m
04/20/2019 10:55:58 PM Y ------> Z
04/20/2019 10:55:58 PM q ------> r
04/20/2019 10:55:58 PM T ------> U
04/20/2019 10:55:58 PM G ------> H
04/20/2019 10:55:58 PM j ------> k
04/20/2019 10:55:58 PM k ------> l
04/20/2019 10:55:58 PM n ------> o
04/20/2019 10:55:58 PM Y ------> Z
04/20/2019 10:55:58 PM X ------> Y
04/20/2019 10:55:58 PM p ------> q
04/20/2019 10:55:58 PM Y ------> Z
04/20/2019 10:55:58 PM n ------> o
04/20/2019 10:55:58 PM G ------> H
04/20/2019 10:55:58 PM m ------> n
04/20/2019 10:55:58 PM j ------> k
04/20/2019 10:55:58 PM p ------> q
04/20/2019 10:55:58 PM C ------> D
04/20/2019 10:55:58 PM U ------> V
04/20/2019 10:55:58 PM F ------> G
04/20/2019 10:55:58 PM Y ------> Z
04/20/2019 10:55:58 PM a ------> b
04/20/2019 10:55:58 PM H ------> I
04/20/2019 10:55:58 PM r ------> s
04/20/2019 10:55:58 PM q ------> r
04/20/2019 10:55:58 PM g ------> h
04/20/2019 10:55:58 PM p ------> q
04/20/2019 10:55:58 PM z ------> a
04/20/2019 10:55:58 PM i ------> j
04/20/2019 10:55:58 PM K ------> L
04/20/2019 10:55:58 PM Y ------> Z
04/20/2019 10:55:58 PM R ------> S
04/20/2019 10:55:58 PM O ------> P
04/20/2019 10:55:58 PM N ------> O
04/20/2019 10:55:58 PM w ------> x
04/20/2019 10:55:58 PM j ------> k
04/20/2019 10:55:58 PM o ------> p
04/20/2019 10:55:58 PM y ------> z
04/20/2019 10:55:58 PM d ------> e
04/20/2019 10:55:58 PM C ------> D
04/20/2019 10:55:58 PM B ------> C
04/20/2019 10:55:58 PM e ------> f
04/20/2019 10:55:58 PM g ------> h
04/20/2019 10:55:58 PM w ------> x
04/20/2019 10:55:58 PM Y ------> Z
04/20/2019 10:55:58 PM Y ------> Z
04/20/2019 10:55:58 PM K ------> L
04/20/2019 10:55:58 PM M ------> N
04/20/2019 10:55:58 PM C ------> D
04/20/2019 10:55:58 PM n ------> o
04/20/2019 10:55:58 PM B ------> C
04/20/2019 10:55:58 PM t ------> u
04/20/2019 10:55:58 PM w ------> x
04/20/2019 10:55:58 PM M ------> N
04/20/2019 10:55:58 PM M ------> N
04/20/2019 10:55:58 PM B ------> C
04/20/2019 10:55:58 PM I ------> J
04/20/2019 10:55:58 PM F ------> G
04/20/2019 10:55:58 PM d ------> e
04/20/2019 10:55:58 PM o ------> p
04/20/2019 10:55:58 PM M ------> N
04/20/2019 10:55:58 PM p ------> q
04/20/2019 10:55:58 PM E ------> F
04/20/2019 10:55:58 PM Y ------> Z
04/20/2019 10:55:58 PM o ------> p
04/20/2019 10:55:58 PM d ------> e
04/20/2019 10:55:58 PM J ------> K
04/20/2019 10:55:58 PM C ------> D
04/20/2019 10:55:58 PM j ------> k
04/20/2019 10:55:58 PM a ------> b
04/20/2019 10:55:58 PM i ------> j
04/20/2019 10:55:58 PM p ------> q
04/20/2019 10:55:58 PM J ------> K
04/20/2019 10:55:58 PM y ------> z
04/20/2019 10:55:58 PM E ------> F
04/20/2019 10:55:58 PM R ------> S
04/20/2019 10:55:58 PM N ------> O
04/20/2019 10:55:58 PM A ------> B
04/20/2019 10:55:58 PM r ------> s
04/20/2019 10:55:58 PM n ------> o
04/20/2019 10:55:58 PM d ------> e
04/20/2019 10:55:58 PM I ------> J
04/20/2019 10:55:58 PM g ------> h
04/20/2019 10:55:58 PM S ------> T
04/20/2019 10:55:58 PM v ------> w
04/20/2019 10:55:58 PM O ------> P
04/20/2019 10:55:58 PM S ------> T
04/20/2019 10:55:58 PM Q ------> R
04/20/2019 10:55:58 PM v ------> w
04/20/2019 10:55:58 PM T ------> U
04/20/2019 10:55:58 PM w ------> x
04/20/2019 10:55:58 PM q ------> r
04/20/2019 10:55:58 PM f ------> g
04/20/2019 10:55:58 PM t ------> u
04/20/2019 10:55:58 PM q ------> r
04/20/2019 10:55:58 PM e ------> f
04/20/2019 10:55:58 PM c ------> d
04/20/2019 10:55:58 PM m ------> n
04/20/2019 10:55:58 PM E ------> F
04/20/2019 10:55:58 PM z ------> a
04/20/2019 10:55:58 PM Z ------> A
04/20/2019 10:55:58 PM h ------> i
04/20/2019 10:55:58 PM g ------> h
04/20/2019 10:55:58 PM N ------> O
04/20/2019 10:55:58 PM H ------> I
04/20/2019 10:55:58 PM r ------> s
04/20/2019 10:55:58 PM T ------> U
04/20/2019 10:55:58 PM T ------> U
04/20/2019 10:55:58 PM R ------> S
04/20/2019 10:55:58 PM x ------> y
04/20/2019 10:55:58 PM U ------> V
04/20/2019 10:55:58 PM O ------> P
04/20/2019 10:55:58 PM X ------> Y
04/20/2019 10:55:58 PM o ------> p
04/20/2019 10:55:58 PM V ------> W
04/20/2019 10:55:58 PM f ------> g
04/20/2019 10:55:58 PM H ------> I
04/20/2019 10:55:58 PM m ------> n
04/20/2019 10:55:58 PM o ------> p
04/20/2019 10:55:58 PM T ------> U
04/20/2019 10:55:58 PM O ------> P
04/20/2019 10:55:58 PM K ------> L
04/20/2019 10:55:58 PM Y ------> Z
04/20/2019 10:55:58 PM o ------> p
04/20/2019 10:55:58 PM T ------> U
04/20/2019 10:55:58 PM g ------> h
04/20/2019 10:55:58 PM g ------> h
04/20/2019 10:55:58 PM B ------> C
04/20/2019 10:55:58 PM k ------> l
04/20/2019 10:55:58 PM P ------> Q
04/20/2019 10:55:58 PM x ------> y
04/20/2019 10:55:58 PM I ------> J
04/20/2019 10:55:58 PM S ------> T
04/20/2019 10:55:58 PM n ------> o
04/20/2019 10:55:58 PM q ------> r
04/20/2019 10:55:58 PM q ------> r
04/20/2019 10:55:58 PM Q ------> R
04/20/2019 10:55:58 PM a ------> b
04/20/2019 10:55:58 PM b ------> c
04/20/2019 10:55:58 PM f ------> g
04/20/2019 10:55:58 PM L ------> M
04/20/2019 10:55:58 PM X ------> Y
04/20/2019 10:55:58 PM a ------> b
04/20/2019 10:55:58 PM j ------> k
04/20/2019 10:55:58 PM d ------> e
04/20/2019 10:55:58 PM b ------> c
04/20/2019 10:55:58 PM m ------> n
04/20/2019 10:55:58 PM d ------> e
04/20/2019 10:55:58 PM i ------> j
04/20/2019 10:55:58 PM k ------> l
04/20/2019 10:55:58 PM g ------> h
04/20/2019 10:55:58 PM w ------> x
04/20/2019 10:55:58 PM f ------> g
04/20/2019 10:55:58 PM D ------> E
04/20/2019 10:55:58 PM m ------> n
04/20/2019 10:55:58 PM h ------> i
04/20/2019 10:55:58 PM w ------> x
04/20/2019 10:55:58 PM w ------> x
04/20/2019 10:55:58 PM c ------> d
04/20/2019 10:55:58 PM x ------> y
04/20/2019 10:55:58 PM y ------> z
04/20/2019 10:55:58 PM H ------> I
04/20/2019 10:55:58 PM G ------> H
04/20/2019 10:55:58 PM t ------> u
04/20/2019 10:55:58 PM c ------> d
04/20/2019 10:55:58 PM N ------> O
04/20/2019 10:55:58 PM U ------> V
04/20/2019 10:55:58 PM s ------> t
04/20/2019 10:55:58 PM L ------> M
04/20/2019 10:55:58 PM H ------> I
04/20/2019 10:55:58 PM d ------> e
04/20/2019 10:55:58 PM g ------> h
04/20/2019 10:55:58 PM J ------> K
04/20/2019 10:55:58 PM O ------> P
04/20/2019 10:55:58 PM O ------> P
04/20/2019 10:55:58 PM p ------> q
04/20/2019 10:55:58 PM u ------> v
04/20/2019 10:55:58 PM o ------> p
04/20/2019 10:55:58 PM z ------> a
04/20/2019 10:55:58 PM g ------> h
04/20/2019 10:55:58 PM Y ------> Z
04/20/2019 10:55:58 PM R ------> S
04/20/2019 10:55:58 PM N ------> O
04/20/2019 10:55:58 PM Y ------> Z
04/20/2019 10:55:58 PM b ------> c
04/20/2019 10:55:58 PM T ------> U
04/20/2019 10:55:58 PM E ------> F
04/20/2019 10:55:58 PM R ------> S
04/20/2019 10:55:58 PM q ------> r
04/20/2019 10:55:58 PM v ------> w
04/20/2019 10:55:58 PM d ------> e
04/20/2019 10:55:58 PM i ------> j
04/20/2019 10:55:58 PM w ------> x
04/20/2019 10:55:58 PM Y ------> Z
04/20/2019 10:55:58 PM m ------> n
04/20/2019 10:55:58 PM o ------> p
04/20/2019 10:55:58 PM X ------> Y
04/20/2019 10:55:58 PM y ------> z
04/20/2019 10:55:58 PM h ------> i
04/20/2019 10:55:58 PM A ------> B
04/20/2019 10:55:58 PM u ------> v
04/20/2019 10:55:58 PM u ------> v
04/20/2019 10:55:58 PM r ------> s
04/20/2019 10:55:58 PM p ------> q
04/20/2019 10:55:58 PM R ------> S
04/20/2019 10:55:58 PM P ------> Q
04/20/2019 10:55:58 PM X ------> Y
04/20/2019 10:55:58 PM s ------> t
04/20/2019 10:55:58 PM e ------> f
04/20/2019 10:55:58 PM N ------> O
04/20/2019 10:55:58 PM i ------> j
04/20/2019 10:55:58 PM s ------> t
04/20/2019 10:55:58 PM j ------> k
04/20/2019 10:55:58 PM B ------> C
04/20/2019 10:55:58 PM i ------> j
04/20/2019 10:55:58 PM h ------> i
04/20/2019 10:55:58 PM W ------> X
04/20/2019 10:55:58 PM i ------> j
04/20/2019 10:55:58 PM m ------> n
04/20/2019 10:55:58 PM N ------> O
04/20/2019 10:55:58 PM J ------> K
04/20/2019 10:55:58 PM U ------> V
04/20/2019 10:55:58 PM W ------> X
04/20/2019 10:55:58 PM S ------> T
04/20/2019 10:55:58 PM Q ------> R
04/20/2019 10:55:58 PM e ------> f
04/20/2019 10:55:58 PM O ------> P
04/20/2019 10:55:58 PM M ------> N
04/20/2019 10:55:58 PM h ------> i
04/20/2019 10:55:58 PM p ------> q
04/20/2019 10:55:58 PM g ------> h
04/20/2019 10:55:58 PM q ------> r
04/20/2019 10:55:58 PM U ------> V
04/20/2019 10:55:58 PM t ------> u
04/20/2019 10:55:58 PM m ------> n
04/20/2019 10:55:58 PM f ------> g
04/20/2019 10:55:58 PM S ------> T
04/20/2019 10:55:58 PM h ------> i
04/20/2019 10:55:58 PM i ------> j
04/20/2019 10:55:58 PM v ------> w
04/20/2019 10:55:58 PM X ------> Y
04/20/2019 10:55:58 PM h ------> i
04/20/2019 10:55:58 PM d ------> e
04/20/2019 10:55:58 PM R ------> S
04/20/2019 10:55:58 PM p ------> q
04/20/2019 10:55:58 PM x ------> y
04/20/2019 10:55:58 PM k ------> l
04/20/2019 10:55:58 PM m ------> n
04/20/2019 10:55:58 PM I ------> J
04/20/2019 10:55:58 PM d ------> e
04/20/2019 10:55:58 PM q ------> r
04/20/2019 10:55:58 PM B ------> C
04/20/2019 10:55:58 PM L ------> M
04/20/2019 10:55:58 PM v ------> w
04/20/2019 10:55:58 PM E ------> F
04/20/2019 10:55:58 PM G ------> H
04/20/2019 10:55:58 PM e ------> f
04/20/2019 10:55:58 PM j ------> k
04/20/2019 10:55:58 PM M ------> N
04/20/2019 10:55:58 PM X ------> Y
04/20/2019 10:55:58 PM C ------> D
04/20/2019 10:55:58 PM p ------> q
04/20/2019 10:55:58 PM W ------> X
04/20/2019 10:55:58 PM U ------> V
04/20/2019 10:55:58 PM i ------> j
04/20/2019 10:55:58 PM F ------> G
04/20/2019 10:55:58 PM b ------> c
04/20/2019 10:55:58 PM M ------> N
04/20/2019 10:55:58 PM b ------> c
04/20/2019 10:55:58 PM B ------> C
04/20/2019 10:55:58 PM R ------> S
04/20/2019 10:55:58 PM m ------> n
04/20/2019 10:55:58 PM O ------> P
04/20/2019 10:55:58 PM B ------> C
04/20/2019 10:55:58 PM D ------> E
04/20/2019 10:55:58 PM V ------> W
04/20/2019 10:55:58 PM x ------> y
04/20/2019 10:55:58 PM L ------> M
04/20/2019 10:55:58 PM X ------> Y
04/20/2019 10:55:58 PM M ------> N
04/20/2019 10:55:58 PM s ------> t
04/20/2019 10:55:58 PM k ------> l
04/20/2019 10:55:58 PM j ------> k
04/20/2019 10:55:58 PM h ------> i
04/20/2019 10:55:58 PM F ------> G
04/20/2019 10:55:58 PM I ------> J
04/20/2019 10:55:58 PM Y ------> Z
04/20/2019 10:55:58 PM M ------> N
04/20/2019 10:55:58 PM b ------> c
04/20/2019 10:55:58 PM O ------> P
04/20/2019 10:55:58 PM t ------> u
04/20/2019 10:55:58 PM j ------> k
04/20/2019 10:55:58 PM Y ------> Z
04/20/2019 10:55:58 PM q ------> r
04/20/2019 10:55:58 PM P ------> Q
04/20/2019 10:55:58 PM C ------> D
04/20/2019 10:55:58 PM b ------> c
04/20/2019 10:55:58 PM L ------> M
04/20/2019 10:55:58 PM i ------> j
04/20/2019 10:55:58 PM B ------> C
04/20/2019 10:55:58 PM y ------> z
04/20/2019 10:55:58 PM A ------> B
04/20/2019 10:55:58 PM B ------> C
04/20/2019 10:55:58 PM X ------> Y
04/20/2019 10:55:58 PM N ------> O
04/20/2019 10:55:58 PM s ------> t
04/20/2019 10:55:58 PM b ------> c
04/20/2019 10:55:58 PM N ------> O
04/20/2019 10:55:58 PM x ------> y
04/20/2019 10:55:58 PM H ------> I
04/20/2019 10:55:58 PM v ------> w
04/20/2019 10:55:58 PM R ------> S
04/20/2019 10:55:58 PM N ------> O
04/20/2019 10:55:58 PM Z ------> A
04/20/2019 10:55:58 PM H ------> I
04/20/2019 10:55:58 PM Z ------> A
04/20/2019 10:55:58 PM c ------> d
04/20/2019 10:55:58 PM f ------> g
04/20/2019 10:55:58 PM e ------> f
04/20/2019 10:55:58 PM X ------> Y
04/20/2019 10:55:58 PM t ------> u
04/20/2019 10:55:58 PM Y ------> Z
04/20/2019 10:55:58 PM d ------> e
04/20/2019 10:55:58 PM z ------> a
04/20/2019 10:55:58 PM U ------> V
04/20/2019 10:55:58 PM v ------> w
04/20/2019 10:55:58 PM I ------> J
04/20/2019 10:55:58 PM c ------> d
04/20/2019 10:55:58 PM a ------> b
04/20/2019 10:55:58 PM D ------> E
04/20/2019 10:55:58 PM t ------> u
04/20/2019 10:55:58 PM I ------> J
04/20/2019 10:55:58 PM q ------> r
04/20/2019 10:55:58 PM d ------> e
04/20/2019 10:55:58 PM N ------> O
04/20/2019 10:55:58 PM p ------> q
04/20/2019 10:55:58 PM T ------> U
04/20/2019 10:55:58 PM u ------> v
04/20/2019 10:55:58 PM d ------> e
04/20/2019 10:55:58 PM d ------> e
04/20/2019 10:55:58 PM b ------> c
04/20/2019 10:55:58 PM N ------> O
04/20/2019 10:55:58 PM V ------> W
04/20/2019 10:55:58 PM m ------> n
04/20/2019 10:55:58 PM h ------> i
04/20/2019 10:55:58 PM D ------> E
04/20/2019 10:55:58 PM V ------> W
04/20/2019 10:55:58 PM U ------> V
04/20/2019 10:55:58 PM n ------> o
04/20/2019 10:55:58 PM m ------> n
04/20/2019 10:55:58 PM b ------> c
04/20/2019 10:55:58 PM V ------> W
04/20/2019 10:55:58 PM o ------> p
04/20/2019 10:55:58 PM l ------> m
04/20/2019 10:55:58 PM M ------> N
04/20/2019 10:55:58 PM I ------> J
04/20/2019 10:55:58 PM N ------> O
04/20/2019 10:55:58 PM e ------> f
04/20/2019 10:55:58 PM e ------> f
04/20/2019 10:55:58 PM e ------> f
04/20/2019 10:55:58 PM a ------> b
04/20/2019 10:55:58 PM T ------> U
04/20/2019 10:55:58 PM Y ------> Z
04/20/2019 10:55:58 PM t ------> u
04/20/2019 10:55:58 PM Y ------> Z
04/20/2019 10:55:58 PM o ------> p
04/20/2019 10:55:58 PM k ------> l
04/20/2019 10:55:58 PM S ------> T
04/20/2019 10:55:58 PM j ------> k
04/20/2019 10:55:58 PM l ------> m
04/20/2019 10:55:58 PM m ------> n
04/20/2019 10:55:58 PM A ------> B
04/20/2019 10:55:58 PM J ------> K
04/20/2019 10:55:58 PM C ------> D
04/20/2019 10:55:58 PM S ------> T
04/20/2019 10:55:58 PM K ------> L
04/20/2019 10:55:58 PM a ------> b
04/20/2019 10:55:58 PM Y ------> Z
04/20/2019 10:55:58 PM M ------> N
04/20/2019 10:55:58 PM N ------> O
04/20/2019 10:55:58 PM l ------> m
04/20/2019 10:55:58 PM m ------> n
04/20/2019 10:55:58 PM x ------> y
04/20/2019 10:55:58 PM n ------> o
04/20/2019 10:55:58 PM h ------> i
04/20/2019 10:55:58 PM U ------> V
04/20/2019 10:55:58 PM u ------> v
04/20/2019 10:55:58 PM w ------> x
04/20/2019 10:55:58 PM R ------> S
04/20/2019 10:55:58 PM p ------> q
04/20/2019 10:55:58 PM G ------> H
04/20/2019 10:55:58 PM u ------> v
04/20/2019 10:55:58 PM B ------> C
04/20/2019 10:55:58 PM K ------> L
04/20/2019 10:55:58 PM q ------> r
04/20/2019 10:55:58 PM o ------> p
04/20/2019 10:55:58 PM z ------> a
04/20/2019 10:55:58 PM f ------> g
04/20/2019 10:55:58 PM E ------> F
04/20/2019 10:55:58 PM i ------> j
04/20/2019 10:55:58 PM l ------> m
04/20/2019 10:55:58 PM Y ------> Z
04/20/2019 10:55:58 PM U ------> V
04/20/2019 10:55:58 PM k ------> l
04/20/2019 10:55:58 PM f ------> g
04/20/2019 10:55:58 PM Y ------> Z
04/20/2019 10:55:59 PM q ------> r
04/20/2019 10:55:59 PM Q ------> R
04/20/2019 10:55:59 PM k ------> l
04/20/2019 10:55:59 PM j ------> k
04/20/2019 10:55:59 PM Z ------> A
04/20/2019 10:55:59 PM P ------> Q
04/20/2019 10:55:59 PM V ------> W
04/20/2019 10:55:59 PM D ------> E
04/20/2019 10:55:59 PM Q ------> R
04/20/2019 10:55:59 PM v ------> w
04/20/2019 10:55:59 PM E ------> F
04/20/2019 10:55:59 PM h ------> i
04/20/2019 10:55:59 PM P ------> Q
04/20/2019 10:55:59 PM G ------> H
04/20/2019 10:55:59 PM h ------> i
04/20/2019 10:55:59 PM B ------> C
04/20/2019 10:55:59 PM U ------> V
04/20/2019 10:55:59 PM u ------> v
04/20/2019 10:55:59 PM W ------> X
04/20/2019 10:55:59 PM J ------> K
04/20/2019 10:55:59 PM j ------> k
04/20/2019 10:55:59 PM r ------> s
04/20/2019 10:55:59 PM P ------> Q
04/20/2019 10:55:59 PM s ------> t
04/20/2019 10:55:59 PM P ------> Q
04/20/2019 10:55:59 PM M ------> N
04/20/2019 10:55:59 PM G ------> H
04/20/2019 10:55:59 PM t ------> u
04/20/2019 10:55:59 PM q ------> r
04/20/2019 10:55:59 PM X ------> Y
04/20/2019 10:55:59 PM n ------> o
04/20/2019 10:55:59 PM B ------> C
04/20/2019 10:55:59 PM X ------> Y
04/20/2019 10:55:59 PM x ------> y
04/20/2019 10:55:59 PM p ------> q
04/20/2019 10:55:59 PM N ------> O
04/20/2019 10:55:59 PM V ------> W
04/20/2019 10:55:59 PM g ------> h
04/20/2019 10:55:59 PM d ------> e
04/20/2019 10:55:59 PM x ------> y
04/20/2019 10:55:59 PM T ------> U
04/20/2019 10:55:59 PM l ------> m
04/20/2019 10:55:59 PM e ------> f
04/20/2019 10:55:59 PM o ------> p
04/20/2019 10:55:59 PM P ------> Q
04/20/2019 10:55:59 PM n ------> o
04/20/2019 10:55:59 PM R ------> S
04/20/2019 10:55:59 PM r ------> s
04/20/2019 10:55:59 PM L ------> M
04/20/2019 10:55:59 PM E ------> F
04/20/2019 10:55:59 PM j ------> k
04/20/2019 10:55:59 PM P ------> Q
04/20/2019 10:55:59 PM H ------> I
04/20/2019 10:55:59 PM v ------> w
04/20/2019 10:55:59 PM K ------> L
04/20/2019 10:55:59 PM o ------> p
04/20/2019 10:55:59 PM P ------> Q
04/20/2019 10:55:59 PM l ------> m
04/20/2019 10:55:59 PM y ------> z
04/20/2019 10:55:59 PM j ------> k
04/20/2019 10:55:59 PM L ------> M
04/20/2019 10:55:59 PM T ------> U
04/20/2019 10:55:59 PM J ------> K
04/20/2019 10:55:59 PM Z ------> A
04/20/2019 10:55:59 PM w ------> x
04/20/2019 10:55:59 PM X ------> Y
04/20/2019 10:55:59 PM m ------> n
04/20/2019 10:55:59 PM s ------> t
04/20/2019 10:55:59 PM s ------> t
04/20/2019 10:55:59 PM a ------> b
04/20/2019 10:55:59 PM n ------> o
04/20/2019 10:55:59 PM K ------> L
04/20/2019 10:55:59 PM M ------> N
04/20/2019 10:55:59 PM P ------> Q
04/20/2019 10:55:59 PM t ------> u
04/20/2019 10:55:59 PM t ------> u
04/20/2019 10:55:59 PM d ------> e
04/20/2019 10:55:59 PM G ------> H
04/20/2019 10:55:59 PM o ------> p
04/20/2019 10:55:59 PM R ------> S
04/20/2019 10:55:59 PM D ------> E
04/20/2019 10:55:59 PM E ------> F
04/20/2019 10:55:59 PM S ------> T
04/20/2019 10:55:59 PM K ------> L
04/20/2019 10:55:59 PM M ------> N
04/20/2019 10:55:59 PM e ------> f
04/20/2019 10:55:59 PM x ------> y
04/20/2019 10:55:59 PM N ------> O
04/20/2019 10:55:59 PM I ------> J
04/20/2019 10:55:59 PM d ------> e
04/20/2019 10:55:59 PM C ------> D
04/20/2019 10:55:59 PM R ------> S
04/20/2019 10:55:59 PM w ------> x
04/20/2019 10:55:59 PM O ------> P
04/20/2019 10:55:59 PM V ------> W
04/20/2019 10:55:59 PM C ------> D
04/20/2019 10:55:59 PM d ------> e
04/20/2019 10:55:59 PM D ------> E
04/20/2019 10:55:59 PM H ------> I
04/20/2019 10:55:59 PM Z ------> A
04/20/2019 10:55:59 PM A ------> B
04/20/2019 10:55:59 PM e ------> f
04/20/2019 10:55:59 PM L ------> M
04/20/2019 10:55:59 PM y ------> z
04/20/2019 10:55:59 PM h ------> i
04/20/2019 10:55:59 PM L ------> M
04/20/2019 10:55:59 PM e ------> f
04/20/2019 10:55:59 PM q ------> r
04/20/2019 10:55:59 PM k ------> l
04/20/2019 10:55:59 PM X ------> Y
04/20/2019 10:55:59 PM B ------> C
04/20/2019 10:55:59 PM G ------> H
04/20/2019 10:55:59 PM S ------> T
04/20/2019 10:55:59 PM d ------> e
04/20/2019 10:55:59 PM c ------> d
04/20/2019 10:55:59 PM R ------> S
04/20/2019 10:55:59 PM p ------> q
04/20/2019 10:55:59 PM W ------> X
04/20/2019 10:55:59 PM H ------> I
04/20/2019 10:55:59 PM H ------> I
04/20/2019 10:55:59 PM q ------> r
04/20/2019 10:55:59 PM K ------> L
04/20/2019 10:55:59 PM d ------> e
04/20/2019 10:55:59 PM Y ------> Z
04/20/2019 10:55:59 PM u ------> v
04/20/2019 10:55:59 PM F ------> G
04/20/2019 10:55:59 PM b ------> c
04/20/2019 10:55:59 PM f ------> g
04/20/2019 10:55:59 PM Y ------> Z
04/20/2019 10:55:59 PM o ------> p
04/20/2019 10:55:59 PM h ------> i
04/20/2019 10:55:59 PM A ------> B
04/20/2019 10:55:59 PM r ------> s
04/20/2019 10:55:59 PM d ------> e
04/20/2019 10:55:59 PM C ------> D
04/20/2019 10:55:59 PM E ------> F
04/20/2019 10:55:59 PM g ------> h
04/20/2019 10:55:59 PM p ------> q
04/20/2019 10:55:59 PM e ------> f
04/20/2019 10:55:59 PM L ------> M
04/20/2019 10:55:59 PM p ------> q
04/20/2019 10:55:59 PM a ------> b
04/20/2019 10:55:59 PM i ------> j
04/20/2019 10:55:59 PM A ------> B
04/20/2019 10:55:59 PM G ------> H
04/20/2019 10:55:59 PM z ------> a
04/20/2019 10:55:59 PM t ------> u
04/20/2019 10:55:59 PM B ------> C
04/20/2019 10:55:59 PM P ------> Q
04/20/2019 10:55:59 PM L ------> M
04/20/2019 10:55:59 PM P ------> Q
04/20/2019 10:55:59 PM b ------> c
04/20/2019 10:55:59 PM Y ------> Z
04/20/2019 10:55:59 PM v ------> w
04/20/2019 10:55:59 PM m ------> n
04/20/2019 10:55:59 PM J ------> K
04/20/2019 10:55:59 PM I ------> J
04/20/2019 10:55:59 PM Z ------> A
04/20/2019 10:55:59 PM q ------> r
04/20/2019 10:55:59 PM Y ------> Z
04/20/2019 10:55:59 PM T ------> U
04/20/2019 10:55:59 PM b ------> c
04/20/2019 10:55:59 PM o ------> p
04/20/2019 10:55:59 PM B ------> C
04/20/2019 10:55:59 PM N ------> O
04/20/2019 10:55:59 PM X ------> Y
04/20/2019 10:55:59 PM x ------> y
04/20/2019 10:55:59 PM t ------> u
04/20/2019 10:55:59 PM Error rate: 0.0
