INFO 	 2019-04-21 02:30:56,192 Serial port COM3 opened successfully.
INFO 	 2019-04-21 02:30:56,192 Running: 1000 tests with baud rate: 2000000
DEBUG 	 2019-04-21 02:30:56,193 bbbbb ------> ccccc
DEBUG 	 2019-04-21 02:30:56,194 CCCCC ------> DDDDD
DEBUG 	 2019-04-21 02:30:56,195 SSSSS ------> TTTTT
DEBUG 	 2019-04-21 02:30:56,196 lllll ------> mmmmm
DEBUG 	 2019-04-21 02:30:56,197 CCCCC ------> DDDDD
DEBUG 	 2019-04-21 02:30:56,198 vvvvv ------> wwwww
DEBUG 	 2019-04-21 02:30:56,199 ppppp ------> qqqqq
DEBUG 	 2019-04-21 02:30:56,200 aaaaa ------> bbbbb
DEBUG 	 2019-04-21 02:30:56,201 wwwww ------> xxxxx
DEBUG 	 2019-04-21 02:30:56,202 uuuuu ------> vvvvv
DEBUG 	 2019-04-21 02:30:56,203 WWWWW ------> XXXXX
DEBUG 	 2019-04-21 02:30:56,209 LLLLL ------> MMMMM
DEBUG 	 2019-04-21 02:30:56,210 wwwww ------> xxxxx
DEBUG 	 2019-04-21 02:30:56,211 JJJJJ ------> KKKKK
DEBUG 	 2019-04-21 02:30:56,212 rrrrr ------> sssss
DEBUG 	 2019-04-21 02:30:56,213 ggggg ------> hhhhh
DEBUG 	 2019-04-21 02:30:56,214 jjjjj ------> kkkkk
DEBUG 	 2019-04-21 02:30:56,215 WWWWW ------> XXXXX
DEBUG 	 2019-04-21 02:30:56,216 YYYYY ------> ZZZZZ
DEBUG 	 2019-04-21 02:30:56,217 nnnnn ------> ooooo
DEBUG 	 2019-04-21 02:30:56,218 EEEEE ------> FFFFF
DEBUG 	 2019-04-21 02:30:56,219 ZZZZZ ------> AAAAA
DEBUG 	 2019-04-21 02:30:56,220 XXXXX ------> YYYYY
DEBUG 	 2019-04-21 02:30:56,221 ooooo ------> ppppp
DEBUG 	 2019-04-21 02:30:56,222 fffff ------> ggggg
DEBUG 	 2019-04-21 02:30:56,223 zzzzz ------> aaaaa
DEBUG 	 2019-04-21 02:30:56,224 jjjjj ------> kkkkk
DEBUG 	 2019-04-21 02:30:56,225 OOOOO ------> PPPPP
DEBUG 	 2019-04-21 02:30:56,226 YYYYY ------> ZZZZZ
DEBUG 	 2019-04-21 02:30:56,227 qqqqq ------> rrrrr
DEBUG 	 2019-04-21 02:30:56,228 lllll ------> mmmmm
DEBUG 	 2019-04-21 02:30:56,229 sssss ------> ttttt
DEBUG 	 2019-04-21 02:30:56,230 vvvvv ------> wwwww
DEBUG 	 2019-04-21 02:30:56,231 zzzzz ------> aaaaa
DEBUG 	 2019-04-21 02:30:56,232 rrrrr ------> sssss
DEBUG 	 2019-04-21 02:30:56,233 YYYYY ------> ZZZZZ
DEBUG 	 2019-04-21 02:30:56,234 ppppp ------> qqqqq
DEBUG 	 2019-04-21 02:30:56,235 wwwww ------> xxxxx
DEBUG 	 2019-04-21 02:30:56,236 zzzzz ------> aaaaa
DEBUG 	 2019-04-21 02:30:56,237 CCCCC ------> DDDDD
DEBUG 	 2019-04-21 02:30:56,238 yyyyy ------> zzzzz
DEBUG 	 2019-04-21 02:30:56,239 zzzzz ------> aaaaa
DEBUG 	 2019-04-21 02:30:56,240 kkkkk ------> lllll
DEBUG 	 2019-04-21 02:30:56,241 sssss ------> ttttt
DEBUG 	 2019-04-21 02:30:56,242 nnnnn ------> ooooo
DEBUG 	 2019-04-21 02:30:56,243 TTTTT ------> UUUUU
DEBUG 	 2019-04-21 02:30:56,244 jjjjj ------> kkkkk
DEBUG 	 2019-04-21 02:30:56,245 CCCCC ------> DDDDD
DEBUG 	 2019-04-21 02:30:56,246 yyyyy ------> zzzzz
DEBUG 	 2019-04-21 02:30:56,247 LLLLL ------> MMMMM
DEBUG 	 2019-04-21 02:30:56,248 OOOOO ------> PPPPP
DEBUG 	 2019-04-21 02:30:56,249 mmmmm ------> nnnnn
DEBUG 	 2019-04-21 02:30:56,250 FFFFF ------> GGGGG
DEBUG 	 2019-04-21 02:30:56,251 SSSSS ------> TTTTT
DEBUG 	 2019-04-21 02:30:56,252 vvvvv ------> wwwww
DEBUG 	 2019-04-21 02:30:56,253 jjjjj ------> kkkkk
DEBUG 	 2019-04-21 02:30:56,254 ttttt ------> uuuuu
DEBUG 	 2019-04-21 02:30:56,255 xxxxx ------> yyyyy
DEBUG 	 2019-04-21 02:30:56,256 wwwww ------> xxxxx
DEBUG 	 2019-04-21 02:30:56,257 xxxxx ------> yyyyy
DEBUG 	 2019-04-21 02:30:56,258 nnnnn ------> ooooo
DEBUG 	 2019-04-21 02:30:56,259 ZZZZZ ------> AAAAA
DEBUG 	 2019-04-21 02:30:56,260 jjjjj ------> kkkkk
DEBUG 	 2019-04-21 02:30:56,261 zzzzz ------> aaaaa
DEBUG 	 2019-04-21 02:30:56,262 jjjjj ------> kkkkk
DEBUG 	 2019-04-21 02:30:56,263 nnnnn ------> ooooo
DEBUG 	 2019-04-21 02:30:56,264 FFFFF ------> GGGGG
DEBUG 	 2019-04-21 02:30:56,265 DDDDD ------> EEEEE
DEBUG 	 2019-04-21 02:30:56,266 HHHHH ------> IIIII
DEBUG 	 2019-04-21 02:30:56,267 KKKKK ------> LLLLL
DEBUG 	 2019-04-21 02:30:56,268 RRRRR ------> SSSSS
DEBUG 	 2019-04-21 02:30:56,269 RRRRR ------> SSSSS
DEBUG 	 2019-04-21 02:30:56,270 uuuuu ------> vvvvv
DEBUG 	 2019-04-21 02:30:56,271 LLLLL ------> MMMMM
DEBUG 	 2019-04-21 02:30:56,272 WWWWW ------> XXXXX
DEBUG 	 2019-04-21 02:30:56,273 uuuuu ------> vvvvv
DEBUG 	 2019-04-21 02:30:56,274 FFFFF ------> GGGGG
DEBUG 	 2019-04-21 02:30:56,275 QQQQQ ------> RRRRR
DEBUG 	 2019-04-21 02:30:56,276 MMMMM ------> NNNNN
DEBUG 	 2019-04-21 02:30:56,277 KKKKK ------> LLLLL
DEBUG 	 2019-04-21 02:30:56,278 UUUUU ------> VVVVV
DEBUG 	 2019-04-21 02:30:56,279 aaaaa ------> bbbbb
DEBUG 	 2019-04-21 02:30:56,280 sssss ------> ttttt
DEBUG 	 2019-04-21 02:30:56,281 KKKKK ------> LLLLL
DEBUG 	 2019-04-21 02:30:56,282 hhhhh ------> iiiii
DEBUG 	 2019-04-21 02:30:56,283 YYYYY ------> ZZZZZ
DEBUG 	 2019-04-21 02:30:56,284 kkkkk ------> lllll
DEBUG 	 2019-04-21 02:30:56,285 TTTTT ------> UUUUU
DEBUG 	 2019-04-21 02:30:56,286 sssss ------> ttttt
DEBUG 	 2019-04-21 02:30:56,287 SSSSS ------> TTTTT
DEBUG 	 2019-04-21 02:30:56,288 PPPPP ------> QQQQQ
DEBUG 	 2019-04-21 02:30:56,289 DDDDD ------> EEEEE
DEBUG 	 2019-04-21 02:30:56,290 aaaaa ------> bbbbb
DEBUG 	 2019-04-21 02:30:56,291 aaaaa ------> bbbbb
DEBUG 	 2019-04-21 02:30:56,292 ggggg ------> hhhhh
DEBUG 	 2019-04-21 02:30:56,293 vvvvv ------> wwwww
DEBUG 	 2019-04-21 02:30:56,294 QQQQQ ------> RRRRR
DEBUG 	 2019-04-21 02:30:56,295 YYYYY ------> ZZZZZ
DEBUG 	 2019-04-21 02:30:56,296 RRRRR ------> SSSSS
DEBUG 	 2019-04-21 02:30:56,297 mmmmm ------> nnnnn
DEBUG 	 2019-04-21 02:30:56,298 ddddd ------> eeeee
DEBUG 	 2019-04-21 02:30:56,299 vvvvv ------> wwwww
DEBUG 	 2019-04-21 02:30:56,300 qqqqq ------> rrrrr
DEBUG 	 2019-04-21 02:30:56,301 xxxxx ------> yyyyy
DEBUG 	 2019-04-21 02:30:56,302 ddddd ------> eeeee
DEBUG 	 2019-04-21 02:30:56,303 jjjjj ------> kkkkk
DEBUG 	 2019-04-21 02:30:56,304 BBBBB ------> CCCCC
DEBUG 	 2019-04-21 02:30:56,305 zzzzz ------> aaaaa
DEBUG 	 2019-04-21 02:30:56,306 iiiii ------> jjjjj
DEBUG 	 2019-04-21 02:30:56,307 rrrrr ------> sssss
DEBUG 	 2019-04-21 02:30:56,308 MMMMM ------> NNNNN
DEBUG 	 2019-04-21 02:30:56,309 NNNNN ------> OOOOO
DEBUG 	 2019-04-21 02:30:56,310 FFFFF ------> GGGGG
DEBUG 	 2019-04-21 02:30:56,311 DDDDD ------> EEEEE
DEBUG 	 2019-04-21 02:30:56,312 LLLLL ------> MMMMM
DEBUG 	 2019-04-21 02:30:56,313 sssss ------> ttttt
DEBUG 	 2019-04-21 02:30:56,314 ttttt ------> uuuuu
DEBUG 	 2019-04-21 02:30:56,315 JJJJJ ------> KKKKK
DEBUG 	 2019-04-21 02:30:56,316 NNNNN ------> OOOOO
DEBUG 	 2019-04-21 02:30:56,317 lllll ------> mmmmm
DEBUG 	 2019-04-21 02:30:56,318 aaaaa ------> bbbbb
DEBUG 	 2019-04-21 02:30:56,319 ggggg ------> hhhhh
DEBUG 	 2019-04-21 02:30:56,320 DDDDD ------> EEEEE
DEBUG 	 2019-04-21 02:30:56,321 nnnnn ------> ooooo
DEBUG 	 2019-04-21 02:30:56,322 ggggg ------> hhhhh
DEBUG 	 2019-04-21 02:30:56,323 mmmmm ------> nnnnn
DEBUG 	 2019-04-21 02:30:56,324 jjjjj ------> kkkkk
DEBUG 	 2019-04-21 02:30:56,325 CCCCC ------> DDDDD
DEBUG 	 2019-04-21 02:30:56,326 PPPPP ------> QQQQQ
DEBUG 	 2019-04-21 02:30:56,327 qqqqq ------> rrrrr
DEBUG 	 2019-04-21 02:30:56,328 uuuuu ------> vvvvv
DEBUG 	 2019-04-21 02:30:56,329 HHHHH ------> IIIII
DEBUG 	 2019-04-21 02:30:56,330 ccccc ------> ddddd
DEBUG 	 2019-04-21 02:30:56,331 FFFFF ------> GGGGG
DEBUG 	 2019-04-21 02:30:56,332 NNNNN ------> OOOOO
DEBUG 	 2019-04-21 02:30:56,333 bbbbb ------> ccccc
DEBUG 	 2019-04-21 02:30:56,334 nnnnn ------> ooooo
DEBUG 	 2019-04-21 02:30:56,335 DDDDD ------> EEEEE
DEBUG 	 2019-04-21 02:30:56,336 YYYYY ------> ZZZZZ
DEBUG 	 2019-04-21 02:30:56,337 RRRRR ------> SSSSS
DEBUG 	 2019-04-21 02:30:56,338 PPPPP ------> QQQQQ
DEBUG 	 2019-04-21 02:30:56,339 NNNNN ------> OOOOO
DEBUG 	 2019-04-21 02:30:56,340 UUUUU ------> VVVVV
DEBUG 	 2019-04-21 02:30:56,341 hhhhh ------> iiiii
DEBUG 	 2019-04-21 02:30:56,342 FFFFF ------> GGGGG
DEBUG 	 2019-04-21 02:30:56,343 LLLLL ------> MMMMM
DEBUG 	 2019-04-21 02:30:56,344 ttttt ------> uuuuu
DEBUG 	 2019-04-21 02:30:56,345 KKKKK ------> LLLLL
DEBUG 	 2019-04-21 02:30:56,346 rrrrr ------> sssss
DEBUG 	 2019-04-21 02:30:56,347 BBBBB ------> CCCCC
DEBUG 	 2019-04-21 02:30:56,348 LLLLL ------> MMMMM
DEBUG 	 2019-04-21 02:30:56,349 HHHHH ------> IIIII
DEBUG 	 2019-04-21 02:30:56,350 IIIII ------> JJJJJ
DEBUG 	 2019-04-21 02:30:56,351 hhhhh ------> iiiii
DEBUG 	 2019-04-21 02:30:56,352 wwwww ------> xxxxx
DEBUG 	 2019-04-21 02:30:56,353 xxxxx ------> yyyyy
DEBUG 	 2019-04-21 02:30:56,354 BBBBB ------> CCCCC
DEBUG 	 2019-04-21 02:30:56,355 CCCCC ------> DDDDD
DEBUG 	 2019-04-21 02:30:56,356 AAAAA ------> BBBBB
DEBUG 	 2019-04-21 02:30:56,357 nnnnn ------> ooooo
DEBUG 	 2019-04-21 02:30:56,358 bbbbb ------> ccccc
DEBUG 	 2019-04-21 02:30:56,359 ddddd ------> eeeee
DEBUG 	 2019-04-21 02:30:56,360 ZZZZZ ------> AAAAA
DEBUG 	 2019-04-21 02:30:56,361 BBBBB ------> CCCCC
DEBUG 	 2019-04-21 02:30:56,362 ccccc ------> ddddd
DEBUG 	 2019-04-21 02:30:56,363 qqqqq ------> rrrrr
DEBUG 	 2019-04-21 02:30:56,364 ooooo ------> ppppp
DEBUG 	 2019-04-21 02:30:56,365 DDDDD ------> EEEEE
DEBUG 	 2019-04-21 02:30:56,366 mmmmm ------> nnnnn
DEBUG 	 2019-04-21 02:30:56,367 xxxxx ------> yyyyy
DEBUG 	 2019-04-21 02:30:56,368 iiiii ------> jjjjj
DEBUG 	 2019-04-21 02:30:56,369 ggggg ------> hhhhh
DEBUG 	 2019-04-21 02:30:56,370 KKKKK ------> LLLLL
DEBUG 	 2019-04-21 02:30:56,371 ggggg ------> hhhhh
DEBUG 	 2019-04-21 02:30:56,372 JJJJJ ------> KKKKK
DEBUG 	 2019-04-21 02:30:56,373 xxxxx ------> yyyyy
DEBUG 	 2019-04-21 02:30:56,374 BBBBB ------> CCCCC
DEBUG 	 2019-04-21 02:30:56,375 hhhhh ------> iiiii
DEBUG 	 2019-04-21 02:30:56,376 OOOOO ------> PPPPP
DEBUG 	 2019-04-21 02:30:56,377 mmmmm ------> nnnnn
DEBUG 	 2019-04-21 02:30:56,378 AAAAA ------> BBBBB
DEBUG 	 2019-04-21 02:30:56,379 wwwww ------> xxxxx
DEBUG 	 2019-04-21 02:30:56,380 ooooo ------> ppppp
DEBUG 	 2019-04-21 02:30:56,381 MMMMM ------> NNNNN
DEBUG 	 2019-04-21 02:30:56,382 sssss ------> ttttt
DEBUG 	 2019-04-21 02:30:56,383 eeeee ------> fffff
DEBUG 	 2019-04-21 02:30:56,384 HHHHH ------> IIIII
DEBUG 	 2019-04-21 02:30:56,385 ooooo ------> ppppp
DEBUG 	 2019-04-21 02:30:56,386 lllll ------> mmmmm
DEBUG 	 2019-04-21 02:30:56,387 OOOOO ------> PPPPP
DEBUG 	 2019-04-21 02:30:56,388 PPPPP ------> QQQQQ
DEBUG 	 2019-04-21 02:30:56,389 uuuuu ------> vvvvv
DEBUG 	 2019-04-21 02:30:56,390 ggggg ------> hhhhh
DEBUG 	 2019-04-21 02:30:56,391 XXXXX ------> YYYYY
DEBUG 	 2019-04-21 02:30:56,392 PPPPP ------> QQQQQ
DEBUG 	 2019-04-21 02:30:56,393 WWWWW ------> XXXXX
DEBUG 	 2019-04-21 02:30:56,394 eeeee ------> fffff
DEBUG 	 2019-04-21 02:30:56,395 XXXXX ------> YYYYY
DEBUG 	 2019-04-21 02:30:56,396 EEEEE ------> FFFFF
DEBUG 	 2019-04-21 02:30:56,397 UUUUU ------> VVVVV
DEBUG 	 2019-04-21 02:30:56,398 MMMMM ------> NNNNN
DEBUG 	 2019-04-21 02:30:56,399 kkkkk ------> lllll
DEBUG 	 2019-04-21 02:30:56,400 iiiii ------> jjjjj
DEBUG 	 2019-04-21 02:30:56,401 AAAAA ------> BBBBB
DEBUG 	 2019-04-21 02:30:56,402 iiiii ------> jjjjj
DEBUG 	 2019-04-21 02:30:56,403 GGGGG ------> HHHHH
DEBUG 	 2019-04-21 02:30:56,404 iiiii ------> jjjjj
DEBUG 	 2019-04-21 02:30:56,405 aaaaa ------> bbbbb
DEBUG 	 2019-04-21 02:30:56,406 BBBBB ------> CCCCC
DEBUG 	 2019-04-21 02:30:56,407 xxxxx ------> yyyyy
DEBUG 	 2019-04-21 02:30:56,408 OOOOO ------> PPPPP
DEBUG 	 2019-04-21 02:30:56,409 CCCCC ------> DDDDD
DEBUG 	 2019-04-21 02:30:56,410 jjjjj ------> kkkkk
DEBUG 	 2019-04-21 02:30:56,411 MMMMM ------> NNNNN
DEBUG 	 2019-04-21 02:30:56,412 ddddd ------> eeeee
DEBUG 	 2019-04-21 02:30:56,413 XXXXX ------> YYYYY
DEBUG 	 2019-04-21 02:30:56,414 sssss ------> ttttt
DEBUG 	 2019-04-21 02:30:56,415 IIIII ------> JJJJJ
DEBUG 	 2019-04-21 02:30:56,416 MMMMM ------> NNNNN
DEBUG 	 2019-04-21 02:30:56,417 fffff ------> ggggg
DEBUG 	 2019-04-21 02:30:56,418 WWWWW ------> XXXXX
DEBUG 	 2019-04-21 02:30:56,419 IIIII ------> JJJJJ
DEBUG 	 2019-04-21 02:30:56,420 rrrrr ------> sssss
DEBUG 	 2019-04-21 02:30:56,421 fffff ------> ggggg
DEBUG 	 2019-04-21 02:30:56,422 FFFFF ------> GGGGG
DEBUG 	 2019-04-21 02:30:56,423 mmmmm ------> nnnnn
DEBUG 	 2019-04-21 02:30:56,424 GGGGG ------> HHHHH
DEBUG 	 2019-04-21 02:30:56,425 OOOOO ------> PPPPP
DEBUG 	 2019-04-21 02:30:56,426 eeeee ------> fffff
DEBUG 	 2019-04-21 02:30:56,427 jjjjj ------> kkkkk
DEBUG 	 2019-04-21 02:30:56,428 JJJJJ ------> KKKKK
DEBUG 	 2019-04-21 02:30:56,429 MMMMM ------> NNNNN
DEBUG 	 2019-04-21 02:30:56,430 LLLLL ------> MMMMM
DEBUG 	 2019-04-21 02:30:56,431 CCCCC ------> DDDDD
DEBUG 	 2019-04-21 02:30:56,432 mmmmm ------> nnnnn
DEBUG 	 2019-04-21 02:30:56,433 wwwww ------> xxxxx
DEBUG 	 2019-04-21 02:30:56,434 ppppp ------> qqqqq
DEBUG 	 2019-04-21 02:30:56,435 rrrrr ------> sssss
DEBUG 	 2019-04-21 02:30:56,436 mmmmm ------> nnnnn
DEBUG 	 2019-04-21 02:30:56,437 uuuuu ------> vvvvv
DEBUG 	 2019-04-21 02:30:56,438 iiiii ------> jjjjj
DEBUG 	 2019-04-21 02:30:56,439 mmmmm ------> nnnnn
DEBUG 	 2019-04-21 02:30:56,440 NNNNN ------> OOOOO
DEBUG 	 2019-04-21 02:30:56,441 PPPPP ------> QQQQQ
DEBUG 	 2019-04-21 02:30:56,442 CCCCC ------> DDDDD
DEBUG 	 2019-04-21 02:30:56,443 xxxxx ------> yyyyy
DEBUG 	 2019-04-21 02:30:56,444 GGGGG ------> HHHHH
DEBUG 	 2019-04-21 02:30:56,445 zzzzz ------> aaaaa
DEBUG 	 2019-04-21 02:30:56,446 wwwww ------> xxxxx
DEBUG 	 2019-04-21 02:30:56,447 JJJJJ ------> KKKKK
DEBUG 	 2019-04-21 02:30:56,448 xxxxx ------> yyyyy
DEBUG 	 2019-04-21 02:30:56,449 uuuuu ------> vvvvv
DEBUG 	 2019-04-21 02:30:56,450 UUUUU ------> VVVVV
DEBUG 	 2019-04-21 02:30:56,451 IIIII ------> JJJJJ
DEBUG 	 2019-04-21 02:30:56,452 aaaaa ------> bbbbb
DEBUG 	 2019-04-21 02:30:56,453 VVVVV ------> WWWWW
DEBUG 	 2019-04-21 02:30:56,454 XXXXX ------> YYYYY
DEBUG 	 2019-04-21 02:30:56,455 WWWWW ------> XXXXX
DEBUG 	 2019-04-21 02:30:56,456 UUUUU ------> VVVVV
DEBUG 	 2019-04-21 02:30:56,457 KKKKK ------> LLLLL
DEBUG 	 2019-04-21 02:30:56,458 zzzzz ------> aaaaa
DEBUG 	 2019-04-21 02:30:56,459 fffff ------> ggggg
DEBUG 	 2019-04-21 02:30:56,460 MMMMM ------> NNNNN
DEBUG 	 2019-04-21 02:30:56,461 KKKKK ------> LLLLL
DEBUG 	 2019-04-21 02:30:56,462 PPPPP ------> QQQQQ
DEBUG 	 2019-04-21 02:30:56,463 iiiii ------> jjjjj
DEBUG 	 2019-04-21 02:30:56,464 ppppp ------> qqqqq
DEBUG 	 2019-04-21 02:30:56,465 OOOOO ------> PPPPP
DEBUG 	 2019-04-21 02:30:56,466 jjjjj ------> kkkkk
DEBUG 	 2019-04-21 02:30:56,467 JJJJJ ------> KKKKK
DEBUG 	 2019-04-21 02:30:56,468 UUUUU ------> VVVVV
DEBUG 	 2019-04-21 02:30:56,469 QQQQQ ------> RRRRR
DEBUG 	 2019-04-21 02:30:56,470 ttttt ------> uuuuu
DEBUG 	 2019-04-21 02:30:56,471 nnnnn ------> ooooo
DEBUG 	 2019-04-21 02:30:56,472 UUUUU ------> VVVVV
DEBUG 	 2019-04-21 02:30:56,473 eeeee ------> fffff
DEBUG 	 2019-04-21 02:30:56,474 WWWWW ------> XXXXX
DEBUG 	 2019-04-21 02:30:56,475 RRRRR ------> SSSSS
DEBUG 	 2019-04-21 02:30:56,476 ppppp ------> qqqqq
DEBUG 	 2019-04-21 02:30:56,477 UUUUU ------> VVVVV
DEBUG 	 2019-04-21 02:30:56,478 fffff ------> ggggg
DEBUG 	 2019-04-21 02:30:56,479 MMMMM ------> NNNNN
DEBUG 	 2019-04-21 02:30:56,480 QQQQQ ------> RRRRR
DEBUG 	 2019-04-21 02:30:56,481 UUUUU ------> VVVVV
DEBUG 	 2019-04-21 02:30:56,482 WWWWW ------> XXXXX
DEBUG 	 2019-04-21 02:30:56,483 IIIII ------> JJJJJ
DEBUG 	 2019-04-21 02:30:56,484 GGGGG ------> HHHHH
DEBUG 	 2019-04-21 02:30:56,485 hhhhh ------> iiiii
DEBUG 	 2019-04-21 02:30:56,486 qqqqq ------> rrrrr
DEBUG 	 2019-04-21 02:30:56,487 DDDDD ------> EEEEE
DEBUG 	 2019-04-21 02:30:56,488 BBBBB ------> CCCCC
DEBUG 	 2019-04-21 02:30:56,489 zzzzz ------> aaaaa
DEBUG 	 2019-04-21 02:30:56,490 sssss ------> ttttt
DEBUG 	 2019-04-21 02:30:56,491 jjjjj ------> kkkkk
DEBUG 	 2019-04-21 02:30:56,492 FFFFF ------> GGGGG
DEBUG 	 2019-04-21 02:30:56,493 OOOOO ------> PPPPP
DEBUG 	 2019-04-21 02:30:56,494 qqqqq ------> rrrrr
DEBUG 	 2019-04-21 02:30:56,495 bbbbb ------> ccccc
DEBUG 	 2019-04-21 02:30:56,496 HHHHH ------> IIIII
DEBUG 	 2019-04-21 02:30:56,497 JJJJJ ------> KKKKK
DEBUG 	 2019-04-21 02:30:56,498 ppppp ------> qqqqq
DEBUG 	 2019-04-21 02:30:56,500 SSSSS ------> TTTTT
DEBUG 	 2019-04-21 02:30:56,501 JJJJJ ------> KKKKK
DEBUG 	 2019-04-21 02:30:56,502 jjjjj ------> kkkkk
DEBUG 	 2019-04-21 02:30:56,503 xxxxx ------> yyyyy
DEBUG 	 2019-04-21 02:30:56,504 wwwww ------> xxxxx
DEBUG 	 2019-04-21 02:30:56,505 OOOOO ------> PPPPP
DEBUG 	 2019-04-21 02:30:56,506 CCCCC ------> DDDDD
DEBUG 	 2019-04-21 02:30:56,507 TTTTT ------> UUUUU
DEBUG 	 2019-04-21 02:30:56,508 zzzzz ------> aaaaa
DEBUG 	 2019-04-21 02:30:56,509 nnnnn ------> ooooo
DEBUG 	 2019-04-21 02:30:56,510 ccccc ------> ddddd
DEBUG 	 2019-04-21 02:30:56,511 fffff ------> ggggg
DEBUG 	 2019-04-21 02:30:56,512 UUUUU ------> VVVVV
DEBUG 	 2019-04-21 02:30:56,513 GGGGG ------> HHHHH
DEBUG 	 2019-04-21 02:30:56,514 DDDDD ------> EEEEE
DEBUG 	 2019-04-21 02:30:56,515 PPPPP ------> QQQQQ
DEBUG 	 2019-04-21 02:30:56,516 aaaaa ------> bbbbb
DEBUG 	 2019-04-21 02:30:56,517 CCCCC ------> DDDDD
DEBUG 	 2019-04-21 02:30:56,518 DDDDD ------> EEEEE
DEBUG 	 2019-04-21 02:30:56,519 qqqqq ------> rrrrr
DEBUG 	 2019-04-21 02:30:56,520 CCCCC ------> DDDDD
DEBUG 	 2019-04-21 02:30:56,521 AAAAA ------> BBBBB
DEBUG 	 2019-04-21 02:30:56,522 ccccc ------> ddddd
DEBUG 	 2019-04-21 02:30:56,523 NNNNN ------> OOOOO
DEBUG 	 2019-04-21 02:30:56,524 BBBBB ------> CCCCC
DEBUG 	 2019-04-21 02:30:56,525 fffff ------> ggggg
DEBUG 	 2019-04-21 02:30:56,526 NNNNN ------> OOOOO
DEBUG 	 2019-04-21 02:30:56,527 LLLLL ------> MMMMM
DEBUG 	 2019-04-21 02:30:56,528 FFFFF ------> GGGGG
DEBUG 	 2019-04-21 02:30:56,529 ddddd ------> eeeee
DEBUG 	 2019-04-21 02:30:56,530 XXXXX ------> YYYYY
DEBUG 	 2019-04-21 02:30:56,531 CCCCC ------> DDDDD
DEBUG 	 2019-04-21 02:30:56,532 BBBBB ------> CCCCC
DEBUG 	 2019-04-21 02:30:56,533 BBBBB ------> CCCCC
DEBUG 	 2019-04-21 02:30:56,534 zzzzz ------> aaaaa
DEBUG 	 2019-04-21 02:30:56,535 BBBBB ------> CCCCC
DEBUG 	 2019-04-21 02:30:56,536 SSSSS ------> TTTTT
DEBUG 	 2019-04-21 02:30:56,537 sssss ------> ttttt
DEBUG 	 2019-04-21 02:30:56,538 vvvvv ------> wwwww
DEBUG 	 2019-04-21 02:30:56,539 OOOOO ------> PPPPP
DEBUG 	 2019-04-21 02:30:56,540 OOOOO ------> PPPPP
DEBUG 	 2019-04-21 02:30:56,541 NNNNN ------> OOOOO
DEBUG 	 2019-04-21 02:30:56,542 xxxxx ------> yyyyy
DEBUG 	 2019-04-21 02:30:56,543 ZZZZZ ------> AAAAA
DEBUG 	 2019-04-21 02:30:56,544 IIIII ------> JJJJJ
DEBUG 	 2019-04-21 02:30:56,545 KKKKK ------> LLLLL
DEBUG 	 2019-04-21 02:30:56,546 eeeee ------> fffff
DEBUG 	 2019-04-21 02:30:56,547 hhhhh ------> iiiii
DEBUG 	 2019-04-21 02:30:56,548 RRRRR ------> SSSSS
DEBUG 	 2019-04-21 02:30:56,549 lllll ------> mmmmm
DEBUG 	 2019-04-21 02:30:56,550 ggggg ------> hhhhh
DEBUG 	 2019-04-21 02:30:56,551 TTTTT ------> UUUUU
DEBUG 	 2019-04-21 02:30:56,552 SSSSS ------> TTTTT
DEBUG 	 2019-04-21 02:30:56,553 FFFFF ------> GGGGG
DEBUG 	 2019-04-21 02:30:56,554 AAAAA ------> BBBBB
DEBUG 	 2019-04-21 02:30:56,555 bbbbb ------> ccccc
DEBUG 	 2019-04-21 02:30:56,556 FFFFF ------> GGGGG
DEBUG 	 2019-04-21 02:30:56,557 NNNNN ------> OOOOO
DEBUG 	 2019-04-21 02:30:56,558 yyyyy ------> zzzzz
DEBUG 	 2019-04-21 02:30:56,559 DDDDD ------> EEEEE
DEBUG 	 2019-04-21 02:30:56,560 IIIII ------> JJJJJ
DEBUG 	 2019-04-21 02:30:56,561 FFFFF ------> GGGGG
DEBUG 	 2019-04-21 02:30:56,562 GGGGG ------> HHHHH
DEBUG 	 2019-04-21 02:30:56,563 NNNNN ------> OOOOO
DEBUG 	 2019-04-21 02:30:56,564 ppppp ------> qqqqq
DEBUG 	 2019-04-21 02:30:56,565 GGGGG ------> HHHHH
DEBUG 	 2019-04-21 02:30:56,566 wwwww ------> xxxxx
DEBUG 	 2019-04-21 02:30:56,567 AAAAA ------> BBBBB
DEBUG 	 2019-04-21 02:30:56,568 ooooo ------> ppppp
DEBUG 	 2019-04-21 02:30:56,569 GGGGG ------> HHHHH
DEBUG 	 2019-04-21 02:30:56,570 AAAAA ------> BBBBB
DEBUG 	 2019-04-21 02:30:56,571 zzzzz ------> aaaaa
DEBUG 	 2019-04-21 02:30:56,572 ddddd ------> eeeee
DEBUG 	 2019-04-21 02:30:56,573 uuuuu ------> vvvvv
DEBUG 	 2019-04-21 02:30:56,574 yyyyy ------> zzzzz
DEBUG 	 2019-04-21 02:30:56,575 uuuuu ------> vvvvv
DEBUG 	 2019-04-21 02:30:56,576 qqqqq ------> rrrrr
DEBUG 	 2019-04-21 02:30:56,577 EEEEE ------> FFFFF
DEBUG 	 2019-04-21 02:30:56,578 rrrrr ------> sssss
DEBUG 	 2019-04-21 02:30:56,579 BBBBB ------> CCCCC
DEBUG 	 2019-04-21 02:30:56,580 DDDDD ------> EEEEE
DEBUG 	 2019-04-21 02:30:56,581 ZZZZZ ------> AAAAA
DEBUG 	 2019-04-21 02:30:56,582 ttttt ------> uuuuu
DEBUG 	 2019-04-21 02:30:56,583 ggggg ------> hhhhh
DEBUG 	 2019-04-21 02:30:56,584 BBBBB ------> CCCCC
DEBUG 	 2019-04-21 02:30:56,585 bbbbb ------> ccccc
DEBUG 	 2019-04-21 02:30:56,586 IIIII ------> JJJJJ
DEBUG 	 2019-04-21 02:30:56,587 SSSSS ------> TTTTT
DEBUG 	 2019-04-21 02:30:56,588 mmmmm ------> nnnnn
DEBUG 	 2019-04-21 02:30:56,589 wwwww ------> xxxxx
DEBUG 	 2019-04-21 02:30:56,590 jjjjj ------> kkkkk
DEBUG 	 2019-04-21 02:30:56,591 XXXXX ------> YYYYY
DEBUG 	 2019-04-21 02:30:56,592 ccccc ------> ddddd
DEBUG 	 2019-04-21 02:30:56,593 HHHHH ------> IIIII
DEBUG 	 2019-04-21 02:30:56,594 mmmmm ------> nnnnn
DEBUG 	 2019-04-21 02:30:56,595 XXXXX ------> YYYYY
DEBUG 	 2019-04-21 02:30:56,596 CCCCC ------> DDDDD
DEBUG 	 2019-04-21 02:30:56,597 rrrrr ------> sssss
DEBUG 	 2019-04-21 02:30:56,598 ddddd ------> eeeee
DEBUG 	 2019-04-21 02:30:56,599 IIIII ------> JJJJJ
DEBUG 	 2019-04-21 02:30:56,600 lllll ------> mmmmm
DEBUG 	 2019-04-21 02:30:56,601 SSSSS ------> TTTTT
DEBUG 	 2019-04-21 02:30:56,602 MMMMM ------> NNNNN
DEBUG 	 2019-04-21 02:30:56,603 OOOOO ------> PPPPP
DEBUG 	 2019-04-21 02:30:56,604 UUUUU ------> VVVVV
DEBUG 	 2019-04-21 02:30:56,605 CCCCC ------> DDDDD
DEBUG 	 2019-04-21 02:30:56,606 mmmmm ------> nnnnn
DEBUG 	 2019-04-21 02:30:56,607 SSSSS ------> TTTTT
DEBUG 	 2019-04-21 02:30:56,608 lllll ------> mmmmm
DEBUG 	 2019-04-21 02:30:56,609 rrrrr ------> sssss
DEBUG 	 2019-04-21 02:30:56,610 sssss ------> ttttt
DEBUG 	 2019-04-21 02:30:56,611 CCCCC ------> DDDDD
DEBUG 	 2019-04-21 02:30:56,612 jjjjj ------> kkkkk
DEBUG 	 2019-04-21 02:30:56,613 ZZZZZ ------> AAAAA
DEBUG 	 2019-04-21 02:30:56,614 jjjjj ------> kkkkk
DEBUG 	 2019-04-21 02:30:56,615 OOOOO ------> PPPPP
DEBUG 	 2019-04-21 02:30:56,616 ZZZZZ ------> AAAAA
DEBUG 	 2019-04-21 02:30:56,617 bbbbb ------> ccccc
DEBUG 	 2019-04-21 02:30:56,618 hhhhh ------> iiiii
DEBUG 	 2019-04-21 02:30:56,619 ggggg ------> hhhhh
DEBUG 	 2019-04-21 02:30:56,620 PPPPP ------> QQQQQ
DEBUG 	 2019-04-21 02:30:56,621 vvvvv ------> wwwww
DEBUG 	 2019-04-21 02:30:56,622 ooooo ------> ppppp
DEBUG 	 2019-04-21 02:30:56,623 GGGGG ------> HHHHH
DEBUG 	 2019-04-21 02:30:56,624 PPPPP ------> QQQQQ
DEBUG 	 2019-04-21 02:30:56,625 qqqqq ------> rrrrr
DEBUG 	 2019-04-21 02:30:56,626 ttttt ------> uuuuu
DEBUG 	 2019-04-21 02:30:56,627 ddddd ------> eeeee
DEBUG 	 2019-04-21 02:30:56,628 fffff ------> ggggg
DEBUG 	 2019-04-21 02:30:56,629 xxxxx ------> yyyyy
DEBUG 	 2019-04-21 02:30:56,630 JJJJJ ------> KKKKK
DEBUG 	 2019-04-21 02:30:56,631 PPPPP ------> QQQQQ
DEBUG 	 2019-04-21 02:30:56,632 ddddd ------> eeeee
DEBUG 	 2019-04-21 02:30:56,633 KKKKK ------> LLLLL
DEBUG 	 2019-04-21 02:30:56,634 QQQQQ ------> RRRRR
DEBUG 	 2019-04-21 02:30:56,635 uuuuu ------> vvvvv
DEBUG 	 2019-04-21 02:30:56,636 KKKKK ------> LLLLL
DEBUG 	 2019-04-21 02:30:56,637 fffff ------> ggggg
DEBUG 	 2019-04-21 02:30:56,638 qqqqq ------> rrrrr
DEBUG 	 2019-04-21 02:30:56,639 mmmmm ------> nnnnn
DEBUG 	 2019-04-21 02:30:56,640 ZZZZZ ------> AAAAA
DEBUG 	 2019-04-21 02:30:56,641 bbbbb ------> ccccc
DEBUG 	 2019-04-21 02:30:56,642 fffff ------> ggggg
DEBUG 	 2019-04-21 02:30:56,643 FFFFF ------> GGGGG
DEBUG 	 2019-04-21 02:30:56,644 LLLLL ------> MMMMM
DEBUG 	 2019-04-21 02:30:56,645 DDDDD ------> EEEEE
DEBUG 	 2019-04-21 02:30:56,646 WWWWW ------> XXXXX
DEBUG 	 2019-04-21 02:30:56,647 ttttt ------> uuuuu
DEBUG 	 2019-04-21 02:30:56,648 KKKKK ------> LLLLL
DEBUG 	 2019-04-21 02:30:56,649 RRRRR ------> SSSS
DEBUG 	 2019-04-21 02:30:56,650 kkkkk ------> Slllll
DEBUG 	 2019-04-21 02:30:56,651 IIIII ------> JJJJJ
DEBUG 	 2019-04-21 02:30:56,652 VVVVV ------> WWWWW
DEBUG 	 2019-04-21 02:30:56,653 TTTTT ------> UUUUU
DEBUG 	 2019-04-21 02:30:56,654 lllll ------> mmmmm
DEBUG 	 2019-04-21 02:30:56,655 NNNNN ------> OOOOO
DEBUG 	 2019-04-21 02:30:56,656 YYYYY ------> ZZZZZ
DEBUG 	 2019-04-21 02:30:56,657 FFFFF ------> GGG
DEBUG 	 2019-04-21 02:30:56,658 GGGGG ------> GGHHHHH
DEBUG 	 2019-04-21 02:30:56,659 EEEEE ------> FFFFF
DEBUG 	 2019-04-21 02:30:56,660 BBBBB ------> CCCCC
DEBUG 	 2019-04-21 02:30:56,662 ggggg ------> hhhhh
DEBUG 	 2019-04-21 02:30:56,663 KKKKK ------> LLLLL
DEBUG 	 2019-04-21 02:30:56,664 NNNNN ------> OOOOO
DEBUG 	 2019-04-21 02:30:56,666 rrrrr ------> sssss
DEBUG 	 2019-04-21 02:30:56,667 IIIII ------> JJJJJ
DEBUG 	 2019-04-21 02:30:56,668 RRRRR ------> SSSSS
DEBUG 	 2019-04-21 02:30:56,669 mmmmm ------> nnnnn
DEBUG 	 2019-04-21 02:30:56,670 rrrrr ------> sssss
DEBUG 	 2019-04-21 02:30:56,671 DDDDD ------> EEEEE
DEBUG 	 2019-04-21 02:30:56,672 KKKKK ------> LLLLL
DEBUG 	 2019-04-21 02:30:56,673 ddddd ------> eeeee
DEBUG 	 2019-04-21 02:30:56,674 mmmmm ------> nnnnn
DEBUG 	 2019-04-21 02:30:56,675 FFFFF ------> GGGGG
DEBUG 	 2019-04-21 02:30:56,676 WWWWW ------> XXXXX
DEBUG 	 2019-04-21 02:30:56,677 PPPPP ------> QQQQQ
DEBUG 	 2019-04-21 02:30:56,678 nnnnn ------> ooooo
DEBUG 	 2019-04-21 02:30:56,679 jjjjj ------> kkkkk
DEBUG 	 2019-04-21 02:30:56,680 uuuuu ------> vvvvv
DEBUG 	 2019-04-21 02:30:56,681 IIIII ------> JJJJJ
DEBUG 	 2019-04-21 02:30:56,682 BBBBB ------> CCCCC
DEBUG 	 2019-04-21 02:30:56,683 eeeee ------> fffff
DEBUG 	 2019-04-21 02:30:56,684 ccccc ------> ddddd
DEBUG 	 2019-04-21 02:30:56,685 GGGGG ------> HHHHH
DEBUG 	 2019-04-21 02:30:56,686 ggggg ------> hhhhh
DEBUG 	 2019-04-21 02:30:56,687 jjjjj ------> kkkkk
DEBUG 	 2019-04-21 02:30:56,688 wwwww ------> xxxxx
DEBUG 	 2019-04-21 02:30:56,689 GGGGG ------> HHHHH
DEBUG 	 2019-04-21 02:30:56,690 aaaaa ------> bbbbb
DEBUG 	 2019-04-21 02:30:56,691 fffff ------> ggggg
DEBUG 	 2019-04-21 02:30:56,692 YYYYY ------> ZZZZZ
DEBUG 	 2019-04-21 02:30:56,693 uuuuu ------> vvvvv
DEBUG 	 2019-04-21 02:30:56,694 wwwww ------> xxxxx
DEBUG 	 2019-04-21 02:30:56,695 YYYYY ------> ZZZZZ
DEBUG 	 2019-04-21 02:30:56,696 ddddd ------> eeeee
DEBUG 	 2019-04-21 02:30:56,697 ooooo ------> ppppp
DEBUG 	 2019-04-21 02:30:56,698 OOOOO ------> PPPPP
DEBUG 	 2019-04-21 02:30:56,699 qqqqq ------> rrrrr
DEBUG 	 2019-04-21 02:30:56,700 fffff ------> ggggg
DEBUG 	 2019-04-21 02:30:56,701 jjjjj ------> kkkkk
DEBUG 	 2019-04-21 02:30:56,702 bbbbb ------> ccccc
DEBUG 	 2019-04-21 02:30:56,703 EEEEE ------> FFFFF
DEBUG 	 2019-04-21 02:30:56,704 PPPPP ------> QQQQQ
DEBUG 	 2019-04-21 02:30:56,705 lllll ------> mmmmm
DEBUG 	 2019-04-21 02:30:56,706 LLLLL ------> MMMMM
DEBUG 	 2019-04-21 02:30:56,707 ppppp ------> qqqqq
DEBUG 	 2019-04-21 02:30:56,708 bbbbb ------> ccccc
DEBUG 	 2019-04-21 02:30:56,709 WWWWW ------> XXXXX
DEBUG 	 2019-04-21 02:30:56,710 eeeee ------> fffff
DEBUG 	 2019-04-21 02:30:56,711 zzzzz ------> aaaaa
DEBUG 	 2019-04-21 02:30:56,712 NNNNN ------> OOOOO
DEBUG 	 2019-04-21 02:30:56,713 ddddd ------> eeeee
DEBUG 	 2019-04-21 02:30:56,714 SSSSS ------> TTTTT
DEBUG 	 2019-04-21 02:30:56,715 mmmmm ------> nnnnn
DEBUG 	 2019-04-21 02:30:56,716 ZZZZZ ------> AAAAA
DEBUG 	 2019-04-21 02:30:56,717 DDDDD ------> EEEEE
DEBUG 	 2019-04-21 02:30:56,718 FFFFF ------> GGGGG
DEBUG 	 2019-04-21 02:30:56,719 ooooo ------> ppppp
DEBUG 	 2019-04-21 02:30:56,720 FFFFF ------> GGGGG
DEBUG 	 2019-04-21 02:30:56,721 zzzzz ------> aaaaa
DEBUG 	 2019-04-21 02:30:56,722 GGGGG ------> HHHHH
DEBUG 	 2019-04-21 02:30:56,723 jjjjj ------> kkkkk
DEBUG 	 2019-04-21 02:30:56,724 HHHHH ------> IIIII
DEBUG 	 2019-04-21 02:30:56,725 mmmmm ------> nnnnn
DEBUG 	 2019-04-21 02:30:56,726 xxxxx ------> yyyyy
DEBUG 	 2019-04-21 02:30:56,727 aaaaa ------> bbbbb
DEBUG 	 2019-04-21 02:30:56,728 ddddd ------> eeeee
DEBUG 	 2019-04-21 02:30:56,729 JJJJJ ------> KKKKK
DEBUG 	 2019-04-21 02:30:56,730 DDDDD ------> EEEEE
DEBUG 	 2019-04-21 02:30:56,731 KKKKK ------> LLLLL
DEBUG 	 2019-04-21 02:30:56,732 CCCCC ------> DDDDD
DEBUG 	 2019-04-21 02:30:56,733 VVVVV ------> WWWWW
DEBUG 	 2019-04-21 02:30:56,734 GGGGG ------> HHHHH
DEBUG 	 2019-04-21 02:30:56,735 BBBBB ------> CCCCC
DEBUG 	 2019-04-21 02:30:56,736 RRRRR ------> SSSSS
DEBUG 	 2019-04-21 02:30:56,737 TTTTT ------> UUUUU
DEBUG 	 2019-04-21 02:30:56,738 MMMMM ------> NNNNN
DEBUG 	 2019-04-21 02:30:56,739 rrrrr ------> sssss
DEBUG 	 2019-04-21 02:30:56,740 aaaaa ------> bbbbb
DEBUG 	 2019-04-21 02:30:56,741 ccccc ------> ddddd
DEBUG 	 2019-04-21 02:30:56,742 eeeee ------> fffff
DEBUG 	 2019-04-21 02:30:56,743 ccccc ------> ddddd
DEBUG 	 2019-04-21 02:30:56,744 wwwww ------> xxxxx
DEBUG 	 2019-04-21 02:30:56,745 VVVVV ------> WWWWW
DEBUG 	 2019-04-21 02:30:56,746 UUUUU ------> VVVVV
DEBUG 	 2019-04-21 02:30:56,747 IIIII ------> JJJJJ
DEBUG 	 2019-04-21 02:30:56,748 ppppp ------> qqqqq
DEBUG 	 2019-04-21 02:30:56,749 EEEEE ------> FFFFF
DEBUG 	 2019-04-21 02:30:56,750 UUUUU ------> VVVVV
DEBUG 	 2019-04-21 02:30:56,751 WWWWW ------> XXXXX
DEBUG 	 2019-04-21 02:30:56,752 ddddd ------> eeeee
DEBUG 	 2019-04-21 02:30:56,753 ggggg ------> hhhhh
DEBUG 	 2019-04-21 02:30:56,754 iiiii ------> jjjjj
DEBUG 	 2019-04-21 02:30:56,755 zzzzz ------> aaaaa
DEBUG 	 2019-04-21 02:30:56,756 nnnnn ------> ooooo
DEBUG 	 2019-04-21 02:30:56,757 ttttt ------> uuuuu
DEBUG 	 2019-04-21 02:30:56,758 hhhhh ------> iiiii
DEBUG 	 2019-04-21 02:30:56,759 DDDDD ------> EEEEE
DEBUG 	 2019-04-21 02:30:56,760 OOOOO ------> PPPPP
DEBUG 	 2019-04-21 02:30:56,761 CCCCC ------> DDDDD
DEBUG 	 2019-04-21 02:30:56,762 OOOOO ------> PPPPP
DEBUG 	 2019-04-21 02:30:56,763 lllll ------> mmmmm
DEBUG 	 2019-04-21 02:30:56,764 MMMMM ------> NNNNN
DEBUG 	 2019-04-21 02:30:56,765 UUUUU ------> VVVVV
DEBUG 	 2019-04-21 02:30:56,766 ZZZZZ ------> AAAAA
DEBUG 	 2019-04-21 02:30:56,767 FFFFF ------> GGGGG
DEBUG 	 2019-04-21 02:30:56,768 FFFFF ------> GGGGG
DEBUG 	 2019-04-21 02:30:56,769 kkkkk ------> lllll
DEBUG 	 2019-04-21 02:30:56,770 ggggg ------> hhhhh
DEBUG 	 2019-04-21 02:30:56,771 DDDDD ------> EEEEE
DEBUG 	 2019-04-21 02:30:56,772 wwwww ------> xxxxx
DEBUG 	 2019-04-21 02:30:56,773 NNNNN ------> OOOOO
DEBUG 	 2019-04-21 02:30:56,774 NNNNN ------> OOOOO
DEBUG 	 2019-04-21 02:30:56,775 CCCCC ------> DDDDD
DEBUG 	 2019-04-21 02:30:56,776 TTTTT ------> UUUUU
DEBUG 	 2019-04-21 02:30:56,777 FFFFF ------> GGGGG
DEBUG 	 2019-04-21 02:30:56,778 uuuuu ------> vvvvv
DEBUG 	 2019-04-21 02:30:56,779 HHHHH ------> IIIII
DEBUG 	 2019-04-21 02:30:56,780 GGGGG ------> HHHHH
DEBUG 	 2019-04-21 02:30:56,781 ccccc ------> ddddd
DEBUG 	 2019-04-21 02:30:56,782 WWWWW ------> XXXXX
DEBUG 	 2019-04-21 02:30:56,783 OOOOO ------> PPPPP
DEBUG 	 2019-04-21 02:30:56,784 hhhhh ------> iiiii
DEBUG 	 2019-04-21 02:30:56,785 TTTTT ------> UUUUU
DEBUG 	 2019-04-21 02:30:56,786 LLLLL ------> MMMMM
DEBUG 	 2019-04-21 02:30:56,787 eeeee ------> fffff
DEBUG 	 2019-04-21 02:30:56,788 EEEEE ------> FFFFF
DEBUG 	 2019-04-21 02:30:56,789 ttttt ------> uuuuu
DEBUG 	 2019-04-21 02:30:56,790 ZZZZZ ------> AAAAA
DEBUG 	 2019-04-21 02:30:56,791 xxxxx ------> yyyyy
DEBUG 	 2019-04-21 02:30:56,792 vvvvv ------> wwwww
DEBUG 	 2019-04-21 02:30:56,793 fffff ------> ggggg
DEBUG 	 2019-04-21 02:30:56,794 kkkkk ------> lllll
DEBUG 	 2019-04-21 02:30:56,795 FFFFF ------> GGGGG
DEBUG 	 2019-04-21 02:30:56,796 fffff ------> ggggg
DEBUG 	 2019-04-21 02:30:56,797 kkkkk ------> lllll
DEBUG 	 2019-04-21 02:30:56,798 aaaaa ------> bbbb
DEBUG 	 2019-04-21 02:30:56,799 ccccc ------> bddddd
DEBUG 	 2019-04-21 02:30:56,800 QQQQQ ------> RRRRR
DEBUG 	 2019-04-21 02:30:56,801 SSSSS ------> TTTTT
DEBUG 	 2019-04-21 02:30:56,802 bbbbb ------> ccccc
DEBUG 	 2019-04-21 02:30:56,803 hhhhh ------> iiiii
DEBUG 	 2019-04-21 02:30:56,804 EEEEE ------> FFFFF
DEBUG 	 2019-04-21 02:30:56,805 zzzzz ------> aaaaa
DEBUG 	 2019-04-21 02:30:56,806 fffff ------> ggggg
DEBUG 	 2019-04-21 02:30:56,807 UUUUU ------> VVVVV
DEBUG 	 2019-04-21 02:30:56,808 OOOOO ------> PPPPP
DEBUG 	 2019-04-21 02:30:56,809 qqqqq ------> rrrrr
DEBUG 	 2019-04-21 02:30:56,810 TTTTT ------> UUUUU
DEBUG 	 2019-04-21 02:30:56,811 zzzzz ------> aaaaa
DEBUG 	 2019-04-21 02:30:56,812 EEEEE ------> FFFFF
DEBUG 	 2019-04-21 02:30:56,813 ppppp ------> qqqqq
DEBUG 	 2019-04-21 02:30:56,814 wwwww ------> xxxxx
DEBUG 	 2019-04-21 02:30:56,815 SSSSS ------> TTTTT
DEBUG 	 2019-04-21 02:30:56,816 rrrrr ------> sssss
DEBUG 	 2019-04-21 02:30:56,817 ttttt ------> uuuuu
DEBUG 	 2019-04-21 02:30:56,818 iiiii ------> jjjjj
DEBUG 	 2019-04-21 02:30:56,819 EEEEE ------> FFFFF
DEBUG 	 2019-04-21 02:30:56,820 XXXXX ------> YYYYY
DEBUG 	 2019-04-21 02:30:56,821 wwwww ------> xxxxx
DEBUG 	 2019-04-21 02:30:56,822 YYYYY ------> ZZZZZ
DEBUG 	 2019-04-21 02:30:56,823 WWWWW ------> XXXXX
DEBUG 	 2019-04-21 02:30:56,824 HHHHH ------> IIIII
DEBUG 	 2019-04-21 02:30:56,825 bbbbb ------> ccccc
DEBUG 	 2019-04-21 02:30:56,826 UUUUU ------> VVVVV
DEBUG 	 2019-04-21 02:30:56,827 SSSSS ------> TTTTT
DEBUG 	 2019-04-21 02:30:56,828 UUUUU ------> VVVVV
DEBUG 	 2019-04-21 02:30:56,829 lllll ------> mmmmm
DEBUG 	 2019-04-21 02:30:56,830 AAAAA ------> BBBBB
DEBUG 	 2019-04-21 02:30:56,831 YYYYY ------> ZZZZZ
DEBUG 	 2019-04-21 02:30:56,832 LLLLL ------> MMMMM
DEBUG 	 2019-04-21 02:30:56,833 VVVVV ------> WWWWW
DEBUG 	 2019-04-21 02:30:56,834 uuuuu ------> vvvvv
DEBUG 	 2019-04-21 02:30:56,835 TTTTT ------> UUUUU
DEBUG 	 2019-04-21 02:30:56,836 ttttt ------> uuuuu
DEBUG 	 2019-04-21 02:30:56,837 HHHHH ------> IIIII
DEBUG 	 2019-04-21 02:30:56,838 hhhhh ------> iiiii
DEBUG 	 2019-04-21 02:30:56,839 SSSSS ------> TTTTT
DEBUG 	 2019-04-21 02:30:56,840 yyyyy ------> zzzzz
DEBUG 	 2019-04-21 02:30:56,841 XXXXX ------> YYYYY
DEBUG 	 2019-04-21 02:30:56,842 ttttt ------> uuuuu
DEBUG 	 2019-04-21 02:30:56,843 AAAAA ------> BBBBB
DEBUG 	 2019-04-21 02:30:56,844 uuuuu ------> vvvvv
DEBUG 	 2019-04-21 02:30:56,845 LLLLL ------> MMMMM
DEBUG 	 2019-04-21 02:30:56,846 KKKKK ------> LLLLL
DEBUG 	 2019-04-21 02:30:56,847 ddddd ------> eeeee
DEBUG 	 2019-04-21 02:30:56,848 zzzzz ------> aaaaa
DEBUG 	 2019-04-21 02:30:56,849 ZZZZZ ------> AAAAA
DEBUG 	 2019-04-21 02:30:56,850 sssss ------> ttttt
DEBUG 	 2019-04-21 02:30:56,851 LLLLL ------> MMMMM
DEBUG 	 2019-04-21 02:30:56,852 IIIII ------> JJJJJ
DEBUG 	 2019-04-21 02:30:56,853 OOOOO ------> PPPPP
DEBUG 	 2019-04-21 02:30:56,854 ccccc ------> ddddd
DEBUG 	 2019-04-21 02:30:56,855 RRRRR ------> SSSSS
DEBUG 	 2019-04-21 02:30:56,856 ccccc ------> ddddd
DEBUG 	 2019-04-21 02:30:56,857 SSSSS ------> TTTTT
DEBUG 	 2019-04-21 02:30:56,858 MMMMM ------> NNNNN
DEBUG 	 2019-04-21 02:30:56,859 LLLLL ------> MMMMM
DEBUG 	 2019-04-21 02:30:56,860 hhhhh ------> iiiii
DEBUG 	 2019-04-21 02:30:56,861 JJJJJ ------> KKKKK
DEBUG 	 2019-04-21 02:30:56,862 PPPPP ------> QQQQQ
DEBUG 	 2019-04-21 02:30:56,863 OOOOO ------> PPPPP
DEBUG 	 2019-04-21 02:30:56,864 ddddd ------> eeeee
DEBUG 	 2019-04-21 02:30:56,865 uuuuu ------> vvvvv
DEBUG 	 2019-04-21 02:30:56,866 ggggg ------> hhhhh
DEBUG 	 2019-04-21 02:30:56,867 XXXXX ------> YYYYY
DEBUG 	 2019-04-21 02:30:56,868 jjjjj ------> kkkkk
DEBUG 	 2019-04-21 02:30:56,869 ddddd ------> eeeee
DEBUG 	 2019-04-21 02:30:56,870 GGGGG ------> HHHHH
DEBUG 	 2019-04-21 02:30:56,871 lllll ------> mmmmm
DEBUG 	 2019-04-21 02:30:56,872 mmmmm ------> nnnnn
DEBUG 	 2019-04-21 02:30:56,873 ggggg ------> hhhhh
DEBUG 	 2019-04-21 02:30:56,874 kkkkk ------> lllll
DEBUG 	 2019-04-21 02:30:56,875 TTTTT ------> UUUUU
DEBUG 	 2019-04-21 02:30:56,876 HHHHH ------> IIIII
DEBUG 	 2019-04-21 02:30:56,877 zzzzz ------> aaaaa
DEBUG 	 2019-04-21 02:30:56,878 bbbbb ------> ccccc
DEBUG 	 2019-04-21 02:30:56,879 IIIII ------> JJJJJ
DEBUG 	 2019-04-21 02:30:56,880 xxxxx ------> yyyyy
DEBUG 	 2019-04-21 02:30:56,881 WWWWW ------> XXXXX
DEBUG 	 2019-04-21 02:30:56,882 LLLLL ------> MMMMM
DEBUG 	 2019-04-21 02:30:56,883 wwwww ------> xxxxx
DEBUG 	 2019-04-21 02:30:56,884 WWWWW ------> XXXXX
DEBUG 	 2019-04-21 02:30:56,885 KKKKK ------> LLLLL
DEBUG 	 2019-04-21 02:30:56,886 zzzzz ------> aaaaa
DEBUG 	 2019-04-21 02:30:56,887 HHHHH ------> IIIII
DEBUG 	 2019-04-21 02:30:56,888 SSSSS ------> TTTTT
DEBUG 	 2019-04-21 02:30:56,889 JJJJJ ------> KKKKK
DEBUG 	 2019-04-21 02:30:56,890 WWWWW ------> XXXXX
DEBUG 	 2019-04-21 02:30:56,891 YYYYY ------> ZZZZZ
DEBUG 	 2019-04-21 02:30:56,892 zzzzz ------> aaaaa
DEBUG 	 2019-04-21 02:30:56,893 BBBBB ------> CCCCC
DEBUG 	 2019-04-21 02:30:56,894 fffff ------> ggggg
DEBUG 	 2019-04-21 02:30:56,895 ttttt ------> uuuuu
DEBUG 	 2019-04-21 02:30:56,896 ddddd ------> eeeee
DEBUG 	 2019-04-21 02:30:56,897 eeeee ------> fffff
DEBUG 	 2019-04-21 02:30:56,898 nnnnn ------> ooooo
DEBUG 	 2019-04-21 02:30:56,899 hhhhh ------> iiiii
DEBUG 	 2019-04-21 02:30:56,900 VVVVV ------> WWWWW
DEBUG 	 2019-04-21 02:30:56,901 vvvvv ------> wwwww
DEBUG 	 2019-04-21 02:30:56,902 zzzzz ------> aaaaa
DEBUG 	 2019-04-21 02:30:56,903 FFFFF ------> GGGGG
DEBUG 	 2019-04-21 02:30:56,904 zzzzz ------> aaaaa
DEBUG 	 2019-04-21 02:30:56,905 HHHHH ------> IIIII
DEBUG 	 2019-04-21 02:30:56,906 BBBBB ------> CCCCC
DEBUG 	 2019-04-21 02:30:56,907 YYYYY ------> ZZZZZ
DEBUG 	 2019-04-21 02:30:56,908 uuuuu ------> vvvvv
DEBUG 	 2019-04-21 02:30:56,909 qqqqq ------> rrrrr
DEBUG 	 2019-04-21 02:30:56,910 xxxxx ------> yyyyy
DEBUG 	 2019-04-21 02:30:56,911 zzzzz ------> aaaaa
DEBUG 	 2019-04-21 02:30:56,912 XXXXX ------> YYYYY
DEBUG 	 2019-04-21 02:30:56,913 lllll ------> mmmmm
DEBUG 	 2019-04-21 02:30:56,914 ooooo ------> ppppp
DEBUG 	 2019-04-21 02:30:56,915 sssss ------> ttttt
DEBUG 	 2019-04-21 02:30:56,916 vvvvv ------> wwwww
DEBUG 	 2019-04-21 02:30:56,917 mmmmm ------> nnnnn
DEBUG 	 2019-04-21 02:30:56,918 eeeee ------> fffff
DEBUG 	 2019-04-21 02:30:56,919 ooooo ------> ppppp
DEBUG 	 2019-04-21 02:30:56,920 ccccc ------> ddddd
DEBUG 	 2019-04-21 02:30:56,921 jjjjj ------> kkkkk
DEBUG 	 2019-04-21 02:30:56,922 bbbbb ------> ccccc
DEBUG 	 2019-04-21 02:30:56,923 CCCCC ------> DDDDD
DEBUG 	 2019-04-21 02:30:56,924 VVVVV ------> WWWWW
DEBUG 	 2019-04-21 02:30:56,925 HHHHH ------> IIIII
DEBUG 	 2019-04-21 02:30:56,926 YYYYY ------> ZZZZZ
DEBUG 	 2019-04-21 02:30:56,927 bbbbb ------> ccccc
DEBUG 	 2019-04-21 02:30:56,928 wwwww ------> xxxxx
DEBUG 	 2019-04-21 02:30:56,929 XXXXX ------> YYYYY
DEBUG 	 2019-04-21 02:30:56,930 qqqqq ------> rrrrr
DEBUG 	 2019-04-21 02:30:56,931 HHHHH ------> IIIII
DEBUG 	 2019-04-21 02:30:56,932 mmmmm ------> nnnnn
DEBUG 	 2019-04-21 02:30:56,933 fffff ------> ggggg
DEBUG 	 2019-04-21 02:30:56,934 YYYYY ------> ZZZZZ
DEBUG 	 2019-04-21 02:30:56,935 kkkkk ------> lllll
DEBUG 	 2019-04-21 02:30:56,936 DDDDD ------> EEEEE
DEBUG 	 2019-04-21 02:30:56,937 YYYYY ------> ZZZZZ
DEBUG 	 2019-04-21 02:30:56,938 lllll ------> mmmmm
DEBUG 	 2019-04-21 02:30:56,939 vvvvv ------> wwwww
DEBUG 	 2019-04-21 02:30:56,940 IIIII ------> JJJJJ
DEBUG 	 2019-04-21 02:30:56,941 UUUUU ------> VVVVV
DEBUG 	 2019-04-21 02:30:56,942 QQQQQ ------> RRRRR
DEBUG 	 2019-04-21 02:30:56,943 WWWWW ------> XXXXX
DEBUG 	 2019-04-21 02:30:56,944 uuuuu ------> vvvvv
DEBUG 	 2019-04-21 02:30:56,945 hhhhh ------> iiiii
DEBUG 	 2019-04-21 02:30:56,946 DDDDD ------> EEEEE
DEBUG 	 2019-04-21 02:30:56,947 TTTTT ------> UUUUU
DEBUG 	 2019-04-21 02:30:56,948 RRRRR ------> SSSSS
DEBUG 	 2019-04-21 02:30:56,949 VVVVV ------> WWWWW
DEBUG 	 2019-04-21 02:30:56,950 vvvvv ------> wwwww
DEBUG 	 2019-04-21 02:30:56,951 jjjjj ------> kkkkk
DEBUG 	 2019-04-21 02:30:56,952 YYYYY ------> ZZZZZ
DEBUG 	 2019-04-21 02:30:56,953 LLLLL ------> MMMMM
DEBUG 	 2019-04-21 02:30:56,954 GGGGG ------> HHHHH
DEBUG 	 2019-04-21 02:30:56,955 ggggg ------> hhhhh
DEBUG 	 2019-04-21 02:30:56,956 TTTTT ------> UUUUU
DEBUG 	 2019-04-21 02:30:56,957 VVVVV ------> WWWWW
DEBUG 	 2019-04-21 02:30:56,958 uuuuu ------> vvvvv
DEBUG 	 2019-04-21 02:30:56,959 NNNNN ------> OOOOO
DEBUG 	 2019-04-21 02:30:56,960 RRRRR ------> SSSSS
DEBUG 	 2019-04-21 02:30:56,961 NNNNN ------> OOOOO
DEBUG 	 2019-04-21 02:30:56,962 FFFFF ------> GGGGG
DEBUG 	 2019-04-21 02:30:56,963 ppppp ------> qqqqq
DEBUG 	 2019-04-21 02:30:56,964 uuuuu ------> vvvvv
DEBUG 	 2019-04-21 02:30:56,965 bbbbb ------> ccccc
DEBUG 	 2019-04-21 02:30:56,966 UUUUU ------> VVVVV
DEBUG 	 2019-04-21 02:30:56,967 jjjjj ------> kkkkk
DEBUG 	 2019-04-21 02:30:56,968 TTTTT ------> UUUUU
DEBUG 	 2019-04-21 02:30:56,969 rrrrr ------> sssss
DEBUG 	 2019-04-21 02:30:56,970 iiiii ------> jjjjj
DEBUG 	 2019-04-21 02:30:56,971 ooooo ------> ppppp
DEBUG 	 2019-04-21 02:30:56,972 jjjjj ------> kkkkk
DEBUG 	 2019-04-21 02:30:56,973 TTTTT ------> UUUUU
DEBUG 	 2019-04-21 02:30:56,974 PPPPP ------> QQQQQ
DEBUG 	 2019-04-21 02:30:56,975 hhhhh ------> iiiii
DEBUG 	 2019-04-21 02:30:56,976 aaaaa ------> bbbbb
DEBUG 	 2019-04-21 02:30:56,977 MMMMM ------> NNNNN
DEBUG 	 2019-04-21 02:30:56,978 sssss ------> ttttt
DEBUG 	 2019-04-21 02:30:56,979 WWWWW ------> XXXXX
DEBUG 	 2019-04-21 02:30:56,980 wwwww ------> xxxxx
DEBUG 	 2019-04-21 02:30:56,981 FFFFF ------> GGGGG
DEBUG 	 2019-04-21 02:30:56,982 lllll ------> mmmmm
DEBUG 	 2019-04-21 02:30:56,983 hhhhh ------> iiiii
DEBUG 	 2019-04-21 02:30:56,984 iiiii ------> jjjjj
DEBUG 	 2019-04-21 02:30:56,985 QQQQQ ------> RRRRR
DEBUG 	 2019-04-21 02:30:56,986 EEEEE ------> FFFFF
DEBUG 	 2019-04-21 02:30:56,987 uuuuu ------> vvvvv
DEBUG 	 2019-04-21 02:30:56,988 ggggg ------> hhhhh
DEBUG 	 2019-04-21 02:30:56,989 uuuuu ------> vvvvv
DEBUG 	 2019-04-21 02:30:56,990 AAAAA ------> BBBBB
DEBUG 	 2019-04-21 02:30:56,991 IIIII ------> JJJJJ
DEBUG 	 2019-04-21 02:30:56,992 yyyyy ------> zzzzz
DEBUG 	 2019-04-21 02:30:56,993 ZZZZZ ------> AAAAA
DEBUG 	 2019-04-21 02:30:56,994 iiiii ------> jjjjj
DEBUG 	 2019-04-21 02:30:56,995 qqqqq ------> rrrrr
DEBUG 	 2019-04-21 02:30:56,996 UUUUU ------> VVVVV
DEBUG 	 2019-04-21 02:30:56,997 iiiii ------> jjjjj
DEBUG 	 2019-04-21 02:30:56,998 CCCCC ------> DDDDD
DEBUG 	 2019-04-21 02:30:56,999 nnnnn ------> ooooo
DEBUG 	 2019-04-21 02:30:57,000 ooooo ------> ppppp
DEBUG 	 2019-04-21 02:30:57,001 DDDDD ------> EEEEE
DEBUG 	 2019-04-21 02:30:57,002 sssss ------> ttttt
DEBUG 	 2019-04-21 02:30:57,003 ppppp ------> qqqqq
DEBUG 	 2019-04-21 02:30:57,004 uuuuu ------> vvvvv
DEBUG 	 2019-04-21 02:30:57,005 hhhhh ------> iiiii
DEBUG 	 2019-04-21 02:30:57,006 YYYYY ------> ZZZZZ
DEBUG 	 2019-04-21 02:30:57,007 nnnnn ------> ooooo
DEBUG 	 2019-04-21 02:30:57,008 ccccc ------> ddddd
DEBUG 	 2019-04-21 02:30:57,009 ooooo ------> ppppp
DEBUG 	 2019-04-21 02:30:57,010 vvvvv ------> wwwww
DEBUG 	 2019-04-21 02:30:57,011 ccccc ------> ddddd
DEBUG 	 2019-04-21 02:30:57,012 JJJJJ ------> KKKKK
DEBUG 	 2019-04-21 02:30:57,013 VVVVV ------> WWWWW
DEBUG 	 2019-04-21 02:30:57,014 DDDDD ------> EEEEE
DEBUG 	 2019-04-21 02:30:57,015 NNNNN ------> OOOOO
DEBUG 	 2019-04-21 02:30:57,016 yyyyy ------> zzzzz
DEBUG 	 2019-04-21 02:30:57,017 AAAAA ------> BBBBB
DEBUG 	 2019-04-21 02:30:57,018 DDDDD ------> EEEEE
DEBUG 	 2019-04-21 02:30:57,019 sssss ------> ttttt
DEBUG 	 2019-04-21 02:30:57,020 rrrrr ------> sssss
DEBUG 	 2019-04-21 02:30:57,021 PPPPP ------> QQQQQ
DEBUG 	 2019-04-21 02:30:57,022 WWWWW ------> XXXXX
DEBUG 	 2019-04-21 02:30:57,023 OOOOO ------> PPPPP
DEBUG 	 2019-04-21 02:30:57,024 bbbbb ------> ccccc
DEBUG 	 2019-04-21 02:30:57,025 CCCCC ------> DDDDD
DEBUG 	 2019-04-21 02:30:57,026 iiiii ------> jjjjj
DEBUG 	 2019-04-21 02:30:57,027 BBBBB ------> CCCCC
DEBUG 	 2019-04-21 02:30:57,028 FFFFF ------> GGGGG
DEBUG 	 2019-04-21 02:30:57,029 YYYYY ------> ZZZZZ
DEBUG 	 2019-04-21 02:30:57,030 eeeee ------> fffff
DEBUG 	 2019-04-21 02:30:57,031 ooooo ------> ppppp
DEBUG 	 2019-04-21 02:30:57,032 NNNNN ------> OOOOO
DEBUG 	 2019-04-21 02:30:57,033 qqqqq ------> rrrrr
DEBUG 	 2019-04-21 02:30:57,034 nnnnn ------> ooooo
DEBUG 	 2019-04-21 02:30:57,035 aaaaa ------> bbbbb
DEBUG 	 2019-04-21 02:30:57,036 AAAAA ------> BBBBB
DEBUG 	 2019-04-21 02:30:57,037 bbbbb ------> ccccc
DEBUG 	 2019-04-21 02:30:57,038 AAAAA ------> BBBBB
DEBUG 	 2019-04-21 02:30:57,039 kkkkk ------> lllll
DEBUG 	 2019-04-21 02:30:57,040 AAAAA ------> BBBBB
DEBUG 	 2019-04-21 02:30:57,041 BBBBB ------> CCCCC
DEBUG 	 2019-04-21 02:30:57,042 mmmmm ------> nnnnn
DEBUG 	 2019-04-21 02:30:57,043 XXXXX ------> YYYYY
DEBUG 	 2019-04-21 02:30:57,044 LLLLL ------> MMMMM
DEBUG 	 2019-04-21 02:30:57,045 aaaaa ------> bbbbb
DEBUG 	 2019-04-21 02:30:57,046 OOOOO ------> PPPPP
DEBUG 	 2019-04-21 02:30:57,047 bbbbb ------> ccccc
DEBUG 	 2019-04-21 02:30:57,048 fffff ------> ggggg
DEBUG 	 2019-04-21 02:30:57,049 QQQQQ ------> RRRRR
DEBUG 	 2019-04-21 02:30:57,050 ddddd ------> eeeee
DEBUG 	 2019-04-21 02:30:57,051 ooooo ------> ppppp
DEBUG 	 2019-04-21 02:30:57,052 UUUUU ------> VVVVV
DEBUG 	 2019-04-21 02:30:57,053 XXXXX ------> YYYYY
DEBUG 	 2019-04-21 02:30:57,054 YYYYY ------> ZZZZZ
DEBUG 	 2019-04-21 02:30:57,055 ddddd ------> eeeee
DEBUG 	 2019-04-21 02:30:57,056 OOOOO ------> PPPPP
DEBUG 	 2019-04-21 02:30:57,057 xxxxx ------> yyyyy
DEBUG 	 2019-04-21 02:30:57,058 AAAAA ------> BBBBB
DEBUG 	 2019-04-21 02:30:57,059 AAAAA ------> BBBBB
DEBUG 	 2019-04-21 02:30:57,060 aaaaa ------> bbbbb
DEBUG 	 2019-04-21 02:30:57,061 ddddd ------> eeeee
DEBUG 	 2019-04-21 02:30:57,062 iiiii ------> jjjjj
DEBUG 	 2019-04-21 02:30:57,063 CCCCC ------> DDDDD
DEBUG 	 2019-04-21 02:30:57,064 ooooo ------> ppppp
DEBUG 	 2019-04-21 02:30:57,065 aaaaa ------> bbbbb
DEBUG 	 2019-04-21 02:30:57,066 XXXXX ------> YYYYY
DEBUG 	 2019-04-21 02:30:57,067 OOOOO ------> PPPPP
DEBUG 	 2019-04-21 02:30:57,068 NNNNN ------> OOOOO
DEBUG 	 2019-04-21 02:30:57,069 nnnnn ------> ooooo
DEBUG 	 2019-04-21 02:30:57,070 ooooo ------> ppppp
DEBUG 	 2019-04-21 02:30:57,071 ccccc ------> ddddd
DEBUG 	 2019-04-21 02:30:57,072 ooooo ------> ppppp
DEBUG 	 2019-04-21 02:30:57,073 DDDDD ------> EEEEE
DEBUG 	 2019-04-21 02:30:57,074 GGGGG ------> HHHHH
DEBUG 	 2019-04-21 02:30:57,075 RRRRR ------> SSSSS
DEBUG 	 2019-04-21 02:30:57,076 JJJJJ ------> KKKKK
DEBUG 	 2019-04-21 02:30:57,077 UUUUU ------> VVVVV
DEBUG 	 2019-04-21 02:30:57,078 UUUUU ------> VVVVV
DEBUG 	 2019-04-21 02:30:57,079 RRRRR ------> SSSSS
DEBUG 	 2019-04-21 02:30:57,080 RRRRR ------> SSSSS
DEBUG 	 2019-04-21 02:30:57,081 EEEEE ------> FFFFF
DEBUG 	 2019-04-21 02:30:57,082 SSSSS ------> TTTTT
DEBUG 	 2019-04-21 02:30:57,083 TTTTT ------> UUUUU
DEBUG 	 2019-04-21 02:30:57,084 KKKKK ------> LLLLL
DEBUG 	 2019-04-21 02:30:57,085 MMMMM ------> NNNNN
DEBUG 	 2019-04-21 02:30:57,086 PPPPP ------> QQQQQ
DEBUG 	 2019-04-21 02:30:57,087 sssss ------> ttttt
DEBUG 	 2019-04-21 02:30:57,088 qqqqq ------> rrrrr
DEBUG 	 2019-04-21 02:30:57,089 ggggg ------> hhhhh
DEBUG 	 2019-04-21 02:30:57,090 BBBBB ------> CCCCC
DEBUG 	 2019-04-21 02:30:57,091 zzzzz ------> aaaaa
DEBUG 	 2019-04-21 02:30:57,092 YYYYY ------> ZZZZZ
DEBUG 	 2019-04-21 02:30:57,093 AAAAA ------> BBBBB
DEBUG 	 2019-04-21 02:30:57,094 BBBBB ------> CCCCC
DEBUG 	 2019-04-21 02:30:57,095 SSSSS ------> TTTTT
DEBUG 	 2019-04-21 02:30:57,096 iiiii ------> jjjjj
DEBUG 	 2019-04-21 02:30:57,097 ppppp ------> qqqqq
DEBUG 	 2019-04-21 02:30:57,098 MMMMM ------> NNNNN
DEBUG 	 2019-04-21 02:30:57,099 ttttt ------> uuuuu
DEBUG 	 2019-04-21 02:30:57,100 HHHHH ------> IIIII
DEBUG 	 2019-04-21 02:30:57,101 EEEEE ------> FFFFF
DEBUG 	 2019-04-21 02:30:57,102 BBBBB ------> CCCCC
DEBUG 	 2019-04-21 02:30:57,103 QQQQQ ------> RRRRR
DEBUG 	 2019-04-21 02:30:57,104 HHHHH ------> IIIII
DEBUG 	 2019-04-21 02:30:57,105 TTTTT ------> UUUUU
DEBUG 	 2019-04-21 02:30:57,106 aaaaa ------> bbbbb
DEBUG 	 2019-04-21 02:30:57,107 AAAAA ------> BBBBB
DEBUG 	 2019-04-21 02:30:57,108 XXXXX ------> YYYYY
DEBUG 	 2019-04-21 02:30:57,109 EEEEE ------> FFFFF
DEBUG 	 2019-04-21 02:30:57,110 UUUUU ------> VVVVV
DEBUG 	 2019-04-21 02:30:57,111 xxxxx ------> yyyyy
DEBUG 	 2019-04-21 02:30:57,112 GGGGG ------> HHHHH
DEBUG 	 2019-04-21 02:30:57,113 jjjjj ------> kkkkk
DEBUG 	 2019-04-21 02:30:57,114 ccccc ------> ddddd
DEBUG 	 2019-04-21 02:30:57,115 NNNNN ------> OOOOO
DEBUG 	 2019-04-21 02:30:57,116 FFFFF ------> GGGGG
DEBUG 	 2019-04-21 02:30:57,117 lllll ------> mmmmm
DEBUG 	 2019-04-21 02:30:57,118 hhhhh ------> iiiii
DEBUG 	 2019-04-21 02:30:57,119 ddddd ------> eeeee
DEBUG 	 2019-04-21 02:30:57,120 FFFFF ------> GGGGG
DEBUG 	 2019-04-21 02:30:57,121 ttttt ------> uuuuu
DEBUG 	 2019-04-21 02:30:57,122 AAAAA ------> BBBBB
DEBUG 	 2019-04-21 02:30:57,123 BBBBB ------> CCCCC
DEBUG 	 2019-04-21 02:30:57,124 EEEEE ------> FFFFF
DEBUG 	 2019-04-21 02:30:57,125 XXXXX ------> YYYYY
DEBUG 	 2019-04-21 02:30:57,126 ccccc ------> ddddd
DEBUG 	 2019-04-21 02:30:57,127 uuuuu ------> vvvvv
DEBUG 	 2019-04-21 02:30:57,128 ddddd ------> eeeee
DEBUG 	 2019-04-21 02:30:57,129 NNNNN ------> OOOOO
DEBUG 	 2019-04-21 02:30:57,130 ggggg ------> hhhhh
DEBUG 	 2019-04-21 02:30:57,131 KKKKK ------> LLLLL
DEBUG 	 2019-04-21 02:30:57,132 ggggg ------> hhhhh
DEBUG 	 2019-04-21 02:30:57,133 ttttt ------> uuuuu
DEBUG 	 2019-04-21 02:30:57,134 NNNNN ------> OOOOO
DEBUG 	 2019-04-21 02:30:57,135 JJJJJ ------> KKKKK
DEBUG 	 2019-04-21 02:30:57,136 JJJJJ ------> KKKKK
DEBUG 	 2019-04-21 02:30:57,137 ZZZZZ ------> AAAAA
DEBUG 	 2019-04-21 02:30:57,138 zzzzz ------> aaaaa
DEBUG 	 2019-04-21 02:30:57,139 kkkkk ------> lllll
DEBUG 	 2019-04-21 02:30:57,140 VVVVV ------> WWWWW
DEBUG 	 2019-04-21 02:30:57,141 zzzzz ------> aaaaa
DEBUG 	 2019-04-21 02:30:57,142 GGGGG ------> HHHHH
DEBUG 	 2019-04-21 02:30:57,143 VVVVV ------> WWWWW
DEBUG 	 2019-04-21 02:30:57,144 mmmmm ------> nnnnn
DEBUG 	 2019-04-21 02:30:57,145 CCCCC ------> DDDDD
DEBUG 	 2019-04-21 02:30:57,146 nnnnn ------> ooooo
DEBUG 	 2019-04-21 02:30:57,147 BBBBB ------> CCCCC
DEBUG 	 2019-04-21 02:30:57,148 xxxxx ------> yyyyy
DEBUG 	 2019-04-21 02:30:57,149 ccccc ------> ddddd
DEBUG 	 2019-04-21 02:30:57,150 HHHHH ------> IIIII
DEBUG 	 2019-04-21 02:30:57,151 vvvvv ------> wwwww
DEBUG 	 2019-04-21 02:30:57,152 WWWWW ------> XXXXX
DEBUG 	 2019-04-21 02:30:57,153 lllll ------> mmmmm
DEBUG 	 2019-04-21 02:30:57,154 QQQQQ ------> RRRRR
DEBUG 	 2019-04-21 02:30:57,155 GGGGG ------> HHHHH
DEBUG 	 2019-04-21 02:30:57,156 ppppp ------> qqqqq
DEBUG 	 2019-04-21 02:30:57,157 EEEEE ------> FFFFF
DEBUG 	 2019-04-21 02:30:57,158 IIIII ------> JJJJJ
DEBUG 	 2019-04-21 02:30:57,159 IIIII ------> JJJJJ
DEBUG 	 2019-04-21 02:30:57,160 PPPPP ------> QQQQQ
DEBUG 	 2019-04-21 02:30:57,161 PPPPP ------> QQQQQ
DEBUG 	 2019-04-21 02:30:57,162 LLLLL ------> MMMMM
DEBUG 	 2019-04-21 02:30:57,163 AAAAA ------> BBBBB
DEBUG 	 2019-04-21 02:30:57,164 FFFFF ------> GGGGG
DEBUG 	 2019-04-21 02:30:57,165 VVVVV ------> WWWWW
DEBUG 	 2019-04-21 02:30:57,166 fffff ------> ggggg
DEBUG 	 2019-04-21 02:30:57,167 WWWWW ------> XXXXX
DEBUG 	 2019-04-21 02:30:57,168 rrrrr ------> sssss
DEBUG 	 2019-04-21 02:30:57,169 ooooo ------> ppppp
DEBUG 	 2019-04-21 02:30:57,170 rrrrr ------> sssss
DEBUG 	 2019-04-21 02:30:57,171 xxxxx ------> yyyyy
DEBUG 	 2019-04-21 02:30:57,172 QQQQQ ------> RRRRR
DEBUG 	 2019-04-21 02:30:57,173 VVVVV ------> WWWWW
DEBUG 	 2019-04-21 02:30:57,174 qqqqq ------> rrrrr
DEBUG 	 2019-04-21 02:30:57,175 FFFFF ------> GGGGG
DEBUG 	 2019-04-21 02:30:57,176 rrrrr ------> sssss
DEBUG 	 2019-04-21 02:30:57,177 RRRRR ------> SSSSS
DEBUG 	 2019-04-21 02:30:57,178 WWWWW ------> XXXXX
DEBUG 	 2019-04-21 02:30:57,179 SSSSS ------> TTTTT
DEBUG 	 2019-04-21 02:30:57,180 JJJJJ ------> KKKKK
DEBUG 	 2019-04-21 02:30:57,182 zzzzz ------> aaaaa
DEBUG 	 2019-04-21 02:30:57,182 fffff ------> gggg
DEBUG 	 2019-04-21 02:30:57,184 ddddd ------> geeeee
DEBUG 	 2019-04-21 02:30:57,184 JJJJJ ------> KKKKK
DEBUG 	 2019-04-21 02:30:57,185 NNNNN ------> OOOOO
DEBUG 	 2019-04-21 02:30:57,186 nnnnn ------> ooooo
DEBUG 	 2019-04-21 02:30:57,187 lllll ------> mmmmm
DEBUG 	 2019-04-21 02:30:57,188 WWWWW ------> XXXXX
DEBUG 	 2019-04-21 02:30:57,189 wwwww ------> xxxxx
DEBUG 	 2019-04-21 02:30:57,190 XXXXX ------> YYYYY
DEBUG 	 2019-04-21 02:30:57,191 uuuuu ------> vvvvv
DEBUG 	 2019-04-21 02:30:57,192 kkkkk ------> lllll
DEBUG 	 2019-04-21 02:30:57,193 PPPPP ------> QQQQQ
DEBUG 	 2019-04-21 02:30:57,194 aaaaa ------> bbbbb
DEBUG 	 2019-04-21 02:30:57,195 sssss ------> ttttt
DEBUG 	 2019-04-21 02:30:57,196 SSSSS ------> TTTTT
DEBUG 	 2019-04-21 02:30:57,197 DDDDD ------> EEEEE
DEBUG 	 2019-04-21 02:30:57,198 ppppp ------> qqqqq
DEBUG 	 2019-04-21 02:30:57,199 HHHHH ------> IIIII
DEBUG 	 2019-04-21 02:30:57,200 CCCCC ------> DDDDD
INFO 	 2019-04-21 02:30:57,200 Error rate: 0.0
