INFO 	 2019-04-21 02:31:54,044 Serial port COM3 opened successfully.
INFO 	 2019-04-21 02:31:54,044 Running: 1000 tests with baud rate: 500000
DEBUG 	 2019-04-21 02:31:54,045 UUUUU ------> VVVVV
DEBUG 	 2019-04-21 02:31:54,046 iiiii ------> jjjjj
DEBUG 	 2019-04-21 02:31:54,047 aaaaa ------> bbbbb
DEBUG 	 2019-04-21 02:31:54,048 ccccc ------> ddddd
DEBUG 	 2019-04-21 02:31:54,049 hhhhh ------> iiiii
DEBUG 	 2019-04-21 02:31:54,050 QQQQQ ------> RRRRR
DEBUG 	 2019-04-21 02:31:54,051 HHHHH ------> IIIII
DEBUG 	 2019-04-21 02:31:54,052 ddddd ------> eeeee
DEBUG 	 2019-04-21 02:31:54,053 SSSSS ------> TTTTT
DEBUG 	 2019-04-21 02:31:54,054 ZZZZZ ------> AAAAA
DEBUG 	 2019-04-21 02:31:54,055 sssss ------> ttttt
DEBUG 	 2019-04-21 02:31:54,056 iiiii ------> jjjjj
DEBUG 	 2019-04-21 02:31:54,062 OOOOO ------> PPPPP
DEBUG 	 2019-04-21 02:31:54,063 ttttt ------> uuuuu
DEBUG 	 2019-04-21 02:31:54,064 RRRRR ------> SSSSS
DEBUG 	 2019-04-21 02:31:54,065 mmmmm ------> nnnnn
DEBUG 	 2019-04-21 02:31:54,066 ZZZZZ ------> AAAAA
DEBUG 	 2019-04-21 02:31:54,067 ggggg ------> hhhhh
DEBUG 	 2019-04-21 02:31:54,068 bbbbb ------> ccccc
DEBUG 	 2019-04-21 02:31:54,069 xxxxx ------> yyyyy
DEBUG 	 2019-04-21 02:31:54,070 rrrrr ------> sssss
DEBUG 	 2019-04-21 02:31:54,071 JJJJJ ------> KKKKK
DEBUG 	 2019-04-21 02:31:54,072 UUUUU ------> VVVVV
DEBUG 	 2019-04-21 02:31:54,073 ttttt ------> uuuuu
DEBUG 	 2019-04-21 02:31:54,074 sssss ------> ttttt
DEBUG 	 2019-04-21 02:31:54,075 uuuuu ------> vvvvv
DEBUG 	 2019-04-21 02:31:54,076 EEEEE ------> FFFFF
DEBUG 	 2019-04-21 02:31:54,077 ooooo ------> ppppp
DEBUG 	 2019-04-21 02:31:54,078 vvvvv ------> wwwww
DEBUG 	 2019-04-21 02:31:54,079 FFFFF ------> GGGGG
DEBUG 	 2019-04-21 02:31:54,080 bbbbb ------> ccccc
DEBUG 	 2019-04-21 02:31:54,081 IIIII ------> JJJJJ
DEBUG 	 2019-04-21 02:31:54,082 ddddd ------> eeeee
DEBUG 	 2019-04-21 02:31:54,083 uuuuu ------> vvvvv
DEBUG 	 2019-04-21 02:31:54,084 eeeee ------> fffff
DEBUG 	 2019-04-21 02:31:54,085 lllll ------> mmmmm
DEBUG 	 2019-04-21 02:31:54,086 yyyyy ------> zzzzz
DEBUG 	 2019-04-21 02:31:54,087 GGGGG ------> HHHHH
DEBUG 	 2019-04-21 02:31:54,088 ttttt ------> uuuuu
DEBUG 	 2019-04-21 02:31:54,089 fffff ------> ggggg
DEBUG 	 2019-04-21 02:31:54,090 TTTTT ------> UUUUU
DEBUG 	 2019-04-21 02:31:54,091 YYYYY ------> ZZZZZ
DEBUG 	 2019-04-21 02:31:54,092 NNNNN ------> OOOOO
DEBUG 	 2019-04-21 02:31:54,093 EEEEE ------> FFFFF
DEBUG 	 2019-04-21 02:31:54,094 rrrrr ------> sssss
DEBUG 	 2019-04-21 02:31:54,095 mmmmm ------> nnnnn
DEBUG 	 2019-04-21 02:31:54,096 TTTTT ------> UUUUU
DEBUG 	 2019-04-21 02:31:54,097 uuuuu ------> vvvvv
DEBUG 	 2019-04-21 02:31:54,098 PPPPP ------> QQQQQ
DEBUG 	 2019-04-21 02:31:54,099 lllll ------> mmmmm
DEBUG 	 2019-04-21 02:31:54,100 EEEEE ------> FFFFF
DEBUG 	 2019-04-21 02:31:54,101 mmmmm ------> nnnnn
DEBUG 	 2019-04-21 02:31:54,102 ccccc ------> ddddd
DEBUG 	 2019-04-21 02:31:54,103 ZZZZZ ------> AAAAA
DEBUG 	 2019-04-21 02:31:54,104 qqqqq ------> rrrrr
DEBUG 	 2019-04-21 02:31:54,105 wwwww ------> xxxxx
DEBUG 	 2019-04-21 02:31:54,106 ZZZZZ ------> AAAAA
DEBUG 	 2019-04-21 02:31:54,107 vvvvv ------> wwwww
DEBUG 	 2019-04-21 02:31:54,108 QQQQQ ------> RRRRR
DEBUG 	 2019-04-21 02:31:54,109 qqqqq ------> rrrrr
DEBUG 	 2019-04-21 02:31:54,110 MMMMM ------> NNNNN
DEBUG 	 2019-04-21 02:31:54,111 yyyyy ------> zzzzz
DEBUG 	 2019-04-21 02:31:54,112 YYYYY ------> ZZZZZ
DEBUG 	 2019-04-21 02:31:54,113 zzzzz ------> aaaaa
DEBUG 	 2019-04-21 02:31:54,114 wwwww ------> xxxxx
DEBUG 	 2019-04-21 02:31:54,115 bbbbb ------> ccccc
DEBUG 	 2019-04-21 02:31:54,116 EEEEE ------> FFFFF
DEBUG 	 2019-04-21 02:31:54,117 UUUUU ------> VVVVV
DEBUG 	 2019-04-21 02:31:54,118 hhhhh ------> iiiii
DEBUG 	 2019-04-21 02:31:54,119 FFFFF ------> GGGGG
DEBUG 	 2019-04-21 02:31:54,120 lllll ------> mmmmm
DEBUG 	 2019-04-21 02:31:54,121 MMMMM ------> NNNNN
DEBUG 	 2019-04-21 02:31:54,122 iiiii ------> jjjjj
DEBUG 	 2019-04-21 02:31:54,123 GGGGG ------> HHHHH
DEBUG 	 2019-04-21 02:31:54,124 JJJJJ ------> KKKKK
DEBUG 	 2019-04-21 02:31:54,125 fffff ------> ggggg
DEBUG 	 2019-04-21 02:31:54,126 eeeee ------> fffff
DEBUG 	 2019-04-21 02:31:54,127 AAAAA ------> BBBBB
DEBUG 	 2019-04-21 02:31:54,128 ggggg ------> hhhhh
DEBUG 	 2019-04-21 02:31:54,129 ccccc ------> ddddd
DEBUG 	 2019-04-21 02:31:54,130 aaaaa ------> bbbbb
DEBUG 	 2019-04-21 02:31:54,131 ccccc ------> ddddd
DEBUG 	 2019-04-21 02:31:54,132 lllll ------> mmmmm
DEBUG 	 2019-04-21 02:31:54,133 QQQQQ ------> RRRRR
DEBUG 	 2019-04-21 02:31:54,134 AAAAA ------> BBBBB
DEBUG 	 2019-04-21 02:31:54,135 aaaaa ------> bbbbb
DEBUG 	 2019-04-21 02:31:54,136 JJJJJ ------> KKKKK
DEBUG 	 2019-04-21 02:31:54,137 lllll ------> mmmmm
DEBUG 	 2019-04-21 02:31:54,138 bbbbb ------> ccccc
DEBUG 	 2019-04-21 02:31:54,139 fffff ------> ggggg
DEBUG 	 2019-04-21 02:31:54,140 AAAAA ------> BBBBB
DEBUG 	 2019-04-21 02:31:54,141 CCCCC ------> DDDDD
DEBUG 	 2019-04-21 02:31:54,142 ccccc ------> ddddd
DEBUG 	 2019-04-21 02:31:54,143 CCCCC ------> DDDDD
DEBUG 	 2019-04-21 02:31:54,144 ddddd ------> eeeee
DEBUG 	 2019-04-21 02:31:54,145 xxxxx ------> yyyyy
DEBUG 	 2019-04-21 02:31:54,146 BBBBB ------> CCCCC
DEBUG 	 2019-04-21 02:31:54,147 jjjjj ------> kkkkk
DEBUG 	 2019-04-21 02:31:54,148 uuuuu ------> vvvvv
DEBUG 	 2019-04-21 02:31:54,149 HHHHH ------> IIIII
DEBUG 	 2019-04-21 02:31:54,150 eeeee ------> fffff
DEBUG 	 2019-04-21 02:31:54,151 xxxxx ------> yyyyy
DEBUG 	 2019-04-21 02:31:54,152 KKKKK ------> LLLLL
DEBUG 	 2019-04-21 02:31:54,153 WWWWW ------> XXXXX
DEBUG 	 2019-04-21 02:31:54,154 SSSSS ------> TTTTT
DEBUG 	 2019-04-21 02:31:54,155 ttttt ------> uuuuu
DEBUG 	 2019-04-21 02:31:54,156 EEEEE ------> FFFFF
DEBUG 	 2019-04-21 02:31:54,157 LLLLL ------> MMMMM
DEBUG 	 2019-04-21 02:31:54,158 SSSSS ------> TTTTT
DEBUG 	 2019-04-21 02:31:54,159 mmmmm ------> nnnnn
DEBUG 	 2019-04-21 02:31:54,160 MMMMM ------> NNNNN
DEBUG 	 2019-04-21 02:31:54,161 DDDDD ------> EEEEE
DEBUG 	 2019-04-21 02:31:54,162 jjjjj ------> kkkkk
DEBUG 	 2019-04-21 02:31:54,163 YYYYY ------> ZZZZZ
DEBUG 	 2019-04-21 02:31:54,164 CCCCC ------> DDDDD
DEBUG 	 2019-04-21 02:31:54,165 jjjjj ------> kkkkk
DEBUG 	 2019-04-21 02:31:54,166 xxxxx ------> yyyyy
DEBUG 	 2019-04-21 02:31:54,167 hhhhh ------> iiiii
DEBUG 	 2019-04-21 02:31:54,168 ggggg ------> hhhhh
DEBUG 	 2019-04-21 02:31:54,169 qqqqq ------> rrrrr
DEBUG 	 2019-04-21 02:31:54,170 sssss ------> ttttt
DEBUG 	 2019-04-21 02:31:54,171 nnnnn ------> ooooo
DEBUG 	 2019-04-21 02:31:54,172 rrrrr ------> sssss
DEBUG 	 2019-04-21 02:31:54,173 yyyyy ------> zzzzz
DEBUG 	 2019-04-21 02:31:54,174 DDDDD ------> EEEEE
DEBUG 	 2019-04-21 02:31:54,175 YYYYY ------> ZZZZZ
DEBUG 	 2019-04-21 02:31:54,176 bbbbb ------> ccccc
DEBUG 	 2019-04-21 02:31:54,177 lllll ------> mmmmm
DEBUG 	 2019-04-21 02:31:54,178 eeeee ------> fffff
DEBUG 	 2019-04-21 02:31:54,179 nnnnn ------> ooooo
DEBUG 	 2019-04-21 02:31:54,180 nnnnn ------> oooo
DEBUG 	 2019-04-21 02:31:54,181 fffff ------> oggggg
DEBUG 	 2019-04-21 02:31:54,182 SSSSS ------> TTTTT
DEBUG 	 2019-04-21 02:31:54,182 xxxxx ------> yyyyy
DEBUG 	 2019-04-21 02:31:54,183 ppppp ------> qqqqq
DEBUG 	 2019-04-21 02:31:54,184 hhhhh ------> iiiii
DEBUG 	 2019-04-21 02:31:54,185 wwwww ------> xxxxx
DEBUG 	 2019-04-21 02:31:54,186 DDDDD ------> EEEEE
DEBUG 	 2019-04-21 02:31:54,187 JJJJJ ------> KKKKK
DEBUG 	 2019-04-21 02:31:54,188 nnnnn ------> ooooo
DEBUG 	 2019-04-21 02:31:54,189 KKKKK ------> LLLLL
DEBUG 	 2019-04-21 02:31:54,190 ttttt ------> uuuuu
DEBUG 	 2019-04-21 02:31:54,191 yyyyy ------> zzzzz
DEBUG 	 2019-04-21 02:31:54,192 NNNNN ------> OOOOO
DEBUG 	 2019-04-21 02:31:54,193 EEEEE ------> FFFFF
DEBUG 	 2019-04-21 02:31:54,194 RRRRR ------> SSSSS
DEBUG 	 2019-04-21 02:31:54,196 iiiii ------> jjjjj
DEBUG 	 2019-04-21 02:31:54,196 vvvvv ------> wwwww
DEBUG 	 2019-04-21 02:31:54,197 BBBBB ------> CCCCC
DEBUG 	 2019-04-21 02:31:54,198 DDDDD ------> EEEEE
DEBUG 	 2019-04-21 02:31:54,199 ttttt ------> uuuuu
DEBUG 	 2019-04-21 02:31:54,201 sssss ------> ttttt
DEBUG 	 2019-04-21 02:31:54,201 WWWWW ------> XXXXX
DEBUG 	 2019-04-21 02:31:54,202 zzzzz ------> aaaaa
DEBUG 	 2019-04-21 02:31:54,203 EEEEE ------> FFFFF
DEBUG 	 2019-04-21 02:31:54,204 hhhhh ------> iiiii
DEBUG 	 2019-04-21 02:31:54,205 KKKKK ------> LLLLL
DEBUG 	 2019-04-21 02:31:54,206 bbbbb ------> ccccc
DEBUG 	 2019-04-21 02:31:54,207 YYYYY ------> ZZZZZ
DEBUG 	 2019-04-21 02:31:54,208 ggggg ------> hhhhh
DEBUG 	 2019-04-21 02:31:54,209 VVVVV ------> WWWWW
DEBUG 	 2019-04-21 02:31:54,210 OOOOO ------> PPPPP
DEBUG 	 2019-04-21 02:31:54,211 ttttt ------> uuuuu
DEBUG 	 2019-04-21 02:31:54,212 vvvvv ------> wwwww
DEBUG 	 2019-04-21 02:31:54,213 AAAAA ------> BBBBB
DEBUG 	 2019-04-21 02:31:54,214 nnnnn ------> ooooo
DEBUG 	 2019-04-21 02:31:54,215 VVVVV ------> WWWWW
DEBUG 	 2019-04-21 02:31:54,216 zzzzz ------> aaaaa
DEBUG 	 2019-04-21 02:31:54,217 iiiii ------> jjjjj
DEBUG 	 2019-04-21 02:31:54,218 kkkkk ------> lllll
DEBUG 	 2019-04-21 02:31:54,219 VVVVV ------> WWWWW
DEBUG 	 2019-04-21 02:31:54,220 NNNNN ------> OOOOO
DEBUG 	 2019-04-21 02:31:54,221 eeeee ------> fffff
DEBUG 	 2019-04-21 02:31:54,222 RRRRR ------> SSSSS
DEBUG 	 2019-04-21 02:31:54,223 UUUUU ------> VVVVV
DEBUG 	 2019-04-21 02:31:54,224 eeeee ------> fffff
DEBUG 	 2019-04-21 02:31:54,225 CCCCC ------> DDDDD
DEBUG 	 2019-04-21 02:31:54,226 ccccc ------> ddddd
DEBUG 	 2019-04-21 02:31:54,227 EEEEE ------> FFFFF
DEBUG 	 2019-04-21 02:31:54,228 yyyyy ------> zzzzz
DEBUG 	 2019-04-21 02:31:54,229 aaaaa ------> bbbbb
DEBUG 	 2019-04-21 02:31:54,230 GGGGG ------> HHHHH
DEBUG 	 2019-04-21 02:31:54,231 EEEEE ------> FFFFF
DEBUG 	 2019-04-21 02:31:54,232 zzzzz ------> aaaaa
DEBUG 	 2019-04-21 02:31:54,233 ddddd ------> eeeee
DEBUG 	 2019-04-21 02:31:54,234 ppppp ------> qqqqq
DEBUG 	 2019-04-21 02:31:54,235 ttttt ------> uuuuu
DEBUG 	 2019-04-21 02:31:54,236 jjjjj ------> kkkkk
DEBUG 	 2019-04-21 02:31:54,237 TTTTT ------> UUUUU
DEBUG 	 2019-04-21 02:31:54,238 JJJJJ ------> KKKKK
DEBUG 	 2019-04-21 02:31:54,239 KKKKK ------> LLLLL
DEBUG 	 2019-04-21 02:31:54,240 UUUUU ------> VVVVV
DEBUG 	 2019-04-21 02:31:54,241 SSSSS ------> TTTTT
DEBUG 	 2019-04-21 02:31:54,242 DDDDD ------> EEEEE
DEBUG 	 2019-04-21 02:31:54,243 AAAAA ------> BBBBB
DEBUG 	 2019-04-21 02:31:54,244 vvvvv ------> wwwww
DEBUG 	 2019-04-21 02:31:54,245 WWWWW ------> XXXXX
DEBUG 	 2019-04-21 02:31:54,246 sssss ------> ttttt
DEBUG 	 2019-04-21 02:31:54,247 XXXXX ------> YYYYY
DEBUG 	 2019-04-21 02:31:54,248 BBBBB ------> CCCCC
DEBUG 	 2019-04-21 02:31:54,249 BBBBB ------> CCCCC
DEBUG 	 2019-04-21 02:31:54,250 vvvvv ------> wwwww
DEBUG 	 2019-04-21 02:31:54,251 RRRRR ------> SSSSS
DEBUG 	 2019-04-21 02:31:54,252 fffff ------> ggggg
DEBUG 	 2019-04-21 02:31:54,253 ggggg ------> hhhhh
DEBUG 	 2019-04-21 02:31:54,254 ooooo ------> ppppp
DEBUG 	 2019-04-21 02:31:54,255 DDDDD ------> EEEEE
DEBUG 	 2019-04-21 02:31:54,256 HHHHH ------> IIIII
DEBUG 	 2019-04-21 02:31:54,257 nnnnn ------> ooooo
DEBUG 	 2019-04-21 02:31:54,258 IIIII ------> JJJJJ
DEBUG 	 2019-04-21 02:31:54,259 YYYYY ------> ZZZZZ
DEBUG 	 2019-04-21 02:31:54,260 KKKKK ------> LLLLL
DEBUG 	 2019-04-21 02:31:54,261 iiiii ------> jjjjj
DEBUG 	 2019-04-21 02:31:54,262 PPPPP ------> QQQQQ
DEBUG 	 2019-04-21 02:31:54,263 OOOOO ------> PPPPP
DEBUG 	 2019-04-21 02:31:54,264 MMMMM ------> NNNNN
DEBUG 	 2019-04-21 02:31:54,265 AAAAA ------> BBBBB
DEBUG 	 2019-04-21 02:31:54,266 hhhhh ------> iiiii
DEBUG 	 2019-04-21 02:31:54,267 ddddd ------> eeeee
DEBUG 	 2019-04-21 02:31:54,268 ttttt ------> uuuuu
DEBUG 	 2019-04-21 02:31:54,269 YYYYY ------> ZZZZZ
DEBUG 	 2019-04-21 02:31:54,270 hhhhh ------> iiiii
DEBUG 	 2019-04-21 02:31:54,271 YYYYY ------> ZZZZZ
DEBUG 	 2019-04-21 02:31:54,272 TTTTT ------> UUUUU
DEBUG 	 2019-04-21 02:31:54,273 wwwww ------> xxxxx
DEBUG 	 2019-04-21 02:31:54,274 hhhhh ------> iiiii
DEBUG 	 2019-04-21 02:31:54,275 jjjjj ------> kkkkk
DEBUG 	 2019-04-21 02:31:54,276 JJJJJ ------> KKKKK
DEBUG 	 2019-04-21 02:31:54,277 VVVVV ------> WWWWW
DEBUG 	 2019-04-21 02:31:54,278 wwwww ------> xxxxx
DEBUG 	 2019-04-21 02:31:54,279 XXXXX ------> YYYYY
DEBUG 	 2019-04-21 02:31:54,280 ddddd ------> eeeee
DEBUG 	 2019-04-21 02:31:54,281 OOOOO ------> PPPPP
DEBUG 	 2019-04-21 02:31:54,282 bbbbb ------> ccccc
DEBUG 	 2019-04-21 02:31:54,283 SSSSS ------> TTTTT
DEBUG 	 2019-04-21 02:31:54,284 ooooo ------> ppppp
DEBUG 	 2019-04-21 02:31:54,285 ccccc ------> ddddd
DEBUG 	 2019-04-21 02:31:54,286 xxxxx ------> yyyyy
DEBUG 	 2019-04-21 02:31:54,287 KKKKK ------> LLLLL
DEBUG 	 2019-04-21 02:31:54,288 NNNNN ------> OOOOO
DEBUG 	 2019-04-21 02:31:54,289 ooooo ------> ppppp
DEBUG 	 2019-04-21 02:31:54,290 JJJJJ ------> KKKKK
DEBUG 	 2019-04-21 02:31:54,291 BBBBB ------> CCCCC
DEBUG 	 2019-04-21 02:31:54,292 rrrrr ------> sssss
DEBUG 	 2019-04-21 02:31:54,293 xxxxx ------> yyyyy
DEBUG 	 2019-04-21 02:31:54,294 mmmmm ------> nnnnn
DEBUG 	 2019-04-21 02:31:54,295 RRRRR ------> SSSSS
DEBUG 	 2019-04-21 02:31:54,296 RRRRR ------> SSSSS
DEBUG 	 2019-04-21 02:31:54,297 VVVVV ------> WWWWW
DEBUG 	 2019-04-21 02:31:54,298 aaaaa ------> bbbbb
DEBUG 	 2019-04-21 02:31:54,299 ttttt ------> uuuuu
DEBUG 	 2019-04-21 02:31:54,300 bbbbb ------> ccccc
DEBUG 	 2019-04-21 02:31:54,301 qqqqq ------> rrrrr
DEBUG 	 2019-04-21 02:31:54,302 BBBBB ------> CCCCC
DEBUG 	 2019-04-21 02:31:54,303 kkkkk ------> lllll
DEBUG 	 2019-04-21 02:31:54,304 zzzzz ------> aaaaa
DEBUG 	 2019-04-21 02:31:54,305 CCCCC ------> DDDDD
DEBUG 	 2019-04-21 02:31:54,306 nnnnn ------> ooooo
DEBUG 	 2019-04-21 02:31:54,307 ZZZZZ ------> AAAAA
DEBUG 	 2019-04-21 02:31:54,308 MMMMM ------> NNNNN
DEBUG 	 2019-04-21 02:31:54,309 lllll ------> mmmmm
DEBUG 	 2019-04-21 02:31:54,310 uuuuu ------> vvvvv
DEBUG 	 2019-04-21 02:31:54,311 jjjjj ------> kkkkk
DEBUG 	 2019-04-21 02:31:54,312 qqqqq ------> rrrrr
DEBUG 	 2019-04-21 02:31:54,313 nnnnn ------> ooooo
DEBUG 	 2019-04-21 02:31:54,314 sssss ------> ttttt
DEBUG 	 2019-04-21 02:31:54,315 YYYYY ------> ZZZZZ
DEBUG 	 2019-04-21 02:31:54,316 XXXXX ------> YYYYY
DEBUG 	 2019-04-21 02:31:54,317 xxxxx ------> yyyyy
DEBUG 	 2019-04-21 02:31:54,318 wwwww ------> xxxxx
DEBUG 	 2019-04-21 02:31:54,319 CCCCC ------> DDDDD
DEBUG 	 2019-04-21 02:31:54,320 MMMMM ------> NNNNN
DEBUG 	 2019-04-21 02:31:54,321 bbbbb ------> ccccc
DEBUG 	 2019-04-21 02:31:54,322 jjjjj ------> kkkkk
DEBUG 	 2019-04-21 02:31:54,323 zzzzz ------> aaaaa
DEBUG 	 2019-04-21 02:31:54,324 YYYYY ------> ZZZZZ
DEBUG 	 2019-04-21 02:31:54,325 JJJJJ ------> KKKKK
DEBUG 	 2019-04-21 02:31:54,326 ddddd ------> eeeee
DEBUG 	 2019-04-21 02:31:54,327 JJJJJ ------> KKKKK
DEBUG 	 2019-04-21 02:31:54,328 xxxxx ------> yyyyy
DEBUG 	 2019-04-21 02:31:54,329 HHHHH ------> IIIII
DEBUG 	 2019-04-21 02:31:54,330 KKKKK ------> LLLLL
DEBUG 	 2019-04-21 02:31:54,331 jjjjj ------> kkkkk
DEBUG 	 2019-04-21 02:31:54,332 zzzzz ------> aaaaa
DEBUG 	 2019-04-21 02:31:54,333 ccccc ------> ddddd
DEBUG 	 2019-04-21 02:31:54,334 AAAAA ------> BBBBB
DEBUG 	 2019-04-21 02:31:54,335 hhhhh ------> iiiii
DEBUG 	 2019-04-21 02:31:54,336 KKKKK ------> LLLLL
DEBUG 	 2019-04-21 02:31:54,337 RRRRR ------> SSSSS
DEBUG 	 2019-04-21 02:31:54,338 TTTTT ------> UUUUU
DEBUG 	 2019-04-21 02:31:54,339 CCCCC ------> DDDDD
DEBUG 	 2019-04-21 02:31:54,340 vvvvv ------> wwwww
DEBUG 	 2019-04-21 02:31:54,341 sssss ------> ttttt
DEBUG 	 2019-04-21 02:31:54,342 kkkkk ------> lllll
DEBUG 	 2019-04-21 02:31:54,343 nnnnn ------> ooooo
DEBUG 	 2019-04-21 02:31:54,344 WWWWW ------> XXXXX
DEBUG 	 2019-04-21 02:31:54,345 PPPPP ------> QQQQQ
DEBUG 	 2019-04-21 02:31:54,346 ddddd ------> eeeee
DEBUG 	 2019-04-21 02:31:54,347 ddddd ------> eeeee
DEBUG 	 2019-04-21 02:31:54,348 rrrrr ------> sssss
DEBUG 	 2019-04-21 02:31:54,349 mmmmm ------> nnnnn
DEBUG 	 2019-04-21 02:31:54,350 jjjjj ------> kkkkk
DEBUG 	 2019-04-21 02:31:54,351 XXXXX ------> YYYYY
DEBUG 	 2019-04-21 02:31:54,352 KKKKK ------> LLLLL
DEBUG 	 2019-04-21 02:31:54,353 mmmmm ------> nnnnn
DEBUG 	 2019-04-21 02:31:54,354 nnnnn ------> ooooo
DEBUG 	 2019-04-21 02:31:54,355 KKKKK ------> LLLLL
DEBUG 	 2019-04-21 02:31:54,356 TTTTT ------> UUUUU
DEBUG 	 2019-04-21 02:31:54,357 iiiii ------> jjjjj
DEBUG 	 2019-04-21 02:31:54,358 qqqqq ------> rrrrr
DEBUG 	 2019-04-21 02:31:54,359 eeeee ------> fffff
DEBUG 	 2019-04-21 02:31:54,360 GGGGG ------> HHHHH
DEBUG 	 2019-04-21 02:31:54,361 yyyyy ------> zzzzz
DEBUG 	 2019-04-21 02:31:54,362 wwwww ------> xxxxx
DEBUG 	 2019-04-21 02:31:54,363 GGGGG ------> HHHHH
DEBUG 	 2019-04-21 02:31:54,364 hhhhh ------> iiiii
DEBUG 	 2019-04-21 02:31:54,365 qqqqq ------> rrrrr
DEBUG 	 2019-04-21 02:31:54,366 RRRRR ------> SSSSS
DEBUG 	 2019-04-21 02:31:54,367 SSSSS ------> TTTTT
DEBUG 	 2019-04-21 02:31:54,368 jjjjj ------> kkkkk
DEBUG 	 2019-04-21 02:31:54,369 ppppp ------> qqqqq
DEBUG 	 2019-04-21 02:31:54,370 vvvvv ------> wwwww
DEBUG 	 2019-04-21 02:31:54,371 BBBBB ------> CCCCC
DEBUG 	 2019-04-21 02:31:54,372 ooooo ------> ppppp
DEBUG 	 2019-04-21 02:31:54,373 EEEEE ------> FFFFF
DEBUG 	 2019-04-21 02:31:54,374 mmmmm ------> nnnnn
DEBUG 	 2019-04-21 02:31:54,375 EEEEE ------> FFFFF
DEBUG 	 2019-04-21 02:31:54,376 sssss ------> ttttt
DEBUG 	 2019-04-21 02:31:54,377 rrrrr ------> sssss
DEBUG 	 2019-04-21 02:31:54,378 kkkkk ------> lllll
DEBUG 	 2019-04-21 02:31:54,379 eeeee ------> fffff
DEBUG 	 2019-04-21 02:31:54,380 sssss ------> ttttt
DEBUG 	 2019-04-21 02:31:54,381 zzzzz ------> aaaaa
DEBUG 	 2019-04-21 02:31:54,382 qqqqq ------> rrrrr
DEBUG 	 2019-04-21 02:31:54,383 AAAAA ------> BBBBB
DEBUG 	 2019-04-21 02:31:54,384 CCCCC ------> DDDDD
DEBUG 	 2019-04-21 02:31:54,385 ccccc ------> ddddd
DEBUG 	 2019-04-21 02:31:54,386 kkkkk ------> lllll
DEBUG 	 2019-04-21 02:31:54,387 JJJJJ ------> KKKKK
DEBUG 	 2019-04-21 02:31:54,388 rrrrr ------> sssss
DEBUG 	 2019-04-21 02:31:54,389 XXXXX ------> YYYYY
DEBUG 	 2019-04-21 02:31:54,390 vvvvv ------> wwwww
DEBUG 	 2019-04-21 02:31:54,391 XXXXX ------> YYYYY
DEBUG 	 2019-04-21 02:31:54,392 rrrrr ------> sssss
DEBUG 	 2019-04-21 02:31:54,393 vvvvv ------> wwwww
DEBUG 	 2019-04-21 02:31:54,394 ggggg ------> hhhhh
DEBUG 	 2019-04-21 02:31:54,395 lllll ------> mmmmm
DEBUG 	 2019-04-21 02:31:54,396 SSSSS ------> TTTTT
DEBUG 	 2019-04-21 02:31:54,397 ZZZZZ ------> AAAAA
DEBUG 	 2019-04-21 02:31:54,398 WWWWW ------> XXXXX
DEBUG 	 2019-04-21 02:31:54,399 bbbbb ------> ccccc
DEBUG 	 2019-04-21 02:31:54,400 qqqqq ------> rrrrr
DEBUG 	 2019-04-21 02:31:54,401 VVVVV ------> WWWWW
DEBUG 	 2019-04-21 02:31:54,402 xxxxx ------> yyyyy
DEBUG 	 2019-04-21 02:31:54,403 FFFFF ------> GGGGG
DEBUG 	 2019-04-21 02:31:54,404 jjjjj ------> kkkkk
DEBUG 	 2019-04-21 02:31:54,405 ppppp ------> qqqqq
DEBUG 	 2019-04-21 02:31:54,406 AAAAA ------> BBBBB
DEBUG 	 2019-04-21 02:31:54,407 TTTTT ------> UUUUU
DEBUG 	 2019-04-21 02:31:54,408 uuuuu ------> vvvvv
DEBUG 	 2019-04-21 02:31:54,409 hhhhh ------> iiiii
DEBUG 	 2019-04-21 02:31:54,410 qqqqq ------> rrrrr
DEBUG 	 2019-04-21 02:31:54,411 bbbbb ------> ccccc
DEBUG 	 2019-04-21 02:31:54,412 nnnnn ------> ooooo
DEBUG 	 2019-04-21 02:31:54,413 EEEEE ------> FFFFF
DEBUG 	 2019-04-21 02:31:54,414 aaaaa ------> bbbbb
DEBUG 	 2019-04-21 02:31:54,415 GGGGG ------> HHHHH
DEBUG 	 2019-04-21 02:31:54,416 zzzzz ------> aaaaa
DEBUG 	 2019-04-21 02:31:54,417 eeeee ------> fffff
DEBUG 	 2019-04-21 02:31:54,418 ggggg ------> hhhhh
DEBUG 	 2019-04-21 02:31:54,419 wwwww ------> xxxxx
DEBUG 	 2019-04-21 02:31:54,420 bbbbb ------> ccccc
DEBUG 	 2019-04-21 02:31:54,421 HHHHH ------> IIIII
DEBUG 	 2019-04-21 02:31:54,422 zzzzz ------> aaaaa
DEBUG 	 2019-04-21 02:31:54,423 GGGGG ------> HHHHH
DEBUG 	 2019-04-21 02:31:54,424 CCCCC ------> DDDDD
DEBUG 	 2019-04-21 02:31:54,425 yyyyy ------> zzzzz
DEBUG 	 2019-04-21 02:31:54,426 WWWWW ------> XXXXX
DEBUG 	 2019-04-21 02:31:54,427 wwwww ------> xxxxx
DEBUG 	 2019-04-21 02:31:54,428 TTTTT ------> UUUUU
DEBUG 	 2019-04-21 02:31:54,429 WWWWW ------> XXXXX
DEBUG 	 2019-04-21 02:31:54,430 zzzzz ------> aaaaa
DEBUG 	 2019-04-21 02:31:54,431 ggggg ------> hhhhh
DEBUG 	 2019-04-21 02:31:54,432 NNNNN ------> OOOOO
DEBUG 	 2019-04-21 02:31:54,433 OOOOO ------> PPPPP
DEBUG 	 2019-04-21 02:31:54,434 GGGGG ------> HHHHH
DEBUG 	 2019-04-21 02:31:54,435 ttttt ------> uuuuu
DEBUG 	 2019-04-21 02:31:54,436 QQQQQ ------> RRRRR
DEBUG 	 2019-04-21 02:31:54,437 jjjjj ------> kkkkk
DEBUG 	 2019-04-21 02:31:54,438 HHHHH ------> IIIII
DEBUG 	 2019-04-21 02:31:54,439 ttttt ------> uuuuu
DEBUG 	 2019-04-21 02:31:54,440 xxxxx ------> yyyyy
DEBUG 	 2019-04-21 02:31:54,441 BBBBB ------> CCCCC
DEBUG 	 2019-04-21 02:31:54,442 WWWWW ------> XXXXX
DEBUG 	 2019-04-21 02:31:54,443 iiiii ------> jjjjj
DEBUG 	 2019-04-21 02:31:54,444 ZZZZZ ------> AAAAA
DEBUG 	 2019-04-21 02:31:54,445 ttttt ------> uuuuu
DEBUG 	 2019-04-21 02:31:54,446 bbbbb ------> ccccc
DEBUG 	 2019-04-21 02:31:54,447 sssss ------> ttttt
DEBUG 	 2019-04-21 02:31:54,448 HHHHH ------> IIIII
DEBUG 	 2019-04-21 02:31:54,449 FFFFF ------> GGGGG
DEBUG 	 2019-04-21 02:31:54,450 fffff ------> ggggg
DEBUG 	 2019-04-21 02:31:54,451 VVVVV ------> WWWWW
DEBUG 	 2019-04-21 02:31:54,452 uuuuu ------> vvvvv
DEBUG 	 2019-04-21 02:31:54,453 NNNNN ------> OOOOO
DEBUG 	 2019-04-21 02:31:54,454 jjjjj ------> kkkkk
DEBUG 	 2019-04-21 02:31:54,455 IIIII ------> JJJJJ
DEBUG 	 2019-04-21 02:31:54,456 rrrrr ------> sssss
DEBUG 	 2019-04-21 02:31:54,457 TTTTT ------> UUUUU
DEBUG 	 2019-04-21 02:31:54,458 yyyyy ------> zzzzz
DEBUG 	 2019-04-21 02:31:54,459 BBBBB ------> CCCCC
DEBUG 	 2019-04-21 02:31:54,460 bbbbb ------> ccccc
DEBUG 	 2019-04-21 02:31:54,461 zzzzz ------> aaaaa
DEBUG 	 2019-04-21 02:31:54,462 wwwww ------> xxxxx
DEBUG 	 2019-04-21 02:31:54,463 ccccc ------> ddddd
DEBUG 	 2019-04-21 02:31:54,464 QQQQQ ------> RRRRR
DEBUG 	 2019-04-21 02:31:54,465 IIIII ------> JJJJJ
DEBUG 	 2019-04-21 02:31:54,466 HHHHH ------> IIIII
DEBUG 	 2019-04-21 02:31:54,467 MMMMM ------> NNNNN
DEBUG 	 2019-04-21 02:31:54,468 yyyyy ------> zzzzz
DEBUG 	 2019-04-21 02:31:54,469 FFFFF ------> GGGGG
DEBUG 	 2019-04-21 02:31:54,470 YYYYY ------> ZZZZZ
DEBUG 	 2019-04-21 02:31:54,471 BBBBB ------> CCCCC
DEBUG 	 2019-04-21 02:31:54,472 EEEEE ------> FFFFF
DEBUG 	 2019-04-21 02:31:54,473 ddddd ------> eeeee
DEBUG 	 2019-04-21 02:31:54,474 XXXXX ------> YYYYY
DEBUG 	 2019-04-21 02:31:54,475 mmmmm ------> nnnnn
DEBUG 	 2019-04-21 02:31:54,476 mmmmm ------> nnnnn
DEBUG 	 2019-04-21 02:31:54,477 KKKKK ------> LLLLL
DEBUG 	 2019-04-21 02:31:54,478 MMMMM ------> NNNNN
DEBUG 	 2019-04-21 02:31:54,479 ooooo ------> ppppp
DEBUG 	 2019-04-21 02:31:54,480 PPPPP ------> QQQQQ
DEBUG 	 2019-04-21 02:31:54,481 NNNNN ------> OOOOO
DEBUG 	 2019-04-21 02:31:54,482 zzzzz ------> aaaaa
DEBUG 	 2019-04-21 02:31:54,483 nnnnn ------> ooooo
DEBUG 	 2019-04-21 02:31:54,484 eeeee ------> fffff
DEBUG 	 2019-04-21 02:31:54,485 vvvvv ------> wwwww
DEBUG 	 2019-04-21 02:31:54,486 FFFFF ------> GGGGG
DEBUG 	 2019-04-21 02:31:54,487 ccccc ------> ddddd
DEBUG 	 2019-04-21 02:31:54,488 GGGGG ------> HHHHH
DEBUG 	 2019-04-21 02:31:54,489 GGGGG ------> HHHHH
DEBUG 	 2019-04-21 02:31:54,490 jjjjj ------> kkkkk
DEBUG 	 2019-04-21 02:31:54,491 lllll ------> mmmmm
DEBUG 	 2019-04-21 02:31:54,492 NNNNN ------> OOOOO
DEBUG 	 2019-04-21 02:31:54,493 vvvvv ------> wwwww
DEBUG 	 2019-04-21 02:31:54,494 nnnnn ------> ooooo
DEBUG 	 2019-04-21 02:31:54,495 BBBBB ------> CCCCC
DEBUG 	 2019-04-21 02:31:54,496 PPPPP ------> QQQQQ
DEBUG 	 2019-04-21 02:31:54,497 nnnnn ------> ooooo
DEBUG 	 2019-04-21 02:31:54,498 nnnnn ------> ooooo
DEBUG 	 2019-04-21 02:31:54,499 ppppp ------> qqqqq
DEBUG 	 2019-04-21 02:31:54,500 iiiii ------> jjjjj
DEBUG 	 2019-04-21 02:31:54,501 jjjjj ------> kkkkk
DEBUG 	 2019-04-21 02:31:54,502 WWWWW ------> XXXXX
DEBUG 	 2019-04-21 02:31:54,503 vvvvv ------> wwwww
DEBUG 	 2019-04-21 02:31:54,504 ttttt ------> uuuuu
DEBUG 	 2019-04-21 02:31:54,505 UUUUU ------> VVVVV
DEBUG 	 2019-04-21 02:31:54,506 eeeee ------> fffff
DEBUG 	 2019-04-21 02:31:54,507 zzzzz ------> aaaaa
DEBUG 	 2019-04-21 02:31:54,508 aaaaa ------> bbbbb
DEBUG 	 2019-04-21 02:31:54,509 kkkkk ------> lllll
DEBUG 	 2019-04-21 02:31:54,510 ccccc ------> ddddd
DEBUG 	 2019-04-21 02:31:54,511 SSSSS ------> TTTTT
DEBUG 	 2019-04-21 02:31:54,512 bbbbb ------> ccccc
DEBUG 	 2019-04-21 02:31:54,513 qqqqq ------> rrrrr
DEBUG 	 2019-04-21 02:31:54,514 UUUUU ------> VVVVV
DEBUG 	 2019-04-21 02:31:54,515 iiiii ------> jjjjj
DEBUG 	 2019-04-21 02:31:54,516 TTTTT ------> UUUUU
DEBUG 	 2019-04-21 02:31:54,517 zzzzz ------> aaaaa
DEBUG 	 2019-04-21 02:31:54,518 XXXXX ------> YYYYY
DEBUG 	 2019-04-21 02:31:54,519 EEEEE ------> FFFFF
DEBUG 	 2019-04-21 02:31:54,520 kkkkk ------> lllll
DEBUG 	 2019-04-21 02:31:54,521 sssss ------> ttttt
DEBUG 	 2019-04-21 02:31:54,522 iiiii ------> jjjjj
DEBUG 	 2019-04-21 02:31:54,523 IIIII ------> JJJJJ
DEBUG 	 2019-04-21 02:31:54,524 wwwww ------> xxxxx
DEBUG 	 2019-04-21 02:31:54,525 EEEEE ------> FFFFF
DEBUG 	 2019-04-21 02:31:54,526 sssss ------> ttttt
DEBUG 	 2019-04-21 02:31:54,527 rrrrr ------> sssss
DEBUG 	 2019-04-21 02:31:54,528 iiiii ------> jjjjj
DEBUG 	 2019-04-21 02:31:54,529 mmmmm ------> nnnnn
DEBUG 	 2019-04-21 02:31:54,530 EEEEE ------> FFFFF
DEBUG 	 2019-04-21 02:31:54,531 OOOOO ------> PPPPP
DEBUG 	 2019-04-21 02:31:54,532 xxxxx ------> yyyyy
DEBUG 	 2019-04-21 02:31:54,533 LLLLL ------> MMMMM
DEBUG 	 2019-04-21 02:31:54,534 jjjjj ------> kkkkk
DEBUG 	 2019-04-21 02:31:54,535 eeeee ------> fffff
DEBUG 	 2019-04-21 02:31:54,536 UUUUU ------> VVVVV
DEBUG 	 2019-04-21 02:31:54,537 AAAAA ------> BBBBB
DEBUG 	 2019-04-21 02:31:54,538 AAAAA ------> BBBBB
DEBUG 	 2019-04-21 02:31:54,539 UUUUU ------> VVVVV
DEBUG 	 2019-04-21 02:31:54,540 ggggg ------> hhhhh
DEBUG 	 2019-04-21 02:31:54,541 SSSSS ------> TTTTT
DEBUG 	 2019-04-21 02:31:54,542 SSSSS ------> TTTTT
DEBUG 	 2019-04-21 02:31:54,543 BBBBB ------> CCCCC
DEBUG 	 2019-04-21 02:31:54,544 KKKKK ------> LLLLL
DEBUG 	 2019-04-21 02:31:54,545 hhhhh ------> iiiii
DEBUG 	 2019-04-21 02:31:54,546 LLLLL ------> MMMMM
DEBUG 	 2019-04-21 02:31:54,547 hhhhh ------> iiiii
DEBUG 	 2019-04-21 02:31:54,548 jjjjj ------> kkkkk
DEBUG 	 2019-04-21 02:31:54,549 WWWWW ------> XXXXX
DEBUG 	 2019-04-21 02:31:54,550 wwwww ------> xxxxx
DEBUG 	 2019-04-21 02:31:54,551 JJJJJ ------> KKKKK
DEBUG 	 2019-04-21 02:31:54,552 bbbbb ------> ccccc
DEBUG 	 2019-04-21 02:31:54,553 iiiii ------> jjjjj
DEBUG 	 2019-04-21 02:31:54,554 yyyyy ------> zzzzz
DEBUG 	 2019-04-21 02:31:54,555 ttttt ------> uuuuu
DEBUG 	 2019-04-21 02:31:54,556 vvvvv ------> wwwww
DEBUG 	 2019-04-21 02:31:54,557 ccccc ------> ddddd
DEBUG 	 2019-04-21 02:31:54,558 JJJJJ ------> KKKKK
DEBUG 	 2019-04-21 02:31:54,559 sssss ------> ttttt
DEBUG 	 2019-04-21 02:31:54,560 RRRRR ------> SSSSS
DEBUG 	 2019-04-21 02:31:54,561 mmmmm ------> nnnnn
DEBUG 	 2019-04-21 02:31:54,562 EEEEE ------> FFFFF
DEBUG 	 2019-04-21 02:31:54,563 hhhhh ------> iiiii
DEBUG 	 2019-04-21 02:31:54,564 ccccc ------> ddddd
DEBUG 	 2019-04-21 02:31:54,565 ddddd ------> eeeee
DEBUG 	 2019-04-21 02:31:54,566 QQQQQ ------> RRRRR
DEBUG 	 2019-04-21 02:31:54,567 WWWWW ------> XXXXX
DEBUG 	 2019-04-21 02:31:54,568 FFFFF ------> GGGGG
DEBUG 	 2019-04-21 02:31:54,569 ttttt ------> uuuuu
DEBUG 	 2019-04-21 02:31:54,570 xxxxx ------> yyyyy
DEBUG 	 2019-04-21 02:31:54,571 UUUUU ------> VVVVV
DEBUG 	 2019-04-21 02:31:54,572 DDDDD ------> EEEEE
DEBUG 	 2019-04-21 02:31:54,573 CCCCC ------> DDDDD
DEBUG 	 2019-04-21 02:31:54,574 fffff ------> ggggg
DEBUG 	 2019-04-21 02:31:54,575 iiiii ------> jjjjj
DEBUG 	 2019-04-21 02:31:54,576 BBBBB ------> CCCCC
DEBUG 	 2019-04-21 02:31:54,577 TTTTT ------> UUUUU
DEBUG 	 2019-04-21 02:31:54,578 KKKKK ------> LLLLL
DEBUG 	 2019-04-21 02:31:54,579 zzzzz ------> aaaaa
DEBUG 	 2019-04-21 02:31:54,580 EEEEE ------> FFFFF
DEBUG 	 2019-04-21 02:31:54,581 xxxxx ------> yyyyy
DEBUG 	 2019-04-21 02:31:54,582 hhhhh ------> iiiii
DEBUG 	 2019-04-21 02:31:54,583 bbbbb ------> ccccc
DEBUG 	 2019-04-21 02:31:54,584 FFFFF ------> GGGGG
DEBUG 	 2019-04-21 02:31:54,585 KKKKK ------> LLLLL
DEBUG 	 2019-04-21 02:31:54,586 ppppp ------> qqqqq
DEBUG 	 2019-04-21 02:31:54,587 NNNNN ------> OOOOO
DEBUG 	 2019-04-21 02:31:54,588 AAAAA ------> BBBBB
DEBUG 	 2019-04-21 02:31:54,589 WWWWW ------> XXXXX
DEBUG 	 2019-04-21 02:31:54,590 DDDDD ------> EEEEE
DEBUG 	 2019-04-21 02:31:54,591 hhhhh ------> iiiii
DEBUG 	 2019-04-21 02:31:54,592 RRRRR ------> SSSSS
DEBUG 	 2019-04-21 02:31:54,593 zzzzz ------> aaaaa
DEBUG 	 2019-04-21 02:31:54,594 iiiii ------> jjjjj
DEBUG 	 2019-04-21 02:31:54,595 NNNNN ------> OOOOO
DEBUG 	 2019-04-21 02:31:54,596 DDDDD ------> EEEEE
DEBUG 	 2019-04-21 02:31:54,597 ppppp ------> qqqqq
DEBUG 	 2019-04-21 02:31:54,598 JJJJJ ------> KKKKK
DEBUG 	 2019-04-21 02:31:54,599 fffff ------> ggggg
DEBUG 	 2019-04-21 02:31:54,600 ccccc ------> ddddd
DEBUG 	 2019-04-21 02:31:54,601 PPPPP ------> QQQQQ
DEBUG 	 2019-04-21 02:31:54,602 IIIII ------> JJJJJ
DEBUG 	 2019-04-21 02:31:54,603 bbbbb ------> ccccc
DEBUG 	 2019-04-21 02:31:54,604 eeeee ------> fffff
DEBUG 	 2019-04-21 02:31:54,605 hhhhh ------> iiiii
DEBUG 	 2019-04-21 02:31:54,606 MMMMM ------> NNNNN
DEBUG 	 2019-04-21 02:31:54,607 HHHHH ------> IIIII
DEBUG 	 2019-04-21 02:31:54,608 KKKKK ------> LLLLL
DEBUG 	 2019-04-21 02:31:54,609 xxxxx ------> yyyyy
DEBUG 	 2019-04-21 02:31:54,610 ZZZZZ ------> AAAAA
DEBUG 	 2019-04-21 02:31:54,611 xxxxx ------> yyyyy
DEBUG 	 2019-04-21 02:31:54,612 RRRRR ------> SSSSS
DEBUG 	 2019-04-21 02:31:54,614 DDDDD ------> EEEEE
DEBUG 	 2019-04-21 02:31:54,614 ccccc ------> ddddd
DEBUG 	 2019-04-21 02:31:54,615 QQQQQ ------> RRRRR
DEBUG 	 2019-04-21 02:31:54,616 sssss ------> ttttt
DEBUG 	 2019-04-21 02:31:54,617 JJJJJ ------> KKKKK
DEBUG 	 2019-04-21 02:31:54,618 yyyyy ------> zzzzz
DEBUG 	 2019-04-21 02:31:54,619 xxxxx ------> yyyyy
DEBUG 	 2019-04-21 02:31:54,620 VVVVV ------> WWWWW
DEBUG 	 2019-04-21 02:31:54,622 YYYYY ------> ZZZZZ
DEBUG 	 2019-04-21 02:31:54,622 SSSSS ------> TTTTT
DEBUG 	 2019-04-21 02:31:54,623 FFFFF ------> GGGGG
DEBUG 	 2019-04-21 02:31:54,624 kkkkk ------> lllll
DEBUG 	 2019-04-21 02:31:54,625 LLLLL ------> MMMMM
DEBUG 	 2019-04-21 02:31:54,626 nnnnn ------> ooooo
DEBUG 	 2019-04-21 02:31:54,627 QQQQQ ------> RRRRR
DEBUG 	 2019-04-21 02:31:54,628 lllll ------> mmmmm
DEBUG 	 2019-04-21 02:31:54,629 BBBBB ------> CCCCC
DEBUG 	 2019-04-21 02:31:54,630 bbbbb ------> ccccc
DEBUG 	 2019-04-21 02:31:54,631 mmmmm ------> nnnnn
DEBUG 	 2019-04-21 02:31:54,632 ppppp ------> qqqqq
DEBUG 	 2019-04-21 02:31:54,633 kkkkk ------> lllll
DEBUG 	 2019-04-21 02:31:54,634 LLLLL ------> MMMMM
DEBUG 	 2019-04-21 02:31:54,635 sssss ------> ttttt
DEBUG 	 2019-04-21 02:31:54,636 AAAAA ------> BBBBB
DEBUG 	 2019-04-21 02:31:54,637 BBBBB ------> CCCCC
DEBUG 	 2019-04-21 02:31:54,638 WWWWW ------> XXXXX
DEBUG 	 2019-04-21 02:31:54,639 XXXXX ------> YYYYY
DEBUG 	 2019-04-21 02:31:54,640 JJJJJ ------> KKKKK
DEBUG 	 2019-04-21 02:31:54,641 TTTTT ------> UUUUU
DEBUG 	 2019-04-21 02:31:54,642 SSSSS ------> TTTTT
DEBUG 	 2019-04-21 02:31:54,643 kkkkk ------> lllll
DEBUG 	 2019-04-21 02:31:54,644 vvvvv ------> wwwww
DEBUG 	 2019-04-21 02:31:54,646 RRRRR ------> SSSSS
DEBUG 	 2019-04-21 02:31:54,646 AAAAA ------> BBBBB
DEBUG 	 2019-04-21 02:31:54,647 KKKKK ------> LLLLL
DEBUG 	 2019-04-21 02:31:54,648 xxxxx ------> yyyyy
DEBUG 	 2019-04-21 02:31:54,649 HHHHH ------> IIIII
DEBUG 	 2019-04-21 02:31:54,650 FFFFF ------> GGGGG
DEBUG 	 2019-04-21 02:31:54,651 EEEEE ------> FFFFF
DEBUG 	 2019-04-21 02:31:54,652 ooooo ------> ppppp
DEBUG 	 2019-04-21 02:31:54,653 IIIII ------> JJJJJ
DEBUG 	 2019-04-21 02:31:54,654 ttttt ------> uuuuu
DEBUG 	 2019-04-21 02:31:54,655 IIIII ------> JJJJJ
DEBUG 	 2019-04-21 02:31:54,656 DDDDD ------> EEEEE
DEBUG 	 2019-04-21 02:31:54,657 ppppp ------> qqqqq
DEBUG 	 2019-04-21 02:31:54,658 yyyyy ------> zzzzz
DEBUG 	 2019-04-21 02:31:54,659 bbbbb ------> ccccc
DEBUG 	 2019-04-21 02:31:54,660 vvvvv ------> wwwww
DEBUG 	 2019-04-21 02:31:54,661 IIIII ------> JJJJJ
DEBUG 	 2019-04-21 02:31:54,663 WWWWW ------> XXXXX
DEBUG 	 2019-04-21 02:31:54,663 ttttt ------> uuuuu
DEBUG 	 2019-04-21 02:31:54,664 HHHHH ------> IIIII
DEBUG 	 2019-04-21 02:31:54,665 NNNNN ------> OOOOO
DEBUG 	 2019-04-21 02:31:54,666 ccccc ------> ddddd
DEBUG 	 2019-04-21 02:31:54,667 mmmmm ------> nnnnn
DEBUG 	 2019-04-21 02:31:54,668 nnnnn ------> ooooo
DEBUG 	 2019-04-21 02:31:54,669 NNNNN ------> OOOOO
DEBUG 	 2019-04-21 02:31:54,670 JJJJJ ------> KKKKK
DEBUG 	 2019-04-21 02:31:54,671 yyyyy ------> zzzzz
DEBUG 	 2019-04-21 02:31:54,672 TTTTT ------> UUUUU
DEBUG 	 2019-04-21 02:31:54,673 SSSSS ------> TTTTT
DEBUG 	 2019-04-21 02:31:54,674 UUUUU ------> VVVVV
DEBUG 	 2019-04-21 02:31:54,675 wwwww ------> xxxxx
DEBUG 	 2019-04-21 02:31:54,676 GGGGG ------> HHHHH
DEBUG 	 2019-04-21 02:31:54,677 KKKKK ------> LLLLL
DEBUG 	 2019-04-21 02:31:54,678 nnnnn ------> ooooo
DEBUG 	 2019-04-21 02:31:54,679 HHHHH ------> IIIII
DEBUG 	 2019-04-21 02:31:54,680 yyyyy ------> zzzzz
DEBUG 	 2019-04-21 02:31:54,681 JJJJJ ------> KKKKK
DEBUG 	 2019-04-21 02:31:54,682 EEEEE ------> FFFFF
DEBUG 	 2019-04-21 02:31:54,683 JJJJJ ------> KKKKK
DEBUG 	 2019-04-21 02:31:54,684 TTTTT ------> UUUUU
DEBUG 	 2019-04-21 02:31:54,685 qqqqq ------> rrrrr
DEBUG 	 2019-04-21 02:31:54,686 UUUUU ------> VVVVV
DEBUG 	 2019-04-21 02:31:54,687 fffff ------> ggggg
DEBUG 	 2019-04-21 02:31:54,688 qqqqq ------> rrrrr
DEBUG 	 2019-04-21 02:31:54,689 FFFFF ------> GGGGG
DEBUG 	 2019-04-21 02:31:54,690 wwwww ------> xxxxx
DEBUG 	 2019-04-21 02:31:54,691 UUUUU ------> VVVVV
DEBUG 	 2019-04-21 02:31:54,692 rrrrr ------> sssss
DEBUG 	 2019-04-21 02:31:54,693 hhhhh ------> iiiii
DEBUG 	 2019-04-21 02:31:54,694 fffff ------> ggggg
DEBUG 	 2019-04-21 02:31:54,695 TTTTT ------> UUUUU
DEBUG 	 2019-04-21 02:31:54,697 kkkkk ------> lllll
DEBUG 	 2019-04-21 02:31:54,697 CCCCC ------> DDDDD
DEBUG 	 2019-04-21 02:31:54,698 TTTTT ------> UUUUU
DEBUG 	 2019-04-21 02:31:54,699 fffff ------> ggggg
DEBUG 	 2019-04-21 02:31:54,700 JJJJJ ------> KKKKK
DEBUG 	 2019-04-21 02:31:54,701 ZZZZZ ------> AAAAA
DEBUG 	 2019-04-21 02:31:54,702 EEEEE ------> FFFFF
DEBUG 	 2019-04-21 02:31:54,703 BBBBB ------> CCCCC
DEBUG 	 2019-04-21 02:31:54,704 CCCCC ------> DDDDD
DEBUG 	 2019-04-21 02:31:54,705 mmmmm ------> nnnnn
DEBUG 	 2019-04-21 02:31:54,706 ddddd ------> eeeee
DEBUG 	 2019-04-21 02:31:54,707 LLLLL ------> MMMMM
DEBUG 	 2019-04-21 02:31:54,708 wwwww ------> xxxxx
DEBUG 	 2019-04-21 02:31:54,709 nnnnn ------> ooooo
DEBUG 	 2019-04-21 02:31:54,710 FFFFF ------> GGGGG
DEBUG 	 2019-04-21 02:31:54,711 aaaaa ------> bbbbb
DEBUG 	 2019-04-21 02:31:54,713 MMMMM ------> NNNNN
DEBUG 	 2019-04-21 02:31:54,713 JJJJJ ------> KKKKK
DEBUG 	 2019-04-21 02:31:54,714 CCCCC ------> DDDDD
DEBUG 	 2019-04-21 02:31:54,715 wwwww ------> xxxxx
DEBUG 	 2019-04-21 02:31:54,716 WWWWW ------> XXXXX
DEBUG 	 2019-04-21 02:31:54,717 aaaaa ------> bbbbb
DEBUG 	 2019-04-21 02:31:54,718 WWWWW ------> XXXXX
DEBUG 	 2019-04-21 02:31:54,719 AAAAA ------> BBBBB
DEBUG 	 2019-04-21 02:31:54,720 KKKKK ------> LLLLL
DEBUG 	 2019-04-21 02:31:54,721 FFFFF ------> GGGGG
DEBUG 	 2019-04-21 02:31:54,722 kkkkk ------> lllll
DEBUG 	 2019-04-21 02:31:54,723 hhhhh ------> iiiii
DEBUG 	 2019-04-21 02:31:54,724 ZZZZZ ------> AAAAA
DEBUG 	 2019-04-21 02:31:54,725 uuuuu ------> vvvvv
DEBUG 	 2019-04-21 02:31:54,726 wwwww ------> xxxxx
DEBUG 	 2019-04-21 02:31:54,727 KKKKK ------> LLLLL
DEBUG 	 2019-04-21 02:31:54,728 sssss ------> ttttt
DEBUG 	 2019-04-21 02:31:54,729 fffff ------> ggggg
DEBUG 	 2019-04-21 02:31:54,730 ppppp ------> qqqqq
DEBUG 	 2019-04-21 02:31:54,731 lllll ------> mmmmm
DEBUG 	 2019-04-21 02:31:54,732 ooooo ------> ppppp
DEBUG 	 2019-04-21 02:31:54,733 OOOOO ------> PPPPP
DEBUG 	 2019-04-21 02:31:54,734 ggggg ------> hhhhh
DEBUG 	 2019-04-21 02:31:54,735 KKKKK ------> LLLLL
DEBUG 	 2019-04-21 02:31:54,736 ooooo ------> ppppp
DEBUG 	 2019-04-21 02:31:54,737 ggggg ------> hhhhh
DEBUG 	 2019-04-21 02:31:54,738 MMMMM ------> NNNNN
DEBUG 	 2019-04-21 02:31:54,739 PPPPP ------> QQQQQ
DEBUG 	 2019-04-21 02:31:54,740 kkkkk ------> lllll
DEBUG 	 2019-04-21 02:31:54,741 kkkkk ------> lllll
DEBUG 	 2019-04-21 02:31:54,742 yyyyy ------> zzzzz
DEBUG 	 2019-04-21 02:31:54,743 ggggg ------> hhhhh
DEBUG 	 2019-04-21 02:31:54,744 yyyyy ------> zzzzz
DEBUG 	 2019-04-21 02:31:54,746 HHHHH ------> IIIII
DEBUG 	 2019-04-21 02:31:54,746 IIIII ------> JJJJJ
DEBUG 	 2019-04-21 02:31:54,747 ddddd ------> eeeee
DEBUG 	 2019-04-21 02:31:54,748 eeeee ------> fffff
DEBUG 	 2019-04-21 02:31:54,749 ooooo ------> ppppp
DEBUG 	 2019-04-21 02:31:54,750 WWWWW ------> XXXXX
DEBUG 	 2019-04-21 02:31:54,751 uuuuu ------> vvvvv
DEBUG 	 2019-04-21 02:31:54,752 vvvvv ------> wwwww
DEBUG 	 2019-04-21 02:31:54,753 vvvvv ------> wwwww
DEBUG 	 2019-04-21 02:31:54,754 WWWWW ------> XXXXX
DEBUG 	 2019-04-21 02:31:54,755 aaaaa ------> bbbbb
DEBUG 	 2019-04-21 02:31:54,756 kkkkk ------> lllll
DEBUG 	 2019-04-21 02:31:54,757 kkkkk ------> lllll
DEBUG 	 2019-04-21 02:31:54,758 DDDDD ------> EEEEE
DEBUG 	 2019-04-21 02:31:54,759 VVVVV ------> WWWWW
DEBUG 	 2019-04-21 02:31:54,760 BBBBB ------> CCCCC
DEBUG 	 2019-04-21 02:31:54,761 qqqqq ------> rrrrr
DEBUG 	 2019-04-21 02:31:54,763 iiiii ------> jjjjj
DEBUG 	 2019-04-21 02:31:54,763 TTTTT ------> UUUUU
DEBUG 	 2019-04-21 02:31:54,764 jjjjj ------> kkkkk
DEBUG 	 2019-04-21 02:31:54,765 AAAAA ------> BBBBB
DEBUG 	 2019-04-21 02:31:54,766 YYYYY ------> ZZZZZ
DEBUG 	 2019-04-21 02:31:54,767 LLLLL ------> MMMMM
DEBUG 	 2019-04-21 02:31:54,768 rrrrr ------> sssss
DEBUG 	 2019-04-21 02:31:54,769 YYYYY ------> ZZZZZ
DEBUG 	 2019-04-21 02:31:54,770 mmmmm ------> nnnnn
DEBUG 	 2019-04-21 02:31:54,771 FFFFF ------> GGGGG
DEBUG 	 2019-04-21 02:31:54,772 eeeee ------> fffff
DEBUG 	 2019-04-21 02:31:54,773 uuuuu ------> vvvvv
DEBUG 	 2019-04-21 02:31:54,774 XXXXX ------> YYYYY
DEBUG 	 2019-04-21 02:31:54,775 AAAAA ------> BBBBB
DEBUG 	 2019-04-21 02:31:54,776 ooooo ------> ppppp
DEBUG 	 2019-04-21 02:31:54,777 SSSSS ------> TTTTT
DEBUG 	 2019-04-21 02:31:54,778 mmmmm ------> nnnnn
DEBUG 	 2019-04-21 02:31:54,779 wwwww ------> xxxxx
DEBUG 	 2019-04-21 02:31:54,780 jjjjj ------> kkkkk
DEBUG 	 2019-04-21 02:31:54,781 aaaaa ------> bbbbb
DEBUG 	 2019-04-21 02:31:54,782 kkkkk ------> lllll
DEBUG 	 2019-04-21 02:31:54,783 JJJJJ ------> KKKKK
DEBUG 	 2019-04-21 02:31:54,784 DDDDD ------> EEEEE
DEBUG 	 2019-04-21 02:31:54,785 UUUUU ------> VVVVV
DEBUG 	 2019-04-21 02:31:54,787 RRRRR ------> SSSSS
DEBUG 	 2019-04-21 02:31:54,788 ooooo ------> ppppp
DEBUG 	 2019-04-21 02:31:54,788 AAAAA ------> BBBBB
DEBUG 	 2019-04-21 02:31:54,789 DDDDD ------> EEEEE
DEBUG 	 2019-04-21 02:31:54,791 ggggg ------> hhhhh
DEBUG 	 2019-04-21 02:31:54,791 CCCCC ------> DDDDD
DEBUG 	 2019-04-21 02:31:54,793 kkkkk ------> lllll
DEBUG 	 2019-04-21 02:31:54,793 QQQQQ ------> RRRRR
DEBUG 	 2019-04-21 02:31:54,794 BBBBB ------> CCCCC
DEBUG 	 2019-04-21 02:31:54,796 ooooo ------> ppppp
DEBUG 	 2019-04-21 02:31:54,797 EEEEE ------> FFFFF
DEBUG 	 2019-04-21 02:31:54,797 OOOOO ------> PPPPP
DEBUG 	 2019-04-21 02:31:54,798 QQQQQ ------> RRRRR
DEBUG 	 2019-04-21 02:31:54,800 GGGGG ------> HHHHH
DEBUG 	 2019-04-21 02:31:54,800 ttttt ------> uuuuu
DEBUG 	 2019-04-21 02:31:54,801 SSSSS ------> TTTTT
DEBUG 	 2019-04-21 02:31:54,802 zzzzz ------> aaaaa
DEBUG 	 2019-04-21 02:31:54,804 DDDDD ------> EEEEE
DEBUG 	 2019-04-21 02:31:54,804 qqqqq ------> rrrrr
DEBUG 	 2019-04-21 02:31:54,805 wwwww ------> xxxxx
DEBUG 	 2019-04-21 02:31:54,806 iiiii ------> jjjjj
DEBUG 	 2019-04-21 02:31:54,808 DDDDD ------> EEEEE
DEBUG 	 2019-04-21 02:31:54,808 XXXXX ------> YYYYY
DEBUG 	 2019-04-21 02:31:54,810 CCCCC ------> DDDDD
DEBUG 	 2019-04-21 02:31:54,810 nnnnn ------> ooooo
DEBUG 	 2019-04-21 02:31:54,811 DDDDD ------> EEEEE
DEBUG 	 2019-04-21 02:31:54,813 yyyyy ------> zzzzz
DEBUG 	 2019-04-21 02:31:54,814 sssss ------> ttttt
DEBUG 	 2019-04-21 02:31:54,815 ddddd ------> eeeee
DEBUG 	 2019-04-21 02:31:54,815 qqqqq ------> rrrrr
DEBUG 	 2019-04-21 02:31:54,817 ppppp ------> qqqqq
DEBUG 	 2019-04-21 02:31:54,817 PPPPP ------> QQQQQ
DEBUG 	 2019-04-21 02:31:54,819 RRRRR ------> SSSSS
DEBUG 	 2019-04-21 02:31:54,820 vvvvv ------> wwwww
DEBUG 	 2019-04-21 02:31:54,820 XXXXX ------> YYYYY
DEBUG 	 2019-04-21 02:31:54,821 EEEEE ------> FFFFF
DEBUG 	 2019-04-21 02:31:54,822 EEEEE ------> FFFFF
DEBUG 	 2019-04-21 02:31:54,823 bbbbb ------> ccccc
DEBUG 	 2019-04-21 02:31:54,824 YYYYY ------> ZZZZZ
DEBUG 	 2019-04-21 02:31:54,826 XXXXX ------> YYYYY
DEBUG 	 2019-04-21 02:31:54,827 wwwww ------> xxxxx
DEBUG 	 2019-04-21 02:31:54,828 WWWWW ------> XXXXX
DEBUG 	 2019-04-21 02:31:54,829 aaaaa ------> bbbbb
DEBUG 	 2019-04-21 02:31:54,830 RRRRR ------> SSSSS
DEBUG 	 2019-04-21 02:31:54,831 BBBBB ------> CCCCC
DEBUG 	 2019-04-21 02:31:54,831 vvvvv ------> wwwww
DEBUG 	 2019-04-21 02:31:54,832 hhhhh ------> iiiii
DEBUG 	 2019-04-21 02:31:54,834 XXXXX ------> YYYYY
DEBUG 	 2019-04-21 02:31:54,835 EEEEE ------> FFFFF
DEBUG 	 2019-04-21 02:31:54,836 DDDDD ------> EEEEE
DEBUG 	 2019-04-21 02:31:54,837 HHHHH ------> IIIII
DEBUG 	 2019-04-21 02:31:54,838 ccccc ------> ddddd
DEBUG 	 2019-04-21 02:31:54,839 FFFFF ------> GGGGG
DEBUG 	 2019-04-21 02:31:54,839 CCCCC ------> DDDDD
DEBUG 	 2019-04-21 02:31:54,841 WWWWW ------> XXXXX
DEBUG 	 2019-04-21 02:31:54,842 VVVVV ------> WWWWW
DEBUG 	 2019-04-21 02:31:54,843 LLLLL ------> MMMMM
DEBUG 	 2019-04-21 02:31:54,844 bbbbb ------> ccccc
DEBUG 	 2019-04-21 02:31:54,845 PPPPP ------> QQQQQ
DEBUG 	 2019-04-21 02:31:54,846 WWWWW ------> XXXXX
DEBUG 	 2019-04-21 02:31:54,847 CCCCC ------> DDDDD
DEBUG 	 2019-04-21 02:31:54,847 nnnnn ------> ooooo
DEBUG 	 2019-04-21 02:31:54,849 HHHHH ------> IIIII
DEBUG 	 2019-04-21 02:31:54,850 kkkkk ------> lllll
DEBUG 	 2019-04-21 02:31:54,851 ddddd ------> eeeee
DEBUG 	 2019-04-21 02:31:54,852 qqqqq ------> rrrrr
DEBUG 	 2019-04-21 02:31:54,853 jjjjj ------> kkkkk
DEBUG 	 2019-04-21 02:31:54,854 SSSSS ------> TTTTT
DEBUG 	 2019-04-21 02:31:54,855 MMMMM ------> NNNNN
DEBUG 	 2019-04-21 02:31:54,856 eeeee ------> fffff
DEBUG 	 2019-04-21 02:31:54,857 QQQQQ ------> RRRRR
DEBUG 	 2019-04-21 02:31:54,857 RRRRR ------> SSSSS
DEBUG 	 2019-04-21 02:31:54,858 xxxxx ------> yyyyy
DEBUG 	 2019-04-21 02:31:54,860 sssss ------> ttttt
DEBUG 	 2019-04-21 02:31:54,861 KKKKK ------> LLLLL
DEBUG 	 2019-04-21 02:31:54,862 ttttt ------> uuuuu
DEBUG 	 2019-04-21 02:31:54,863 MMMMM ------> NNNNN
DEBUG 	 2019-04-21 02:31:54,864 hhhhh ------> iiiii
DEBUG 	 2019-04-21 02:31:54,865 KKKKK ------> LLLLL
DEBUG 	 2019-04-21 02:31:54,866 QQQQQ ------> RRRRR
DEBUG 	 2019-04-21 02:31:54,867 wwwww ------> xxxxx
DEBUG 	 2019-04-21 02:31:54,868 AAAAA ------> BBBBB
DEBUG 	 2019-04-21 02:31:54,869 ZZZZZ ------> AAAAA
DEBUG 	 2019-04-21 02:31:54,870 RRRRR ------> SSSSS
DEBUG 	 2019-04-21 02:31:54,871 sssss ------> ttttt
DEBUG 	 2019-04-21 02:31:54,872 zzzzz ------> aaaaa
DEBUG 	 2019-04-21 02:31:54,873 sssss ------> ttttt
DEBUG 	 2019-04-21 02:31:54,874 ttttt ------> uuuuu
DEBUG 	 2019-04-21 02:31:54,875 CCCCC ------> DDDDD
DEBUG 	 2019-04-21 02:31:54,876 uuuuu ------> vvvvv
DEBUG 	 2019-04-21 02:31:54,877 nnnnn ------> ooooo
DEBUG 	 2019-04-21 02:31:54,878 PPPPP ------> QQQQQ
DEBUG 	 2019-04-21 02:31:54,879 NNNNN ------> OOOOO
DEBUG 	 2019-04-21 02:31:54,880 FFFFF ------> GGGGG
DEBUG 	 2019-04-21 02:31:54,881 ppppp ------> qqqqq
DEBUG 	 2019-04-21 02:31:54,882 JJJJJ ------> KKKKK
DEBUG 	 2019-04-21 02:31:54,883 rrrrr ------> sssss
DEBUG 	 2019-04-21 02:31:54,884 zzzzz ------> aaaaa
DEBUG 	 2019-04-21 02:31:54,885 VVVVV ------> WWWWW
DEBUG 	 2019-04-21 02:31:54,886 kkkkk ------> lllll
DEBUG 	 2019-04-21 02:31:54,887 PPPPP ------> QQQQQ
DEBUG 	 2019-04-21 02:31:54,888 ZZZZZ ------> AAAAA
DEBUG 	 2019-04-21 02:31:54,889 FFFFF ------> GGGGG
DEBUG 	 2019-04-21 02:31:54,890 eeeee ------> fffff
DEBUG 	 2019-04-21 02:31:54,891 sssss ------> ttttt
DEBUG 	 2019-04-21 02:31:54,892 xxxxx ------> yyyyy
DEBUG 	 2019-04-21 02:31:54,893 ZZZZZ ------> AAAAA
DEBUG 	 2019-04-21 02:31:54,894 lllll ------> mmmmm
DEBUG 	 2019-04-21 02:31:54,895 yyyyy ------> zzzzz
DEBUG 	 2019-04-21 02:31:54,896 wwwww ------> xxxxx
DEBUG 	 2019-04-21 02:31:54,897 zzzzz ------> aaaaa
DEBUG 	 2019-04-21 02:31:54,898 mmmmm ------> nnnnn
DEBUG 	 2019-04-21 02:31:54,899 mmmmm ------> nnnnn
DEBUG 	 2019-04-21 02:31:54,900 iiiii ------> jjjjj
DEBUG 	 2019-04-21 02:31:54,901 FFFFF ------> GGGGG
DEBUG 	 2019-04-21 02:31:54,902 RRRRR ------> SSSSS
DEBUG 	 2019-04-21 02:31:54,903 BBBBB ------> CCCCC
DEBUG 	 2019-04-21 02:31:54,904 bbbbb ------> ccccc
DEBUG 	 2019-04-21 02:31:54,905 ttttt ------> uuuuu
DEBUG 	 2019-04-21 02:31:54,906 iiiii ------> jjjjj
DEBUG 	 2019-04-21 02:31:54,907 UUUUU ------> VVVVV
DEBUG 	 2019-04-21 02:31:54,908 LLLLL ------> MMMMM
DEBUG 	 2019-04-21 02:31:54,909 hhhhh ------> iiiii
DEBUG 	 2019-04-21 02:31:54,910 XXXXX ------> YYYYY
DEBUG 	 2019-04-21 02:31:54,911 aaaaa ------> bbbbb
DEBUG 	 2019-04-21 02:31:54,912 ddddd ------> eeeee
DEBUG 	 2019-04-21 02:31:54,913 iiiii ------> jjjjj
DEBUG 	 2019-04-21 02:31:54,914 uuuuu ------> vvvvv
DEBUG 	 2019-04-21 02:31:54,915 vvvvv ------> wwwww
DEBUG 	 2019-04-21 02:31:54,916 mmmmm ------> nnnnn
DEBUG 	 2019-04-21 02:31:54,917 yyyyy ------> zzzzz
DEBUG 	 2019-04-21 02:31:54,918 JJJJJ ------> KKKKK
DEBUG 	 2019-04-21 02:31:54,919 mmmmm ------> nnnnn
DEBUG 	 2019-04-21 02:31:54,920 aaaaa ------> bbbbb
DEBUG 	 2019-04-21 02:31:54,921 xxxxx ------> yyyyy
DEBUG 	 2019-04-21 02:31:54,922 jjjjj ------> kkkkk
DEBUG 	 2019-04-21 02:31:54,923 EEEEE ------> FFFFF
DEBUG 	 2019-04-21 02:31:54,924 CCCCC ------> DDDDD
DEBUG 	 2019-04-21 02:31:54,925 sssss ------> ttttt
DEBUG 	 2019-04-21 02:31:54,926 TTTTT ------> UUUUU
DEBUG 	 2019-04-21 02:31:54,927 qqqqq ------> rrrrr
DEBUG 	 2019-04-21 02:31:54,928 aaaaa ------> bbbbb
DEBUG 	 2019-04-21 02:31:54,929 JJJJJ ------> KKKKK
DEBUG 	 2019-04-21 02:31:54,930 CCCCC ------> DDDDD
DEBUG 	 2019-04-21 02:31:54,931 KKKKK ------> LLLLL
DEBUG 	 2019-04-21 02:31:54,932 ppppp ------> qqqqq
DEBUG 	 2019-04-21 02:31:54,933 aaaaa ------> bbbbb
DEBUG 	 2019-04-21 02:31:54,934 CCCCC ------> DDDDD
DEBUG 	 2019-04-21 02:31:54,935 nnnnn ------> ooooo
DEBUG 	 2019-04-21 02:31:54,936 wwwww ------> xxxxx
DEBUG 	 2019-04-21 02:31:54,937 yyyyy ------> zzzzz
DEBUG 	 2019-04-21 02:31:54,938 OOOOO ------> PPPPP
DEBUG 	 2019-04-21 02:31:54,939 zzzzz ------> aaaaa
DEBUG 	 2019-04-21 02:31:54,940 RRRRR ------> SSSSS
DEBUG 	 2019-04-21 02:31:54,941 uuuuu ------> vvvvv
DEBUG 	 2019-04-21 02:31:54,942 hhhhh ------> iiiii
DEBUG 	 2019-04-21 02:31:54,943 PPPPP ------> QQQQQ
DEBUG 	 2019-04-21 02:31:54,944 PPPPP ------> QQQQQ
DEBUG 	 2019-04-21 02:31:54,945 MMMMM ------> NNNNN
DEBUG 	 2019-04-21 02:31:54,946 ooooo ------> ppppp
DEBUG 	 2019-04-21 02:31:54,947 ttttt ------> uuuuu
DEBUG 	 2019-04-21 02:31:54,948 lllll ------> mmmmm
DEBUG 	 2019-04-21 02:31:54,949 ddddd ------> eeeee
DEBUG 	 2019-04-21 02:31:54,950 zzzzz ------> aaaaa
DEBUG 	 2019-04-21 02:31:54,951 EEEEE ------> FFFFF
DEBUG 	 2019-04-21 02:31:54,952 nnnnn ------> ooooo
DEBUG 	 2019-04-21 02:31:54,953 KKKKK ------> LLLLL
DEBUG 	 2019-04-21 02:31:54,954 ttttt ------> uuuuu
DEBUG 	 2019-04-21 02:31:54,955 CCCCC ------> DDDDD
DEBUG 	 2019-04-21 02:31:54,956 wwwww ------> xxxxx
DEBUG 	 2019-04-21 02:31:54,957 yyyyy ------> zzzzz
DEBUG 	 2019-04-21 02:31:54,958 lllll ------> mmmmm
DEBUG 	 2019-04-21 02:31:54,959 UUUUU ------> VVVVV
DEBUG 	 2019-04-21 02:31:54,960 ooooo ------> ppppp
DEBUG 	 2019-04-21 02:31:54,961 ccccc ------> ddddd
DEBUG 	 2019-04-21 02:31:54,962 RRRRR ------> SSSSS
DEBUG 	 2019-04-21 02:31:54,963 fffff ------> ggggg
DEBUG 	 2019-04-21 02:31:54,964 TTTTT ------> UUUUU
DEBUG 	 2019-04-21 02:31:54,965 iiiii ------> jjjjj
DEBUG 	 2019-04-21 02:31:54,966 KKKKK ------> LLLLL
DEBUG 	 2019-04-21 02:31:54,967 IIIII ------> JJJJJ
DEBUG 	 2019-04-21 02:31:54,968 ddddd ------> eeeee
DEBUG 	 2019-04-21 02:31:54,969 ooooo ------> ppppp
DEBUG 	 2019-04-21 02:31:54,970 mmmmm ------> nnnnn
DEBUG 	 2019-04-21 02:31:54,971 GGGGG ------> HHHHH
DEBUG 	 2019-04-21 02:31:54,972 HHHHH ------> IIIII
DEBUG 	 2019-04-21 02:31:54,973 LLLLL ------> MMMMM
DEBUG 	 2019-04-21 02:31:54,974 uuuuu ------> vvvvv
DEBUG 	 2019-04-21 02:31:54,975 AAAAA ------> BBBBB
DEBUG 	 2019-04-21 02:31:54,976 vvvvv ------> wwwww
DEBUG 	 2019-04-21 02:31:54,977 hhhhh ------> iiiii
DEBUG 	 2019-04-21 02:31:54,978 NNNNN ------> OOOOO
DEBUG 	 2019-04-21 02:31:54,979 WWWWW ------> XXXXX
DEBUG 	 2019-04-21 02:31:54,980 mmmmm ------> nnnnn
DEBUG 	 2019-04-21 02:31:54,981 ppppp ------> qqqqq
DEBUG 	 2019-04-21 02:31:54,982 lllll ------> mmmmm
DEBUG 	 2019-04-21 02:31:54,983 TTTTT ------> UUUUU
DEBUG 	 2019-04-21 02:31:54,984 wwwww ------> xxxxx
DEBUG 	 2019-04-21 02:31:54,985 sssss ------> ttttt
DEBUG 	 2019-04-21 02:31:54,986 JJJJJ ------> KKKKK
DEBUG 	 2019-04-21 02:31:54,987 ggggg ------> hhhhh
DEBUG 	 2019-04-21 02:31:54,988 lllll ------> mmmmm
DEBUG 	 2019-04-21 02:31:54,989 rrrrr ------> sssss
DEBUG 	 2019-04-21 02:31:54,990 sssss ------> ttttt
DEBUG 	 2019-04-21 02:31:54,991 QQQQQ ------> RRRRR
DEBUG 	 2019-04-21 02:31:54,992 LLLLL ------> MMMMM
DEBUG 	 2019-04-21 02:31:54,993 ttttt ------> uuuuu
DEBUG 	 2019-04-21 02:31:54,994 vvvvv ------> wwwww
DEBUG 	 2019-04-21 02:31:54,995 qqqqq ------> rrrrr
DEBUG 	 2019-04-21 02:31:54,996 QQQQQ ------> RRRRR
DEBUG 	 2019-04-21 02:31:54,997 SSSSS ------> TTTTT
DEBUG 	 2019-04-21 02:31:54,998 aaaaa ------> bbbbb
DEBUG 	 2019-04-21 02:31:54,999 OOOOO ------> PPPPP
DEBUG 	 2019-04-21 02:31:55,000 ggggg ------> hhhhh
DEBUG 	 2019-04-21 02:31:55,001 mmmmm ------> nnnnn
DEBUG 	 2019-04-21 02:31:55,002 KKKKK ------> LLLLL
DEBUG 	 2019-04-21 02:31:55,003 XXXXX ------> YYYYY
DEBUG 	 2019-04-21 02:31:55,004 eeeee ------> fffff
DEBUG 	 2019-04-21 02:31:55,005 zzzzz ------> aaaaa
DEBUG 	 2019-04-21 02:31:55,006 ZZZZZ ------> AAAAA
DEBUG 	 2019-04-21 02:31:55,007 fffff ------> ggggg
DEBUG 	 2019-04-21 02:31:55,008 ddddd ------> eeeee
DEBUG 	 2019-04-21 02:31:55,009 GGGGG ------> HHHHH
DEBUG 	 2019-04-21 02:31:55,010 XXXXX ------> YYYYY
DEBUG 	 2019-04-21 02:31:55,011 IIIII ------> JJJJJ
DEBUG 	 2019-04-21 02:31:55,012 kkkkk ------> lllll
DEBUG 	 2019-04-21 02:31:55,013 ZZZZZ ------> AAAAA
DEBUG 	 2019-04-21 02:31:55,014 LLLLL ------> MMMMM
DEBUG 	 2019-04-21 02:31:55,015 uuuuu ------> vvvvv
DEBUG 	 2019-04-21 02:31:55,016 bbbbb ------> ccccc
DEBUG 	 2019-04-21 02:31:55,017 lllll ------> mmmmm
DEBUG 	 2019-04-21 02:31:55,018 fffff ------> ggggg
DEBUG 	 2019-04-21 02:31:55,019 BBBBB ------> CCCCC
DEBUG 	 2019-04-21 02:31:55,020 fffff ------> ggggg
DEBUG 	 2019-04-21 02:31:55,021 ccccc ------> ddddd
DEBUG 	 2019-04-21 02:31:55,022 HHHHH ------> IIIII
DEBUG 	 2019-04-21 02:31:55,023 ggggg ------> hhhhh
DEBUG 	 2019-04-21 02:31:55,024 AAAAA ------> BBBBB
DEBUG 	 2019-04-21 02:31:55,025 sssss ------> ttttt
DEBUG 	 2019-04-21 02:31:55,026 zzzzz ------> aaaaa
DEBUG 	 2019-04-21 02:31:55,027 ppppp ------> qqqqq
DEBUG 	 2019-04-21 02:31:55,028 eeeee ------> fffff
DEBUG 	 2019-04-21 02:31:55,029 uuuuu ------> vvvvv
DEBUG 	 2019-04-21 02:31:55,030 ppppp ------> qqqqq
DEBUG 	 2019-04-21 02:31:55,031 VVVVV ------> WWWWW
DEBUG 	 2019-04-21 02:31:55,032 AAAAA ------> BBBBB
DEBUG 	 2019-04-21 02:31:55,033 CCCCC ------> DDDDD
DEBUG 	 2019-04-21 02:31:55,034 ccccc ------> ddddd
DEBUG 	 2019-04-21 02:31:55,035 QQQQQ ------> RRRRR
DEBUG 	 2019-04-21 02:31:55,036 PPPPP ------> QQQQQ
DEBUG 	 2019-04-21 02:31:55,037 AAAAA ------> BBBBB
DEBUG 	 2019-04-21 02:31:55,038 ZZZZZ ------> AAAAA
DEBUG 	 2019-04-21 02:31:55,039 yyyyy ------> zzzzz
DEBUG 	 2019-04-21 02:31:55,040 hhhhh ------> iiiii
DEBUG 	 2019-04-21 02:31:55,041 ooooo ------> ppppp
DEBUG 	 2019-04-21 02:31:55,042 TTTTT ------> UUUUU
DEBUG 	 2019-04-21 02:31:55,043 wwwww ------> xxxxx
DEBUG 	 2019-04-21 02:31:55,044 aaaaa ------> bbbbb
DEBUG 	 2019-04-21 02:31:55,045 ttttt ------> uuuuu
DEBUG 	 2019-04-21 02:31:55,046 LLLLL ------> MMMMM
DEBUG 	 2019-04-21 02:31:55,047 TTTTT ------> UUUUU
DEBUG 	 2019-04-21 02:31:55,048 vvvvv ------> wwwww
DEBUG 	 2019-04-21 02:31:55,049 GGGGG ------> HHHHH
INFO 	 2019-04-21 02:31:55,049 Error rate: 0.0
