04/20/2019 10:55:05 PM Serial port COM3 opened successfully.
04/20/2019 10:55:05 PM Running: 1000 tests with baud rate: 500000
04/20/2019 10:55:05 PM F ------> G
04/20/2019 10:55:05 PM s ------> t
04/20/2019 10:55:05 PM Y ------> Z
04/20/2019 10:55:05 PM e ------> f
04/20/2019 10:55:05 PM i ------> j
04/20/2019 10:55:05 PM T ------> U
04/20/2019 10:55:05 PM f ------> g
04/20/2019 10:55:05 PM I ------> J
04/20/2019 10:55:05 PM N ------> O
04/20/2019 10:55:05 PM Y ------> Z
04/20/2019 10:55:05 PM j ------> k
04/20/2019 10:55:05 PM Y ------> Z
04/20/2019 10:55:05 PM Y ------> Z
04/20/2019 10:55:05 PM p ------> q
04/20/2019 10:55:05 PM l ------> m
04/20/2019 10:55:05 PM C ------> D
04/20/2019 10:55:05 PM g ------> h
04/20/2019 10:55:05 PM e ------> f
04/20/2019 10:55:05 PM I ------> J
04/20/2019 10:55:05 PM U ------> V
04/20/2019 10:55:05 PM K ------> L
04/20/2019 10:55:05 PM m ------> n
04/20/2019 10:55:05 PM z ------> a
04/20/2019 10:55:05 PM e ------> f
04/20/2019 10:55:05 PM w ------> x
04/20/2019 10:55:05 PM F ------> G
04/20/2019 10:55:05 PM C ------> D
04/20/2019 10:55:05 PM n ------> o
04/20/2019 10:55:05 PM o ------> p
04/20/2019 10:55:05 PM z ------> a
04/20/2019 10:55:05 PM F ------> G
04/20/2019 10:55:05 PM s ------> t
04/20/2019 10:55:05 PM o ------> p
04/20/2019 10:55:05 PM k ------> l
04/20/2019 10:55:05 PM H ------> I
04/20/2019 10:55:05 PM M ------> N
04/20/2019 10:55:05 PM f ------> g
04/20/2019 10:55:05 PM O ------> P
04/20/2019 10:55:05 PM v ------> w
04/20/2019 10:55:05 PM Y ------> Z
04/20/2019 10:55:05 PM m ------> n
04/20/2019 10:55:05 PM q ------> r
04/20/2019 10:55:05 PM J ------> K
04/20/2019 10:55:05 PM V ------> W
04/20/2019 10:55:05 PM v ------> w
04/20/2019 10:55:05 PM Z ------> A
04/20/2019 10:55:05 PM J ------> K
04/20/2019 10:55:05 PM t ------> u
04/20/2019 10:55:05 PM u ------> v
04/20/2019 10:55:05 PM i ------> j
04/20/2019 10:55:05 PM U ------> V
04/20/2019 10:55:05 PM y ------> z
04/20/2019 10:55:05 PM k ------> l
04/20/2019 10:55:05 PM N ------> O
04/20/2019 10:55:05 PM Q ------> R
04/20/2019 10:55:05 PM B ------> C
04/20/2019 10:55:05 PM d ------> e
04/20/2019 10:55:05 PM t ------> u
04/20/2019 10:55:05 PM p ------> q
04/20/2019 10:55:05 PM Z ------> A
04/20/2019 10:55:05 PM T ------> U
04/20/2019 10:55:05 PM M ------> N
04/20/2019 10:55:05 PM E ------> F
04/20/2019 10:55:05 PM A ------> B
04/20/2019 10:55:05 PM K ------> L
04/20/2019 10:55:05 PM p ------> q
04/20/2019 10:55:05 PM M ------> N
04/20/2019 10:55:05 PM x ------> y
04/20/2019 10:55:05 PM y ------> z
04/20/2019 10:55:05 PM W ------> X
04/20/2019 10:55:05 PM k ------> l
04/20/2019 10:55:05 PM r ------> s
04/20/2019 10:55:05 PM O ------> P
04/20/2019 10:55:05 PM n ------> o
04/20/2019 10:55:05 PM a ------> b
04/20/2019 10:55:05 PM a ------> b
04/20/2019 10:55:05 PM w ------> x
04/20/2019 10:55:05 PM k ------> l
04/20/2019 10:55:05 PM s ------> t
04/20/2019 10:55:05 PM x ------> y
04/20/2019 10:55:05 PM f ------> g
04/20/2019 10:55:05 PM a ------> b
04/20/2019 10:55:05 PM Q ------> R
04/20/2019 10:55:05 PM h ------> i
04/20/2019 10:55:05 PM B ------> C
04/20/2019 10:55:05 PM A ------> B
04/20/2019 10:55:05 PM U ------> V
04/20/2019 10:55:05 PM A ------> B
04/20/2019 10:55:05 PM I ------> J
04/20/2019 10:55:05 PM o ------> p
04/20/2019 10:55:05 PM h ------> i
04/20/2019 10:55:05 PM v ------> w
04/20/2019 10:55:05 PM N ------> O
04/20/2019 10:55:05 PM d ------> e
04/20/2019 10:55:05 PM M ------> N
04/20/2019 10:55:05 PM b ------> c
04/20/2019 10:55:05 PM n ------> o
04/20/2019 10:55:05 PM t ------> u
04/20/2019 10:55:05 PM d ------> e
04/20/2019 10:55:05 PM d ------> e
04/20/2019 10:55:05 PM b ------> c
04/20/2019 10:55:05 PM m ------> n
04/20/2019 10:55:05 PM D ------> E
04/20/2019 10:55:05 PM n ------> o
04/20/2019 10:55:05 PM v ------> w
04/20/2019 10:55:05 PM a ------> b
04/20/2019 10:55:05 PM S ------> T
04/20/2019 10:55:05 PM X ------> Y
04/20/2019 10:55:05 PM G ------> H
04/20/2019 10:55:05 PM F ------> G
04/20/2019 10:55:05 PM z ------> a
04/20/2019 10:55:05 PM h ------> i
04/20/2019 10:55:05 PM Z ------> A
04/20/2019 10:55:05 PM W ------> X
04/20/2019 10:55:05 PM M ------> N
04/20/2019 10:55:05 PM W ------> X
04/20/2019 10:55:05 PM n ------> o
04/20/2019 10:55:05 PM Q ------> R
04/20/2019 10:55:05 PM L ------> M
04/20/2019 10:55:05 PM y ------> z
04/20/2019 10:55:05 PM K ------> L
04/20/2019 10:55:05 PM j ------> k
04/20/2019 10:55:05 PM t ------> u
04/20/2019 10:55:05 PM b ------> c
04/20/2019 10:55:05 PM s ------> t
04/20/2019 10:55:05 PM A ------> B
04/20/2019 10:55:05 PM g ------> h
04/20/2019 10:55:05 PM E ------> F
04/20/2019 10:55:05 PM n ------> o
04/20/2019 10:55:05 PM p ------> q
04/20/2019 10:55:05 PM I ------> J
04/20/2019 10:55:05 PM o ------> p
04/20/2019 10:55:05 PM z ------> a
04/20/2019 10:55:05 PM x ------> y
04/20/2019 10:55:05 PM b ------> c
04/20/2019 10:55:05 PM K ------> L
04/20/2019 10:55:05 PM G ------> H
04/20/2019 10:55:05 PM k ------> l
04/20/2019 10:55:05 PM Q ------> R
04/20/2019 10:55:05 PM Y ------> Z
04/20/2019 10:55:05 PM S ------> T
04/20/2019 10:55:05 PM L ------> M
04/20/2019 10:55:05 PM c ------> d
04/20/2019 10:55:05 PM A ------> B
04/20/2019 10:55:05 PM t ------> u
04/20/2019 10:55:05 PM x ------> y
04/20/2019 10:55:05 PM Y ------> Z
04/20/2019 10:55:05 PM X ------> Y
04/20/2019 10:55:05 PM V ------> W
04/20/2019 10:55:05 PM y ------> z
04/20/2019 10:55:05 PM J ------> K
04/20/2019 10:55:05 PM B ------> C
04/20/2019 10:55:05 PM m ------> n
04/20/2019 10:55:05 PM k ------> l
04/20/2019 10:55:05 PM G ------> H
04/20/2019 10:55:05 PM g ------> h
04/20/2019 10:55:05 PM g ------> h
04/20/2019 10:55:05 PM C ------> D
04/20/2019 10:55:05 PM m ------> n
04/20/2019 10:55:05 PM W ------> X
04/20/2019 10:55:05 PM Q ------> R
04/20/2019 10:55:05 PM t ------> u
04/20/2019 10:55:05 PM f ------> g
04/20/2019 10:55:05 PM P ------> Q
04/20/2019 10:55:05 PM g ------> h
04/20/2019 10:55:05 PM W ------> X
04/20/2019 10:55:05 PM N ------> O
04/20/2019 10:55:05 PM f ------> g
04/20/2019 10:55:05 PM I ------> J
04/20/2019 10:55:05 PM k ------> l
04/20/2019 10:55:05 PM U ------> V
04/20/2019 10:55:05 PM z ------> a
04/20/2019 10:55:05 PM G ------> H
04/20/2019 10:55:05 PM X ------> Y
04/20/2019 10:55:05 PM a ------> b
04/20/2019 10:55:05 PM b ------> c
04/20/2019 10:55:05 PM T ------> U
04/20/2019 10:55:05 PM R ------> S
04/20/2019 10:55:05 PM a ------> b
04/20/2019 10:55:05 PM r ------> s
04/20/2019 10:55:05 PM A ------> B
04/20/2019 10:55:05 PM c ------> d
04/20/2019 10:55:05 PM g ------> h
04/20/2019 10:55:05 PM Q ------> R
04/20/2019 10:55:05 PM d ------> e
04/20/2019 10:55:05 PM N ------> O
04/20/2019 10:55:05 PM E ------> F
04/20/2019 10:55:05 PM b ------> c
04/20/2019 10:55:05 PM M ------> N
04/20/2019 10:55:05 PM U ------> V
04/20/2019 10:55:05 PM d ------> e
04/20/2019 10:55:05 PM U ------> V
04/20/2019 10:55:05 PM Q ------> R
04/20/2019 10:55:05 PM q ------> r
04/20/2019 10:55:05 PM o ------> p
04/20/2019 10:55:05 PM r ------> s
04/20/2019 10:55:05 PM X ------> Y
04/20/2019 10:55:05 PM P ------> Q
04/20/2019 10:55:05 PM v ------> w
04/20/2019 10:55:05 PM E ------> F
04/20/2019 10:55:05 PM t ------> u
04/20/2019 10:55:05 PM t ------> u
04/20/2019 10:55:05 PM X ------> Y
04/20/2019 10:55:05 PM E ------> F
04/20/2019 10:55:05 PM M ------> N
04/20/2019 10:55:05 PM L ------> M
04/20/2019 10:55:05 PM y ------> z
04/20/2019 10:55:05 PM q ------> r
04/20/2019 10:55:05 PM a ------> b
04/20/2019 10:55:05 PM Q ------> R
04/20/2019 10:55:05 PM g ------> h
04/20/2019 10:55:05 PM c ------> d
04/20/2019 10:55:05 PM a ------> b
04/20/2019 10:55:05 PM l ------> m
04/20/2019 10:55:05 PM w ------> x
04/20/2019 10:55:05 PM H ------> I
04/20/2019 10:55:05 PM I ------> J
04/20/2019 10:55:05 PM l ------> m
04/20/2019 10:55:05 PM m ------> n
04/20/2019 10:55:05 PM B ------> C
04/20/2019 10:55:05 PM L ------> M
04/20/2019 10:55:05 PM A ------> B
04/20/2019 10:55:05 PM d ------> e
04/20/2019 10:55:05 PM x ------> y
04/20/2019 10:55:05 PM r ------> s
04/20/2019 10:55:05 PM A ------> B
04/20/2019 10:55:05 PM u ------> v
04/20/2019 10:55:05 PM X ------> Y
04/20/2019 10:55:05 PM Z ------> A
04/20/2019 10:55:05 PM d ------> e
04/20/2019 10:55:05 PM p ------> q
04/20/2019 10:55:05 PM g ------> h
04/20/2019 10:55:05 PM l ------> m
04/20/2019 10:55:05 PM o ------> p
04/20/2019 10:55:05 PM G ------> H
04/20/2019 10:55:05 PM d ------> e
04/20/2019 10:55:05 PM X ------> Y
04/20/2019 10:55:05 PM r ------> s
04/20/2019 10:55:05 PM j ------> k
04/20/2019 10:55:05 PM U ------> V
04/20/2019 10:55:05 PM U ------> V
04/20/2019 10:55:05 PM p ------> q
04/20/2019 10:55:05 PM U ------> V
04/20/2019 10:55:05 PM w ------> x
04/20/2019 10:55:05 PM I ------> J
04/20/2019 10:55:05 PM o ------> p
04/20/2019 10:55:05 PM P ------> Q
04/20/2019 10:55:05 PM N ------> O
04/20/2019 10:55:05 PM O ------> P
04/20/2019 10:55:05 PM u ------> v
04/20/2019 10:55:05 PM u ------> v
04/20/2019 10:55:05 PM I ------> J
04/20/2019 10:55:05 PM y ------> z
04/20/2019 10:55:05 PM m ------> n
04/20/2019 10:55:05 PM T ------> U
04/20/2019 10:55:05 PM P ------> Q
04/20/2019 10:55:05 PM p ------> q
04/20/2019 10:55:05 PM q ------> r
04/20/2019 10:55:05 PM u ------> v
04/20/2019 10:55:05 PM I ------> J
04/20/2019 10:55:05 PM D ------> E
04/20/2019 10:55:05 PM l ------> m
04/20/2019 10:55:05 PM X ------> Y
04/20/2019 10:55:05 PM e ------> f
04/20/2019 10:55:05 PM J ------> K
04/20/2019 10:55:05 PM s ------> t
04/20/2019 10:55:05 PM Q ------> R
04/20/2019 10:55:05 PM x ------> y
04/20/2019 10:55:05 PM q ------> r
04/20/2019 10:55:05 PM R ------> S
04/20/2019 10:55:05 PM g ------> h
04/20/2019 10:55:05 PM R ------> S
04/20/2019 10:55:05 PM n ------> o
04/20/2019 10:55:05 PM c ------> d
04/20/2019 10:55:05 PM e ------> f
04/20/2019 10:55:05 PM a ------> b
04/20/2019 10:55:05 PM N ------> O
04/20/2019 10:55:05 PM E ------> F
04/20/2019 10:55:05 PM T ------> U
04/20/2019 10:55:05 PM W ------> X
04/20/2019 10:55:05 PM o ------> p
04/20/2019 10:55:05 PM U ------> V
04/20/2019 10:55:05 PM D ------> E
04/20/2019 10:55:05 PM S ------> T
04/20/2019 10:55:05 PM N ------> O
04/20/2019 10:55:05 PM G ------> H
04/20/2019 10:55:05 PM O ------> P
04/20/2019 10:55:05 PM F ------> G
04/20/2019 10:55:05 PM Z ------> A
04/20/2019 10:55:05 PM C ------> D
04/20/2019 10:55:05 PM R ------> S
04/20/2019 10:55:05 PM W ------> X
04/20/2019 10:55:05 PM C ------> D
04/20/2019 10:55:05 PM Y ------> Z
04/20/2019 10:55:05 PM u ------> v
04/20/2019 10:55:05 PM N ------> O
04/20/2019 10:55:05 PM e ------> f
04/20/2019 10:55:05 PM S ------> T
04/20/2019 10:55:05 PM v ------> w
04/20/2019 10:55:05 PM s ------> t
04/20/2019 10:55:05 PM L ------> M
04/20/2019 10:55:05 PM j ------> k
04/20/2019 10:55:05 PM f ------> g
04/20/2019 10:55:05 PM A ------> B
04/20/2019 10:55:05 PM o ------> p
04/20/2019 10:55:05 PM G ------> H
04/20/2019 10:55:05 PM c ------> d
04/20/2019 10:55:05 PM J ------> K
04/20/2019 10:55:05 PM N ------> O
04/20/2019 10:55:05 PM a ------> b
04/20/2019 10:55:05 PM Y ------> Z
04/20/2019 10:55:05 PM t ------> u
04/20/2019 10:55:05 PM t ------> u
04/20/2019 10:55:05 PM k ------> l
04/20/2019 10:55:05 PM h ------> i
04/20/2019 10:55:05 PM B ------> C
04/20/2019 10:55:05 PM D ------> E
04/20/2019 10:55:05 PM K ------> L
04/20/2019 10:55:05 PM y ------> z
04/20/2019 10:55:05 PM X ------> Y
04/20/2019 10:55:05 PM E ------> F
04/20/2019 10:55:05 PM j ------> k
04/20/2019 10:55:05 PM V ------> W
04/20/2019 10:55:05 PM S ------> T
04/20/2019 10:55:05 PM S ------> T
04/20/2019 10:55:05 PM e ------> f
04/20/2019 10:55:05 PM u ------> v
04/20/2019 10:55:05 PM z ------> a
04/20/2019 10:55:05 PM y ------> z
04/20/2019 10:55:05 PM Q ------> R
04/20/2019 10:55:05 PM h ------> i
04/20/2019 10:55:05 PM R ------> S
04/20/2019 10:55:05 PM c ------> d
04/20/2019 10:55:05 PM w ------> x
04/20/2019 10:55:05 PM m ------> n
04/20/2019 10:55:05 PM a ------> b
04/20/2019 10:55:05 PM c ------> d
04/20/2019 10:55:05 PM Q ------> R
04/20/2019 10:55:05 PM Z ------> A
04/20/2019 10:55:05 PM F ------> G
04/20/2019 10:55:05 PM u ------> v
04/20/2019 10:55:05 PM W ------> X
04/20/2019 10:55:05 PM k ------> l
04/20/2019 10:55:05 PM c ------> d
04/20/2019 10:55:05 PM a ------> b
04/20/2019 10:55:05 PM V ------> W
04/20/2019 10:55:05 PM H ------> I
04/20/2019 10:55:05 PM r ------> s
04/20/2019 10:55:05 PM G ------> H
04/20/2019 10:55:05 PM T ------> U
04/20/2019 10:55:05 PM Q ------> R
04/20/2019 10:55:05 PM g ------> h
04/20/2019 10:55:05 PM x ------> y
04/20/2019 10:55:05 PM n ------> o
04/20/2019 10:55:05 PM I ------> J
04/20/2019 10:55:05 PM j ------> k
04/20/2019 10:55:05 PM m ------> n
04/20/2019 10:55:05 PM V ------> W
04/20/2019 10:55:05 PM e ------> f
04/20/2019 10:55:05 PM e ------> f
04/20/2019 10:55:05 PM B ------> C
04/20/2019 10:55:05 PM p ------> q
04/20/2019 10:55:05 PM E ------> F
04/20/2019 10:55:05 PM p ------> q
04/20/2019 10:55:05 PM o ------> p
04/20/2019 10:55:05 PM D ------> E
04/20/2019 10:55:05 PM u ------> v
04/20/2019 10:55:05 PM k ------> l
04/20/2019 10:55:05 PM j ------> k
04/20/2019 10:55:05 PM p ------> q
04/20/2019 10:55:05 PM c ------> d
04/20/2019 10:55:05 PM e ------> f
04/20/2019 10:55:05 PM C ------> D
04/20/2019 10:55:05 PM x ------> y
04/20/2019 10:55:05 PM K ------> L
04/20/2019 10:55:05 PM M ------> N
04/20/2019 10:55:05 PM N ------> O
04/20/2019 10:55:05 PM z ------> a
04/20/2019 10:55:05 PM l ------> m
04/20/2019 10:55:05 PM g ------> h
04/20/2019 10:55:05 PM u ------> v
04/20/2019 10:55:05 PM g ------> h
04/20/2019 10:55:05 PM l ------> m
04/20/2019 10:55:05 PM L ------> M
04/20/2019 10:55:05 PM o ------> p
04/20/2019 10:55:05 PM H ------> I
04/20/2019 10:55:05 PM M ------> N
04/20/2019 10:55:05 PM y ------> z
04/20/2019 10:55:05 PM W ------> X
04/20/2019 10:55:05 PM c ------> d
04/20/2019 10:55:05 PM z ------> a
04/20/2019 10:55:05 PM Y ------> Z
04/20/2019 10:55:05 PM X ------> Y
04/20/2019 10:55:05 PM B ------> C
04/20/2019 10:55:05 PM b ------> c
04/20/2019 10:55:05 PM m ------> n
04/20/2019 10:55:05 PM J ------> K
04/20/2019 10:55:05 PM O ------> P
04/20/2019 10:55:05 PM u ------> v
04/20/2019 10:55:05 PM o ------> p
04/20/2019 10:55:05 PM m ------> n
04/20/2019 10:55:05 PM J ------> K
04/20/2019 10:55:05 PM P ------> Q
04/20/2019 10:55:05 PM m ------> n
04/20/2019 10:55:05 PM t ------> u
04/20/2019 10:55:05 PM n ------> o
04/20/2019 10:55:05 PM L ------> M
04/20/2019 10:55:05 PM P ------> Q
04/20/2019 10:55:05 PM K ------> L
04/20/2019 10:55:05 PM A ------> B
04/20/2019 10:55:05 PM I ------> J
04/20/2019 10:55:05 PM v ------> w
04/20/2019 10:55:05 PM M ------> N
04/20/2019 10:55:05 PM q ------> r
04/20/2019 10:55:05 PM t ------> u
04/20/2019 10:55:05 PM G ------> H
04/20/2019 10:55:05 PM X ------> Y
04/20/2019 10:55:05 PM d ------> e
04/20/2019 10:55:05 PM r ------> s
04/20/2019 10:55:05 PM N ------> O
04/20/2019 10:55:05 PM P ------> Q
04/20/2019 10:55:05 PM h ------> i
04/20/2019 10:55:05 PM e ------> f
04/20/2019 10:55:05 PM v ------> w
04/20/2019 10:55:05 PM x ------> y
04/20/2019 10:55:05 PM J ------> K
04/20/2019 10:55:05 PM p ------> q
04/20/2019 10:55:05 PM D ------> E
04/20/2019 10:55:05 PM P ------> Q
04/20/2019 10:55:05 PM x ------> y
04/20/2019 10:55:05 PM y ------> z
04/20/2019 10:55:05 PM w ------> x
04/20/2019 10:55:05 PM t ------> u
04/20/2019 10:55:05 PM G ------> H
04/20/2019 10:55:05 PM H ------> I
04/20/2019 10:55:05 PM o ------> p
04/20/2019 10:55:05 PM O ------> P
04/20/2019 10:55:05 PM p ------> q
04/20/2019 10:55:06 PM b ------> c
04/20/2019 10:55:06 PM X ------> Y
04/20/2019 10:55:06 PM y ------> z
04/20/2019 10:55:06 PM p ------> q
04/20/2019 10:55:06 PM I ------> J
04/20/2019 10:55:06 PM Y ------> Z
04/20/2019 10:55:06 PM g ------> h
04/20/2019 10:55:06 PM d ------> e
04/20/2019 10:55:06 PM G ------> H
04/20/2019 10:55:06 PM b ------> c
04/20/2019 10:55:06 PM M ------> N
04/20/2019 10:55:06 PM k ------> l
04/20/2019 10:55:06 PM j ------> k
04/20/2019 10:55:06 PM e ------> f
04/20/2019 10:55:06 PM o ------> p
04/20/2019 10:55:06 PM f ------> g
04/20/2019 10:55:06 PM v ------> w
04/20/2019 10:55:06 PM m ------> n
04/20/2019 10:55:06 PM e ------> f
04/20/2019 10:55:06 PM e ------> f
04/20/2019 10:55:06 PM V ------> W
04/20/2019 10:55:06 PM v ------> w
04/20/2019 10:55:06 PM h ------> i
04/20/2019 10:55:06 PM H ------> I
04/20/2019 10:55:06 PM V ------> W
04/20/2019 10:55:06 PM t ------> u
04/20/2019 10:55:06 PM O ------> P
04/20/2019 10:55:06 PM p ------> q
04/20/2019 10:55:06 PM S ------> T
04/20/2019 10:55:06 PM F ------> G
04/20/2019 10:55:06 PM t ------> u
04/20/2019 10:55:06 PM f ------> g
04/20/2019 10:55:06 PM G ------> H
04/20/2019 10:55:06 PM J ------> K
04/20/2019 10:55:06 PM C ------> D
04/20/2019 10:55:06 PM x ------> y
04/20/2019 10:55:06 PM X ------> Y
04/20/2019 10:55:06 PM A ------> B
04/20/2019 10:55:06 PM J ------> K
04/20/2019 10:55:06 PM s ------> t
04/20/2019 10:55:06 PM M ------> N
04/20/2019 10:55:06 PM L ------> M
04/20/2019 10:55:06 PM o ------> p
04/20/2019 10:55:06 PM z ------> a
04/20/2019 10:55:06 PM Z ------> A
04/20/2019 10:55:06 PM b ------> c
04/20/2019 10:55:06 PM n ------> o
04/20/2019 10:55:06 PM M ------> N
04/20/2019 10:55:06 PM h ------> i
04/20/2019 10:55:06 PM R ------> S
04/20/2019 10:55:06 PM V ------> W
04/20/2019 10:55:06 PM X ------> Y
04/20/2019 10:55:06 PM y ------> z
04/20/2019 10:55:06 PM n ------> o
04/20/2019 10:55:06 PM q ------> r
04/20/2019 10:55:06 PM W ------> X
04/20/2019 10:55:06 PM v ------> w
04/20/2019 10:55:06 PM k ------> l
04/20/2019 10:55:06 PM L ------> M
04/20/2019 10:55:06 PM c ------> d
04/20/2019 10:55:06 PM z ------> a
04/20/2019 10:55:06 PM k ------> l
04/20/2019 10:55:06 PM p ------> q
04/20/2019 10:55:06 PM M ------> N
04/20/2019 10:55:06 PM i ------> j
04/20/2019 10:55:06 PM x ------> y
04/20/2019 10:55:06 PM m ------> n
04/20/2019 10:55:06 PM u ------> v
04/20/2019 10:55:06 PM g ------> h
04/20/2019 10:55:06 PM l ------> m
04/20/2019 10:55:06 PM I ------> J
04/20/2019 10:55:06 PM U ------> V
04/20/2019 10:55:06 PM C ------> D
04/20/2019 10:55:06 PM T ------> U
04/20/2019 10:55:06 PM b ------> c
04/20/2019 10:55:06 PM Q ------> R
04/20/2019 10:55:06 PM s ------> t
04/20/2019 10:55:06 PM c ------> d
04/20/2019 10:55:06 PM h ------> i
04/20/2019 10:55:06 PM z ------> a
04/20/2019 10:55:06 PM A ------> B
04/20/2019 10:55:06 PM K ------> L
04/20/2019 10:55:06 PM X ------> Y
04/20/2019 10:55:06 PM q ------> r
04/20/2019 10:55:06 PM s ------> t
04/20/2019 10:55:06 PM P ------> Q
04/20/2019 10:55:06 PM x ------> y
04/20/2019 10:55:06 PM K ------> L
04/20/2019 10:55:06 PM j ------> k
04/20/2019 10:55:06 PM p ------> q
04/20/2019 10:55:06 PM D ------> E
04/20/2019 10:55:06 PM S ------> T
04/20/2019 10:55:06 PM B ------> C
04/20/2019 10:55:06 PM X ------> Y
04/20/2019 10:55:06 PM i ------> j
04/20/2019 10:55:06 PM f ------> g
04/20/2019 10:55:06 PM y ------> z
04/20/2019 10:55:06 PM T ------> U
04/20/2019 10:55:06 PM t ------> u
04/20/2019 10:55:06 PM u ------> v
04/20/2019 10:55:06 PM V ------> W
04/20/2019 10:55:06 PM c ------> d
04/20/2019 10:55:06 PM k ------> l
04/20/2019 10:55:06 PM V ------> W
04/20/2019 10:55:06 PM X ------> Y
04/20/2019 10:55:06 PM o ------> p
04/20/2019 10:55:06 PM l ------> m
04/20/2019 10:55:06 PM e ------> f
04/20/2019 10:55:06 PM Z ------> A
04/20/2019 10:55:06 PM T ------> U
04/20/2019 10:55:06 PM r ------> s
04/20/2019 10:55:06 PM T ------> U
04/20/2019 10:55:06 PM a ------> b
04/20/2019 10:55:06 PM s ------> t
04/20/2019 10:55:06 PM g ------> h
04/20/2019 10:55:06 PM I ------> J
04/20/2019 10:55:06 PM Y ------> Z
04/20/2019 10:55:06 PM S ------> T
04/20/2019 10:55:06 PM s ------> t
04/20/2019 10:55:06 PM p ------> q
04/20/2019 10:55:06 PM y ------> z
04/20/2019 10:55:06 PM a ------> b
04/20/2019 10:55:06 PM c ------> d
04/20/2019 10:55:06 PM G ------> H
04/20/2019 10:55:06 PM f ------> g
04/20/2019 10:55:06 PM v ------> w
04/20/2019 10:55:06 PM r ------> s
04/20/2019 10:55:06 PM Q ------> R
04/20/2019 10:55:06 PM h ------> i
04/20/2019 10:55:06 PM M ------> N
04/20/2019 10:55:06 PM h ------> i
04/20/2019 10:55:06 PM e ------> f
04/20/2019 10:55:06 PM V ------> W
04/20/2019 10:55:06 PM a ------> b
04/20/2019 10:55:06 PM t ------> u
04/20/2019 10:55:06 PM k ------> l
04/20/2019 10:55:06 PM B ------> C
04/20/2019 10:55:06 PM S ------> T
04/20/2019 10:55:06 PM T ------> U
04/20/2019 10:55:06 PM y ------> z
04/20/2019 10:55:06 PM j ------> k
04/20/2019 10:55:06 PM p ------> q
04/20/2019 10:55:06 PM P ------> Q
04/20/2019 10:55:06 PM h ------> i
04/20/2019 10:55:06 PM P ------> Q
04/20/2019 10:55:06 PM H ------> I
04/20/2019 10:55:06 PM H ------> I
04/20/2019 10:55:06 PM a ------> b
04/20/2019 10:55:06 PM T ------> U
04/20/2019 10:55:06 PM J ------> K
04/20/2019 10:55:06 PM C ------> D
04/20/2019 10:55:06 PM H ------> I
04/20/2019 10:55:06 PM I ------> J
04/20/2019 10:55:06 PM h ------> i
04/20/2019 10:55:06 PM u ------> v
04/20/2019 10:55:06 PM t ------> u
04/20/2019 10:55:06 PM x ------> y
04/20/2019 10:55:06 PM P ------> Q
04/20/2019 10:55:06 PM L ------> M
04/20/2019 10:55:06 PM B ------> C
04/20/2019 10:55:06 PM A ------> B
04/20/2019 10:55:06 PM g ------> h
04/20/2019 10:55:06 PM L ------> M
04/20/2019 10:55:06 PM l ------> m
04/20/2019 10:55:06 PM O ------> P
04/20/2019 10:55:06 PM v ------> w
04/20/2019 10:55:06 PM d ------> e
04/20/2019 10:55:06 PM u ------> v
04/20/2019 10:55:06 PM v ------> w
04/20/2019 10:55:06 PM j ------> k
04/20/2019 10:55:06 PM b ------> c
04/20/2019 10:55:06 PM C ------> D
04/20/2019 10:55:06 PM d ------> e
04/20/2019 10:55:06 PM O ------> P
04/20/2019 10:55:06 PM s ------> t
04/20/2019 10:55:06 PM G ------> H
04/20/2019 10:55:06 PM t ------> u
04/20/2019 10:55:06 PM O ------> P
04/20/2019 10:55:06 PM B ------> C
04/20/2019 10:55:06 PM A ------> B
04/20/2019 10:55:06 PM O ------> P
04/20/2019 10:55:06 PM O ------> P
04/20/2019 10:55:06 PM b ------> c
04/20/2019 10:55:06 PM N ------> O
04/20/2019 10:55:06 PM s ------> t
04/20/2019 10:55:06 PM a ------> b
04/20/2019 10:55:06 PM w ------> x
04/20/2019 10:55:06 PM y ------> z
04/20/2019 10:55:06 PM Y ------> Z
04/20/2019 10:55:06 PM J ------> K
04/20/2019 10:55:06 PM a ------> b
04/20/2019 10:55:06 PM S ------> T
04/20/2019 10:55:06 PM q ------> r
04/20/2019 10:55:06 PM k ------> l
04/20/2019 10:55:06 PM w ------> x
04/20/2019 10:55:06 PM f ------> g
04/20/2019 10:55:06 PM X ------> Y
04/20/2019 10:55:06 PM L ------> M
04/20/2019 10:55:06 PM E ------> F
04/20/2019 10:55:06 PM B ------> C
04/20/2019 10:55:06 PM p ------> q
04/20/2019 10:55:06 PM i ------> j
04/20/2019 10:55:06 PM D ------> E
04/20/2019 10:55:06 PM M ------> N
04/20/2019 10:55:06 PM q ------> r
04/20/2019 10:55:06 PM g ------> h
04/20/2019 10:55:06 PM B ------> C
04/20/2019 10:55:06 PM y ------> z
04/20/2019 10:55:06 PM L ------> M
04/20/2019 10:55:06 PM B ------> C
04/20/2019 10:55:06 PM d ------> e
04/20/2019 10:55:06 PM W ------> X
04/20/2019 10:55:06 PM z ------> a
04/20/2019 10:55:06 PM B ------> C
04/20/2019 10:55:06 PM u ------> v
04/20/2019 10:55:06 PM W ------> X
04/20/2019 10:55:06 PM D ------> E
04/20/2019 10:55:06 PM g ------> h
04/20/2019 10:55:06 PM U ------> V
04/20/2019 10:55:06 PM Q ------> R
04/20/2019 10:55:06 PM S ------> T
04/20/2019 10:55:06 PM u ------> v
04/20/2019 10:55:06 PM C ------> D
04/20/2019 10:55:06 PM E ------> F
04/20/2019 10:55:06 PM m ------> n
04/20/2019 10:55:06 PM m ------> n
04/20/2019 10:55:06 PM s ------> t
04/20/2019 10:55:06 PM V ------> W
04/20/2019 10:55:06 PM v ------> w
04/20/2019 10:55:06 PM n ------> o
04/20/2019 10:55:06 PM t ------> u
04/20/2019 10:55:06 PM l ------> m
04/20/2019 10:55:06 PM K ------> L
04/20/2019 10:55:06 PM r ------> s
04/20/2019 10:55:06 PM Y ------> Z
04/20/2019 10:55:06 PM A ------> B
04/20/2019 10:55:06 PM Y ------> Z
04/20/2019 10:55:06 PM J ------> K
04/20/2019 10:55:06 PM c ------> d
04/20/2019 10:55:06 PM u ------> v
04/20/2019 10:55:06 PM y ------> z
04/20/2019 10:55:06 PM h ------> i
04/20/2019 10:55:06 PM x ------> y
04/20/2019 10:55:06 PM a ------> b
04/20/2019 10:55:06 PM d ------> e
04/20/2019 10:55:06 PM e ------> f
04/20/2019 10:55:06 PM B ------> C
04/20/2019 10:55:06 PM L ------> M
04/20/2019 10:55:06 PM a ------> b
04/20/2019 10:55:06 PM y ------> z
04/20/2019 10:55:06 PM L ------> M
04/20/2019 10:55:06 PM N ------> O
04/20/2019 10:55:06 PM g ------> h
04/20/2019 10:55:06 PM T ------> U
04/20/2019 10:55:06 PM T ------> U
04/20/2019 10:55:06 PM j ------> k
04/20/2019 10:55:06 PM O ------> P
04/20/2019 10:55:06 PM H ------> I
04/20/2019 10:55:06 PM o ------> p
04/20/2019 10:55:06 PM u ------> v
04/20/2019 10:55:06 PM q ------> r
04/20/2019 10:55:06 PM I ------> J
04/20/2019 10:55:06 PM x ------> y
04/20/2019 10:55:06 PM o ------> p
04/20/2019 10:55:06 PM Z ------> A
04/20/2019 10:55:06 PM S ------> T
04/20/2019 10:55:06 PM s ------> t
04/20/2019 10:55:06 PM x ------> y
04/20/2019 10:55:06 PM a ------> b
04/20/2019 10:55:06 PM N ------> O
04/20/2019 10:55:06 PM g ------> h
04/20/2019 10:55:06 PM f ------> g
04/20/2019 10:55:06 PM i ------> j
04/20/2019 10:55:06 PM T ------> U
04/20/2019 10:55:06 PM t ------> u
04/20/2019 10:55:06 PM n ------> o
04/20/2019 10:55:06 PM Y ------> Z
04/20/2019 10:55:06 PM i ------> j
04/20/2019 10:55:06 PM e ------> f
04/20/2019 10:55:06 PM z ------> a
04/20/2019 10:55:06 PM v ------> w
04/20/2019 10:55:06 PM v ------> w
04/20/2019 10:55:06 PM p ------> q
04/20/2019 10:55:06 PM u ------> v
04/20/2019 10:55:06 PM x ------> y
04/20/2019 10:55:06 PM w ------> x
04/20/2019 10:55:06 PM E ------> F
04/20/2019 10:55:06 PM Y ------> Z
04/20/2019 10:55:06 PM J ------> K
04/20/2019 10:55:06 PM S ------> T
04/20/2019 10:55:06 PM Q ------> R
04/20/2019 10:55:06 PM I ------> J
04/20/2019 10:55:06 PM a ------> b
04/20/2019 10:55:06 PM O ------> P
04/20/2019 10:55:06 PM W ------> X
04/20/2019 10:55:06 PM J ------> K
04/20/2019 10:55:06 PM S ------> T
04/20/2019 10:55:06 PM p ------> q
04/20/2019 10:55:06 PM G ------> H
04/20/2019 10:55:06 PM W ------> X
04/20/2019 10:55:06 PM q ------> r
04/20/2019 10:55:06 PM l ------> m
04/20/2019 10:55:06 PM I ------> J
04/20/2019 10:55:06 PM E ------> F
04/20/2019 10:55:06 PM N ------> O
04/20/2019 10:55:06 PM R ------> S
04/20/2019 10:55:06 PM X ------> Y
04/20/2019 10:55:06 PM o ------> p
04/20/2019 10:55:06 PM Y ------> Z
04/20/2019 10:55:06 PM n ------> o
04/20/2019 10:55:06 PM L ------> M
04/20/2019 10:55:06 PM U ------> V
04/20/2019 10:55:06 PM f ------> g
04/20/2019 10:55:06 PM M ------> N
04/20/2019 10:55:06 PM j ------> k
04/20/2019 10:55:06 PM M ------> N
04/20/2019 10:55:06 PM R ------> S
04/20/2019 10:55:06 PM d ------> e
04/20/2019 10:55:06 PM i ------> j
04/20/2019 10:55:06 PM t ------> u
04/20/2019 10:55:06 PM C ------> D
04/20/2019 10:55:06 PM N ------> O
04/20/2019 10:55:06 PM V ------> W
04/20/2019 10:55:06 PM c ------> d
04/20/2019 10:55:06 PM t ------> u
04/20/2019 10:55:06 PM u ------> v
04/20/2019 10:55:06 PM w ------> x
04/20/2019 10:55:06 PM s ------> t
04/20/2019 10:55:06 PM C ------> D
04/20/2019 10:55:06 PM p ------> q
04/20/2019 10:55:06 PM L ------> M
04/20/2019 10:55:06 PM G ------> H
04/20/2019 10:55:06 PM W ------> X
04/20/2019 10:55:06 PM k ------> l
04/20/2019 10:55:06 PM S ------> T
04/20/2019 10:55:06 PM l ------> m
04/20/2019 10:55:06 PM b ------> c
04/20/2019 10:55:06 PM R ------> S
04/20/2019 10:55:06 PM h ------> i
04/20/2019 10:55:06 PM M ------> N
04/20/2019 10:55:06 PM p ------> q
04/20/2019 10:55:06 PM m ------> n
04/20/2019 10:55:06 PM B ------> C
04/20/2019 10:55:06 PM S ------> T
04/20/2019 10:55:06 PM F ------> G
04/20/2019 10:55:06 PM L ------> M
04/20/2019 10:55:06 PM Q ------> R
04/20/2019 10:55:06 PM T ------> U
04/20/2019 10:55:06 PM m ------> n
04/20/2019 10:55:06 PM Y ------> Z
04/20/2019 10:55:06 PM o ------> p
04/20/2019 10:55:06 PM P ------> Q
04/20/2019 10:55:06 PM Y ------> Z
04/20/2019 10:55:06 PM o ------> p
04/20/2019 10:55:06 PM o ------> p
04/20/2019 10:55:06 PM G ------> H
04/20/2019 10:55:06 PM M ------> N
04/20/2019 10:55:06 PM f ------> g
04/20/2019 10:55:06 PM G ------> H
04/20/2019 10:55:06 PM n ------> o
04/20/2019 10:55:06 PM G ------> H
04/20/2019 10:55:06 PM W ------> X
04/20/2019 10:55:06 PM H ------> I
04/20/2019 10:55:06 PM L ------> M
04/20/2019 10:55:06 PM v ------> w
04/20/2019 10:55:06 PM B ------> C
04/20/2019 10:55:06 PM r ------> s
04/20/2019 10:55:06 PM B ------> C
04/20/2019 10:55:06 PM y ------> z
04/20/2019 10:55:06 PM w ------> x
04/20/2019 10:55:06 PM m ------> n
04/20/2019 10:55:06 PM t ------> u
04/20/2019 10:55:06 PM S ------> T
04/20/2019 10:55:06 PM m ------> n
04/20/2019 10:55:06 PM T ------> U
04/20/2019 10:55:06 PM e ------> f
04/20/2019 10:55:06 PM L ------> M
04/20/2019 10:55:06 PM W ------> X
04/20/2019 10:55:06 PM g ------> h
04/20/2019 10:55:06 PM i ------> j
04/20/2019 10:55:06 PM L ------> M
04/20/2019 10:55:06 PM e ------> f
04/20/2019 10:55:06 PM i ------> j
04/20/2019 10:55:06 PM A ------> B
04/20/2019 10:55:06 PM B ------> C
04/20/2019 10:55:06 PM q ------> r
04/20/2019 10:55:06 PM x ------> y
04/20/2019 10:55:06 PM s ------> t
04/20/2019 10:55:06 PM M ------> N
04/20/2019 10:55:06 PM C ------> D
04/20/2019 10:55:06 PM G ------> H
04/20/2019 10:55:06 PM Q ------> R
04/20/2019 10:55:06 PM b ------> c
04/20/2019 10:55:06 PM j ------> k
04/20/2019 10:55:06 PM q ------> r
04/20/2019 10:55:06 PM A ------> B
04/20/2019 10:55:06 PM x ------> y
04/20/2019 10:55:06 PM D ------> E
04/20/2019 10:55:06 PM H ------> I
04/20/2019 10:55:06 PM T ------> U
04/20/2019 10:55:06 PM T ------> U
04/20/2019 10:55:06 PM k ------> l
04/20/2019 10:55:06 PM d ------> e
04/20/2019 10:55:06 PM y ------> z
04/20/2019 10:55:06 PM T ------> U
04/20/2019 10:55:06 PM E ------> F
04/20/2019 10:55:06 PM J ------> K
04/20/2019 10:55:06 PM N ------> O
04/20/2019 10:55:06 PM q ------> r
04/20/2019 10:55:06 PM N ------> O
04/20/2019 10:55:06 PM j ------> k
04/20/2019 10:55:06 PM N ------> O
04/20/2019 10:55:06 PM a ------> b
04/20/2019 10:55:06 PM Q ------> R
04/20/2019 10:55:06 PM B ------> C
04/20/2019 10:55:06 PM i ------> j
04/20/2019 10:55:06 PM V ------> W
04/20/2019 10:55:06 PM O ------> P
04/20/2019 10:55:06 PM C ------> D
04/20/2019 10:55:06 PM A ------> B
04/20/2019 10:55:06 PM E ------> F
04/20/2019 10:55:06 PM J ------> K
04/20/2019 10:55:06 PM T ------> U
04/20/2019 10:55:06 PM g ------> h
04/20/2019 10:55:06 PM V ------> W
04/20/2019 10:55:06 PM E ------> F
04/20/2019 10:55:06 PM t ------> u
04/20/2019 10:55:06 PM E ------> F
04/20/2019 10:55:06 PM R ------> S
04/20/2019 10:55:06 PM h ------> i
04/20/2019 10:55:06 PM C ------> D
04/20/2019 10:55:06 PM q ------> r
04/20/2019 10:55:06 PM Y ------> Z
04/20/2019 10:55:06 PM L ------> M
04/20/2019 10:55:06 PM o ------> p
04/20/2019 10:55:06 PM y ------> z
04/20/2019 10:55:06 PM O ------> P
04/20/2019 10:55:06 PM K ------> L
04/20/2019 10:55:06 PM z ------> a
04/20/2019 10:55:06 PM Z ------> A
04/20/2019 10:55:06 PM C ------> D
04/20/2019 10:55:06 PM s ------> t
04/20/2019 10:55:06 PM T ------> U
04/20/2019 10:55:06 PM t ------> u
04/20/2019 10:55:06 PM u ------> v
04/20/2019 10:55:06 PM p ------> q
04/20/2019 10:55:06 PM K ------> L
04/20/2019 10:55:06 PM V ------> W
04/20/2019 10:55:06 PM U ------> V
04/20/2019 10:55:06 PM J ------> K
04/20/2019 10:55:06 PM H ------> I
04/20/2019 10:55:06 PM B ------> C
04/20/2019 10:55:06 PM L ------> M
04/20/2019 10:55:06 PM N ------> O
04/20/2019 10:55:06 PM K ------> L
04/20/2019 10:55:06 PM O ------> P
04/20/2019 10:55:06 PM a ------> b
04/20/2019 10:55:06 PM O ------> P
04/20/2019 10:55:06 PM c ------> d
04/20/2019 10:55:06 PM s ------> t
04/20/2019 10:55:06 PM W ------> X
04/20/2019 10:55:06 PM s ------> t
04/20/2019 10:55:06 PM O ------> P
04/20/2019 10:55:06 PM p ------> q
04/20/2019 10:55:06 PM R ------> S
04/20/2019 10:55:06 PM W ------> X
04/20/2019 10:55:06 PM v ------> w
04/20/2019 10:55:06 PM d ------> e
04/20/2019 10:55:06 PM U ------> V
04/20/2019 10:55:06 PM z ------> a
04/20/2019 10:55:06 PM E ------> F
04/20/2019 10:55:06 PM z ------> a
04/20/2019 10:55:06 PM p ------> q
04/20/2019 10:55:06 PM l ------> m
04/20/2019 10:55:06 PM R ------> S
04/20/2019 10:55:06 PM c ------> d
04/20/2019 10:55:06 PM L ------> M
04/20/2019 10:55:06 PM S ------> T
04/20/2019 10:55:06 PM D ------> E
04/20/2019 10:55:06 PM y ------> z
04/20/2019 10:55:06 PM t ------> u
04/20/2019 10:55:06 PM a ------> b
04/20/2019 10:55:06 PM w ------> x
04/20/2019 10:55:06 PM E ------> F
04/20/2019 10:55:06 PM i ------> j
04/20/2019 10:55:06 PM k ------> l
04/20/2019 10:55:06 PM W ------> X
04/20/2019 10:55:06 PM q ------> r
04/20/2019 10:55:06 PM O ------> P
04/20/2019 10:55:06 PM m ------> n
04/20/2019 10:55:06 PM U ------> V
04/20/2019 10:55:06 PM E ------> F
04/20/2019 10:55:06 PM W ------> X
04/20/2019 10:55:06 PM g ------> h
04/20/2019 10:55:06 PM z ------> a
04/20/2019 10:55:06 PM q ------> r
04/20/2019 10:55:06 PM x ------> y
04/20/2019 10:55:06 PM n ------> o
04/20/2019 10:55:06 PM E ------> F
04/20/2019 10:55:06 PM Y ------> Z
04/20/2019 10:55:06 PM P ------> Q
04/20/2019 10:55:06 PM e ------> f
04/20/2019 10:55:06 PM S ------> T
04/20/2019 10:55:06 PM u ------> v
04/20/2019 10:55:06 PM B ------> C
04/20/2019 10:55:06 PM e ------> f
04/20/2019 10:55:06 PM b ------> c
04/20/2019 10:55:06 PM S ------> T
04/20/2019 10:55:06 PM x ------> y
04/20/2019 10:55:06 PM Z ------> A
04/20/2019 10:55:06 PM F ------> G
04/20/2019 10:55:06 PM Y ------> Z
04/20/2019 10:55:06 PM F ------> G
04/20/2019 10:55:06 PM y ------> z
04/20/2019 10:55:06 PM v ------> w
04/20/2019 10:55:06 PM t ------> u
04/20/2019 10:55:06 PM Y ------> Z
04/20/2019 10:55:06 PM Z ------> A
04/20/2019 10:55:06 PM R ------> S
04/20/2019 10:55:06 PM B ------> C
04/20/2019 10:55:06 PM G ------> H
04/20/2019 10:55:06 PM S ------> T
04/20/2019 10:55:06 PM E ------> F
04/20/2019 10:55:06 PM K ------> L
04/20/2019 10:55:06 PM B ------> C
04/20/2019 10:55:06 PM R ------> S
04/20/2019 10:55:06 PM A ------> B
04/20/2019 10:55:06 PM v ------> w
04/20/2019 10:55:06 PM b ------> c
04/20/2019 10:55:06 PM k ------> l
04/20/2019 10:55:06 PM P ------> Q
04/20/2019 10:55:06 PM M ------> N
04/20/2019 10:55:06 PM J ------> K
04/20/2019 10:55:06 PM y ------> z
04/20/2019 10:55:06 PM w ------> x
04/20/2019 10:55:06 PM G ------> H
04/20/2019 10:55:06 PM v ------> w
04/20/2019 10:55:06 PM V ------> W
04/20/2019 10:55:06 PM T ------> U
04/20/2019 10:55:06 PM r ------> s
04/20/2019 10:55:06 PM f ------> g
04/20/2019 10:55:06 PM J ------> K
04/20/2019 10:55:06 PM p ------> q
04/20/2019 10:55:06 PM z ------> a
04/20/2019 10:55:06 PM w ------> x
04/20/2019 10:55:06 PM q ------> r
04/20/2019 10:55:06 PM y ------> z
04/20/2019 10:55:06 PM M ------> N
04/20/2019 10:55:06 PM t ------> u
04/20/2019 10:55:06 PM C ------> D
04/20/2019 10:55:06 PM P ------> Q
04/20/2019 10:55:06 PM i ------> j
04/20/2019 10:55:06 PM g ------> h
04/20/2019 10:55:06 PM K ------> L
04/20/2019 10:55:06 PM L ------> M
04/20/2019 10:55:06 PM b ------> c
04/20/2019 10:55:06 PM e ------> f
04/20/2019 10:55:06 PM m ------> n
04/20/2019 10:55:06 PM L ------> M
04/20/2019 10:55:06 PM C ------> D
04/20/2019 10:55:06 PM u ------> v
04/20/2019 10:55:06 PM H ------> I
04/20/2019 10:55:06 PM Error rate: 0.0
