INFO 	 2019-04-21 02:29:28,622 Serial port COM3 opened successfully.
INFO 	 2019-04-21 02:29:28,622 Running: 1000 tests with baud rate: 650000
DEBUG 	 2019-04-21 02:29:28,623 n ------> o
DEBUG 	 2019-04-21 02:29:28,624 A ------> B
DEBUG 	 2019-04-21 02:29:28,625 b ------> c
DEBUG 	 2019-04-21 02:29:28,626 c ------> d
DEBUG 	 2019-04-21 02:29:28,627 S ------> T
DEBUG 	 2019-04-21 02:29:28,628 B ------> C
DEBUG 	 2019-04-21 02:29:28,629 M ------> N
DEBUG 	 2019-04-21 02:29:28,630 m ------> n
DEBUG 	 2019-04-21 02:29:28,631 Z ------> A
DEBUG 	 2019-04-21 02:29:28,632 U ------> V
DEBUG 	 2019-04-21 02:29:28,633 G ------> H
DEBUG 	 2019-04-21 02:29:28,634 l ------> m
DEBUG 	 2019-04-21 02:29:28,635 s ------> t
DEBUG 	 2019-04-21 02:29:28,640 W ------> X
DEBUG 	 2019-04-21 02:29:28,641 h ------> i
DEBUG 	 2019-04-21 02:29:28,642 N ------> O
DEBUG 	 2019-04-21 02:29:28,643 b ------> c
DEBUG 	 2019-04-21 02:29:28,644 u ------> v
DEBUG 	 2019-04-21 02:29:28,645 k ------> l
DEBUG 	 2019-04-21 02:29:28,646 l ------> m
DEBUG 	 2019-04-21 02:29:28,647 l ------> m
DEBUG 	 2019-04-21 02:29:28,648 m ------> n
DEBUG 	 2019-04-21 02:29:28,649 y ------> z
DEBUG 	 2019-04-21 02:29:28,650 l ------> m
DEBUG 	 2019-04-21 02:29:28,651 m ------> n
DEBUG 	 2019-04-21 02:29:28,652 Z ------> A
DEBUG 	 2019-04-21 02:29:28,653 j ------> k
DEBUG 	 2019-04-21 02:29:28,654 S ------> T
DEBUG 	 2019-04-21 02:29:28,655 g ------> h
DEBUG 	 2019-04-21 02:29:28,656 z ------> a
DEBUG 	 2019-04-21 02:29:28,657 t ------> u
DEBUG 	 2019-04-21 02:29:28,658 z ------> a
DEBUG 	 2019-04-21 02:29:28,659 e ------> f
DEBUG 	 2019-04-21 02:29:28,660 b ------> c
DEBUG 	 2019-04-21 02:29:28,661 R ------> S
DEBUG 	 2019-04-21 02:29:28,662 B ------> C
DEBUG 	 2019-04-21 02:29:28,663 X ------> Y
DEBUG 	 2019-04-21 02:29:28,664 w ------> x
DEBUG 	 2019-04-21 02:29:28,665 x ------> y
DEBUG 	 2019-04-21 02:29:28,666 B ------> C
DEBUG 	 2019-04-21 02:29:28,667 G ------> H
DEBUG 	 2019-04-21 02:29:28,668 Q ------> R
DEBUG 	 2019-04-21 02:29:28,669 x ------> y
DEBUG 	 2019-04-21 02:29:28,670 J ------> K
DEBUG 	 2019-04-21 02:29:28,671 i ------> j
DEBUG 	 2019-04-21 02:29:28,672 z ------> a
DEBUG 	 2019-04-21 02:29:28,673 G ------> H
DEBUG 	 2019-04-21 02:29:28,674 N ------> O
DEBUG 	 2019-04-21 02:29:28,675 L ------> M
DEBUG 	 2019-04-21 02:29:28,676 U ------> V
DEBUG 	 2019-04-21 02:29:28,677 K ------> L
DEBUG 	 2019-04-21 02:29:28,678 y ------> z
DEBUG 	 2019-04-21 02:29:28,679 Z ------> A
DEBUG 	 2019-04-21 02:29:28,680 c ------> d
DEBUG 	 2019-04-21 02:29:28,681 U ------> V
DEBUG 	 2019-04-21 02:29:28,682 i ------> j
DEBUG 	 2019-04-21 02:29:28,683 N ------> O
DEBUG 	 2019-04-21 02:29:28,684 k ------> l
DEBUG 	 2019-04-21 02:29:28,685 i ------> j
DEBUG 	 2019-04-21 02:29:28,686 H ------> I
DEBUG 	 2019-04-21 02:29:28,687 C ------> D
DEBUG 	 2019-04-21 02:29:28,688 V ------> W
DEBUG 	 2019-04-21 02:29:28,689 i ------> j
DEBUG 	 2019-04-21 02:29:28,690 f ------> g
DEBUG 	 2019-04-21 02:29:28,691 P ------> Q
DEBUG 	 2019-04-21 02:29:28,692 B ------> C
DEBUG 	 2019-04-21 02:29:28,693 J ------> K
DEBUG 	 2019-04-21 02:29:28,694 a ------> b
DEBUG 	 2019-04-21 02:29:28,695 g ------> h
DEBUG 	 2019-04-21 02:29:28,696 z ------> a
DEBUG 	 2019-04-21 02:29:28,697 S ------> T
DEBUG 	 2019-04-21 02:29:28,698 b ------> c
DEBUG 	 2019-04-21 02:29:28,699 a ------> b
DEBUG 	 2019-04-21 02:29:28,700 w ------> x
DEBUG 	 2019-04-21 02:29:28,701 I ------> J
DEBUG 	 2019-04-21 02:29:28,702 E ------> F
DEBUG 	 2019-04-21 02:29:28,703 k ------> l
DEBUG 	 2019-04-21 02:29:28,704 g ------> h
DEBUG 	 2019-04-21 02:29:28,705 l ------> m
DEBUG 	 2019-04-21 02:29:28,706 g ------> h
DEBUG 	 2019-04-21 02:29:28,707 W ------> X
DEBUG 	 2019-04-21 02:29:28,708 c ------> d
DEBUG 	 2019-04-21 02:29:28,709 n ------> o
DEBUG 	 2019-04-21 02:29:28,710 s ------> t
DEBUG 	 2019-04-21 02:29:28,711 P ------> Q
DEBUG 	 2019-04-21 02:29:28,712 E ------> F
DEBUG 	 2019-04-21 02:29:28,713 w ------> x
DEBUG 	 2019-04-21 02:29:28,714 q ------> r
DEBUG 	 2019-04-21 02:29:28,715 N ------> O
DEBUG 	 2019-04-21 02:29:28,716 i ------> j
DEBUG 	 2019-04-21 02:29:28,717 m ------> n
DEBUG 	 2019-04-21 02:29:28,718 l ------> m
DEBUG 	 2019-04-21 02:29:28,719 g ------> h
DEBUG 	 2019-04-21 02:29:28,720 Q ------> R
DEBUG 	 2019-04-21 02:29:28,721 v ------> w
DEBUG 	 2019-04-21 02:29:28,722 t ------> u
DEBUG 	 2019-04-21 02:29:28,723 q ------> r
DEBUG 	 2019-04-21 02:29:28,724 u ------> v
DEBUG 	 2019-04-21 02:29:28,725 k ------> l
DEBUG 	 2019-04-21 02:29:28,726 e ------> f
DEBUG 	 2019-04-21 02:29:28,727 i ------> j
DEBUG 	 2019-04-21 02:29:28,728 F ------> G
DEBUG 	 2019-04-21 02:29:28,729 z ------> a
DEBUG 	 2019-04-21 02:29:28,730 L ------> M
DEBUG 	 2019-04-21 02:29:28,731 j ------> k
DEBUG 	 2019-04-21 02:29:28,732 K ------> L
DEBUG 	 2019-04-21 02:29:28,733 l ------> m
DEBUG 	 2019-04-21 02:29:28,734 C ------> D
DEBUG 	 2019-04-21 02:29:28,735 w ------> x
DEBUG 	 2019-04-21 02:29:28,736 W ------> X
DEBUG 	 2019-04-21 02:29:28,737 u ------> v
DEBUG 	 2019-04-21 02:29:28,738 m ------> n
DEBUG 	 2019-04-21 02:29:28,739 x ------> y
DEBUG 	 2019-04-21 02:29:28,740 y ------> z
DEBUG 	 2019-04-21 02:29:28,741 x ------> y
DEBUG 	 2019-04-21 02:29:28,742 O ------> P
DEBUG 	 2019-04-21 02:29:28,743 L ------> M
DEBUG 	 2019-04-21 02:29:28,744 q ------> r
DEBUG 	 2019-04-21 02:29:28,745 E ------> F
DEBUG 	 2019-04-21 02:29:28,746 X ------> Y
DEBUG 	 2019-04-21 02:29:28,747 K ------> L
DEBUG 	 2019-04-21 02:29:28,748 e ------> f
DEBUG 	 2019-04-21 02:29:28,749 J ------> K
DEBUG 	 2019-04-21 02:29:28,750 S ------> T
DEBUG 	 2019-04-21 02:29:28,751 n ------> o
DEBUG 	 2019-04-21 02:29:28,752 V ------> W
DEBUG 	 2019-04-21 02:29:28,753 n ------> o
DEBUG 	 2019-04-21 02:29:28,754 q ------> r
DEBUG 	 2019-04-21 02:29:28,755 A ------> B
DEBUG 	 2019-04-21 02:29:28,756 n ------> o
DEBUG 	 2019-04-21 02:29:28,757 d ------> e
DEBUG 	 2019-04-21 02:29:28,758 M ------> N
DEBUG 	 2019-04-21 02:29:28,759 F ------> G
DEBUG 	 2019-04-21 02:29:28,760 R ------> S
DEBUG 	 2019-04-21 02:29:28,761 f ------> g
DEBUG 	 2019-04-21 02:29:28,762 G ------> H
DEBUG 	 2019-04-21 02:29:28,763 c ------> d
DEBUG 	 2019-04-21 02:29:28,764 n ------> o
DEBUG 	 2019-04-21 02:29:28,765 C ------> D
DEBUG 	 2019-04-21 02:29:28,766 U ------> V
DEBUG 	 2019-04-21 02:29:28,767 N ------> O
DEBUG 	 2019-04-21 02:29:28,768 c ------> d
DEBUG 	 2019-04-21 02:29:28,769 c ------> d
DEBUG 	 2019-04-21 02:29:28,770 Y ------> Z
DEBUG 	 2019-04-21 02:29:28,771 n ------> o
DEBUG 	 2019-04-21 02:29:28,772 m ------> n
DEBUG 	 2019-04-21 02:29:28,773 P ------> Q
DEBUG 	 2019-04-21 02:29:28,774 K ------> L
DEBUG 	 2019-04-21 02:29:28,775 v ------> w
DEBUG 	 2019-04-21 02:29:28,776 n ------> o
DEBUG 	 2019-04-21 02:29:28,777 o ------> p
DEBUG 	 2019-04-21 02:29:28,778 W ------> X
DEBUG 	 2019-04-21 02:29:28,779 I ------> J
DEBUG 	 2019-04-21 02:29:28,780 B ------> C
DEBUG 	 2019-04-21 02:29:28,781 s ------> t
DEBUG 	 2019-04-21 02:29:28,782 Q ------> R
DEBUG 	 2019-04-21 02:29:28,783 N ------> O
DEBUG 	 2019-04-21 02:29:28,784 b ------> c
DEBUG 	 2019-04-21 02:29:28,785 w ------> x
DEBUG 	 2019-04-21 02:29:28,786 m ------> n
DEBUG 	 2019-04-21 02:29:28,787 D ------> E
DEBUG 	 2019-04-21 02:29:28,788 c ------> d
DEBUG 	 2019-04-21 02:29:28,789 p ------> q
DEBUG 	 2019-04-21 02:29:28,790 t ------> u
DEBUG 	 2019-04-21 02:29:28,791 z ------> a
DEBUG 	 2019-04-21 02:29:28,792 I ------> J
DEBUG 	 2019-04-21 02:29:28,793 w ------> x
DEBUG 	 2019-04-21 02:29:28,794 I ------> J
DEBUG 	 2019-04-21 02:29:28,795 I ------> J
DEBUG 	 2019-04-21 02:29:28,796 A ------> B
DEBUG 	 2019-04-21 02:29:28,797 Q ------> R
DEBUG 	 2019-04-21 02:29:28,798 x ------> y
DEBUG 	 2019-04-21 02:29:28,799 e ------> f
DEBUG 	 2019-04-21 02:29:28,800 f ------> g
DEBUG 	 2019-04-21 02:29:28,801 G ------> H
DEBUG 	 2019-04-21 02:29:28,802 H ------> I
DEBUG 	 2019-04-21 02:29:28,803 m ------> n
DEBUG 	 2019-04-21 02:29:28,804 G ------> H
DEBUG 	 2019-04-21 02:29:28,805 U ------> V
DEBUG 	 2019-04-21 02:29:28,806 w ------> x
DEBUG 	 2019-04-21 02:29:28,807 k ------> l
DEBUG 	 2019-04-21 02:29:28,808 x ------> y
DEBUG 	 2019-04-21 02:29:28,809 J ------> K
DEBUG 	 2019-04-21 02:29:28,810 A ------> B
DEBUG 	 2019-04-21 02:29:28,811 h ------> i
DEBUG 	 2019-04-21 02:29:28,812 s ------> t
DEBUG 	 2019-04-21 02:29:28,813 M ------> N
DEBUG 	 2019-04-21 02:29:28,814 Q ------> R
DEBUG 	 2019-04-21 02:29:28,815 d ------> e
DEBUG 	 2019-04-21 02:29:28,816 z ------> a
DEBUG 	 2019-04-21 02:29:28,817 F ------> G
DEBUG 	 2019-04-21 02:29:28,818 U ------> V
DEBUG 	 2019-04-21 02:29:28,819 d ------> e
DEBUG 	 2019-04-21 02:29:28,820 C ------> D
DEBUG 	 2019-04-21 02:29:28,821 g ------> h
DEBUG 	 2019-04-21 02:29:28,822 Y ------> Z
DEBUG 	 2019-04-21 02:29:28,823 M ------> N
DEBUG 	 2019-04-21 02:29:28,824 H ------> I
DEBUG 	 2019-04-21 02:29:28,825 s ------> t
DEBUG 	 2019-04-21 02:29:28,826 r ------> s
DEBUG 	 2019-04-21 02:29:28,827 V ------> W
DEBUG 	 2019-04-21 02:29:28,828 T ------> U
DEBUG 	 2019-04-21 02:29:28,829 e ------> f
DEBUG 	 2019-04-21 02:29:28,830 N ------> O
DEBUG 	 2019-04-21 02:29:28,831 L ------> M
DEBUG 	 2019-04-21 02:29:28,832 X ------> Y
DEBUG 	 2019-04-21 02:29:28,833 p ------> q
DEBUG 	 2019-04-21 02:29:28,834 n ------> o
DEBUG 	 2019-04-21 02:29:28,835 r ------> s
DEBUG 	 2019-04-21 02:29:28,836 P ------> Q
DEBUG 	 2019-04-21 02:29:28,837 G ------> H
DEBUG 	 2019-04-21 02:29:28,838 F ------> G
DEBUG 	 2019-04-21 02:29:28,839 z ------> a
DEBUG 	 2019-04-21 02:29:28,840 L ------> M
DEBUG 	 2019-04-21 02:29:28,841 H ------> I
DEBUG 	 2019-04-21 02:29:28,842 F ------> G
DEBUG 	 2019-04-21 02:29:28,843 b ------> c
DEBUG 	 2019-04-21 02:29:28,844 p ------> q
DEBUG 	 2019-04-21 02:29:28,845 M ------> N
DEBUG 	 2019-04-21 02:29:28,846 v ------> w
DEBUG 	 2019-04-21 02:29:28,847 e ------> f
DEBUG 	 2019-04-21 02:29:28,848 f ------> g
DEBUG 	 2019-04-21 02:29:28,849 k ------> l
DEBUG 	 2019-04-21 02:29:28,850 J ------> K
DEBUG 	 2019-04-21 02:29:28,851 M ------> N
DEBUG 	 2019-04-21 02:29:28,852 d ------> e
DEBUG 	 2019-04-21 02:29:28,853 p ------> q
DEBUG 	 2019-04-21 02:29:28,854 m ------> n
DEBUG 	 2019-04-21 02:29:28,855 c ------> d
DEBUG 	 2019-04-21 02:29:28,856 X ------> Y
DEBUG 	 2019-04-21 02:29:28,857 K ------> L
DEBUG 	 2019-04-21 02:29:28,858 Q ------> R
DEBUG 	 2019-04-21 02:29:28,859 C ------> D
DEBUG 	 2019-04-21 02:29:28,860 c ------> d
DEBUG 	 2019-04-21 02:29:28,861 F ------> G
DEBUG 	 2019-04-21 02:29:28,862 v ------> w
DEBUG 	 2019-04-21 02:29:28,863 U ------> V
DEBUG 	 2019-04-21 02:29:28,864 b ------> c
DEBUG 	 2019-04-21 02:29:28,865 F ------> G
DEBUG 	 2019-04-21 02:29:28,866 V ------> W
DEBUG 	 2019-04-21 02:29:28,867 w ------> x
DEBUG 	 2019-04-21 02:29:28,868 i ------> j
DEBUG 	 2019-04-21 02:29:28,869 o ------> p
DEBUG 	 2019-04-21 02:29:28,870 Q ------> R
DEBUG 	 2019-04-21 02:29:28,871 i ------> j
DEBUG 	 2019-04-21 02:29:28,872 a ------> b
DEBUG 	 2019-04-21 02:29:28,873 X ------> Y
DEBUG 	 2019-04-21 02:29:28,874 E ------> F
DEBUG 	 2019-04-21 02:29:28,875 h ------> i
DEBUG 	 2019-04-21 02:29:28,876 N ------> O
DEBUG 	 2019-04-21 02:29:28,877 T ------> U
DEBUG 	 2019-04-21 02:29:28,878 h ------> i
DEBUG 	 2019-04-21 02:29:28,879 w ------> x
DEBUG 	 2019-04-21 02:29:28,880 h ------> i
DEBUG 	 2019-04-21 02:29:28,881 a ------> b
DEBUG 	 2019-04-21 02:29:28,882 W ------> X
DEBUG 	 2019-04-21 02:29:28,883 Y ------> Z
DEBUG 	 2019-04-21 02:29:28,884 Y ------> Z
DEBUG 	 2019-04-21 02:29:28,885 R ------> S
DEBUG 	 2019-04-21 02:29:28,886 M ------> N
DEBUG 	 2019-04-21 02:29:28,887 T ------> U
DEBUG 	 2019-04-21 02:29:28,888 a ------> b
DEBUG 	 2019-04-21 02:29:28,889 t ------> u
DEBUG 	 2019-04-21 02:29:28,890 S ------> T
DEBUG 	 2019-04-21 02:29:28,891 V ------> W
DEBUG 	 2019-04-21 02:29:28,892 s ------> t
DEBUG 	 2019-04-21 02:29:28,893 E ------> F
DEBUG 	 2019-04-21 02:29:28,894 Y ------> Z
DEBUG 	 2019-04-21 02:29:28,895 B ------> C
DEBUG 	 2019-04-21 02:29:28,896 a ------> b
DEBUG 	 2019-04-21 02:29:28,897 X ------> Y
DEBUG 	 2019-04-21 02:29:28,898 O ------> P
DEBUG 	 2019-04-21 02:29:28,899 c ------> d
DEBUG 	 2019-04-21 02:29:28,900 k ------> l
DEBUG 	 2019-04-21 02:29:28,901 n ------> o
DEBUG 	 2019-04-21 02:29:28,902 t ------> u
DEBUG 	 2019-04-21 02:29:28,903 Y ------> Z
DEBUG 	 2019-04-21 02:29:28,904 T ------> U
DEBUG 	 2019-04-21 02:29:28,905 j ------> k
DEBUG 	 2019-04-21 02:29:28,906 n ------> o
DEBUG 	 2019-04-21 02:29:28,907 V ------> W
DEBUG 	 2019-04-21 02:29:28,908 M ------> N
DEBUG 	 2019-04-21 02:29:28,909 O ------> P
DEBUG 	 2019-04-21 02:29:28,910 e ------> f
DEBUG 	 2019-04-21 02:29:28,911 K ------> L
DEBUG 	 2019-04-21 02:29:28,912 o ------> p
DEBUG 	 2019-04-21 02:29:28,913 T ------> U
DEBUG 	 2019-04-21 02:29:28,914 b ------> c
DEBUG 	 2019-04-21 02:29:28,915 I ------> J
DEBUG 	 2019-04-21 02:29:28,916 m ------> n
DEBUG 	 2019-04-21 02:29:28,917 s ------> t
DEBUG 	 2019-04-21 02:29:28,918 e ------> f
DEBUG 	 2019-04-21 02:29:28,919 a ------> b
DEBUG 	 2019-04-21 02:29:28,920 r ------> s
DEBUG 	 2019-04-21 02:29:28,921 F ------> G
DEBUG 	 2019-04-21 02:29:28,922 v ------> w
DEBUG 	 2019-04-21 02:29:28,923 Y ------> Z
DEBUG 	 2019-04-21 02:29:28,924 o ------> p
DEBUG 	 2019-04-21 02:29:28,925 K ------> L
DEBUG 	 2019-04-21 02:29:28,926 L ------> M
DEBUG 	 2019-04-21 02:29:28,927 E ------> F
DEBUG 	 2019-04-21 02:29:28,928 x ------> y
DEBUG 	 2019-04-21 02:29:28,929 M ------> N
DEBUG 	 2019-04-21 02:29:28,930 U ------> V
DEBUG 	 2019-04-21 02:29:28,931 n ------> o
DEBUG 	 2019-04-21 02:29:28,932 T ------> U
DEBUG 	 2019-04-21 02:29:28,933 V ------> W
DEBUG 	 2019-04-21 02:29:28,934 o ------> p
DEBUG 	 2019-04-21 02:29:28,935 D ------> E
DEBUG 	 2019-04-21 02:29:28,936 X ------> Y
DEBUG 	 2019-04-21 02:29:28,937 q ------> r
DEBUG 	 2019-04-21 02:29:28,938 F ------> G
DEBUG 	 2019-04-21 02:29:28,939 s ------> t
DEBUG 	 2019-04-21 02:29:28,940 t ------> u
DEBUG 	 2019-04-21 02:29:28,941 x ------> y
DEBUG 	 2019-04-21 02:29:28,942 v ------> w
DEBUG 	 2019-04-21 02:29:28,943 n ------> o
DEBUG 	 2019-04-21 02:29:28,944 O ------> P
DEBUG 	 2019-04-21 02:29:28,945 K ------> L
DEBUG 	 2019-04-21 02:29:28,946 u ------> v
DEBUG 	 2019-04-21 02:29:28,947 z ------> a
DEBUG 	 2019-04-21 02:29:28,948 Z ------> A
DEBUG 	 2019-04-21 02:29:28,949 t ------> u
DEBUG 	 2019-04-21 02:29:28,950 w ------> x
DEBUG 	 2019-04-21 02:29:28,951 A ------> B
DEBUG 	 2019-04-21 02:29:28,952 R ------> S
DEBUG 	 2019-04-21 02:29:28,953 m ------> n
DEBUG 	 2019-04-21 02:29:28,954 D ------> E
DEBUG 	 2019-04-21 02:29:28,955 x ------> y
DEBUG 	 2019-04-21 02:29:28,956 P ------> Q
DEBUG 	 2019-04-21 02:29:28,957 h ------> i
DEBUG 	 2019-04-21 02:29:28,958 r ------> s
DEBUG 	 2019-04-21 02:29:28,959 q ------> r
DEBUG 	 2019-04-21 02:29:28,960 C ------> D
DEBUG 	 2019-04-21 02:29:28,961 L ------> M
DEBUG 	 2019-04-21 02:29:28,962 p ------> q
DEBUG 	 2019-04-21 02:29:28,963 K ------> L
DEBUG 	 2019-04-21 02:29:28,964 C ------> D
DEBUG 	 2019-04-21 02:29:28,965 I ------> J
DEBUG 	 2019-04-21 02:29:28,966 J ------> K
DEBUG 	 2019-04-21 02:29:28,967 t ------> u
DEBUG 	 2019-04-21 02:29:28,968 a ------> b
DEBUG 	 2019-04-21 02:29:28,969 k ------> l
DEBUG 	 2019-04-21 02:29:28,970 H ------> I
DEBUG 	 2019-04-21 02:29:28,971 n ------> o
DEBUG 	 2019-04-21 02:29:28,972 w ------> x
DEBUG 	 2019-04-21 02:29:28,973 Y ------> Z
DEBUG 	 2019-04-21 02:29:28,974 H ------> I
DEBUG 	 2019-04-21 02:29:28,975 y ------> z
DEBUG 	 2019-04-21 02:29:28,976 i ------> j
DEBUG 	 2019-04-21 02:29:28,977 I ------> J
DEBUG 	 2019-04-21 02:29:28,978 P ------> Q
DEBUG 	 2019-04-21 02:29:28,979 G ------> H
DEBUG 	 2019-04-21 02:29:28,980 q ------> r
DEBUG 	 2019-04-21 02:29:28,981 K ------> L
DEBUG 	 2019-04-21 02:29:28,982 N ------> O
DEBUG 	 2019-04-21 02:29:28,983 K ------> L
DEBUG 	 2019-04-21 02:29:28,984 k ------> l
DEBUG 	 2019-04-21 02:29:28,985 F ------> G
DEBUG 	 2019-04-21 02:29:28,986 T ------> U
DEBUG 	 2019-04-21 02:29:28,987 M ------> N
DEBUG 	 2019-04-21 02:29:28,988 R ------> S
DEBUG 	 2019-04-21 02:29:28,989 U ------> V
DEBUG 	 2019-04-21 02:29:28,990 o ------> p
DEBUG 	 2019-04-21 02:29:28,991 I ------> J
DEBUG 	 2019-04-21 02:29:28,992 U ------> V
DEBUG 	 2019-04-21 02:29:28,993 V ------> W
DEBUG 	 2019-04-21 02:29:28,994 F ------> G
DEBUG 	 2019-04-21 02:29:28,995 i ------> j
DEBUG 	 2019-04-21 02:29:28,996 N ------> O
DEBUG 	 2019-04-21 02:29:28,997 c ------> d
DEBUG 	 2019-04-21 02:29:28,998 f ------> g
DEBUG 	 2019-04-21 02:29:28,999 S ------> T
DEBUG 	 2019-04-21 02:29:29,000 v ------> w
DEBUG 	 2019-04-21 02:29:29,001 R ------> S
DEBUG 	 2019-04-21 02:29:29,002 s ------> t
DEBUG 	 2019-04-21 02:29:29,003 z ------> a
DEBUG 	 2019-04-21 02:29:29,004 K ------> L
DEBUG 	 2019-04-21 02:29:29,005 X ------> Y
DEBUG 	 2019-04-21 02:29:29,006 t ------> u
DEBUG 	 2019-04-21 02:29:29,007 V ------> W
DEBUG 	 2019-04-21 02:29:29,008 c ------> d
DEBUG 	 2019-04-21 02:29:29,009 L ------> M
DEBUG 	 2019-04-21 02:29:29,010 z ------> a
DEBUG 	 2019-04-21 02:29:29,011 F ------> G
DEBUG 	 2019-04-21 02:29:29,012 Y ------> Z
DEBUG 	 2019-04-21 02:29:29,013 g ------> h
DEBUG 	 2019-04-21 02:29:29,014 h ------> i
DEBUG 	 2019-04-21 02:29:29,015 C ------> D
DEBUG 	 2019-04-21 02:29:29,016 s ------> t
DEBUG 	 2019-04-21 02:29:29,017 u ------> v
DEBUG 	 2019-04-21 02:29:29,018 L ------> M
DEBUG 	 2019-04-21 02:29:29,019 T ------> U
DEBUG 	 2019-04-21 02:29:29,020 n ------> o
DEBUG 	 2019-04-21 02:29:29,021 x ------> y
DEBUG 	 2019-04-21 02:29:29,022 N ------> O
DEBUG 	 2019-04-21 02:29:29,023 J ------> K
DEBUG 	 2019-04-21 02:29:29,024 e ------> f
DEBUG 	 2019-04-21 02:29:29,025 A ------> B
DEBUG 	 2019-04-21 02:29:29,026 F ------> G
DEBUG 	 2019-04-21 02:29:29,027 p ------> q
DEBUG 	 2019-04-21 02:29:29,028 i ------> j
DEBUG 	 2019-04-21 02:29:29,029 e ------> f
DEBUG 	 2019-04-21 02:29:29,030 q ------> r
DEBUG 	 2019-04-21 02:29:29,031 h ------> i
DEBUG 	 2019-04-21 02:29:29,032 x ------> y
DEBUG 	 2019-04-21 02:29:29,033 m ------> n
DEBUG 	 2019-04-21 02:29:29,034 J ------> K
DEBUG 	 2019-04-21 02:29:29,035 l ------> m
DEBUG 	 2019-04-21 02:29:29,036 k ------> l
DEBUG 	 2019-04-21 02:29:29,037 H ------> I
DEBUG 	 2019-04-21 02:29:29,038 v ------> w
DEBUG 	 2019-04-21 02:29:29,039 s ------> t
DEBUG 	 2019-04-21 02:29:29,040 l ------> m
DEBUG 	 2019-04-21 02:29:29,041 X ------> Y
DEBUG 	 2019-04-21 02:29:29,042 Y ------> Z
DEBUG 	 2019-04-21 02:29:29,043 y ------> z
DEBUG 	 2019-04-21 02:29:29,044 v ------> w
DEBUG 	 2019-04-21 02:29:29,045 Y ------> Z
DEBUG 	 2019-04-21 02:29:29,046 P ------> Q
DEBUG 	 2019-04-21 02:29:29,047 C ------> D
DEBUG 	 2019-04-21 02:29:29,048 j ------> k
DEBUG 	 2019-04-21 02:29:29,049 O ------> P
DEBUG 	 2019-04-21 02:29:29,050 d ------> e
DEBUG 	 2019-04-21 02:29:29,051 g ------> h
DEBUG 	 2019-04-21 02:29:29,052 o ------> p
DEBUG 	 2019-04-21 02:29:29,053 W ------> X
DEBUG 	 2019-04-21 02:29:29,054 H ------> I
DEBUG 	 2019-04-21 02:29:29,055 A ------> B
DEBUG 	 2019-04-21 02:29:29,056 D ------> E
DEBUG 	 2019-04-21 02:29:29,057 b ------> c
DEBUG 	 2019-04-21 02:29:29,058 a ------> b
DEBUG 	 2019-04-21 02:29:29,059 E ------> F
DEBUG 	 2019-04-21 02:29:29,060 P ------> Q
DEBUG 	 2019-04-21 02:29:29,061 r ------> s
DEBUG 	 2019-04-21 02:29:29,062 h ------> i
DEBUG 	 2019-04-21 02:29:29,063 G ------> H
DEBUG 	 2019-04-21 02:29:29,064 k ------> l
DEBUG 	 2019-04-21 02:29:29,065 I ------> J
DEBUG 	 2019-04-21 02:29:29,066 k ------> l
DEBUG 	 2019-04-21 02:29:29,067 R ------> S
DEBUG 	 2019-04-21 02:29:29,068 z ------> a
DEBUG 	 2019-04-21 02:29:29,069 h ------> i
DEBUG 	 2019-04-21 02:29:29,070 J ------> K
DEBUG 	 2019-04-21 02:29:29,071 Y ------> Z
DEBUG 	 2019-04-21 02:29:29,072 t ------> u
DEBUG 	 2019-04-21 02:29:29,073 G ------> H
DEBUG 	 2019-04-21 02:29:29,074 H ------> I
DEBUG 	 2019-04-21 02:29:29,075 I ------> J
DEBUG 	 2019-04-21 02:29:29,076 H ------> I
DEBUG 	 2019-04-21 02:29:29,077 Z ------> A
DEBUG 	 2019-04-21 02:29:29,078 r ------> s
DEBUG 	 2019-04-21 02:29:29,079 k ------> l
DEBUG 	 2019-04-21 02:29:29,080 x ------> y
DEBUG 	 2019-04-21 02:29:29,081 A ------> B
DEBUG 	 2019-04-21 02:29:29,082 s ------> t
DEBUG 	 2019-04-21 02:29:29,083 P ------> Q
DEBUG 	 2019-04-21 02:29:29,084 I ------> J
DEBUG 	 2019-04-21 02:29:29,085 E ------> F
DEBUG 	 2019-04-21 02:29:29,086 z ------> a
DEBUG 	 2019-04-21 02:29:29,087 p ------> q
DEBUG 	 2019-04-21 02:29:29,088 E ------> F
DEBUG 	 2019-04-21 02:29:29,089 F ------> G
DEBUG 	 2019-04-21 02:29:29,090 j ------> k
DEBUG 	 2019-04-21 02:29:29,091 A ------> B
DEBUG 	 2019-04-21 02:29:29,092 S ------> T
DEBUG 	 2019-04-21 02:29:29,093 b ------> c
DEBUG 	 2019-04-21 02:29:29,094 G ------> H
DEBUG 	 2019-04-21 02:29:29,095 R ------> S
DEBUG 	 2019-04-21 02:29:29,096 a ------> b
DEBUG 	 2019-04-21 02:29:29,097 b ------> c
DEBUG 	 2019-04-21 02:29:29,098 g ------> h
DEBUG 	 2019-04-21 02:29:29,099 P ------> Q
DEBUG 	 2019-04-21 02:29:29,100 O ------> P
DEBUG 	 2019-04-21 02:29:29,101 q ------> r
DEBUG 	 2019-04-21 02:29:29,102 r ------> s
DEBUG 	 2019-04-21 02:29:29,103 i ------> j
DEBUG 	 2019-04-21 02:29:29,104 v ------> w
DEBUG 	 2019-04-21 02:29:29,105 Y ------> Z
DEBUG 	 2019-04-21 02:29:29,106 Z ------> A
DEBUG 	 2019-04-21 02:29:29,107 Z ------> A
DEBUG 	 2019-04-21 02:29:29,108 b ------> c
DEBUG 	 2019-04-21 02:29:29,109 Z ------> A
DEBUG 	 2019-04-21 02:29:29,110 x ------> y
DEBUG 	 2019-04-21 02:29:29,111 L ------> M
DEBUG 	 2019-04-21 02:29:29,112 s ------> t
DEBUG 	 2019-04-21 02:29:29,113 L ------> M
DEBUG 	 2019-04-21 02:29:29,114 M ------> N
DEBUG 	 2019-04-21 02:29:29,115 r ------> s
DEBUG 	 2019-04-21 02:29:29,116 C ------> D
DEBUG 	 2019-04-21 02:29:29,117 Y ------> Z
DEBUG 	 2019-04-21 02:29:29,118 a ------> b
DEBUG 	 2019-04-21 02:29:29,119 N ------> O
DEBUG 	 2019-04-21 02:29:29,120 J ------> K
DEBUG 	 2019-04-21 02:29:29,121 x ------> y
DEBUG 	 2019-04-21 02:29:29,122 U ------> V
DEBUG 	 2019-04-21 02:29:29,123 k ------> l
DEBUG 	 2019-04-21 02:29:29,124 e ------> f
DEBUG 	 2019-04-21 02:29:29,125 E ------> F
DEBUG 	 2019-04-21 02:29:29,126 I ------> J
DEBUG 	 2019-04-21 02:29:29,127 x ------> y
DEBUG 	 2019-04-21 02:29:29,128 Y ------> Z
DEBUG 	 2019-04-21 02:29:29,129 k ------> l
DEBUG 	 2019-04-21 02:29:29,130 j ------> k
DEBUG 	 2019-04-21 02:29:29,131 z ------> a
DEBUG 	 2019-04-21 02:29:29,132 c ------> d
DEBUG 	 2019-04-21 02:29:29,133 n ------> o
DEBUG 	 2019-04-21 02:29:29,134 s ------> t
DEBUG 	 2019-04-21 02:29:29,135 y ------> z
DEBUG 	 2019-04-21 02:29:29,136 Y ------> Z
DEBUG 	 2019-04-21 02:29:29,137 I ------> J
DEBUG 	 2019-04-21 02:29:29,138 W ------> X
DEBUG 	 2019-04-21 02:29:29,139 Q ------> R
DEBUG 	 2019-04-21 02:29:29,140 I ------> J
DEBUG 	 2019-04-21 02:29:29,141 M ------> N
DEBUG 	 2019-04-21 02:29:29,142 B ------> C
DEBUG 	 2019-04-21 02:29:29,143 t ------> u
DEBUG 	 2019-04-21 02:29:29,144 I ------> J
DEBUG 	 2019-04-21 02:29:29,145 R ------> S
DEBUG 	 2019-04-21 02:29:29,146 q ------> r
DEBUG 	 2019-04-21 02:29:29,147 i ------> j
DEBUG 	 2019-04-21 02:29:29,148 w ------> x
DEBUG 	 2019-04-21 02:29:29,149 B ------> C
DEBUG 	 2019-04-21 02:29:29,150 I ------> J
DEBUG 	 2019-04-21 02:29:29,151 n ------> o
DEBUG 	 2019-04-21 02:29:29,152 w ------> x
DEBUG 	 2019-04-21 02:29:29,153 J ------> K
DEBUG 	 2019-04-21 02:29:29,154 H ------> I
DEBUG 	 2019-04-21 02:29:29,155 A ------> B
DEBUG 	 2019-04-21 02:29:29,156 J ------> K
DEBUG 	 2019-04-21 02:29:29,157 O ------> P
DEBUG 	 2019-04-21 02:29:29,158 m ------> n
DEBUG 	 2019-04-21 02:29:29,159 m ------> n
DEBUG 	 2019-04-21 02:29:29,160 U ------> V
DEBUG 	 2019-04-21 02:29:29,161 J ------> K
DEBUG 	 2019-04-21 02:29:29,162 T ------> U
DEBUG 	 2019-04-21 02:29:29,163 c ------> d
DEBUG 	 2019-04-21 02:29:29,164 X ------> Y
DEBUG 	 2019-04-21 02:29:29,165 A ------> B
DEBUG 	 2019-04-21 02:29:29,166 H ------> I
DEBUG 	 2019-04-21 02:29:29,167 E ------> F
DEBUG 	 2019-04-21 02:29:29,168 R ------> S
DEBUG 	 2019-04-21 02:29:29,169 s ------> t
DEBUG 	 2019-04-21 02:29:29,170 Z ------> A
DEBUG 	 2019-04-21 02:29:29,171 o ------> p
DEBUG 	 2019-04-21 02:29:29,172 J ------> K
DEBUG 	 2019-04-21 02:29:29,173 i ------> j
DEBUG 	 2019-04-21 02:29:29,174 C ------> D
DEBUG 	 2019-04-21 02:29:29,175 A ------> B
DEBUG 	 2019-04-21 02:29:29,176 K ------> L
DEBUG 	 2019-04-21 02:29:29,177 d ------> e
DEBUG 	 2019-04-21 02:29:29,178 l ------> m
DEBUG 	 2019-04-21 02:29:29,179 k ------> l
DEBUG 	 2019-04-21 02:29:29,180 v ------> w
DEBUG 	 2019-04-21 02:29:29,181 O ------> P
DEBUG 	 2019-04-21 02:29:29,182 n ------> o
DEBUG 	 2019-04-21 02:29:29,183 h ------> i
DEBUG 	 2019-04-21 02:29:29,184 L ------> M
DEBUG 	 2019-04-21 02:29:29,185 w ------> x
DEBUG 	 2019-04-21 02:29:29,186 a ------> b
DEBUG 	 2019-04-21 02:29:29,187 j ------> k
DEBUG 	 2019-04-21 02:29:29,188 Q ------> R
DEBUG 	 2019-04-21 02:29:29,189 S ------> T
DEBUG 	 2019-04-21 02:29:29,190 V ------> W
DEBUG 	 2019-04-21 02:29:29,191 l ------> m
DEBUG 	 2019-04-21 02:29:29,192 p ------> q
DEBUG 	 2019-04-21 02:29:29,193 J ------> K
DEBUG 	 2019-04-21 02:29:29,194 K ------> L
DEBUG 	 2019-04-21 02:29:29,195 K ------> L
DEBUG 	 2019-04-21 02:29:29,196 g ------> h
DEBUG 	 2019-04-21 02:29:29,197 N ------> O
DEBUG 	 2019-04-21 02:29:29,198 F ------> G
DEBUG 	 2019-04-21 02:29:29,199 R ------> S
DEBUG 	 2019-04-21 02:29:29,200 e ------> f
DEBUG 	 2019-04-21 02:29:29,201 d ------> e
DEBUG 	 2019-04-21 02:29:29,202 n ------> o
DEBUG 	 2019-04-21 02:29:29,203 j ------> k
DEBUG 	 2019-04-21 02:29:29,204 i ------> j
DEBUG 	 2019-04-21 02:29:29,205 E ------> F
DEBUG 	 2019-04-21 02:29:29,206 M ------> N
DEBUG 	 2019-04-21 02:29:29,207 t ------> u
DEBUG 	 2019-04-21 02:29:29,208 T ------> U
DEBUG 	 2019-04-21 02:29:29,209 D ------> E
DEBUG 	 2019-04-21 02:29:29,210 v ------> w
DEBUG 	 2019-04-21 02:29:29,211 N ------> O
DEBUG 	 2019-04-21 02:29:29,212 u ------> v
DEBUG 	 2019-04-21 02:29:29,213 k ------> l
DEBUG 	 2019-04-21 02:29:29,214 e ------> f
DEBUG 	 2019-04-21 02:29:29,215 H ------> I
DEBUG 	 2019-04-21 02:29:29,216 b ------> c
DEBUG 	 2019-04-21 02:29:29,217 a ------> b
DEBUG 	 2019-04-21 02:29:29,218 W ------> X
DEBUG 	 2019-04-21 02:29:29,219 A ------> B
DEBUG 	 2019-04-21 02:29:29,220 S ------> T
DEBUG 	 2019-04-21 02:29:29,221 x ------> y
DEBUG 	 2019-04-21 02:29:29,222 s ------> t
DEBUG 	 2019-04-21 02:29:29,223 Y ------> Z
DEBUG 	 2019-04-21 02:29:29,224 k ------> l
DEBUG 	 2019-04-21 02:29:29,225 z ------> a
DEBUG 	 2019-04-21 02:29:29,226 a ------> b
DEBUG 	 2019-04-21 02:29:29,227 O ------> P
DEBUG 	 2019-04-21 02:29:29,228 Q ------> R
DEBUG 	 2019-04-21 02:29:29,229 h ------> i
DEBUG 	 2019-04-21 02:29:29,230 Q ------> R
DEBUG 	 2019-04-21 02:29:29,231 W ------> X
DEBUG 	 2019-04-21 02:29:29,232 P ------> Q
DEBUG 	 2019-04-21 02:29:29,233 Q ------> R
DEBUG 	 2019-04-21 02:29:29,234 Q ------> R
DEBUG 	 2019-04-21 02:29:29,235 p ------> q
DEBUG 	 2019-04-21 02:29:29,236 t ------> u
DEBUG 	 2019-04-21 02:29:29,237 B ------> C
DEBUG 	 2019-04-21 02:29:29,238 z ------> a
DEBUG 	 2019-04-21 02:29:29,239 q ------> r
DEBUG 	 2019-04-21 02:29:29,240 m ------> n
DEBUG 	 2019-04-21 02:29:29,241 R ------> S
DEBUG 	 2019-04-21 02:29:29,242 v ------> w
DEBUG 	 2019-04-21 02:29:29,243 P ------> Q
DEBUG 	 2019-04-21 02:29:29,244 J ------> K
DEBUG 	 2019-04-21 02:29:29,245 Z ------> A
DEBUG 	 2019-04-21 02:29:29,246 O ------> P
DEBUG 	 2019-04-21 02:29:29,247 m ------> n
DEBUG 	 2019-04-21 02:29:29,248 H ------> I
DEBUG 	 2019-04-21 02:29:29,249 q ------> r
DEBUG 	 2019-04-21 02:29:29,250 c ------> d
DEBUG 	 2019-04-21 02:29:29,251 v ------> w
DEBUG 	 2019-04-21 02:29:29,252 Z ------> A
DEBUG 	 2019-04-21 02:29:29,253 c ------> d
DEBUG 	 2019-04-21 02:29:29,254 e ------> f
DEBUG 	 2019-04-21 02:29:29,255 K ------> L
DEBUG 	 2019-04-21 02:29:29,256 W ------> X
DEBUG 	 2019-04-21 02:29:29,257 a ------> b
DEBUG 	 2019-04-21 02:29:29,258 O ------> P
DEBUG 	 2019-04-21 02:29:29,259 k ------> l
DEBUG 	 2019-04-21 02:29:29,260 k ------> l
DEBUG 	 2019-04-21 02:29:29,261 U ------> V
DEBUG 	 2019-04-21 02:29:29,262 U ------> V
DEBUG 	 2019-04-21 02:29:29,263 T ------> U
DEBUG 	 2019-04-21 02:29:29,264 o ------> p
DEBUG 	 2019-04-21 02:29:29,265 a ------> b
DEBUG 	 2019-04-21 02:29:29,266 p ------> q
DEBUG 	 2019-04-21 02:29:29,267 t ------> u
DEBUG 	 2019-04-21 02:29:29,268 X ------> Y
DEBUG 	 2019-04-21 02:29:29,269 v ------> w
DEBUG 	 2019-04-21 02:29:29,270 W ------> X
DEBUG 	 2019-04-21 02:29:29,271 W ------> X
DEBUG 	 2019-04-21 02:29:29,272 a ------> b
DEBUG 	 2019-04-21 02:29:29,273 y ------> z
DEBUG 	 2019-04-21 02:29:29,274 D ------> E
DEBUG 	 2019-04-21 02:29:29,275 W ------> X
DEBUG 	 2019-04-21 02:29:29,276 Q ------> R
DEBUG 	 2019-04-21 02:29:29,277 i ------> j
DEBUG 	 2019-04-21 02:29:29,278 O ------> P
DEBUG 	 2019-04-21 02:29:29,279 Y ------> Z
DEBUG 	 2019-04-21 02:29:29,280 c ------> d
DEBUG 	 2019-04-21 02:29:29,281 L ------> M
DEBUG 	 2019-04-21 02:29:29,282 O ------> P
DEBUG 	 2019-04-21 02:29:29,283 i ------> j
DEBUG 	 2019-04-21 02:29:29,284 m ------> n
DEBUG 	 2019-04-21 02:29:29,285 x ------> y
DEBUG 	 2019-04-21 02:29:29,286 X ------> Y
DEBUG 	 2019-04-21 02:29:29,287 B ------> C
DEBUG 	 2019-04-21 02:29:29,288 M ------> N
DEBUG 	 2019-04-21 02:29:29,289 d ------> e
DEBUG 	 2019-04-21 02:29:29,290 i ------> j
DEBUG 	 2019-04-21 02:29:29,291 c ------> d
DEBUG 	 2019-04-21 02:29:29,292 a ------> b
DEBUG 	 2019-04-21 02:29:29,293 U ------> V
DEBUG 	 2019-04-21 02:29:29,294 x ------> y
DEBUG 	 2019-04-21 02:29:29,295 c ------> d
DEBUG 	 2019-04-21 02:29:29,296 T ------> U
DEBUG 	 2019-04-21 02:29:29,297 z ------> a
DEBUG 	 2019-04-21 02:29:29,298 N ------> O
DEBUG 	 2019-04-21 02:29:29,299 U ------> V
DEBUG 	 2019-04-21 02:29:29,300 x ------> y
DEBUG 	 2019-04-21 02:29:29,301 B ------> C
DEBUG 	 2019-04-21 02:29:29,302 H ------> I
DEBUG 	 2019-04-21 02:29:29,303 j ------> k
DEBUG 	 2019-04-21 02:29:29,304 N ------> O
DEBUG 	 2019-04-21 02:29:29,305 H ------> I
DEBUG 	 2019-04-21 02:29:29,306 c ------> d
DEBUG 	 2019-04-21 02:29:29,307 U ------> V
DEBUG 	 2019-04-21 02:29:29,308 z ------> a
DEBUG 	 2019-04-21 02:29:29,309 H ------> I
DEBUG 	 2019-04-21 02:29:29,310 b ------> c
DEBUG 	 2019-04-21 02:29:29,311 E ------> F
DEBUG 	 2019-04-21 02:29:29,312 k ------> l
DEBUG 	 2019-04-21 02:29:29,313 l ------> m
DEBUG 	 2019-04-21 02:29:29,314 O ------> P
DEBUG 	 2019-04-21 02:29:29,315 M ------> N
DEBUG 	 2019-04-21 02:29:29,316 L ------> M
DEBUG 	 2019-04-21 02:29:29,317 o ------> p
DEBUG 	 2019-04-21 02:29:29,318 G ------> H
DEBUG 	 2019-04-21 02:29:29,319 l ------> m
DEBUG 	 2019-04-21 02:29:29,320 K ------> L
DEBUG 	 2019-04-21 02:29:29,321 V ------> W
DEBUG 	 2019-04-21 02:29:29,322 o ------> p
DEBUG 	 2019-04-21 02:29:29,323 R ------> S
DEBUG 	 2019-04-21 02:29:29,324 J ------> K
DEBUG 	 2019-04-21 02:29:29,325 Q ------> R
DEBUG 	 2019-04-21 02:29:29,326 g ------> h
DEBUG 	 2019-04-21 02:29:29,327 g ------> h
DEBUG 	 2019-04-21 02:29:29,328 e ------> f
DEBUG 	 2019-04-21 02:29:29,329 C ------> D
DEBUG 	 2019-04-21 02:29:29,330 D ------> E
DEBUG 	 2019-04-21 02:29:29,331 h ------> i
DEBUG 	 2019-04-21 02:29:29,332 U ------> V
DEBUG 	 2019-04-21 02:29:29,333 C ------> D
DEBUG 	 2019-04-21 02:29:29,334 X ------> Y
DEBUG 	 2019-04-21 02:29:29,335 j ------> k
DEBUG 	 2019-04-21 02:29:29,336 l ------> m
DEBUG 	 2019-04-21 02:29:29,337 S ------> T
DEBUG 	 2019-04-21 02:29:29,338 Z ------> A
DEBUG 	 2019-04-21 02:29:29,339 X ------> Y
DEBUG 	 2019-04-21 02:29:29,340 G ------> H
DEBUG 	 2019-04-21 02:29:29,341 w ------> x
DEBUG 	 2019-04-21 02:29:29,342 F ------> G
DEBUG 	 2019-04-21 02:29:29,343 V ------> W
DEBUG 	 2019-04-21 02:29:29,344 l ------> m
DEBUG 	 2019-04-21 02:29:29,345 c ------> d
DEBUG 	 2019-04-21 02:29:29,346 X ------> Y
DEBUG 	 2019-04-21 02:29:29,347 t ------> u
DEBUG 	 2019-04-21 02:29:29,348 y ------> z
DEBUG 	 2019-04-21 02:29:29,349 u ------> v
DEBUG 	 2019-04-21 02:29:29,350 r ------> s
DEBUG 	 2019-04-21 02:29:29,351 u ------> v
DEBUG 	 2019-04-21 02:29:29,352 v ------> w
DEBUG 	 2019-04-21 02:29:29,353 K ------> L
DEBUG 	 2019-04-21 02:29:29,354 O ------> P
DEBUG 	 2019-04-21 02:29:29,355 k ------> l
DEBUG 	 2019-04-21 02:29:29,356 W ------> X
DEBUG 	 2019-04-21 02:29:29,357 k ------> l
DEBUG 	 2019-04-21 02:29:29,358 k ------> l
DEBUG 	 2019-04-21 02:29:29,359 p ------> q
DEBUG 	 2019-04-21 02:29:29,360 Y ------> Z
DEBUG 	 2019-04-21 02:29:29,361 Q ------> R
DEBUG 	 2019-04-21 02:29:29,362 t ------> u
DEBUG 	 2019-04-21 02:29:29,363 r ------> s
DEBUG 	 2019-04-21 02:29:29,364 N ------> O
DEBUG 	 2019-04-21 02:29:29,365 d ------> e
DEBUG 	 2019-04-21 02:29:29,366 i ------> j
DEBUG 	 2019-04-21 02:29:29,367 G ------> H
DEBUG 	 2019-04-21 02:29:29,368 V ------> W
DEBUG 	 2019-04-21 02:29:29,369 a ------> b
DEBUG 	 2019-04-21 02:29:29,370 l ------> m
DEBUG 	 2019-04-21 02:29:29,371 p ------> q
DEBUG 	 2019-04-21 02:29:29,372 h ------> i
DEBUG 	 2019-04-21 02:29:29,373 s ------> t
DEBUG 	 2019-04-21 02:29:29,374 B ------> C
DEBUG 	 2019-04-21 02:29:29,375 u ------> v
DEBUG 	 2019-04-21 02:29:29,376 y ------> z
DEBUG 	 2019-04-21 02:29:29,377 R ------> S
DEBUG 	 2019-04-21 02:29:29,378 W ------> X
DEBUG 	 2019-04-21 02:29:29,379 J ------> K
DEBUG 	 2019-04-21 02:29:29,380 t ------> u
DEBUG 	 2019-04-21 02:29:29,381 d ------> e
DEBUG 	 2019-04-21 02:29:29,382 m ------> n
DEBUG 	 2019-04-21 02:29:29,383 S ------> T
DEBUG 	 2019-04-21 02:29:29,384 z ------> a
DEBUG 	 2019-04-21 02:29:29,385 S ------> T
DEBUG 	 2019-04-21 02:29:29,386 z ------> a
DEBUG 	 2019-04-21 02:29:29,387 i ------> j
DEBUG 	 2019-04-21 02:29:29,388 I ------> J
DEBUG 	 2019-04-21 02:29:29,389 j ------> k
DEBUG 	 2019-04-21 02:29:29,390 p ------> q
DEBUG 	 2019-04-21 02:29:29,391 v ------> w
DEBUG 	 2019-04-21 02:29:29,392 J ------> K
DEBUG 	 2019-04-21 02:29:29,393 k ------> l
DEBUG 	 2019-04-21 02:29:29,394 q ------> r
DEBUG 	 2019-04-21 02:29:29,395 x ------> y
DEBUG 	 2019-04-21 02:29:29,396 A ------> B
DEBUG 	 2019-04-21 02:29:29,397 p ------> q
DEBUG 	 2019-04-21 02:29:29,398 c ------> d
DEBUG 	 2019-04-21 02:29:29,399 Q ------> R
DEBUG 	 2019-04-21 02:29:29,400 m ------> n
DEBUG 	 2019-04-21 02:29:29,401 z ------> a
DEBUG 	 2019-04-21 02:29:29,402 D ------> E
DEBUG 	 2019-04-21 02:29:29,403 P ------> Q
DEBUG 	 2019-04-21 02:29:29,404 R ------> S
DEBUG 	 2019-04-21 02:29:29,405 W ------> X
DEBUG 	 2019-04-21 02:29:29,406 Y ------> Z
DEBUG 	 2019-04-21 02:29:29,407 M ------> N
DEBUG 	 2019-04-21 02:29:29,408 w ------> x
DEBUG 	 2019-04-21 02:29:29,409 d ------> e
DEBUG 	 2019-04-21 02:29:29,410 y ------> z
DEBUG 	 2019-04-21 02:29:29,411 F ------> G
DEBUG 	 2019-04-21 02:29:29,412 f ------> g
DEBUG 	 2019-04-21 02:29:29,413 x ------> y
DEBUG 	 2019-04-21 02:29:29,414 Y ------> Z
DEBUG 	 2019-04-21 02:29:29,415 r ------> s
DEBUG 	 2019-04-21 02:29:29,416 K ------> L
DEBUG 	 2019-04-21 02:29:29,417 Q ------> R
DEBUG 	 2019-04-21 02:29:29,418 E ------> F
DEBUG 	 2019-04-21 02:29:29,419 n ------> o
DEBUG 	 2019-04-21 02:29:29,420 y ------> z
DEBUG 	 2019-04-21 02:29:29,421 k ------> l
DEBUG 	 2019-04-21 02:29:29,422 u ------> v
DEBUG 	 2019-04-21 02:29:29,423 i ------> j
DEBUG 	 2019-04-21 02:29:29,424 H ------> I
DEBUG 	 2019-04-21 02:29:29,425 H ------> I
DEBUG 	 2019-04-21 02:29:29,426 X ------> Y
DEBUG 	 2019-04-21 02:29:29,427 o ------> p
DEBUG 	 2019-04-21 02:29:29,428 u ------> v
DEBUG 	 2019-04-21 02:29:29,429 K ------> L
DEBUG 	 2019-04-21 02:29:29,430 q ------> r
DEBUG 	 2019-04-21 02:29:29,431 w ------> x
DEBUG 	 2019-04-21 02:29:29,432 j ------> k
DEBUG 	 2019-04-21 02:29:29,433 j ------> k
DEBUG 	 2019-04-21 02:29:29,434 w ------> x
DEBUG 	 2019-04-21 02:29:29,435 l ------> m
DEBUG 	 2019-04-21 02:29:29,436 z ------> a
DEBUG 	 2019-04-21 02:29:29,437 e ------> f
DEBUG 	 2019-04-21 02:29:29,438 I ------> J
DEBUG 	 2019-04-21 02:29:29,439 L ------> M
DEBUG 	 2019-04-21 02:29:29,440 e ------> f
DEBUG 	 2019-04-21 02:29:29,441 E ------> F
DEBUG 	 2019-04-21 02:29:29,442 b ------> c
DEBUG 	 2019-04-21 02:29:29,443 j ------> k
DEBUG 	 2019-04-21 02:29:29,444 O ------> P
DEBUG 	 2019-04-21 02:29:29,445 T ------> U
DEBUG 	 2019-04-21 02:29:29,446 b ------> c
DEBUG 	 2019-04-21 02:29:29,447 w ------> x
DEBUG 	 2019-04-21 02:29:29,448 Y ------> Z
DEBUG 	 2019-04-21 02:29:29,449 a ------> b
DEBUG 	 2019-04-21 02:29:29,450 q ------> r
DEBUG 	 2019-04-21 02:29:29,451 P ------> Q
DEBUG 	 2019-04-21 02:29:29,452 s ------> t
DEBUG 	 2019-04-21 02:29:29,453 I ------> J
DEBUG 	 2019-04-21 02:29:29,454 T ------> U
DEBUG 	 2019-04-21 02:29:29,455 A ------> B
DEBUG 	 2019-04-21 02:29:29,456 a ------> b
DEBUG 	 2019-04-21 02:29:29,457 t ------> u
DEBUG 	 2019-04-21 02:29:29,458 t ------> u
DEBUG 	 2019-04-21 02:29:29,459 O ------> P
DEBUG 	 2019-04-21 02:29:29,460 L ------> M
DEBUG 	 2019-04-21 02:29:29,461 y ------> z
DEBUG 	 2019-04-21 02:29:29,462 w ------> x
DEBUG 	 2019-04-21 02:29:29,463 a ------> b
DEBUG 	 2019-04-21 02:29:29,464 N ------> O
DEBUG 	 2019-04-21 02:29:29,465 g ------> h
DEBUG 	 2019-04-21 02:29:29,466 g ------> h
DEBUG 	 2019-04-21 02:29:29,467 w ------> x
DEBUG 	 2019-04-21 02:29:29,468 v ------> w
DEBUG 	 2019-04-21 02:29:29,469 s ------> t
DEBUG 	 2019-04-21 02:29:29,470 z ------> a
DEBUG 	 2019-04-21 02:29:29,471 o ------> p
DEBUG 	 2019-04-21 02:29:29,472 a ------> b
DEBUG 	 2019-04-21 02:29:29,473 x ------> y
DEBUG 	 2019-04-21 02:29:29,474 W ------> X
DEBUG 	 2019-04-21 02:29:29,475 p ------> q
DEBUG 	 2019-04-21 02:29:29,476 r ------> s
DEBUG 	 2019-04-21 02:29:29,477 h ------> i
DEBUG 	 2019-04-21 02:29:29,478 N ------> O
DEBUG 	 2019-04-21 02:29:29,479 w ------> x
DEBUG 	 2019-04-21 02:29:29,480 U ------> V
DEBUG 	 2019-04-21 02:29:29,481 U ------> V
DEBUG 	 2019-04-21 02:29:29,482 h ------> i
DEBUG 	 2019-04-21 02:29:29,483 f ------> g
DEBUG 	 2019-04-21 02:29:29,484 Q ------> R
DEBUG 	 2019-04-21 02:29:29,485 y ------> z
DEBUG 	 2019-04-21 02:29:29,486 S ------> T
DEBUG 	 2019-04-21 02:29:29,487 i ------> j
DEBUG 	 2019-04-21 02:29:29,488 U ------> V
DEBUG 	 2019-04-21 02:29:29,489 j ------> k
DEBUG 	 2019-04-21 02:29:29,490 t ------> u
DEBUG 	 2019-04-21 02:29:29,491 b ------> c
DEBUG 	 2019-04-21 02:29:29,492 Y ------> Z
DEBUG 	 2019-04-21 02:29:29,493 b ------> c
DEBUG 	 2019-04-21 02:29:29,494 A ------> B
DEBUG 	 2019-04-21 02:29:29,495 h ------> i
DEBUG 	 2019-04-21 02:29:29,496 q ------> r
DEBUG 	 2019-04-21 02:29:29,497 l ------> m
DEBUG 	 2019-04-21 02:29:29,498 A ------> B
DEBUG 	 2019-04-21 02:29:29,499 L ------> M
DEBUG 	 2019-04-21 02:29:29,500 t ------> u
DEBUG 	 2019-04-21 02:29:29,501 J ------> K
DEBUG 	 2019-04-21 02:29:29,502 X ------> Y
DEBUG 	 2019-04-21 02:29:29,503 g ------> h
DEBUG 	 2019-04-21 02:29:29,504 A ------> B
DEBUG 	 2019-04-21 02:29:29,505 P ------> Q
DEBUG 	 2019-04-21 02:29:29,506 I ------> J
DEBUG 	 2019-04-21 02:29:29,507 B ------> C
DEBUG 	 2019-04-21 02:29:29,508 W ------> X
DEBUG 	 2019-04-21 02:29:29,509 g ------> h
DEBUG 	 2019-04-21 02:29:29,510 X ------> Y
DEBUG 	 2019-04-21 02:29:29,511 z ------> a
DEBUG 	 2019-04-21 02:29:29,512 L ------> M
DEBUG 	 2019-04-21 02:29:29,513 Z ------> A
DEBUG 	 2019-04-21 02:29:29,514 f ------> g
DEBUG 	 2019-04-21 02:29:29,515 j ------> k
DEBUG 	 2019-04-21 02:29:29,516 M ------> N
DEBUG 	 2019-04-21 02:29:29,517 E ------> F
DEBUG 	 2019-04-21 02:29:29,518 z ------> a
DEBUG 	 2019-04-21 02:29:29,519 B ------> C
DEBUG 	 2019-04-21 02:29:29,520 f ------> g
DEBUG 	 2019-04-21 02:29:29,521 e ------> f
DEBUG 	 2019-04-21 02:29:29,522 l ------> m
DEBUG 	 2019-04-21 02:29:29,523 N ------> O
DEBUG 	 2019-04-21 02:29:29,524 Q ------> R
DEBUG 	 2019-04-21 02:29:29,525 E ------> F
DEBUG 	 2019-04-21 02:29:29,526 G ------> H
DEBUG 	 2019-04-21 02:29:29,527 i ------> j
DEBUG 	 2019-04-21 02:29:29,528 i ------> j
DEBUG 	 2019-04-21 02:29:29,529 z ------> a
DEBUG 	 2019-04-21 02:29:29,530 e ------> f
DEBUG 	 2019-04-21 02:29:29,531 a ------> b
DEBUG 	 2019-04-21 02:29:29,532 Z ------> A
DEBUG 	 2019-04-21 02:29:29,533 E ------> F
DEBUG 	 2019-04-21 02:29:29,534 r ------> s
DEBUG 	 2019-04-21 02:29:29,535 b ------> c
DEBUG 	 2019-04-21 02:29:29,536 g ------> h
DEBUG 	 2019-04-21 02:29:29,537 E ------> F
DEBUG 	 2019-04-21 02:29:29,538 d ------> e
DEBUG 	 2019-04-21 02:29:29,539 i ------> j
DEBUG 	 2019-04-21 02:29:29,540 V ------> W
DEBUG 	 2019-04-21 02:29:29,541 X ------> Y
DEBUG 	 2019-04-21 02:29:29,542 S ------> T
DEBUG 	 2019-04-21 02:29:29,543 B ------> C
DEBUG 	 2019-04-21 02:29:29,544 L ------> M
DEBUG 	 2019-04-21 02:29:29,545 n ------> o
DEBUG 	 2019-04-21 02:29:29,546 F ------> G
DEBUG 	 2019-04-21 02:29:29,547 I ------> J
DEBUG 	 2019-04-21 02:29:29,548 E ------> F
DEBUG 	 2019-04-21 02:29:29,549 e ------> f
DEBUG 	 2019-04-21 02:29:29,550 M ------> N
DEBUG 	 2019-04-21 02:29:29,551 d ------> e
DEBUG 	 2019-04-21 02:29:29,552 q ------> r
DEBUG 	 2019-04-21 02:29:29,553 w ------> x
DEBUG 	 2019-04-21 02:29:29,554 I ------> J
DEBUG 	 2019-04-21 02:29:29,555 o ------> p
DEBUG 	 2019-04-21 02:29:29,556 H ------> I
DEBUG 	 2019-04-21 02:29:29,557 W ------> X
DEBUG 	 2019-04-21 02:29:29,558 T ------> U
DEBUG 	 2019-04-21 02:29:29,559 A ------> B
DEBUG 	 2019-04-21 02:29:29,560 p ------> q
DEBUG 	 2019-04-21 02:29:29,561 k ------> l
DEBUG 	 2019-04-21 02:29:29,562 O ------> P
DEBUG 	 2019-04-21 02:29:29,563 Z ------> A
DEBUG 	 2019-04-21 02:29:29,564 G ------> H
DEBUG 	 2019-04-21 02:29:29,565 m ------> n
DEBUG 	 2019-04-21 02:29:29,566 H ------> I
DEBUG 	 2019-04-21 02:29:29,567 U ------> V
DEBUG 	 2019-04-21 02:29:29,568 B ------> C
DEBUG 	 2019-04-21 02:29:29,569 L ------> M
DEBUG 	 2019-04-21 02:29:29,570 S ------> T
DEBUG 	 2019-04-21 02:29:29,571 Y ------> Z
DEBUG 	 2019-04-21 02:29:29,572 j ------> k
DEBUG 	 2019-04-21 02:29:29,573 u ------> v
DEBUG 	 2019-04-21 02:29:29,574 c ------> d
DEBUG 	 2019-04-21 02:29:29,575 E ------> F
DEBUG 	 2019-04-21 02:29:29,576 q ------> r
DEBUG 	 2019-04-21 02:29:29,577 C ------> D
DEBUG 	 2019-04-21 02:29:29,578 e ------> f
DEBUG 	 2019-04-21 02:29:29,579 u ------> v
DEBUG 	 2019-04-21 02:29:29,580 Q ------> R
DEBUG 	 2019-04-21 02:29:29,581 I ------> J
DEBUG 	 2019-04-21 02:29:29,582 U ------> V
DEBUG 	 2019-04-21 02:29:29,583 s ------> t
DEBUG 	 2019-04-21 02:29:29,584 w ------> x
DEBUG 	 2019-04-21 02:29:29,585 s ------> t
DEBUG 	 2019-04-21 02:29:29,586 J ------> K
DEBUG 	 2019-04-21 02:29:29,587 z ------> a
DEBUG 	 2019-04-21 02:29:29,588 M ------> N
DEBUG 	 2019-04-21 02:29:29,589 u ------> v
DEBUG 	 2019-04-21 02:29:29,590 g ------> h
DEBUG 	 2019-04-21 02:29:29,591 d ------> e
DEBUG 	 2019-04-21 02:29:29,592 V ------> W
DEBUG 	 2019-04-21 02:29:29,593 E ------> F
DEBUG 	 2019-04-21 02:29:29,594 y ------> z
DEBUG 	 2019-04-21 02:29:29,595 g ------> h
DEBUG 	 2019-04-21 02:29:29,596 R ------> S
DEBUG 	 2019-04-21 02:29:29,597 J ------> K
DEBUG 	 2019-04-21 02:29:29,598 C ------> D
DEBUG 	 2019-04-21 02:29:29,599 C ------> D
DEBUG 	 2019-04-21 02:29:29,600 t ------> u
DEBUG 	 2019-04-21 02:29:29,601 g ------> h
DEBUG 	 2019-04-21 02:29:29,602 X ------> Y
DEBUG 	 2019-04-21 02:29:29,603 F ------> G
DEBUG 	 2019-04-21 02:29:29,604 L ------> M
DEBUG 	 2019-04-21 02:29:29,605 x ------> y
DEBUG 	 2019-04-21 02:29:29,606 A ------> B
DEBUG 	 2019-04-21 02:29:29,607 m ------> n
DEBUG 	 2019-04-21 02:29:29,608 c ------> d
DEBUG 	 2019-04-21 02:29:29,609 P ------> Q
DEBUG 	 2019-04-21 02:29:29,610 u ------> v
DEBUG 	 2019-04-21 02:29:29,611 i ------> j
DEBUG 	 2019-04-21 02:29:29,612 N ------> O
DEBUG 	 2019-04-21 02:29:29,613 V ------> W
DEBUG 	 2019-04-21 02:29:29,614 c ------> d
DEBUG 	 2019-04-21 02:29:29,615 e ------> f
DEBUG 	 2019-04-21 02:29:29,616 g ------> h
DEBUG 	 2019-04-21 02:29:29,617 Y ------> Z
DEBUG 	 2019-04-21 02:29:29,618 m ------> n
DEBUG 	 2019-04-21 02:29:29,619 G ------> H
DEBUG 	 2019-04-21 02:29:29,620 R ------> S
DEBUG 	 2019-04-21 02:29:29,621 s ------> t
DEBUG 	 2019-04-21 02:29:29,622 J ------> K
DEBUG 	 2019-04-21 02:29:29,623 d ------> e
DEBUG 	 2019-04-21 02:29:29,624 d ------> e
DEBUG 	 2019-04-21 02:29:29,625 N ------> O
DEBUG 	 2019-04-21 02:29:29,626 z ------> a
INFO 	 2019-04-21 02:29:29,626 Error rate: 0.0
