INFO 	 2019-04-21 02:31:38,773 Serial port COM3 opened successfully.
INFO 	 2019-04-21 02:31:38,773 Running: 1000 tests with baud rate: 650000
DEBUG 	 2019-04-21 02:31:38,774 QQQQQ ------> RRRRR
DEBUG 	 2019-04-21 02:31:38,775 WWWWW ------> XXXXX
DEBUG 	 2019-04-21 02:31:38,776 nnnnn ------> ooooo
DEBUG 	 2019-04-21 02:31:38,777 OOOOO ------> PPPPP
DEBUG 	 2019-04-21 02:31:38,778 yyyyy ------> zzzzz
DEBUG 	 2019-04-21 02:31:38,779 ZZZZZ ------> AAAAA
DEBUG 	 2019-04-21 02:31:38,780 eeeee ------> fffff
DEBUG 	 2019-04-21 02:31:38,781 CCCCC ------> DDDDD
DEBUG 	 2019-04-21 02:31:38,782 SSSSS ------> TTTTT
DEBUG 	 2019-04-21 02:31:38,783 jjjjj ------> kkkkk
DEBUG 	 2019-04-21 02:31:38,784 DDDDD ------> EEEEE
DEBUG 	 2019-04-21 02:31:38,785 uuuuu ------> vvvvv
DEBUG 	 2019-04-21 02:31:38,791 vvvvv ------> wwwww
DEBUG 	 2019-04-21 02:31:38,792 CCCCC ------> DDDDD
DEBUG 	 2019-04-21 02:31:38,793 xxxxx ------> yyyyy
DEBUG 	 2019-04-21 02:31:38,794 zzzzz ------> aaaaa
DEBUG 	 2019-04-21 02:31:38,795 JJJJJ ------> KKKKK
DEBUG 	 2019-04-21 02:31:38,796 sssss ------> ttttt
DEBUG 	 2019-04-21 02:31:38,797 zzzzz ------> aaaaa
DEBUG 	 2019-04-21 02:31:38,798 iiiii ------> jjjjj
DEBUG 	 2019-04-21 02:31:38,799 yyyyy ------> zzzzz
DEBUG 	 2019-04-21 02:31:38,800 fffff ------> ggggg
DEBUG 	 2019-04-21 02:31:38,801 ppppp ------> qqqqq
DEBUG 	 2019-04-21 02:31:38,802 lllll ------> mmmmm
DEBUG 	 2019-04-21 02:31:38,803 ggggg ------> hhhhh
DEBUG 	 2019-04-21 02:31:38,804 GGGGG ------> HHHHH
DEBUG 	 2019-04-21 02:31:38,805 UUUUU ------> VVVVV
DEBUG 	 2019-04-21 02:31:38,806 AAAAA ------> BBBBB
DEBUG 	 2019-04-21 02:31:38,807 bbbbb ------> ccccc
DEBUG 	 2019-04-21 02:31:38,808 vvvvv ------> wwwww
DEBUG 	 2019-04-21 02:31:38,809 nnnnn ------> ooooo
DEBUG 	 2019-04-21 02:31:38,810 mmmmm ------> nnnnn
DEBUG 	 2019-04-21 02:31:38,811 RRRRR ------> SSSSS
DEBUG 	 2019-04-21 02:31:38,812 rrrrr ------> sssss
DEBUG 	 2019-04-21 02:31:38,813 FFFFF ------> GGGGG
DEBUG 	 2019-04-21 02:31:38,814 WWWWW ------> XXXXX
DEBUG 	 2019-04-21 02:31:38,816 TTTTT ------> UUUUU
DEBUG 	 2019-04-21 02:31:38,816 eeeee ------> fffff
DEBUG 	 2019-04-21 02:31:38,818 kkkkk ------> lllll
DEBUG 	 2019-04-21 02:31:38,818 FFFFF ------> GGGGG
DEBUG 	 2019-04-21 02:31:38,819 rrrrr ------> sssss
DEBUG 	 2019-04-21 02:31:38,820 ZZZZZ ------> AAAAA
DEBUG 	 2019-04-21 02:31:38,821 VVVVV ------> WWWWW
DEBUG 	 2019-04-21 02:31:38,822 fffff ------> ggggg
DEBUG 	 2019-04-21 02:31:38,823 YYYYY ------> ZZZZZ
DEBUG 	 2019-04-21 02:31:38,824 lllll ------> mmmmm
DEBUG 	 2019-04-21 02:31:38,825 nnnnn ------> ooooo
DEBUG 	 2019-04-21 02:31:38,826 IIIII ------> JJJJJ
DEBUG 	 2019-04-21 02:31:38,827 VVVVV ------> WWWWW
DEBUG 	 2019-04-21 02:31:38,828 LLLLL ------> MMMMM
DEBUG 	 2019-04-21 02:31:38,829 kkkkk ------> lllll
DEBUG 	 2019-04-21 02:31:38,830 zzzzz ------> aaaaa
DEBUG 	 2019-04-21 02:31:38,831 VVVVV ------> WWWWW
DEBUG 	 2019-04-21 02:31:38,832 yyyyy ------> zzzzz
DEBUG 	 2019-04-21 02:31:38,833 fffff ------> ggggg
DEBUG 	 2019-04-21 02:31:38,834 ZZZZZ ------> AAAAA
DEBUG 	 2019-04-21 02:31:38,835 zzzzz ------> aaaaa
DEBUG 	 2019-04-21 02:31:38,836 FFFFF ------> GGGGG
DEBUG 	 2019-04-21 02:31:38,837 KKKKK ------> LLLLL
DEBUG 	 2019-04-21 02:31:38,838 YYYYY ------> ZZZZZ
DEBUG 	 2019-04-21 02:31:38,839 HHHHH ------> IIIII
DEBUG 	 2019-04-21 02:31:38,840 EEEEE ------> FFFFF
DEBUG 	 2019-04-21 02:31:38,841 uuuuu ------> vvvvv
DEBUG 	 2019-04-21 02:31:38,842 KKKKK ------> LLLLL
DEBUG 	 2019-04-21 02:31:38,843 mmmmm ------> nnnnn
DEBUG 	 2019-04-21 02:31:38,844 IIIII ------> JJJJJ
DEBUG 	 2019-04-21 02:31:38,845 TTTTT ------> UUUUU
DEBUG 	 2019-04-21 02:31:38,846 yyyyy ------> zzzzz
DEBUG 	 2019-04-21 02:31:38,847 ooooo ------> ppppp
DEBUG 	 2019-04-21 02:31:38,848 fffff ------> ggggg
DEBUG 	 2019-04-21 02:31:38,849 KKKKK ------> LLLLL
DEBUG 	 2019-04-21 02:31:38,850 ppppp ------> qqqqq
DEBUG 	 2019-04-21 02:31:38,851 yyyyy ------> zzzzz
DEBUG 	 2019-04-21 02:31:38,852 wwwww ------> xxxxx
DEBUG 	 2019-04-21 02:31:38,853 aaaaa ------> bbbbb
DEBUG 	 2019-04-21 02:31:38,854 LLLLL ------> MMMMM
DEBUG 	 2019-04-21 02:31:38,855 JJJJJ ------> KKKKK
DEBUG 	 2019-04-21 02:31:38,856 SSSSS ------> TTTTT
DEBUG 	 2019-04-21 02:31:38,857 QQQQQ ------> RRRRR
DEBUG 	 2019-04-21 02:31:38,858 QQQQQ ------> RRRRR
DEBUG 	 2019-04-21 02:31:38,859 UUUUU ------> VVVVV
DEBUG 	 2019-04-21 02:31:38,860 eeeee ------> fffff
DEBUG 	 2019-04-21 02:31:38,861 vvvvv ------> wwwww
DEBUG 	 2019-04-21 02:31:38,862 DDDDD ------> EEEEE
DEBUG 	 2019-04-21 02:31:38,863 UUUUU ------> VVVVV
DEBUG 	 2019-04-21 02:31:38,864 lllll ------> mmmmm
DEBUG 	 2019-04-21 02:31:38,865 uuuuu ------> vvvvv
DEBUG 	 2019-04-21 02:31:38,866 eeeee ------> fffff
DEBUG 	 2019-04-21 02:31:38,867 lllll ------> mmmmm
DEBUG 	 2019-04-21 02:31:38,868 NNNNN ------> OOOOO
DEBUG 	 2019-04-21 02:31:38,869 mmmmm ------> nnnnn
DEBUG 	 2019-04-21 02:31:38,870 EEEEE ------> FFFFF
DEBUG 	 2019-04-21 02:31:38,871 aaaaa ------> bbbbb
DEBUG 	 2019-04-21 02:31:38,872 xxxxx ------> yyyyy
DEBUG 	 2019-04-21 02:31:38,873 XXXXX ------> YYYYY
DEBUG 	 2019-04-21 02:31:38,874 EEEEE ------> FFFFF
DEBUG 	 2019-04-21 02:31:38,875 XXXXX ------> YYYYY
DEBUG 	 2019-04-21 02:31:38,876 wwwww ------> xxxxx
DEBUG 	 2019-04-21 02:31:38,877 vvvvv ------> wwwww
DEBUG 	 2019-04-21 02:31:38,878 uuuuu ------> vvvvv
DEBUG 	 2019-04-21 02:31:38,879 fffff ------> ggggg
DEBUG 	 2019-04-21 02:31:38,880 DDDDD ------> EEEEE
DEBUG 	 2019-04-21 02:31:38,881 vvvvv ------> wwwww
DEBUG 	 2019-04-21 02:31:38,882 PPPPP ------> QQQQQ
DEBUG 	 2019-04-21 02:31:38,883 ggggg ------> hhhhh
DEBUG 	 2019-04-21 02:31:38,884 uuuuu ------> vvvvv
DEBUG 	 2019-04-21 02:31:38,885 kkkkk ------> lllll
DEBUG 	 2019-04-21 02:31:38,886 EEEEE ------> FFFFF
DEBUG 	 2019-04-21 02:31:38,887 VVVVV ------> WWWWW
DEBUG 	 2019-04-21 02:31:38,888 fffff ------> ggggg
DEBUG 	 2019-04-21 02:31:38,889 rrrrr ------> sssss
DEBUG 	 2019-04-21 02:31:38,890 XXXXX ------> YYYYY
DEBUG 	 2019-04-21 02:31:38,891 xxxxx ------> yyyyy
DEBUG 	 2019-04-21 02:31:38,892 ggggg ------> hhhhh
DEBUG 	 2019-04-21 02:31:38,893 AAAAA ------> BBBBB
DEBUG 	 2019-04-21 02:31:38,894 FFFFF ------> GGGGG
DEBUG 	 2019-04-21 02:31:38,895 bbbbb ------> ccccc
DEBUG 	 2019-04-21 02:31:38,896 PPPPP ------> QQQQQ
DEBUG 	 2019-04-21 02:31:38,897 bbbbb ------> ccccc
DEBUG 	 2019-04-21 02:31:38,898 SSSSS ------> TTTTT
DEBUG 	 2019-04-21 02:31:38,899 PPPPP ------> QQQQQ
DEBUG 	 2019-04-21 02:31:38,900 iiiii ------> jjjjj
DEBUG 	 2019-04-21 02:31:38,901 UUUUU ------> VVVVV
DEBUG 	 2019-04-21 02:31:38,902 ppppp ------> qqqqq
DEBUG 	 2019-04-21 02:31:38,903 OOOOO ------> PPPPP
DEBUG 	 2019-04-21 02:31:38,904 qqqqq ------> rrrrr
DEBUG 	 2019-04-21 02:31:38,905 WWWWW ------> XXXXX
DEBUG 	 2019-04-21 02:31:38,906 IIIII ------> JJJJJ
DEBUG 	 2019-04-21 02:31:38,907 ZZZZZ ------> AAAAA
DEBUG 	 2019-04-21 02:31:38,908 SSSSS ------> TTTTT
DEBUG 	 2019-04-21 02:31:38,909 mmmmm ------> nnnnn
DEBUG 	 2019-04-21 02:31:38,910 EEEEE ------> FFFFF
DEBUG 	 2019-04-21 02:31:38,911 yyyyy ------> zzzzz
DEBUG 	 2019-04-21 02:31:38,912 YYYYY ------> ZZZZZ
DEBUG 	 2019-04-21 02:31:38,913 WWWWW ------> XXXXX
DEBUG 	 2019-04-21 02:31:38,914 MMMMM ------> NNNNN
DEBUG 	 2019-04-21 02:31:38,915 LLLLL ------> MMMMM
DEBUG 	 2019-04-21 02:31:38,916 ccccc ------> ddddd
DEBUG 	 2019-04-21 02:31:38,917 bbbbb ------> ccccc
DEBUG 	 2019-04-21 02:31:38,918 yyyyy ------> zzzzz
DEBUG 	 2019-04-21 02:31:38,919 sssss ------> ttttt
DEBUG 	 2019-04-21 02:31:38,920 aaaaa ------> bbbbb
DEBUG 	 2019-04-21 02:31:38,921 EEEEE ------> FFFFF
DEBUG 	 2019-04-21 02:31:38,922 EEEEE ------> FFFFF
DEBUG 	 2019-04-21 02:31:38,923 WWWWW ------> XXXXX
DEBUG 	 2019-04-21 02:31:38,924 DDDDD ------> EEEEE
DEBUG 	 2019-04-21 02:31:38,925 HHHHH ------> IIIII
DEBUG 	 2019-04-21 02:31:38,926 EEEEE ------> FFFFF
DEBUG 	 2019-04-21 02:31:38,927 yyyyy ------> zzzzz
DEBUG 	 2019-04-21 02:31:38,928 EEEEE ------> FFFFF
DEBUG 	 2019-04-21 02:31:38,929 NNNNN ------> OOOOO
DEBUG 	 2019-04-21 02:31:38,930 ooooo ------> ppppp
DEBUG 	 2019-04-21 02:31:38,931 ppppp ------> qqqqq
DEBUG 	 2019-04-21 02:31:38,932 VVVVV ------> WWWWW
DEBUG 	 2019-04-21 02:31:38,933 VVVVV ------> WWWWW
DEBUG 	 2019-04-21 02:31:38,934 wwwww ------> xxxxx
DEBUG 	 2019-04-21 02:31:38,935 wwwww ------> xxxxx
DEBUG 	 2019-04-21 02:31:38,936 HHHHH ------> IIIII
DEBUG 	 2019-04-21 02:31:38,937 OOOOO ------> PPPPP
DEBUG 	 2019-04-21 02:31:38,938 CCCCC ------> DDDDD
DEBUG 	 2019-04-21 02:31:38,939 DDDDD ------> EEEEE
DEBUG 	 2019-04-21 02:31:38,941 MMMMM ------> NNNNN
DEBUG 	 2019-04-21 02:31:38,941 HHHHH ------> IIIII
DEBUG 	 2019-04-21 02:31:38,942 RRRRR ------> SSSSS
DEBUG 	 2019-04-21 02:31:38,943 ggggg ------> hhhhh
DEBUG 	 2019-04-21 02:31:38,944 PPPPP ------> QQQQQ
DEBUG 	 2019-04-21 02:31:38,945 rrrrr ------> sssss
DEBUG 	 2019-04-21 02:31:38,946 TTTTT ------> UUUUU
DEBUG 	 2019-04-21 02:31:38,947 YYYYY ------> ZZZZZ
DEBUG 	 2019-04-21 02:31:38,948 AAAAA ------> BBBBB
DEBUG 	 2019-04-21 02:31:38,949 LLLLL ------> MMMMM
DEBUG 	 2019-04-21 02:31:38,950 KKKKK ------> LLLLL
DEBUG 	 2019-04-21 02:31:38,952 vvvvv ------> wwwww
DEBUG 	 2019-04-21 02:31:38,952 rrrrr ------> sssss
DEBUG 	 2019-04-21 02:31:38,953 FFFFF ------> GGGGG
DEBUG 	 2019-04-21 02:31:38,955 kkkkk ------> lllll
DEBUG 	 2019-04-21 02:31:38,955 ccccc ------> ddddd
DEBUG 	 2019-04-21 02:31:38,956 SSSSS ------> TTTTT
DEBUG 	 2019-04-21 02:31:38,957 IIIII ------> JJJJJ
DEBUG 	 2019-04-21 02:31:38,958 ooooo ------> ppppp
DEBUG 	 2019-04-21 02:31:38,960 FFFFF ------> GGGGG
DEBUG 	 2019-04-21 02:31:38,960 GGGGG ------> HHHHH
DEBUG 	 2019-04-21 02:31:38,961 ggggg ------> hhhhh
DEBUG 	 2019-04-21 02:31:38,962 FFFFF ------> GGGGG
DEBUG 	 2019-04-21 02:31:38,964 BBBBB ------> CCCCC
DEBUG 	 2019-04-21 02:31:38,964 vvvvv ------> wwwww
DEBUG 	 2019-04-21 02:31:38,965 IIIII ------> JJJJJ
DEBUG 	 2019-04-21 02:31:38,966 jjjjj ------> kkkkk
DEBUG 	 2019-04-21 02:31:38,968 JJJJJ ------> KKKKK
DEBUG 	 2019-04-21 02:31:38,969 YYYYY ------> ZZZZZ
DEBUG 	 2019-04-21 02:31:38,969 AAAAA ------> BBBBB
DEBUG 	 2019-04-21 02:31:38,970 ttttt ------> uuuuu
DEBUG 	 2019-04-21 02:31:38,971 LLLLL ------> MMMMM
DEBUG 	 2019-04-21 02:31:38,972 rrrrr ------> sssss
DEBUG 	 2019-04-21 02:31:38,973 nnnnn ------> ooooo
DEBUG 	 2019-04-21 02:31:38,974 iiiii ------> jjjjj
DEBUG 	 2019-04-21 02:31:38,976 nnnnn ------> ooooo
DEBUG 	 2019-04-21 02:31:38,976 EEEEE ------> FFFFF
DEBUG 	 2019-04-21 02:31:38,977 OOOOO ------> PPPPP
DEBUG 	 2019-04-21 02:31:38,978 bbbbb ------> ccccc
DEBUG 	 2019-04-21 02:31:38,979 ttttt ------> uuuuu
DEBUG 	 2019-04-21 02:31:38,981 SSSSS ------> TTTTT
DEBUG 	 2019-04-21 02:31:38,981 TTTTT ------> UUUUU
DEBUG 	 2019-04-21 02:31:38,983 vvvvv ------> wwwww
DEBUG 	 2019-04-21 02:31:38,984 EEEEE ------> FFFFF
DEBUG 	 2019-04-21 02:31:38,985 ddddd ------> eeeee
DEBUG 	 2019-04-21 02:31:38,986 KKKKK ------> LLLLL
DEBUG 	 2019-04-21 02:31:38,986 XXXXX ------> YYYYY
DEBUG 	 2019-04-21 02:31:38,987 BBBBB ------> CCCCC
DEBUG 	 2019-04-21 02:31:38,988 PPPPP ------> QQQQQ
DEBUG 	 2019-04-21 02:31:38,989 ggggg ------> hhhhh
DEBUG 	 2019-04-21 02:31:38,990 rrrrr ------> sssss
DEBUG 	 2019-04-21 02:31:38,992 LLLLL ------> MMMMM
DEBUG 	 2019-04-21 02:31:38,992 uuuuu ------> vvvvv
DEBUG 	 2019-04-21 02:31:38,993 VVVVV ------> WWWWW
DEBUG 	 2019-04-21 02:31:38,994 bbbbb ------> ccccc
DEBUG 	 2019-04-21 02:31:38,995 MMMMM ------> NNNNN
DEBUG 	 2019-04-21 02:31:38,997 mmmmm ------> nnnnn
DEBUG 	 2019-04-21 02:31:38,997 ZZZZZ ------> AAAAA
DEBUG 	 2019-04-21 02:31:38,999 mmmmm ------> nnnnn
DEBUG 	 2019-04-21 02:31:39,000 FFFFF ------> GGGGG
DEBUG 	 2019-04-21 02:31:39,001 fffff ------> ggggg
DEBUG 	 2019-04-21 02:31:39,002 ooooo ------> ppppp
DEBUG 	 2019-04-21 02:31:39,003 KKKKK ------> LLLLL
DEBUG 	 2019-04-21 02:31:39,004 ggggg ------> hhhhh
DEBUG 	 2019-04-21 02:31:39,004 CCCCC ------> DDDDD
DEBUG 	 2019-04-21 02:31:39,006 YYYYY ------> ZZZZZ
DEBUG 	 2019-04-21 02:31:39,006 VVVVV ------> WWWWW
DEBUG 	 2019-04-21 02:31:39,008 EEEEE ------> FFFFF
DEBUG 	 2019-04-21 02:31:39,009 EEEEE ------> FFFFF
DEBUG 	 2019-04-21 02:31:39,010 TTTTT ------> UUUUU
DEBUG 	 2019-04-21 02:31:39,011 AAAAA ------> BBBBB
DEBUG 	 2019-04-21 02:31:39,012 hhhhh ------> iiiii
DEBUG 	 2019-04-21 02:31:39,013 IIIII ------> JJJJJ
DEBUG 	 2019-04-21 02:31:39,014 DDDDD ------> EEEEE
DEBUG 	 2019-04-21 02:31:39,015 bbbbb ------> ccccc
DEBUG 	 2019-04-21 02:31:39,016 aaaaa ------> bbbbb
DEBUG 	 2019-04-21 02:31:39,016 iiiii ------> jjjjj
DEBUG 	 2019-04-21 02:31:39,018 AAAAA ------> BBBBB
DEBUG 	 2019-04-21 02:31:39,018 iiiii ------> jjjjj
DEBUG 	 2019-04-21 02:31:39,020 CCCCC ------> DDDDD
DEBUG 	 2019-04-21 02:31:39,021 sssss ------> ttttt
DEBUG 	 2019-04-21 02:31:39,022 KKKKK ------> LLLLL
DEBUG 	 2019-04-21 02:31:39,023 eeeee ------> fffff
DEBUG 	 2019-04-21 02:31:39,024 nnnnn ------> ooooo
DEBUG 	 2019-04-21 02:31:39,025 vvvvv ------> wwwww
DEBUG 	 2019-04-21 02:31:39,026 ppppp ------> qqqqq
DEBUG 	 2019-04-21 02:31:39,027 iiiii ------> jjjjj
DEBUG 	 2019-04-21 02:31:39,028 OOOOO ------> PPPPP
DEBUG 	 2019-04-21 02:31:39,029 XXXXX ------> YYYYY
DEBUG 	 2019-04-21 02:31:39,030 OOOOO ------> PPPPP
DEBUG 	 2019-04-21 02:31:39,031 NNNNN ------> OOOOO
DEBUG 	 2019-04-21 02:31:39,032 WWWWW ------> XXXXX
DEBUG 	 2019-04-21 02:31:39,033 ccccc ------> ddddd
DEBUG 	 2019-04-21 02:31:39,034 FFFFF ------> GGGGG
DEBUG 	 2019-04-21 02:31:39,035 wwwww ------> xxxxx
DEBUG 	 2019-04-21 02:31:39,036 YYYYY ------> ZZZZZ
DEBUG 	 2019-04-21 02:31:39,037 nnnnn ------> ooooo
DEBUG 	 2019-04-21 02:31:39,038 wwwww ------> xxxxx
DEBUG 	 2019-04-21 02:31:39,039 FFFFF ------> GGGGG
DEBUG 	 2019-04-21 02:31:39,040 mmmmm ------> nnnnn
DEBUG 	 2019-04-21 02:31:39,041 NNNNN ------> OOOOO
DEBUG 	 2019-04-21 02:31:39,042 zzzzz ------> aaaaa
DEBUG 	 2019-04-21 02:31:39,043 ooooo ------> ppppp
DEBUG 	 2019-04-21 02:31:39,044 ZZZZZ ------> AAAAA
DEBUG 	 2019-04-21 02:31:39,045 BBBBB ------> CCCCC
DEBUG 	 2019-04-21 02:31:39,046 GGGGG ------> HHHHH
DEBUG 	 2019-04-21 02:31:39,047 rrrrr ------> sssss
DEBUG 	 2019-04-21 02:31:39,048 IIIII ------> JJJJJ
DEBUG 	 2019-04-21 02:31:39,049 SSSSS ------> TTTTT
DEBUG 	 2019-04-21 02:31:39,050 fffff ------> ggggg
DEBUG 	 2019-04-21 02:31:39,051 BBBBB ------> CCCCC
DEBUG 	 2019-04-21 02:31:39,052 yyyyy ------> zzzzz
DEBUG 	 2019-04-21 02:31:39,053 rrrrr ------> sssss
DEBUG 	 2019-04-21 02:31:39,054 lllll ------> mmmmm
DEBUG 	 2019-04-21 02:31:39,055 ooooo ------> ppppp
DEBUG 	 2019-04-21 02:31:39,056 nnnnn ------> ooooo
DEBUG 	 2019-04-21 02:31:39,057 sssss ------> ttttt
DEBUG 	 2019-04-21 02:31:39,058 DDDDD ------> EEEEE
DEBUG 	 2019-04-21 02:31:39,059 ppppp ------> qqqqq
DEBUG 	 2019-04-21 02:31:39,060 bbbbb ------> ccccc
DEBUG 	 2019-04-21 02:31:39,061 aaaaa ------> bbbbb
DEBUG 	 2019-04-21 02:31:39,062 ooooo ------> ppppp
DEBUG 	 2019-04-21 02:31:39,063 QQQQQ ------> RRRRR
DEBUG 	 2019-04-21 02:31:39,064 UUUUU ------> VVVVV
DEBUG 	 2019-04-21 02:31:39,065 HHHHH ------> IIIII
DEBUG 	 2019-04-21 02:31:39,066 ZZZZZ ------> AAAAA
DEBUG 	 2019-04-21 02:31:39,067 xxxxx ------> yyyyy
DEBUG 	 2019-04-21 02:31:39,068 ggggg ------> hhhhh
DEBUG 	 2019-04-21 02:31:39,069 LLLLL ------> MMMMM
DEBUG 	 2019-04-21 02:31:39,070 qqqqq ------> rrrrr
DEBUG 	 2019-04-21 02:31:39,071 UUUUU ------> VVVVV
DEBUG 	 2019-04-21 02:31:39,072 JJJJJ ------> KKKKK
DEBUG 	 2019-04-21 02:31:39,073 SSSSS ------> TTTTT
DEBUG 	 2019-04-21 02:31:39,074 ooooo ------> ppppp
DEBUG 	 2019-04-21 02:31:39,075 AAAAA ------> BBBBB
DEBUG 	 2019-04-21 02:31:39,076 TTTTT ------> UUUUU
DEBUG 	 2019-04-21 02:31:39,077 RRRRR ------> SSSSS
DEBUG 	 2019-04-21 02:31:39,078 LLLLL ------> MMMMM
DEBUG 	 2019-04-21 02:31:39,079 bbbbb ------> ccccc
DEBUG 	 2019-04-21 02:31:39,080 rrrrr ------> sssss
DEBUG 	 2019-04-21 02:31:39,081 ttttt ------> uuuuu
DEBUG 	 2019-04-21 02:31:39,082 ddddd ------> eeeee
DEBUG 	 2019-04-21 02:31:39,083 GGGGG ------> HHHHH
DEBUG 	 2019-04-21 02:31:39,084 GGGGG ------> HHHHH
DEBUG 	 2019-04-21 02:31:39,085 FFFFF ------> GGGGG
DEBUG 	 2019-04-21 02:31:39,086 ggggg ------> hhhhh
DEBUG 	 2019-04-21 02:31:39,087 JJJJJ ------> KKKKK
DEBUG 	 2019-04-21 02:31:39,088 JJJJJ ------> KKKKK
DEBUG 	 2019-04-21 02:31:39,089 yyyyy ------> zzzzz
DEBUG 	 2019-04-21 02:31:39,090 OOOOO ------> PPPPP
DEBUG 	 2019-04-21 02:31:39,091 mmmmm ------> nnnnn
DEBUG 	 2019-04-21 02:31:39,092 ppppp ------> qqqqq
DEBUG 	 2019-04-21 02:31:39,093 IIIII ------> JJJJJ
DEBUG 	 2019-04-21 02:31:39,094 KKKKK ------> LLLLL
DEBUG 	 2019-04-21 02:31:39,095 WWWWW ------> XXXXX
DEBUG 	 2019-04-21 02:31:39,096 mmmmm ------> nnnnn
DEBUG 	 2019-04-21 02:31:39,097 LLLLL ------> MMMMM
DEBUG 	 2019-04-21 02:31:39,098 MMMMM ------> NNNNN
DEBUG 	 2019-04-21 02:31:39,099 OOOOO ------> PPPPP
DEBUG 	 2019-04-21 02:31:39,100 OOOOO ------> PPPPP
DEBUG 	 2019-04-21 02:31:39,101 AAAAA ------> BBBBB
DEBUG 	 2019-04-21 02:31:39,102 jjjjj ------> kkkkk
DEBUG 	 2019-04-21 02:31:39,103 kkkkk ------> lllll
DEBUG 	 2019-04-21 02:31:39,104 yyyyy ------> zzzzz
DEBUG 	 2019-04-21 02:31:39,105 WWWWW ------> XXXXX
DEBUG 	 2019-04-21 02:31:39,106 FFFFF ------> GGGGG
DEBUG 	 2019-04-21 02:31:39,107 zzzzz ------> aaaaa
DEBUG 	 2019-04-21 02:31:39,108 LLLLL ------> MMMMM
DEBUG 	 2019-04-21 02:31:39,109 aaaaa ------> bbbbb
DEBUG 	 2019-04-21 02:31:39,110 QQQQQ ------> RRRRR
DEBUG 	 2019-04-21 02:31:39,111 lllll ------> mmmmm
DEBUG 	 2019-04-21 02:31:39,112 PPPPP ------> QQQQQ
DEBUG 	 2019-04-21 02:31:39,113 NNNNN ------> OOOOO
DEBUG 	 2019-04-21 02:31:39,114 YYYYY ------> ZZZZZ
DEBUG 	 2019-04-21 02:31:39,115 GGGGG ------> HHHHH
DEBUG 	 2019-04-21 02:31:39,116 vvvvv ------> wwwww
DEBUG 	 2019-04-21 02:31:39,117 IIIII ------> JJJJJ
DEBUG 	 2019-04-21 02:31:39,118 AAAAA ------> BBBBB
DEBUG 	 2019-04-21 02:31:39,119 lllll ------> mmmmm
DEBUG 	 2019-04-21 02:31:39,120 EEEEE ------> FFFFF
DEBUG 	 2019-04-21 02:31:39,121 mmmmm ------> nnnnn
DEBUG 	 2019-04-21 02:31:39,122 OOOOO ------> PPPPP
DEBUG 	 2019-04-21 02:31:39,123 TTTTT ------> UUUUU
DEBUG 	 2019-04-21 02:31:39,124 qqqqq ------> rrrrr
DEBUG 	 2019-04-21 02:31:39,125 MMMMM ------> NNNNN
DEBUG 	 2019-04-21 02:31:39,126 MMMMM ------> NNNNN
DEBUG 	 2019-04-21 02:31:39,127 RRRRR ------> SSSSS
DEBUG 	 2019-04-21 02:31:39,128 qqqqq ------> rrrrr
DEBUG 	 2019-04-21 02:31:39,129 ccccc ------> ddddd
DEBUG 	 2019-04-21 02:31:39,130 QQQQQ ------> RRRRR
DEBUG 	 2019-04-21 02:31:39,131 rrrrr ------> sssss
DEBUG 	 2019-04-21 02:31:39,132 PPPPP ------> QQQQQ
DEBUG 	 2019-04-21 02:31:39,133 XXXXX ------> YYYYY
DEBUG 	 2019-04-21 02:31:39,134 nnnnn ------> ooooo
DEBUG 	 2019-04-21 02:31:39,135 MMMMM ------> NNNNN
DEBUG 	 2019-04-21 02:31:39,136 zzzzz ------> aaaaa
DEBUG 	 2019-04-21 02:31:39,137 DDDDD ------> EEEEE
DEBUG 	 2019-04-21 02:31:39,138 ccccc ------> ddddd
DEBUG 	 2019-04-21 02:31:39,139 ZZZZZ ------> AAAAA
DEBUG 	 2019-04-21 02:31:39,140 PPPPP ------> QQQQQ
DEBUG 	 2019-04-21 02:31:39,141 qqqqq ------> rrrrr
DEBUG 	 2019-04-21 02:31:39,142 TTTTT ------> UUUUU
DEBUG 	 2019-04-21 02:31:39,143 hhhhh ------> iiiii
DEBUG 	 2019-04-21 02:31:39,144 GGGGG ------> HHHHH
DEBUG 	 2019-04-21 02:31:39,145 ppppp ------> qqqqq
DEBUG 	 2019-04-21 02:31:39,146 eeeee ------> fffff
DEBUG 	 2019-04-21 02:31:39,147 DDDDD ------> EEEEE
DEBUG 	 2019-04-21 02:31:39,148 TTTTT ------> UUUUU
DEBUG 	 2019-04-21 02:31:39,149 rrrrr ------> sssss
DEBUG 	 2019-04-21 02:31:39,150 yyyyy ------> zzzzz
DEBUG 	 2019-04-21 02:31:39,151 ooooo ------> ppppp
DEBUG 	 2019-04-21 02:31:39,152 fffff ------> ggggg
DEBUG 	 2019-04-21 02:31:39,153 WWWWW ------> XXXXX
DEBUG 	 2019-04-21 02:31:39,154 yyyyy ------> zzzzz
DEBUG 	 2019-04-21 02:31:39,155 PPPPP ------> QQQQQ
DEBUG 	 2019-04-21 02:31:39,156 SSSSS ------> TTTTT
DEBUG 	 2019-04-21 02:31:39,157 WWWWW ------> XXXXX
DEBUG 	 2019-04-21 02:31:39,158 ggggg ------> hhhhh
DEBUG 	 2019-04-21 02:31:39,159 nnnnn ------> ooooo
DEBUG 	 2019-04-21 02:31:39,160 LLLLL ------> MMMMM
DEBUG 	 2019-04-21 02:31:39,161 LLLLL ------> MMMMM
DEBUG 	 2019-04-21 02:31:39,162 wwwww ------> xxxxx
DEBUG 	 2019-04-21 02:31:39,163 EEEEE ------> FFFFF
DEBUG 	 2019-04-21 02:31:39,164 JJJJJ ------> KKKKK
DEBUG 	 2019-04-21 02:31:39,165 lllll ------> mmmmm
DEBUG 	 2019-04-21 02:31:39,166 mmmmm ------> nnnnn
DEBUG 	 2019-04-21 02:31:39,167 FFFFF ------> GGGGG
DEBUG 	 2019-04-21 02:31:39,168 eeeee ------> fffff
DEBUG 	 2019-04-21 02:31:39,169 vvvvv ------> wwwww
DEBUG 	 2019-04-21 02:31:39,170 VVVVV ------> WWWWW
DEBUG 	 2019-04-21 02:31:39,171 FFFFF ------> GGGGG
DEBUG 	 2019-04-21 02:31:39,172 qqqqq ------> rrrrr
DEBUG 	 2019-04-21 02:31:39,173 VVVVV ------> WWWWW
DEBUG 	 2019-04-21 02:31:39,174 wwwww ------> xxxxx
DEBUG 	 2019-04-21 02:31:39,175 PPPPP ------> QQQQQ
DEBUG 	 2019-04-21 02:31:39,176 ggggg ------> hhhhh
DEBUG 	 2019-04-21 02:31:39,177 SSSSS ------> TTTTT
DEBUG 	 2019-04-21 02:31:39,178 GGGGG ------> HHHHH
DEBUG 	 2019-04-21 02:31:39,179 PPPPP ------> QQQQQ
DEBUG 	 2019-04-21 02:31:39,180 sssss ------> ttttt
DEBUG 	 2019-04-21 02:31:39,181 CCCCC ------> DDDDD
DEBUG 	 2019-04-21 02:31:39,182 nnnnn ------> oooo
DEBUG 	 2019-04-21 02:31:39,183 mmmmm ------> onnnnn
DEBUG 	 2019-04-21 02:31:39,184 EEEEE ------> FFFFF
DEBUG 	 2019-04-21 02:31:39,185 RRRRR ------> SSSSS
DEBUG 	 2019-04-21 02:31:39,186 bbbbb ------> ccccc
DEBUG 	 2019-04-21 02:31:39,187 qqqqq ------> rrrr
DEBUG 	 2019-04-21 02:31:39,188 xxxxx ------> ryyyyy
DEBUG 	 2019-04-21 02:31:39,189 VVVVV ------> WWWWW
DEBUG 	 2019-04-21 02:31:39,190 JJJJJ ------> KKKKK
DEBUG 	 2019-04-21 02:31:39,191 TTTTT ------> UUUUU
DEBUG 	 2019-04-21 02:31:39,192 QQQQQ ------> RRRRR
DEBUG 	 2019-04-21 02:31:39,193 lllll ------> mmmmm
DEBUG 	 2019-04-21 02:31:39,194 nnnnn ------> ooooo
DEBUG 	 2019-04-21 02:31:39,195 ppppp ------> qqqqq
DEBUG 	 2019-04-21 02:31:39,196 FFFFF ------> GGGGG
DEBUG 	 2019-04-21 02:31:39,197 ccccc ------> ddddd
DEBUG 	 2019-04-21 02:31:39,198 iiiii ------> jjjjj
DEBUG 	 2019-04-21 02:31:39,199 XXXXX ------> YYYYY
DEBUG 	 2019-04-21 02:31:39,200 SSSSS ------> TTTTT
DEBUG 	 2019-04-21 02:31:39,201 ppppp ------> qqqqq
DEBUG 	 2019-04-21 02:31:39,202 yyyyy ------> zzzzz
DEBUG 	 2019-04-21 02:31:39,203 ddddd ------> eeeee
DEBUG 	 2019-04-21 02:31:39,204 ooooo ------> ppppp
DEBUG 	 2019-04-21 02:31:39,205 fffff ------> ggggg
DEBUG 	 2019-04-21 02:31:39,206 BBBBB ------> CCCCC
DEBUG 	 2019-04-21 02:31:39,207 wwwww ------> xxxxx
DEBUG 	 2019-04-21 02:31:39,208 DDDDD ------> EEEEE
DEBUG 	 2019-04-21 02:31:39,209 PPPPP ------> QQQQQ
DEBUG 	 2019-04-21 02:31:39,210 sssss ------> ttttt
DEBUG 	 2019-04-21 02:31:39,211 WWWWW ------> XXXXX
DEBUG 	 2019-04-21 02:31:39,212 TTTTT ------> UUUUU
DEBUG 	 2019-04-21 02:31:39,213 YYYYY ------> ZZZZZ
DEBUG 	 2019-04-21 02:31:39,214 ddddd ------> eeeee
DEBUG 	 2019-04-21 02:31:39,215 NNNNN ------> OOOOO
DEBUG 	 2019-04-21 02:31:39,216 UUUUU ------> VVVVV
DEBUG 	 2019-04-21 02:31:39,217 GGGGG ------> HHHHH
DEBUG 	 2019-04-21 02:31:39,218 TTTTT ------> UUUUU
DEBUG 	 2019-04-21 02:31:39,219 lllll ------> mmmmm
DEBUG 	 2019-04-21 02:31:39,220 GGGGG ------> HHHHH
DEBUG 	 2019-04-21 02:31:39,221 QQQQQ ------> RRRRR
DEBUG 	 2019-04-21 02:31:39,222 ggggg ------> hhhhh
DEBUG 	 2019-04-21 02:31:39,223 NNNNN ------> OOOOO
DEBUG 	 2019-04-21 02:31:39,224 sssss ------> ttttt
DEBUG 	 2019-04-21 02:31:39,225 kkkkk ------> lllll
DEBUG 	 2019-04-21 02:31:39,226 MMMMM ------> NNNNN
DEBUG 	 2019-04-21 02:31:39,227 CCCCC ------> DDDDD
DEBUG 	 2019-04-21 02:31:39,228 uuuuu ------> vvvvv
DEBUG 	 2019-04-21 02:31:39,229 SSSSS ------> TTTTT
DEBUG 	 2019-04-21 02:31:39,230 kkkkk ------> lllll
DEBUG 	 2019-04-21 02:31:39,231 rrrrr ------> sssss
DEBUG 	 2019-04-21 02:31:39,232 PPPPP ------> QQQQQ
DEBUG 	 2019-04-21 02:31:39,233 IIIII ------> JJJJJ
DEBUG 	 2019-04-21 02:31:39,234 iiiii ------> jjjjj
DEBUG 	 2019-04-21 02:31:39,235 fffff ------> ggggg
DEBUG 	 2019-04-21 02:31:39,236 WWWWW ------> XXXXX
DEBUG 	 2019-04-21 02:31:39,237 PPPPP ------> QQQQQ
DEBUG 	 2019-04-21 02:31:39,238 WWWWW ------> XXXXX
DEBUG 	 2019-04-21 02:31:39,239 WWWWW ------> XXXXX
DEBUG 	 2019-04-21 02:31:39,240 OOOOO ------> PPPPP
DEBUG 	 2019-04-21 02:31:39,241 AAAAA ------> BBBBB
DEBUG 	 2019-04-21 02:31:39,242 HHHHH ------> IIIII
DEBUG 	 2019-04-21 02:31:39,243 vvvvv ------> wwwww
DEBUG 	 2019-04-21 02:31:39,244 wwwww ------> xxxxx
DEBUG 	 2019-04-21 02:31:39,245 bbbbb ------> ccccc
DEBUG 	 2019-04-21 02:31:39,246 NNNNN ------> OOOOO
DEBUG 	 2019-04-21 02:31:39,247 TTTTT ------> UUUUU
DEBUG 	 2019-04-21 02:31:39,248 yyyyy ------> zzzzz
DEBUG 	 2019-04-21 02:31:39,249 eeeee ------> fffff
DEBUG 	 2019-04-21 02:31:39,250 qqqqq ------> rrrrr
DEBUG 	 2019-04-21 02:31:39,251 aaaaa ------> bbbbb
DEBUG 	 2019-04-21 02:31:39,252 yyyyy ------> zzzzz
DEBUG 	 2019-04-21 02:31:39,253 nnnnn ------> ooooo
DEBUG 	 2019-04-21 02:31:39,254 QQQQQ ------> RRRRR
DEBUG 	 2019-04-21 02:31:39,255 fffff ------> ggggg
DEBUG 	 2019-04-21 02:31:39,256 aaaaa ------> bbbbb
DEBUG 	 2019-04-21 02:31:39,257 VVVVV ------> WWWWW
DEBUG 	 2019-04-21 02:31:39,258 vvvvv ------> wwwww
DEBUG 	 2019-04-21 02:31:39,259 BBBBB ------> CCCCC
DEBUG 	 2019-04-21 02:31:39,260 yyyyy ------> zzzzz
DEBUG 	 2019-04-21 02:31:39,261 iiiii ------> jjjjj
DEBUG 	 2019-04-21 02:31:39,262 DDDDD ------> EEEEE
DEBUG 	 2019-04-21 02:31:39,263 eeeee ------> fffff
DEBUG 	 2019-04-21 02:31:39,264 hhhhh ------> iiiii
DEBUG 	 2019-04-21 02:31:39,265 MMMMM ------> NNNNN
DEBUG 	 2019-04-21 02:31:39,266 TTTTT ------> UUUUU
DEBUG 	 2019-04-21 02:31:39,267 JJJJJ ------> KKKKK
DEBUG 	 2019-04-21 02:31:39,268 ooooo ------> ppppp
DEBUG 	 2019-04-21 02:31:39,269 HHHHH ------> IIIII
DEBUG 	 2019-04-21 02:31:39,270 SSSSS ------> TTTTT
DEBUG 	 2019-04-21 02:31:39,271 kkkkk ------> lllll
DEBUG 	 2019-04-21 02:31:39,272 zzzzz ------> aaaaa
DEBUG 	 2019-04-21 02:31:39,273 iiiii ------> jjjjj
DEBUG 	 2019-04-21 02:31:39,274 FFFFF ------> GGGGG
DEBUG 	 2019-04-21 02:31:39,275 KKKKK ------> LLLLL
DEBUG 	 2019-04-21 02:31:39,276 BBBBB ------> CCCCC
DEBUG 	 2019-04-21 02:31:39,277 bbbbb ------> ccccc
DEBUG 	 2019-04-21 02:31:39,278 xxxxx ------> yyyyy
DEBUG 	 2019-04-21 02:31:39,279 YYYYY ------> ZZZZZ
DEBUG 	 2019-04-21 02:31:39,280 ggggg ------> hhhhh
DEBUG 	 2019-04-21 02:31:39,281 XXXXX ------> YYYYY
DEBUG 	 2019-04-21 02:31:39,282 RRRRR ------> SSSSS
DEBUG 	 2019-04-21 02:31:39,283 mmmmm ------> nnnnn
DEBUG 	 2019-04-21 02:31:39,284 xxxxx ------> yyyyy
DEBUG 	 2019-04-21 02:31:39,285 kkkkk ------> lllll
DEBUG 	 2019-04-21 02:31:39,286 OOOOO ------> PPPPP
DEBUG 	 2019-04-21 02:31:39,287 IIIII ------> JJJJJ
DEBUG 	 2019-04-21 02:31:39,288 CCCCC ------> DDDDD
DEBUG 	 2019-04-21 02:31:39,289 iiiii ------> jjjjj
DEBUG 	 2019-04-21 02:31:39,290 kkkkk ------> lllll
DEBUG 	 2019-04-21 02:31:39,291 KKKKK ------> LLLLL
DEBUG 	 2019-04-21 02:31:39,292 HHHHH ------> IIIII
DEBUG 	 2019-04-21 02:31:39,293 lllll ------> mmmmm
DEBUG 	 2019-04-21 02:31:39,294 ccccc ------> ddddd
DEBUG 	 2019-04-21 02:31:39,295 ooooo ------> ppppp
DEBUG 	 2019-04-21 02:31:39,296 WWWWW ------> XXXXX
DEBUG 	 2019-04-21 02:31:39,297 aaaaa ------> bbbbb
DEBUG 	 2019-04-21 02:31:39,298 ooooo ------> ppppp
DEBUG 	 2019-04-21 02:31:39,299 jjjjj ------> kkkkk
DEBUG 	 2019-04-21 02:31:39,300 vvvvv ------> wwwww
DEBUG 	 2019-04-21 02:31:39,301 ccccc ------> ddddd
DEBUG 	 2019-04-21 02:31:39,302 ppppp ------> qqqqq
DEBUG 	 2019-04-21 02:31:39,303 sssss ------> ttttt
DEBUG 	 2019-04-21 02:31:39,304 kkkkk ------> lllll
DEBUG 	 2019-04-21 02:31:39,305 vvvvv ------> wwwww
DEBUG 	 2019-04-21 02:31:39,306 VVVVV ------> WWWWW
DEBUG 	 2019-04-21 02:31:39,307 ZZZZZ ------> AAAAA
DEBUG 	 2019-04-21 02:31:39,308 TTTTT ------> UUUUU
DEBUG 	 2019-04-21 02:31:39,309 SSSSS ------> TTTTT
DEBUG 	 2019-04-21 02:31:39,310 YYYYY ------> ZZZZZ
DEBUG 	 2019-04-21 02:31:39,311 eeeee ------> fffff
DEBUG 	 2019-04-21 02:31:39,312 GGGGG ------> HHHHH
DEBUG 	 2019-04-21 02:31:39,313 JJJJJ ------> KKKKK
DEBUG 	 2019-04-21 02:31:39,314 UUUUU ------> VVVVV
DEBUG 	 2019-04-21 02:31:39,315 OOOOO ------> PPPPP
DEBUG 	 2019-04-21 02:31:39,316 CCCCC ------> DDDDD
DEBUG 	 2019-04-21 02:31:39,317 KKKKK ------> LLLLL
DEBUG 	 2019-04-21 02:31:39,318 ddddd ------> eeeee
DEBUG 	 2019-04-21 02:31:39,319 ppppp ------> qqqqq
DEBUG 	 2019-04-21 02:31:39,320 DDDDD ------> EEEEE
DEBUG 	 2019-04-21 02:31:39,321 zzzzz ------> aaaaa
DEBUG 	 2019-04-21 02:31:39,322 IIIII ------> JJJJJ
DEBUG 	 2019-04-21 02:31:39,323 iiiii ------> jjjjj
DEBUG 	 2019-04-21 02:31:39,324 yyyyy ------> zzzzz
DEBUG 	 2019-04-21 02:31:39,325 DDDDD ------> EEEEE
DEBUG 	 2019-04-21 02:31:39,326 uuuuu ------> vvvvv
DEBUG 	 2019-04-21 02:31:39,327 lllll ------> mmmmm
DEBUG 	 2019-04-21 02:31:39,328 MMMMM ------> NNNNN
DEBUG 	 2019-04-21 02:31:39,329 JJJJJ ------> KKKKK
DEBUG 	 2019-04-21 02:31:39,330 jjjjj ------> kkkkk
DEBUG 	 2019-04-21 02:31:39,331 UUUUU ------> VVVVV
DEBUG 	 2019-04-21 02:31:39,332 rrrrr ------> sssss
DEBUG 	 2019-04-21 02:31:39,333 KKKKK ------> LLLLL
DEBUG 	 2019-04-21 02:31:39,334 ZZZZZ ------> AAAAA
DEBUG 	 2019-04-21 02:31:39,335 fffff ------> ggggg
DEBUG 	 2019-04-21 02:31:39,336 jjjjj ------> kkkkk
DEBUG 	 2019-04-21 02:31:39,337 uuuuu ------> vvvvv
DEBUG 	 2019-04-21 02:31:39,338 DDDDD ------> EEEEE
DEBUG 	 2019-04-21 02:31:39,339 ccccc ------> ddddd
DEBUG 	 2019-04-21 02:31:39,340 IIIII ------> JJJJJ
DEBUG 	 2019-04-21 02:31:39,341 qqqqq ------> rrrrr
DEBUG 	 2019-04-21 02:31:39,342 TTTTT ------> UUUUU
DEBUG 	 2019-04-21 02:31:39,343 UUUUU ------> VVVVV
DEBUG 	 2019-04-21 02:31:39,344 vvvvv ------> wwwww
DEBUG 	 2019-04-21 02:31:39,345 mmmmm ------> nnnnn
DEBUG 	 2019-04-21 02:31:39,346 AAAAA ------> BBBBB
DEBUG 	 2019-04-21 02:31:39,347 aaaaa ------> bbbbb
DEBUG 	 2019-04-21 02:31:39,348 UUUUU ------> VVVVV
DEBUG 	 2019-04-21 02:31:39,349 sssss ------> ttttt
DEBUG 	 2019-04-21 02:31:39,350 lllll ------> mmmmm
DEBUG 	 2019-04-21 02:31:39,351 ggggg ------> hhhhh
DEBUG 	 2019-04-21 02:31:39,352 vvvvv ------> wwwww
DEBUG 	 2019-04-21 02:31:39,353 TTTTT ------> UUUUU
DEBUG 	 2019-04-21 02:31:39,354 aaaaa ------> bbbbb
DEBUG 	 2019-04-21 02:31:39,355 OOOOO ------> PPPPP
DEBUG 	 2019-04-21 02:31:39,356 rrrrr ------> sssss
DEBUG 	 2019-04-21 02:31:39,357 FFFFF ------> GGGGG
DEBUG 	 2019-04-21 02:31:39,358 iiiii ------> jjjjj
DEBUG 	 2019-04-21 02:31:39,359 DDDDD ------> EEEEE
DEBUG 	 2019-04-21 02:31:39,360 IIIII ------> JJJJJ
DEBUG 	 2019-04-21 02:31:39,361 hhhhh ------> iiiii
DEBUG 	 2019-04-21 02:31:39,362 kkkkk ------> lllll
DEBUG 	 2019-04-21 02:31:39,363 uuuuu ------> vvvvv
DEBUG 	 2019-04-21 02:31:39,364 XXXXX ------> YYYYY
DEBUG 	 2019-04-21 02:31:39,365 UUUUU ------> VVVVV
DEBUG 	 2019-04-21 02:31:39,366 xxxxx ------> yyyyy
DEBUG 	 2019-04-21 02:31:39,367 ppppp ------> qqqqq
DEBUG 	 2019-04-21 02:31:39,368 kkkkk ------> lllll
DEBUG 	 2019-04-21 02:31:39,369 DDDDD ------> EEEEE
DEBUG 	 2019-04-21 02:31:39,370 kkkkk ------> lllll
DEBUG 	 2019-04-21 02:31:39,371 OOOOO ------> PPPPP
DEBUG 	 2019-04-21 02:31:39,372 RRRRR ------> SSSSS
DEBUG 	 2019-04-21 02:31:39,373 xxxxx ------> yyyyy
DEBUG 	 2019-04-21 02:31:39,374 jjjjj ------> kkkkk
DEBUG 	 2019-04-21 02:31:39,375 FFFFF ------> GGGGG
DEBUG 	 2019-04-21 02:31:39,376 VVVVV ------> WWWWW
DEBUG 	 2019-04-21 02:31:39,377 mmmmm ------> nnnnn
DEBUG 	 2019-04-21 02:31:39,378 MMMMM ------> NNNNN
DEBUG 	 2019-04-21 02:31:39,379 yyyyy ------> zzzzz
DEBUG 	 2019-04-21 02:31:39,380 QQQQQ ------> RRRRR
DEBUG 	 2019-04-21 02:31:39,381 UUUUU ------> VVVVV
DEBUG 	 2019-04-21 02:31:39,382 WWWWW ------> XXXXX
DEBUG 	 2019-04-21 02:31:39,383 fffff ------> ggggg
DEBUG 	 2019-04-21 02:31:39,384 NNNNN ------> OOOOO
DEBUG 	 2019-04-21 02:31:39,385 WWWWW ------> XXXXX
DEBUG 	 2019-04-21 02:31:39,386 GGGGG ------> HHHHH
DEBUG 	 2019-04-21 02:31:39,387 jjjjj ------> kkkkk
DEBUG 	 2019-04-21 02:31:39,388 kkkkk ------> lllll
DEBUG 	 2019-04-21 02:31:39,389 ttttt ------> uuuuu
DEBUG 	 2019-04-21 02:31:39,390 fffff ------> ggggg
DEBUG 	 2019-04-21 02:31:39,391 ddddd ------> eeeee
DEBUG 	 2019-04-21 02:31:39,392 hhhhh ------> iiiii
DEBUG 	 2019-04-21 02:31:39,393 mmmmm ------> nnnnn
DEBUG 	 2019-04-21 02:31:39,394 ooooo ------> ppppp
DEBUG 	 2019-04-21 02:31:39,395 lllll ------> mmmmm
DEBUG 	 2019-04-21 02:31:39,396 wwwww ------> xxxxx
DEBUG 	 2019-04-21 02:31:39,397 nnnnn ------> ooooo
DEBUG 	 2019-04-21 02:31:39,398 EEEEE ------> FFFFF
DEBUG 	 2019-04-21 02:31:39,399 eeeee ------> fffff
DEBUG 	 2019-04-21 02:31:39,400 NNNNN ------> OOOOO
DEBUG 	 2019-04-21 02:31:39,401 fffff ------> ggggg
DEBUG 	 2019-04-21 02:31:39,402 hhhhh ------> iiiii
DEBUG 	 2019-04-21 02:31:39,403 SSSSS ------> TTTTT
DEBUG 	 2019-04-21 02:31:39,404 hhhhh ------> iiiii
DEBUG 	 2019-04-21 02:31:39,405 CCCCC ------> DDDDD
DEBUG 	 2019-04-21 02:31:39,406 ZZZZZ ------> AAAAA
DEBUG 	 2019-04-21 02:31:39,407 kkkkk ------> lllll
DEBUG 	 2019-04-21 02:31:39,408 NNNNN ------> OOOOO
DEBUG 	 2019-04-21 02:31:39,409 uuuuu ------> vvvvv
DEBUG 	 2019-04-21 02:31:39,410 DDDDD ------> EEEEE
DEBUG 	 2019-04-21 02:31:39,411 ccccc ------> ddddd
DEBUG 	 2019-04-21 02:31:39,412 GGGGG ------> HHHHH
DEBUG 	 2019-04-21 02:31:39,413 MMMMM ------> NNNNN
DEBUG 	 2019-04-21 02:31:39,414 AAAAA ------> BBBBB
DEBUG 	 2019-04-21 02:31:39,415 qqqqq ------> rrrrr
DEBUG 	 2019-04-21 02:31:39,416 vvvvv ------> wwwww
DEBUG 	 2019-04-21 02:31:39,417 YYYYY ------> ZZZZZ
DEBUG 	 2019-04-21 02:31:39,418 sssss ------> ttttt
DEBUG 	 2019-04-21 02:31:39,419 ooooo ------> ppppp
DEBUG 	 2019-04-21 02:31:39,420 RRRRR ------> SSSSS
DEBUG 	 2019-04-21 02:31:39,421 CCCCC ------> DDDDD
DEBUG 	 2019-04-21 02:31:39,422 XXXXX ------> YYYYY
DEBUG 	 2019-04-21 02:31:39,423 WWWWW ------> XXXXX
DEBUG 	 2019-04-21 02:31:39,424 EEEEE ------> FFFFF
DEBUG 	 2019-04-21 02:31:39,425 xxxxx ------> yyyyy
DEBUG 	 2019-04-21 02:31:39,426 ppppp ------> qqqqq
DEBUG 	 2019-04-21 02:31:39,427 XXXXX ------> YYYYY
DEBUG 	 2019-04-21 02:31:39,428 qqqqq ------> rrrrr
DEBUG 	 2019-04-21 02:31:39,429 ccccc ------> ddddd
DEBUG 	 2019-04-21 02:31:39,430 xxxxx ------> yyyyy
DEBUG 	 2019-04-21 02:31:39,431 nnnnn ------> ooooo
DEBUG 	 2019-04-21 02:31:39,432 PPPPP ------> QQQQQ
DEBUG 	 2019-04-21 02:31:39,433 HHHHH ------> IIIII
DEBUG 	 2019-04-21 02:31:39,434 KKKKK ------> LLLLL
DEBUG 	 2019-04-21 02:31:39,435 HHHHH ------> IIIII
DEBUG 	 2019-04-21 02:31:39,436 fffff ------> ggggg
DEBUG 	 2019-04-21 02:31:39,437 yyyyy ------> zzzzz
DEBUG 	 2019-04-21 02:31:39,438 zzzzz ------> aaaaa
DEBUG 	 2019-04-21 02:31:39,439 GGGGG ------> HHHHH
DEBUG 	 2019-04-21 02:31:39,440 mmmmm ------> nnnnn
DEBUG 	 2019-04-21 02:31:39,441 hhhhh ------> iiiii
DEBUG 	 2019-04-21 02:31:39,442 VVVVV ------> WWWWW
DEBUG 	 2019-04-21 02:31:39,443 lllll ------> mmmmm
DEBUG 	 2019-04-21 02:31:39,444 RRRRR ------> SSSSS
DEBUG 	 2019-04-21 02:31:39,445 KKKKK ------> LLLLL
DEBUG 	 2019-04-21 02:31:39,446 AAAAA ------> BBBBB
DEBUG 	 2019-04-21 02:31:39,447 wwwww ------> xxxxx
DEBUG 	 2019-04-21 02:31:39,448 HHHHH ------> IIIII
DEBUG 	 2019-04-21 02:31:39,449 sssss ------> ttttt
DEBUG 	 2019-04-21 02:31:39,450 jjjjj ------> kkkkk
DEBUG 	 2019-04-21 02:31:39,451 NNNNN ------> OOOOO
DEBUG 	 2019-04-21 02:31:39,452 ttttt ------> uuuuu
DEBUG 	 2019-04-21 02:31:39,453 GGGGG ------> HHHHH
DEBUG 	 2019-04-21 02:31:39,454 HHHHH ------> IIIII
DEBUG 	 2019-04-21 02:31:39,455 TTTTT ------> UUUUU
DEBUG 	 2019-04-21 02:31:39,456 ggggg ------> hhhhh
DEBUG 	 2019-04-21 02:31:39,457 yyyyy ------> zzzzz
DEBUG 	 2019-04-21 02:31:39,458 CCCCC ------> DDDDD
DEBUG 	 2019-04-21 02:31:39,459 UUUUU ------> VVVVV
DEBUG 	 2019-04-21 02:31:39,460 BBBBB ------> CCCCC
DEBUG 	 2019-04-21 02:31:39,461 FFFFF ------> GGGGG
DEBUG 	 2019-04-21 02:31:39,462 rrrrr ------> sssss
DEBUG 	 2019-04-21 02:31:39,463 KKKKK ------> LLLLL
DEBUG 	 2019-04-21 02:31:39,464 BBBBB ------> CCCCC
DEBUG 	 2019-04-21 02:31:39,465 SSSSS ------> TTTTT
DEBUG 	 2019-04-21 02:31:39,466 xxxxx ------> yyyyy
DEBUG 	 2019-04-21 02:31:39,467 fffff ------> ggggg
DEBUG 	 2019-04-21 02:31:39,468 xxxxx ------> yyyyy
DEBUG 	 2019-04-21 02:31:39,469 ddddd ------> eeeee
DEBUG 	 2019-04-21 02:31:39,470 VVVVV ------> WWWWW
DEBUG 	 2019-04-21 02:31:39,471 ddddd ------> eeeee
DEBUG 	 2019-04-21 02:31:39,472 hhhhh ------> iiiii
DEBUG 	 2019-04-21 02:31:39,473 IIIII ------> JJJJJ
DEBUG 	 2019-04-21 02:31:39,474 XXXXX ------> YYYYY
DEBUG 	 2019-04-21 02:31:39,475 WWWWW ------> XXXXX
DEBUG 	 2019-04-21 02:31:39,476 TTTTT ------> UUUUU
DEBUG 	 2019-04-21 02:31:39,477 jjjjj ------> kkkkk
DEBUG 	 2019-04-21 02:31:39,478 IIIII ------> JJJJJ
DEBUG 	 2019-04-21 02:31:39,479 fffff ------> ggggg
DEBUG 	 2019-04-21 02:31:39,480 kkkkk ------> lllll
DEBUG 	 2019-04-21 02:31:39,481 zzzzz ------> aaaaa
DEBUG 	 2019-04-21 02:31:39,482 EEEEE ------> FFFFF
DEBUG 	 2019-04-21 02:31:39,483 AAAAA ------> BBBBB
DEBUG 	 2019-04-21 02:31:39,484 ppppp ------> qqqqq
DEBUG 	 2019-04-21 02:31:39,485 PPPPP ------> QQQQQ
DEBUG 	 2019-04-21 02:31:39,486 ooooo ------> ppppp
DEBUG 	 2019-04-21 02:31:39,487 GGGGG ------> HHHHH
DEBUG 	 2019-04-21 02:31:39,488 eeeee ------> fffff
DEBUG 	 2019-04-21 02:31:39,489 jjjjj ------> kkkkk
DEBUG 	 2019-04-21 02:31:39,490 LLLLL ------> MMMMM
DEBUG 	 2019-04-21 02:31:39,491 mmmmm ------> nnnnn
DEBUG 	 2019-04-21 02:31:39,492 sssss ------> ttttt
DEBUG 	 2019-04-21 02:31:39,493 IIIII ------> JJJJJ
DEBUG 	 2019-04-21 02:31:39,494 lllll ------> mmmmm
DEBUG 	 2019-04-21 02:31:39,495 xxxxx ------> yyyyy
DEBUG 	 2019-04-21 02:31:39,496 MMMMM ------> NNNNN
DEBUG 	 2019-04-21 02:31:39,497 WWWWW ------> XXXXX
DEBUG 	 2019-04-21 02:31:39,498 ooooo ------> ppppp
DEBUG 	 2019-04-21 02:31:39,499 rrrrr ------> sssss
DEBUG 	 2019-04-21 02:31:39,500 nnnnn ------> ooooo
DEBUG 	 2019-04-21 02:31:39,501 iiiii ------> jjjjj
DEBUG 	 2019-04-21 02:31:39,502 ggggg ------> hhhhh
DEBUG 	 2019-04-21 02:31:39,503 RRRRR ------> SSSSS
DEBUG 	 2019-04-21 02:31:39,504 ccccc ------> ddddd
DEBUG 	 2019-04-21 02:31:39,505 IIIII ------> JJJJJ
DEBUG 	 2019-04-21 02:31:39,506 sssss ------> ttttt
DEBUG 	 2019-04-21 02:31:39,507 FFFFF ------> GGGGG
DEBUG 	 2019-04-21 02:31:39,508 KKKKK ------> LLLLL
DEBUG 	 2019-04-21 02:31:39,509 ggggg ------> hhhhh
DEBUG 	 2019-04-21 02:31:39,510 KKKKK ------> LLLLL
DEBUG 	 2019-04-21 02:31:39,511 BBBBB ------> CCCCC
DEBUG 	 2019-04-21 02:31:39,512 ttttt ------> uuuuu
DEBUG 	 2019-04-21 02:31:39,513 vvvvv ------> wwwww
DEBUG 	 2019-04-21 02:31:39,514 HHHHH ------> IIIII
DEBUG 	 2019-04-21 02:31:39,515 YYYYY ------> ZZZZZ
DEBUG 	 2019-04-21 02:31:39,516 EEEEE ------> FFFFF
DEBUG 	 2019-04-21 02:31:39,517 FFFFF ------> GGGGG
DEBUG 	 2019-04-21 02:31:39,518 NNNNN ------> OOOOO
DEBUG 	 2019-04-21 02:31:39,519 qqqqq ------> rrrrr
DEBUG 	 2019-04-21 02:31:39,520 FFFFF ------> GGGGG
DEBUG 	 2019-04-21 02:31:39,521 GGGGG ------> HHHHH
DEBUG 	 2019-04-21 02:31:39,522 hhhhh ------> iiiii
DEBUG 	 2019-04-21 02:31:39,523 UUUUU ------> VVVVV
DEBUG 	 2019-04-21 02:31:39,524 NNNNN ------> OOOOO
DEBUG 	 2019-04-21 02:31:39,525 zzzzz ------> aaaaa
DEBUG 	 2019-04-21 02:31:39,526 uuuuu ------> vvvvv
DEBUG 	 2019-04-21 02:31:39,527 ppppp ------> qqqqq
DEBUG 	 2019-04-21 02:31:39,528 iiiii ------> jjjjj
DEBUG 	 2019-04-21 02:31:39,529 aaaaa ------> bbbbb
DEBUG 	 2019-04-21 02:31:39,530 kkkkk ------> lllll
DEBUG 	 2019-04-21 02:31:39,531 ZZZZZ ------> AAAAA
DEBUG 	 2019-04-21 02:31:39,532 ccccc ------> ddddd
DEBUG 	 2019-04-21 02:31:39,533 kkkkk ------> lllll
DEBUG 	 2019-04-21 02:31:39,534 rrrrr ------> sssss
DEBUG 	 2019-04-21 02:31:39,535 hhhhh ------> iiiii
DEBUG 	 2019-04-21 02:31:39,536 QQQQQ ------> RRRRR
DEBUG 	 2019-04-21 02:31:39,537 vvvvv ------> wwwww
DEBUG 	 2019-04-21 02:31:39,538 ZZZZZ ------> AAAAA
DEBUG 	 2019-04-21 02:31:39,539 QQQQQ ------> RRRRR
DEBUG 	 2019-04-21 02:31:39,540 OOOOO ------> PPPPP
DEBUG 	 2019-04-21 02:31:39,541 CCCCC ------> DDDDD
DEBUG 	 2019-04-21 02:31:39,542 YYYYY ------> ZZZZZ
DEBUG 	 2019-04-21 02:31:39,543 ooooo ------> ppppp
DEBUG 	 2019-04-21 02:31:39,544 OOOOO ------> PPPPP
DEBUG 	 2019-04-21 02:31:39,545 yyyyy ------> zzzzz
DEBUG 	 2019-04-21 02:31:39,546 HHHHH ------> IIIII
DEBUG 	 2019-04-21 02:31:39,547 QQQQQ ------> RRRRR
DEBUG 	 2019-04-21 02:31:39,548 wwwww ------> xxxxx
DEBUG 	 2019-04-21 02:31:39,549 IIIII ------> JJJJJ
DEBUG 	 2019-04-21 02:31:39,550 BBBBB ------> CCCCC
DEBUG 	 2019-04-21 02:31:39,551 IIIII ------> JJJJJ
DEBUG 	 2019-04-21 02:31:39,552 PPPPP ------> QQQQQ
DEBUG 	 2019-04-21 02:31:39,553 eeeee ------> fffff
DEBUG 	 2019-04-21 02:31:39,554 TTTTT ------> UUUUU
DEBUG 	 2019-04-21 02:31:39,555 XXXXX ------> YYYYY
DEBUG 	 2019-04-21 02:31:39,556 GGGGG ------> HHHHH
DEBUG 	 2019-04-21 02:31:39,557 VVVVV ------> WWWWW
DEBUG 	 2019-04-21 02:31:39,558 kkkkk ------> lllll
DEBUG 	 2019-04-21 02:31:39,559 VVVVV ------> WWWWW
DEBUG 	 2019-04-21 02:31:39,560 xxxxx ------> yyyyy
DEBUG 	 2019-04-21 02:31:39,561 aaaaa ------> bbbbb
DEBUG 	 2019-04-21 02:31:39,562 lllll ------> mmmmm
DEBUG 	 2019-04-21 02:31:39,563 VVVVV ------> WWWWW
DEBUG 	 2019-04-21 02:31:39,564 nnnnn ------> ooooo
DEBUG 	 2019-04-21 02:31:39,565 CCCCC ------> DDDDD
DEBUG 	 2019-04-21 02:31:39,566 qqqqq ------> rrrrr
DEBUG 	 2019-04-21 02:31:39,567 iiiii ------> jjjjj
DEBUG 	 2019-04-21 02:31:39,568 qqqqq ------> rrrrr
DEBUG 	 2019-04-21 02:31:39,569 ZZZZZ ------> AAAAA
DEBUG 	 2019-04-21 02:31:39,570 qqqqq ------> rrrrr
DEBUG 	 2019-04-21 02:31:39,571 lllll ------> mmmmm
DEBUG 	 2019-04-21 02:31:39,572 SSSSS ------> TTTTT
DEBUG 	 2019-04-21 02:31:39,573 NNNNN ------> OOOOO
DEBUG 	 2019-04-21 02:31:39,574 HHHHH ------> IIIII
DEBUG 	 2019-04-21 02:31:39,575 ccccc ------> ddddd
DEBUG 	 2019-04-21 02:31:39,576 sssss ------> ttttt
DEBUG 	 2019-04-21 02:31:39,577 TTTTT ------> UUUUU
DEBUG 	 2019-04-21 02:31:39,578 qqqqq ------> rrrrr
DEBUG 	 2019-04-21 02:31:39,579 QQQQQ ------> RRRRR
DEBUG 	 2019-04-21 02:31:39,580 nnnnn ------> ooooo
DEBUG 	 2019-04-21 02:31:39,581 mmmmm ------> nnnnn
DEBUG 	 2019-04-21 02:31:39,582 ggggg ------> hhhhh
DEBUG 	 2019-04-21 02:31:39,583 vvvvv ------> wwwww
DEBUG 	 2019-04-21 02:31:39,584 SSSSS ------> TTTTT
DEBUG 	 2019-04-21 02:31:39,585 xxxxx ------> yyyyy
DEBUG 	 2019-04-21 02:31:39,586 lllll ------> mmmmm
DEBUG 	 2019-04-21 02:31:39,587 DDDDD ------> EEEEE
DEBUG 	 2019-04-21 02:31:39,588 TTTTT ------> UUUUU
DEBUG 	 2019-04-21 02:31:39,589 iiiii ------> jjjjj
DEBUG 	 2019-04-21 02:31:39,590 YYYYY ------> ZZZZZ
DEBUG 	 2019-04-21 02:31:39,591 NNNNN ------> OOOOO
DEBUG 	 2019-04-21 02:31:39,592 zzzzz ------> aaaaa
DEBUG 	 2019-04-21 02:31:39,593 FFFFF ------> GGGGG
DEBUG 	 2019-04-21 02:31:39,594 YYYYY ------> ZZZZZ
DEBUG 	 2019-04-21 02:31:39,595 OOOOO ------> PPPPP
DEBUG 	 2019-04-21 02:31:39,596 rrrrr ------> sssss
DEBUG 	 2019-04-21 02:31:39,597 hhhhh ------> iiiii
DEBUG 	 2019-04-21 02:31:39,598 UUUUU ------> VVVVV
DEBUG 	 2019-04-21 02:31:39,599 QQQQQ ------> RRRRR
DEBUG 	 2019-04-21 02:31:39,600 LLLLL ------> MMMMM
DEBUG 	 2019-04-21 02:31:39,601 hhhhh ------> iiiii
DEBUG 	 2019-04-21 02:31:39,602 yyyyy ------> zzzzz
DEBUG 	 2019-04-21 02:31:39,603 qqqqq ------> rrrrr
DEBUG 	 2019-04-21 02:31:39,604 aaaaa ------> bbbbb
DEBUG 	 2019-04-21 02:31:39,605 AAAAA ------> BBBBB
DEBUG 	 2019-04-21 02:31:39,606 uuuuu ------> vvvvv
DEBUG 	 2019-04-21 02:31:39,607 XXXXX ------> YYYYY
DEBUG 	 2019-04-21 02:31:39,608 hhhhh ------> iiiii
DEBUG 	 2019-04-21 02:31:39,609 sssss ------> ttttt
DEBUG 	 2019-04-21 02:31:39,610 CCCCC ------> DDDDD
DEBUG 	 2019-04-21 02:31:39,611 jjjjj ------> kkkkk
DEBUG 	 2019-04-21 02:31:39,612 GGGGG ------> HHHHH
DEBUG 	 2019-04-21 02:31:39,613 nnnnn ------> ooooo
DEBUG 	 2019-04-21 02:31:39,614 iiiii ------> jjjjj
DEBUG 	 2019-04-21 02:31:39,615 kkkkk ------> lllll
DEBUG 	 2019-04-21 02:31:39,616 QQQQQ ------> RRRRR
DEBUG 	 2019-04-21 02:31:39,617 RRRRR ------> SSSSS
DEBUG 	 2019-04-21 02:31:39,618 qqqqq ------> rrrrr
DEBUG 	 2019-04-21 02:31:39,619 RRRRR ------> SSSSS
DEBUG 	 2019-04-21 02:31:39,620 OOOOO ------> PPPPP
DEBUG 	 2019-04-21 02:31:39,621 TTTTT ------> UUUUU
DEBUG 	 2019-04-21 02:31:39,622 OOOOO ------> PPPPP
DEBUG 	 2019-04-21 02:31:39,623 vvvvv ------> wwwww
DEBUG 	 2019-04-21 02:31:39,624 aaaaa ------> bbbbb
DEBUG 	 2019-04-21 02:31:39,625 IIIII ------> JJJJJ
DEBUG 	 2019-04-21 02:31:39,626 bbbbb ------> ccccc
DEBUG 	 2019-04-21 02:31:39,627 FFFFF ------> GGGGG
DEBUG 	 2019-04-21 02:31:39,628 nnnnn ------> ooooo
DEBUG 	 2019-04-21 02:31:39,629 CCCCC ------> DDDDD
DEBUG 	 2019-04-21 02:31:39,630 AAAAA ------> BBBBB
DEBUG 	 2019-04-21 02:31:39,631 HHHHH ------> IIIII
DEBUG 	 2019-04-21 02:31:39,632 uuuuu ------> vvvvv
DEBUG 	 2019-04-21 02:31:39,633 hhhhh ------> iiiii
DEBUG 	 2019-04-21 02:31:39,634 HHHHH ------> IIIII
DEBUG 	 2019-04-21 02:31:39,635 TTTTT ------> UUUUU
DEBUG 	 2019-04-21 02:31:39,636 ZZZZZ ------> AAAAA
DEBUG 	 2019-04-21 02:31:39,637 kkkkk ------> lllll
DEBUG 	 2019-04-21 02:31:39,638 vvvvv ------> wwwww
DEBUG 	 2019-04-21 02:31:39,639 nnnnn ------> ooooo
DEBUG 	 2019-04-21 02:31:39,640 qqqqq ------> rrrrr
DEBUG 	 2019-04-21 02:31:39,641 ggggg ------> hhhhh
DEBUG 	 2019-04-21 02:31:39,642 ccccc ------> ddddd
DEBUG 	 2019-04-21 02:31:39,643 mmmmm ------> nnnnn
DEBUG 	 2019-04-21 02:31:39,644 WWWWW ------> XXXXX
DEBUG 	 2019-04-21 02:31:39,645 BBBBB ------> CCCCC
DEBUG 	 2019-04-21 02:31:39,646 BBBBB ------> CCCCC
DEBUG 	 2019-04-21 02:31:39,647 YYYYY ------> ZZZZZ
DEBUG 	 2019-04-21 02:31:39,648 ooooo ------> ppppp
DEBUG 	 2019-04-21 02:31:39,649 EEEEE ------> FFFFF
DEBUG 	 2019-04-21 02:31:39,650 GGGGG ------> HHHHH
DEBUG 	 2019-04-21 02:31:39,651 rrrrr ------> sssss
DEBUG 	 2019-04-21 02:31:39,652 iiiii ------> jjjjj
DEBUG 	 2019-04-21 02:31:39,653 mmmmm ------> nnnnn
DEBUG 	 2019-04-21 02:31:39,654 NNNNN ------> OOOOO
DEBUG 	 2019-04-21 02:31:39,655 NNNNN ------> OOOOO
DEBUG 	 2019-04-21 02:31:39,656 lllll ------> mmmmm
DEBUG 	 2019-04-21 02:31:39,657 ZZZZZ ------> AAAAA
DEBUG 	 2019-04-21 02:31:39,658 lllll ------> mmmmm
DEBUG 	 2019-04-21 02:31:39,659 YYYYY ------> ZZZZZ
DEBUG 	 2019-04-21 02:31:39,660 nnnnn ------> ooooo
DEBUG 	 2019-04-21 02:31:39,661 ZZZZZ ------> AAAAA
DEBUG 	 2019-04-21 02:31:39,662 yyyyy ------> zzzzz
DEBUG 	 2019-04-21 02:31:39,663 CCCCC ------> DDDDD
DEBUG 	 2019-04-21 02:31:39,664 HHHHH ------> IIIII
DEBUG 	 2019-04-21 02:31:39,665 RRRRR ------> SSSSS
DEBUG 	 2019-04-21 02:31:39,666 sssss ------> ttttt
DEBUG 	 2019-04-21 02:31:39,667 EEEEE ------> FFFFF
DEBUG 	 2019-04-21 02:31:39,668 LLLLL ------> MMMMM
DEBUG 	 2019-04-21 02:31:39,669 EEEEE ------> FFFFF
DEBUG 	 2019-04-21 02:31:39,670 ggggg ------> hhhhh
DEBUG 	 2019-04-21 02:31:39,671 ooooo ------> ppppp
DEBUG 	 2019-04-21 02:31:39,672 OOOOO ------> PPPPP
DEBUG 	 2019-04-21 02:31:39,673 YYYYY ------> ZZZZZ
DEBUG 	 2019-04-21 02:31:39,674 XXXXX ------> YYYYY
DEBUG 	 2019-04-21 02:31:39,676 zzzzz ------> aaaaa
DEBUG 	 2019-04-21 02:31:39,677 GGGGG ------> HHHHH
DEBUG 	 2019-04-21 02:31:39,679 bbbbb ------> ccccc
DEBUG 	 2019-04-21 02:31:39,680 IIIII ------> JJJJJ
DEBUG 	 2019-04-21 02:31:39,681 IIIII ------> JJJJJ
DEBUG 	 2019-04-21 02:31:39,682 MMMMM ------> NNNNN
DEBUG 	 2019-04-21 02:31:39,683 qqqqq ------> rrrrr
DEBUG 	 2019-04-21 02:31:39,684 ccccc ------> ddddd
DEBUG 	 2019-04-21 02:31:39,685 MMMMM ------> NNNNN
DEBUG 	 2019-04-21 02:31:39,686 TTTTT ------> UUUUU
DEBUG 	 2019-04-21 02:31:39,687 DDDDD ------> EEEEE
DEBUG 	 2019-04-21 02:31:39,688 ooooo ------> ppppp
DEBUG 	 2019-04-21 02:31:39,689 vvvvv ------> wwwww
DEBUG 	 2019-04-21 02:31:39,690 QQQQQ ------> RRRRR
DEBUG 	 2019-04-21 02:31:39,691 bbbbb ------> ccccc
DEBUG 	 2019-04-21 02:31:39,692 GGGGG ------> HHHHH
DEBUG 	 2019-04-21 02:31:39,693 IIIII ------> JJJJJ
DEBUG 	 2019-04-21 02:31:39,694 jjjjj ------> kkkkk
DEBUG 	 2019-04-21 02:31:39,695 LLLLL ------> MMMMM
DEBUG 	 2019-04-21 02:31:39,696 mmmmm ------> nnnnn
DEBUG 	 2019-04-21 02:31:39,697 jjjjj ------> kkkkk
DEBUG 	 2019-04-21 02:31:39,698 fffff ------> ggggg
DEBUG 	 2019-04-21 02:31:39,699 xxxxx ------> yyyyy
DEBUG 	 2019-04-21 02:31:39,700 VVVVV ------> WWWWW
DEBUG 	 2019-04-21 02:31:39,701 jjjjj ------> kkkkk
DEBUG 	 2019-04-21 02:31:39,702 vvvvv ------> wwwww
DEBUG 	 2019-04-21 02:31:39,703 kkkkk ------> lllll
DEBUG 	 2019-04-21 02:31:39,704 JJJJJ ------> KKKKK
DEBUG 	 2019-04-21 02:31:39,705 jjjjj ------> kkkkk
DEBUG 	 2019-04-21 02:31:39,706 YYYYY ------> ZZZZZ
DEBUG 	 2019-04-21 02:31:39,707 fffff ------> ggggg
DEBUG 	 2019-04-21 02:31:39,708 ZZZZZ ------> AAAAA
DEBUG 	 2019-04-21 02:31:39,709 MMMMM ------> NNNNN
DEBUG 	 2019-04-21 02:31:39,710 KKKKK ------> LLLLL
DEBUG 	 2019-04-21 02:31:39,711 PPPPP ------> QQQQQ
DEBUG 	 2019-04-21 02:31:39,712 ggggg ------> hhhhh
DEBUG 	 2019-04-21 02:31:39,713 sssss ------> ttttt
DEBUG 	 2019-04-21 02:31:39,714 mmmmm ------> nnnnn
DEBUG 	 2019-04-21 02:31:39,715 ccccc ------> ddddd
DEBUG 	 2019-04-21 02:31:39,716 yyyyy ------> zzzzz
DEBUG 	 2019-04-21 02:31:39,717 PPPPP ------> QQQQQ
DEBUG 	 2019-04-21 02:31:39,718 bbbbb ------> ccccc
DEBUG 	 2019-04-21 02:31:39,719 IIIII ------> JJJJJ
DEBUG 	 2019-04-21 02:31:39,720 aaaaa ------> bbbbb
DEBUG 	 2019-04-21 02:31:39,721 uuuuu ------> vvvvv
DEBUG 	 2019-04-21 02:31:39,722 zzzzz ------> aaaaa
DEBUG 	 2019-04-21 02:31:39,723 DDDDD ------> EEEEE
DEBUG 	 2019-04-21 02:31:39,724 EEEEE ------> FFFFF
DEBUG 	 2019-04-21 02:31:39,725 ggggg ------> hhhhh
DEBUG 	 2019-04-21 02:31:39,726 QQQQQ ------> RRRRR
DEBUG 	 2019-04-21 02:31:39,727 EEEEE ------> FFFFF
DEBUG 	 2019-04-21 02:31:39,728 CCCCC ------> DDDDD
DEBUG 	 2019-04-21 02:31:39,729 KKKKK ------> LLLLL
DEBUG 	 2019-04-21 02:31:39,730 GGGGG ------> HHHHH
DEBUG 	 2019-04-21 02:31:39,731 EEEEE ------> FFFFF
DEBUG 	 2019-04-21 02:31:39,732 YYYYY ------> ZZZZZ
DEBUG 	 2019-04-21 02:31:39,733 lllll ------> mmmmm
DEBUG 	 2019-04-21 02:31:39,734 IIIII ------> JJJJJ
DEBUG 	 2019-04-21 02:31:39,735 iiiii ------> jjjjj
DEBUG 	 2019-04-21 02:31:39,736 TTTTT ------> UUUUU
DEBUG 	 2019-04-21 02:31:39,737 RRRRR ------> SSSSS
DEBUG 	 2019-04-21 02:31:39,738 BBBBB ------> CCCCC
DEBUG 	 2019-04-21 02:31:39,739 JJJJJ ------> KKKKK
DEBUG 	 2019-04-21 02:31:39,740 PPPPP ------> QQQQQ
DEBUG 	 2019-04-21 02:31:39,741 VVVVV ------> WWWWW
DEBUG 	 2019-04-21 02:31:39,742 LLLLL ------> MMMMM
DEBUG 	 2019-04-21 02:31:39,743 TTTTT ------> UUUUU
DEBUG 	 2019-04-21 02:31:39,744 HHHHH ------> IIIII
DEBUG 	 2019-04-21 02:31:39,745 eeeee ------> fffff
DEBUG 	 2019-04-21 02:31:39,746 uuuuu ------> vvvvv
DEBUG 	 2019-04-21 02:31:39,747 ZZZZZ ------> AAAAA
DEBUG 	 2019-04-21 02:31:39,748 ggggg ------> hhhhh
DEBUG 	 2019-04-21 02:31:39,749 HHHHH ------> IIIII
DEBUG 	 2019-04-21 02:31:39,750 jjjjj ------> kkkkk
DEBUG 	 2019-04-21 02:31:39,751 fffff ------> ggggg
DEBUG 	 2019-04-21 02:31:39,752 rrrrr ------> sssss
DEBUG 	 2019-04-21 02:31:39,753 fffff ------> ggggg
DEBUG 	 2019-04-21 02:31:39,754 FFFFF ------> GGGGG
DEBUG 	 2019-04-21 02:31:39,755 ooooo ------> ppppp
DEBUG 	 2019-04-21 02:31:39,756 ddddd ------> eeeee
DEBUG 	 2019-04-21 02:31:39,757 XXXXX ------> YYYYY
DEBUG 	 2019-04-21 02:31:39,758 nnnnn ------> ooooo
DEBUG 	 2019-04-21 02:31:39,759 qqqqq ------> rrrrr
DEBUG 	 2019-04-21 02:31:39,760 eeeee ------> fffff
DEBUG 	 2019-04-21 02:31:39,761 OOOOO ------> PPPPP
DEBUG 	 2019-04-21 02:31:39,762 ppppp ------> qqqqq
DEBUG 	 2019-04-21 02:31:39,763 NNNNN ------> OOOOO
DEBUG 	 2019-04-21 02:31:39,764 IIIII ------> JJJJJ
DEBUG 	 2019-04-21 02:31:39,765 ppppp ------> qqqqq
DEBUG 	 2019-04-21 02:31:39,766 fffff ------> ggggg
DEBUG 	 2019-04-21 02:31:39,767 DDDDD ------> EEEEE
DEBUG 	 2019-04-21 02:31:39,768 AAAAA ------> BBBBB
DEBUG 	 2019-04-21 02:31:39,769 QQQQQ ------> RRRRR
DEBUG 	 2019-04-21 02:31:39,770 YYYYY ------> ZZZZZ
DEBUG 	 2019-04-21 02:31:39,771 iiiii ------> jjjjj
DEBUG 	 2019-04-21 02:31:39,772 mmmmm ------> nnnnn
DEBUG 	 2019-04-21 02:31:39,773 ggggg ------> hhhhh
DEBUG 	 2019-04-21 02:31:39,774 sssss ------> ttttt
DEBUG 	 2019-04-21 02:31:39,775 yyyyy ------> zzzzz
DEBUG 	 2019-04-21 02:31:39,776 RRRRR ------> SSSSS
DEBUG 	 2019-04-21 02:31:39,777 nnnnn ------> ooooo
DEBUG 	 2019-04-21 02:31:39,778 AAAAA ------> BBBBB
DEBUG 	 2019-04-21 02:31:39,779 aaaaa ------> bbbbb
DEBUG 	 2019-04-21 02:31:39,780 fffff ------> ggggg
DEBUG 	 2019-04-21 02:31:39,781 MMMMM ------> NNNNN
INFO 	 2019-04-21 02:31:39,781 Error rate: 0.0
