INFO 	 2019-04-21 02:27:33,404 Serial port COM3 opened successfully.
INFO 	 2019-04-21 02:27:33,404 Running: 1000 tests with baud rate: 9600
DEBUG 	 2019-04-21 02:27:33,405 P ------> Q
DEBUG 	 2019-04-21 02:27:33,406 D ------> E
DEBUG 	 2019-04-21 02:27:33,407 Z ------> A
DEBUG 	 2019-04-21 02:27:33,408 Q ------> R
DEBUG 	 2019-04-21 02:27:33,409 b ------> c
DEBUG 	 2019-04-21 02:27:33,410 u ------> v
DEBUG 	 2019-04-21 02:27:33,411 r ------> s
DEBUG 	 2019-04-21 02:27:33,412 Z ------> A
DEBUG 	 2019-04-21 02:27:33,413 m ------> n
DEBUG 	 2019-04-21 02:27:33,414 p ------> q
DEBUG 	 2019-04-21 02:27:33,415 z ------> a
DEBUG 	 2019-04-21 02:27:33,416 y ------> z
DEBUG 	 2019-04-21 02:27:33,417 Y ------> Z
DEBUG 	 2019-04-21 02:27:33,418 h ------> i
DEBUG 	 2019-04-21 02:27:33,424 q ------> r
DEBUG 	 2019-04-21 02:27:33,425 C ------> D
DEBUG 	 2019-04-21 02:27:33,426 S ------> T
DEBUG 	 2019-04-21 02:27:33,427 h ------> i
DEBUG 	 2019-04-21 02:27:33,428 z ------> a
DEBUG 	 2019-04-21 02:27:33,429 l ------> m
DEBUG 	 2019-04-21 02:27:33,430 k ------> l
DEBUG 	 2019-04-21 02:27:33,431 E ------> F
DEBUG 	 2019-04-21 02:27:33,432 S ------> T
DEBUG 	 2019-04-21 02:27:33,433 y ------> z
DEBUG 	 2019-04-21 02:27:33,434 w ------> x
DEBUG 	 2019-04-21 02:27:33,435 Q ------> R
DEBUG 	 2019-04-21 02:27:33,436 B ------> C
DEBUG 	 2019-04-21 02:27:33,437 O ------> P
DEBUG 	 2019-04-21 02:27:33,438 s ------> t
DEBUG 	 2019-04-21 02:27:33,439 l ------> m
DEBUG 	 2019-04-21 02:27:33,440 g ------> h
DEBUG 	 2019-04-21 02:27:33,441 F ------> G
DEBUG 	 2019-04-21 02:27:33,442 h ------> i
DEBUG 	 2019-04-21 02:27:33,443 n ------> o
DEBUG 	 2019-04-21 02:27:33,444 I ------> J
DEBUG 	 2019-04-21 02:27:33,445 D ------> E
DEBUG 	 2019-04-21 02:27:33,446 d ------> e
DEBUG 	 2019-04-21 02:27:33,447 E ------> F
DEBUG 	 2019-04-21 02:27:33,448 Y ------> Z
DEBUG 	 2019-04-21 02:27:33,449 q ------> r
DEBUG 	 2019-04-21 02:27:33,450 J ------> K
DEBUG 	 2019-04-21 02:27:33,451 M ------> N
DEBUG 	 2019-04-21 02:27:33,452 i ------> j
DEBUG 	 2019-04-21 02:27:33,453 C ------> D
DEBUG 	 2019-04-21 02:27:33,454 f ------> g
DEBUG 	 2019-04-21 02:27:33,455 L ------> M
DEBUG 	 2019-04-21 02:27:33,456 w ------> x
DEBUG 	 2019-04-21 02:27:33,457 n ------> o
DEBUG 	 2019-04-21 02:27:33,458 Z ------> A
DEBUG 	 2019-04-21 02:27:33,459 q ------> r
DEBUG 	 2019-04-21 02:27:33,460 j ------> k
DEBUG 	 2019-04-21 02:27:33,461 D ------> E
DEBUG 	 2019-04-21 02:27:33,462 i ------> j
DEBUG 	 2019-04-21 02:27:33,463 U ------> V
DEBUG 	 2019-04-21 02:27:33,464 t ------> u
DEBUG 	 2019-04-21 02:27:33,465 g ------> h
DEBUG 	 2019-04-21 02:27:33,466 u ------> v
DEBUG 	 2019-04-21 02:27:33,467 T ------> U
DEBUG 	 2019-04-21 02:27:33,468 S ------> T
DEBUG 	 2019-04-21 02:27:33,469 I ------> J
DEBUG 	 2019-04-21 02:27:33,470 r ------> s
DEBUG 	 2019-04-21 02:27:33,471 D ------> E
DEBUG 	 2019-04-21 02:27:33,472 I ------> J
DEBUG 	 2019-04-21 02:27:33,473 R ------> S
DEBUG 	 2019-04-21 02:27:33,474 M ------> N
DEBUG 	 2019-04-21 02:27:33,475 e ------> f
DEBUG 	 2019-04-21 02:27:33,476 w ------> x
DEBUG 	 2019-04-21 02:27:33,477 z ------> a
DEBUG 	 2019-04-21 02:27:33,478 P ------> Q
DEBUG 	 2019-04-21 02:27:33,479 s ------> t
DEBUG 	 2019-04-21 02:27:33,480 y ------> z
DEBUG 	 2019-04-21 02:27:33,481 a ------> b
DEBUG 	 2019-04-21 02:27:33,482 V ------> W
DEBUG 	 2019-04-21 02:27:33,483 x ------> y
DEBUG 	 2019-04-21 02:27:33,484 g ------> h
DEBUG 	 2019-04-21 02:27:33,485 w ------> x
DEBUG 	 2019-04-21 02:27:33,486 T ------> U
DEBUG 	 2019-04-21 02:27:33,487 r ------> s
DEBUG 	 2019-04-21 02:27:33,488 H ------> I
DEBUG 	 2019-04-21 02:27:33,489 k ------> l
DEBUG 	 2019-04-21 02:27:33,490 Z ------> A
DEBUG 	 2019-04-21 02:27:33,491 a ------> b
DEBUG 	 2019-04-21 02:27:33,492 V ------> W
DEBUG 	 2019-04-21 02:27:33,493 l ------> m
DEBUG 	 2019-04-21 02:27:33,494 s ------> t
DEBUG 	 2019-04-21 02:27:33,495 A ------> B
DEBUG 	 2019-04-21 02:27:33,496 f ------> g
DEBUG 	 2019-04-21 02:27:33,497 A ------> B
DEBUG 	 2019-04-21 02:27:33,498 O ------> P
DEBUG 	 2019-04-21 02:27:33,499 z ------> a
DEBUG 	 2019-04-21 02:27:33,500 l ------> m
DEBUG 	 2019-04-21 02:27:33,501 p ------> q
DEBUG 	 2019-04-21 02:27:33,502 d ------> e
DEBUG 	 2019-04-21 02:27:33,503 g ------> h
DEBUG 	 2019-04-21 02:27:33,504 q ------> r
DEBUG 	 2019-04-21 02:27:33,505 o ------> p
DEBUG 	 2019-04-21 02:27:33,506 C ------> D
DEBUG 	 2019-04-21 02:27:33,507 n ------> o
DEBUG 	 2019-04-21 02:27:33,508 t ------> u
DEBUG 	 2019-04-21 02:27:33,509 U ------> V
DEBUG 	 2019-04-21 02:27:33,510 n ------> o
DEBUG 	 2019-04-21 02:27:33,511 w ------> x
DEBUG 	 2019-04-21 02:27:33,512 W ------> X
DEBUG 	 2019-04-21 02:27:33,513 o ------> p
DEBUG 	 2019-04-21 02:27:33,514 u ------> v
DEBUG 	 2019-04-21 02:27:33,515 X ------> Y
DEBUG 	 2019-04-21 02:27:33,516 m ------> n
DEBUG 	 2019-04-21 02:27:33,517 d ------> e
DEBUG 	 2019-04-21 02:27:33,518 V ------> W
DEBUG 	 2019-04-21 02:27:33,519 M ------> N
DEBUG 	 2019-04-21 02:27:33,520 U ------> V
DEBUG 	 2019-04-21 02:27:33,521 L ------> M
DEBUG 	 2019-04-21 02:27:33,522 G ------> H
DEBUG 	 2019-04-21 02:27:33,523 E ------> F
DEBUG 	 2019-04-21 02:27:33,524 x ------> y
DEBUG 	 2019-04-21 02:27:33,525 s ------> t
DEBUG 	 2019-04-21 02:27:33,526 Y ------> Z
DEBUG 	 2019-04-21 02:27:33,527 l ------> m
DEBUG 	 2019-04-21 02:27:33,528 Z ------> A
DEBUG 	 2019-04-21 02:27:33,529 W ------> X
DEBUG 	 2019-04-21 02:27:33,530 w ------> x
DEBUG 	 2019-04-21 02:27:33,531 G ------> H
DEBUG 	 2019-04-21 02:27:33,532 r ------> s
DEBUG 	 2019-04-21 02:27:33,533 i ------> j
DEBUG 	 2019-04-21 02:27:33,534 H ------> I
DEBUG 	 2019-04-21 02:27:33,535 z ------> a
DEBUG 	 2019-04-21 02:27:33,536 X ------> Y
DEBUG 	 2019-04-21 02:27:33,537 L ------> M
DEBUG 	 2019-04-21 02:27:33,538 Z ------> A
DEBUG 	 2019-04-21 02:27:33,539 W ------> X
DEBUG 	 2019-04-21 02:27:33,540 l ------> m
DEBUG 	 2019-04-21 02:27:33,541 t ------> u
DEBUG 	 2019-04-21 02:27:33,542 k ------> l
DEBUG 	 2019-04-21 02:27:33,543 Z ------> A
DEBUG 	 2019-04-21 02:27:33,544 q ------> r
DEBUG 	 2019-04-21 02:27:33,545 f ------> g
DEBUG 	 2019-04-21 02:27:33,546 K ------> L
DEBUG 	 2019-04-21 02:27:33,547 V ------> W
DEBUG 	 2019-04-21 02:27:33,548 a ------> b
DEBUG 	 2019-04-21 02:27:33,549 w ------> x
DEBUG 	 2019-04-21 02:27:33,550 A ------> B
DEBUG 	 2019-04-21 02:27:33,551 t ------> u
DEBUG 	 2019-04-21 02:27:33,552 j ------> k
DEBUG 	 2019-04-21 02:27:33,553 h ------> i
DEBUG 	 2019-04-21 02:27:33,554 Q ------> R
DEBUG 	 2019-04-21 02:27:33,555 W ------> X
DEBUG 	 2019-04-21 02:27:33,556 a ------> b
DEBUG 	 2019-04-21 02:27:33,557 a ------> b
DEBUG 	 2019-04-21 02:27:33,558 k ------> l
DEBUG 	 2019-04-21 02:27:33,559 j ------> k
DEBUG 	 2019-04-21 02:27:33,560 U ------> V
DEBUG 	 2019-04-21 02:27:33,561 H ------> I
DEBUG 	 2019-04-21 02:27:33,562 V ------> W
DEBUG 	 2019-04-21 02:27:33,563 Q ------> R
DEBUG 	 2019-04-21 02:27:33,564 y ------> z
DEBUG 	 2019-04-21 02:27:33,565 s ------> t
DEBUG 	 2019-04-21 02:27:33,566 Z ------> A
DEBUG 	 2019-04-21 02:27:33,567 t ------> u
DEBUG 	 2019-04-21 02:27:33,568 W ------> X
DEBUG 	 2019-04-21 02:27:33,569 g ------> h
DEBUG 	 2019-04-21 02:27:33,570 j ------> k
DEBUG 	 2019-04-21 02:27:33,571 a ------> b
DEBUG 	 2019-04-21 02:27:33,572 I ------> J
DEBUG 	 2019-04-21 02:27:33,573 K ------> L
DEBUG 	 2019-04-21 02:27:33,574 d ------> e
DEBUG 	 2019-04-21 02:27:33,575 i ------> j
DEBUG 	 2019-04-21 02:27:33,576 s ------> t
DEBUG 	 2019-04-21 02:27:33,577 Q ------> R
DEBUG 	 2019-04-21 02:27:33,578 g ------> h
DEBUG 	 2019-04-21 02:27:33,579 Z ------> A
DEBUG 	 2019-04-21 02:27:33,580 C ------> D
DEBUG 	 2019-04-21 02:27:33,581 b ------> c
DEBUG 	 2019-04-21 02:27:33,582 l ------> m
DEBUG 	 2019-04-21 02:27:33,583 Q ------> R
DEBUG 	 2019-04-21 02:27:33,584 w ------> x
DEBUG 	 2019-04-21 02:27:33,585 u ------> v
DEBUG 	 2019-04-21 02:27:33,586 T ------> U
DEBUG 	 2019-04-21 02:27:33,587 u ------> v
DEBUG 	 2019-04-21 02:27:33,588 B ------> C
DEBUG 	 2019-04-21 02:27:33,589 n ------> o
DEBUG 	 2019-04-21 02:27:33,590 w ------> x
DEBUG 	 2019-04-21 02:27:33,591 D ------> E
DEBUG 	 2019-04-21 02:27:33,592 U ------> V
DEBUG 	 2019-04-21 02:27:33,593 x ------> y
DEBUG 	 2019-04-21 02:27:33,594 x ------> y
DEBUG 	 2019-04-21 02:27:33,595 V ------> W
DEBUG 	 2019-04-21 02:27:33,596 n ------> o
DEBUG 	 2019-04-21 02:27:33,597 v ------> w
DEBUG 	 2019-04-21 02:27:33,598 y ------> z
DEBUG 	 2019-04-21 02:27:33,599 l ------> m
DEBUG 	 2019-04-21 02:27:33,600 V ------> W
DEBUG 	 2019-04-21 02:27:33,601 C ------> D
DEBUG 	 2019-04-21 02:27:33,602 I ------> J
DEBUG 	 2019-04-21 02:27:33,603 E ------> F
DEBUG 	 2019-04-21 02:27:33,604 x ------> y
DEBUG 	 2019-04-21 02:27:33,605 E ------> F
DEBUG 	 2019-04-21 02:27:33,606 f ------> g
DEBUG 	 2019-04-21 02:27:33,607 m ------> n
DEBUG 	 2019-04-21 02:27:33,608 m ------> n
DEBUG 	 2019-04-21 02:27:33,609 u ------> v
DEBUG 	 2019-04-21 02:27:33,610 v ------> w
DEBUG 	 2019-04-21 02:27:33,611 H ------> I
DEBUG 	 2019-04-21 02:27:33,612 F ------> G
DEBUG 	 2019-04-21 02:27:33,613 Z ------> A
DEBUG 	 2019-04-21 02:27:33,614 k ------> l
DEBUG 	 2019-04-21 02:27:33,615 V ------> W
DEBUG 	 2019-04-21 02:27:33,616 J ------> K
DEBUG 	 2019-04-21 02:27:33,617 Q ------> R
DEBUG 	 2019-04-21 02:27:33,618 z ------> a
DEBUG 	 2019-04-21 02:27:33,619 h ------> i
DEBUG 	 2019-04-21 02:27:33,620 l ------> m
DEBUG 	 2019-04-21 02:27:33,621 W ------> X
DEBUG 	 2019-04-21 02:27:33,622 b ------> c
DEBUG 	 2019-04-21 02:27:33,623 N ------> O
DEBUG 	 2019-04-21 02:27:33,624 z ------> a
DEBUG 	 2019-04-21 02:27:33,625 L ------> M
DEBUG 	 2019-04-21 02:27:33,626 h ------> i
DEBUG 	 2019-04-21 02:27:33,627 S ------> T
DEBUG 	 2019-04-21 02:27:33,628 s ------> t
DEBUG 	 2019-04-21 02:27:33,629 j ------> k
DEBUG 	 2019-04-21 02:27:33,630 G ------> H
DEBUG 	 2019-04-21 02:27:33,631 L ------> M
DEBUG 	 2019-04-21 02:27:33,632 W ------> X
DEBUG 	 2019-04-21 02:27:33,633 c ------> d
DEBUG 	 2019-04-21 02:27:33,634 V ------> W
DEBUG 	 2019-04-21 02:27:33,635 t ------> u
DEBUG 	 2019-04-21 02:27:33,636 n ------> o
DEBUG 	 2019-04-21 02:27:33,637 S ------> T
DEBUG 	 2019-04-21 02:27:33,638 u ------> v
DEBUG 	 2019-04-21 02:27:33,639 c ------> d
DEBUG 	 2019-04-21 02:27:33,640 Z ------> A
DEBUG 	 2019-04-21 02:27:33,641 Y ------> Z
DEBUG 	 2019-04-21 02:27:33,642 s ------> t
DEBUG 	 2019-04-21 02:27:33,643 t ------> u
DEBUG 	 2019-04-21 02:27:33,644 q ------> r
DEBUG 	 2019-04-21 02:27:33,645 K ------> L
DEBUG 	 2019-04-21 02:27:33,646 q ------> r
DEBUG 	 2019-04-21 02:27:33,647 a ------> b
DEBUG 	 2019-04-21 02:27:33,648 U ------> V
DEBUG 	 2019-04-21 02:27:33,649 J ------> K
DEBUG 	 2019-04-21 02:27:33,650 o ------> p
DEBUG 	 2019-04-21 02:27:33,651 y ------> z
DEBUG 	 2019-04-21 02:27:33,652 j ------> k
DEBUG 	 2019-04-21 02:27:33,653 f ------> g
DEBUG 	 2019-04-21 02:27:33,654 P ------> Q
DEBUG 	 2019-04-21 02:27:33,655 M ------> N
DEBUG 	 2019-04-21 02:27:33,656 B ------> C
DEBUG 	 2019-04-21 02:27:33,657 k ------> l
DEBUG 	 2019-04-21 02:27:33,658 K ------> L
DEBUG 	 2019-04-21 02:27:33,659 b ------> c
DEBUG 	 2019-04-21 02:27:33,660 O ------> P
DEBUG 	 2019-04-21 02:27:33,661 J ------> K
DEBUG 	 2019-04-21 02:27:33,662 C ------> D
DEBUG 	 2019-04-21 02:27:33,663 k ------> l
DEBUG 	 2019-04-21 02:27:33,664 T ------> U
DEBUG 	 2019-04-21 02:27:33,665 T ------> U
DEBUG 	 2019-04-21 02:27:33,666 S ------> T
DEBUG 	 2019-04-21 02:27:33,667 G ------> H
DEBUG 	 2019-04-21 02:27:33,668 z ------> a
DEBUG 	 2019-04-21 02:27:33,669 V ------> W
DEBUG 	 2019-04-21 02:27:33,670 P ------> Q
DEBUG 	 2019-04-21 02:27:33,671 O ------> P
DEBUG 	 2019-04-21 02:27:33,672 o ------> p
DEBUG 	 2019-04-21 02:27:33,673 U ------> V
DEBUG 	 2019-04-21 02:27:33,674 x ------> y
DEBUG 	 2019-04-21 02:27:33,675 d ------> e
DEBUG 	 2019-04-21 02:27:33,676 P ------> Q
DEBUG 	 2019-04-21 02:27:33,677 g ------> h
DEBUG 	 2019-04-21 02:27:33,678 c ------> d
DEBUG 	 2019-04-21 02:27:33,679 i ------> j
DEBUG 	 2019-04-21 02:27:33,680 s ------> t
DEBUG 	 2019-04-21 02:27:33,681 j ------> k
DEBUG 	 2019-04-21 02:27:33,682 G ------> H
DEBUG 	 2019-04-21 02:27:33,683 F ------> G
DEBUG 	 2019-04-21 02:27:33,684 W ------> X
DEBUG 	 2019-04-21 02:27:33,685 C ------> D
DEBUG 	 2019-04-21 02:27:33,686 A ------> B
DEBUG 	 2019-04-21 02:27:33,687 X ------> Y
DEBUG 	 2019-04-21 02:27:33,688 J ------> K
DEBUG 	 2019-04-21 02:27:33,689 Q ------> R
DEBUG 	 2019-04-21 02:27:33,690 V ------> W
DEBUG 	 2019-04-21 02:27:33,691 K ------> L
DEBUG 	 2019-04-21 02:27:33,692 c ------> d
DEBUG 	 2019-04-21 02:27:33,693 A ------> B
DEBUG 	 2019-04-21 02:27:33,694 V ------> W
DEBUG 	 2019-04-21 02:27:33,695 D ------> E
DEBUG 	 2019-04-21 02:27:33,696 B ------> C
DEBUG 	 2019-04-21 02:27:33,697 V ------> W
DEBUG 	 2019-04-21 02:27:33,698 a ------> b
DEBUG 	 2019-04-21 02:27:33,699 T ------> U
DEBUG 	 2019-04-21 02:27:33,700 b ------> c
DEBUG 	 2019-04-21 02:27:33,701 c ------> d
DEBUG 	 2019-04-21 02:27:33,702 r ------> s
DEBUG 	 2019-04-21 02:27:33,703 Q ------> R
DEBUG 	 2019-04-21 02:27:33,704 M ------> N
DEBUG 	 2019-04-21 02:27:33,705 w ------> x
DEBUG 	 2019-04-21 02:27:33,706 H ------> I
DEBUG 	 2019-04-21 02:27:33,707 U ------> V
DEBUG 	 2019-04-21 02:27:33,708 O ------> P
DEBUG 	 2019-04-21 02:27:33,709 k ------> l
DEBUG 	 2019-04-21 02:27:33,710 w ------> x
DEBUG 	 2019-04-21 02:27:33,711 B ------> C
DEBUG 	 2019-04-21 02:27:33,712 c ------> d
DEBUG 	 2019-04-21 02:27:33,713 g ------> h
DEBUG 	 2019-04-21 02:27:33,714 C ------> D
DEBUG 	 2019-04-21 02:27:33,715 p ------> q
DEBUG 	 2019-04-21 02:27:33,716 k ------> l
DEBUG 	 2019-04-21 02:27:33,717 O ------> P
DEBUG 	 2019-04-21 02:27:33,718 B ------> C
DEBUG 	 2019-04-21 02:27:33,719 Z ------> A
DEBUG 	 2019-04-21 02:27:33,720 w ------> x
DEBUG 	 2019-04-21 02:27:33,721 r ------> s
DEBUG 	 2019-04-21 02:27:33,722 d ------> e
DEBUG 	 2019-04-21 02:27:33,723 O ------> P
DEBUG 	 2019-04-21 02:27:33,724 j ------> k
DEBUG 	 2019-04-21 02:27:33,725 m ------> n
DEBUG 	 2019-04-21 02:27:33,726 J ------> K
DEBUG 	 2019-04-21 02:27:33,727 T ------> U
DEBUG 	 2019-04-21 02:27:33,728 n ------> o
DEBUG 	 2019-04-21 02:27:33,729 E ------> F
DEBUG 	 2019-04-21 02:27:33,730 q ------> r
DEBUG 	 2019-04-21 02:27:33,731 v ------> w
DEBUG 	 2019-04-21 02:27:33,732 W ------> X
DEBUG 	 2019-04-21 02:27:33,733 D ------> E
DEBUG 	 2019-04-21 02:27:33,734 x ------> y
DEBUG 	 2019-04-21 02:27:33,735 B ------> C
DEBUG 	 2019-04-21 02:27:33,736 H ------> I
DEBUG 	 2019-04-21 02:27:33,737 k ------> l
DEBUG 	 2019-04-21 02:27:33,738 y ------> z
DEBUG 	 2019-04-21 02:27:33,739 O ------> P
DEBUG 	 2019-04-21 02:27:33,740 o ------> p
DEBUG 	 2019-04-21 02:27:33,741 I ------> J
DEBUG 	 2019-04-21 02:27:33,742 w ------> x
DEBUG 	 2019-04-21 02:27:33,743 P ------> Q
DEBUG 	 2019-04-21 02:27:33,744 B ------> C
DEBUG 	 2019-04-21 02:27:33,745 h ------> i
DEBUG 	 2019-04-21 02:27:33,746 e ------> f
DEBUG 	 2019-04-21 02:27:33,747 M ------> N
DEBUG 	 2019-04-21 02:27:33,748 p ------> q
DEBUG 	 2019-04-21 02:27:33,749 Q ------> R
DEBUG 	 2019-04-21 02:27:33,750 z ------> a
DEBUG 	 2019-04-21 02:27:33,751 e ------> f
DEBUG 	 2019-04-21 02:27:33,752 Q ------> R
DEBUG 	 2019-04-21 02:27:33,753 R ------> S
DEBUG 	 2019-04-21 02:27:33,754 K ------> L
DEBUG 	 2019-04-21 02:27:33,755 Z ------> A
DEBUG 	 2019-04-21 02:27:33,756 A ------> B
DEBUG 	 2019-04-21 02:27:33,757 r ------> s
DEBUG 	 2019-04-21 02:27:33,758 G ------> H
DEBUG 	 2019-04-21 02:27:33,759 R ------> S
DEBUG 	 2019-04-21 02:27:33,760 r ------> s
DEBUG 	 2019-04-21 02:27:33,761 e ------> f
DEBUG 	 2019-04-21 02:27:33,762 K ------> L
DEBUG 	 2019-04-21 02:27:33,763 o ------> p
DEBUG 	 2019-04-21 02:27:33,764 q ------> r
DEBUG 	 2019-04-21 02:27:33,765 r ------> s
DEBUG 	 2019-04-21 02:27:33,766 y ------> z
DEBUG 	 2019-04-21 02:27:33,767 p ------> q
DEBUG 	 2019-04-21 02:27:33,768 w ------> x
DEBUG 	 2019-04-21 02:27:33,769 W ------> X
DEBUG 	 2019-04-21 02:27:33,770 Y ------> Z
DEBUG 	 2019-04-21 02:27:33,771 p ------> q
DEBUG 	 2019-04-21 02:27:33,772 C ------> D
DEBUG 	 2019-04-21 02:27:33,773 R ------> S
DEBUG 	 2019-04-21 02:27:33,774 r ------> s
DEBUG 	 2019-04-21 02:27:33,775 j ------> k
DEBUG 	 2019-04-21 02:27:33,776 v ------> w
DEBUG 	 2019-04-21 02:27:33,777 d ------> e
DEBUG 	 2019-04-21 02:27:33,778 c ------> d
DEBUG 	 2019-04-21 02:27:33,779 R ------> S
DEBUG 	 2019-04-21 02:27:33,780 n ------> o
DEBUG 	 2019-04-21 02:27:33,781 U ------> V
DEBUG 	 2019-04-21 02:27:33,782 M ------> N
DEBUG 	 2019-04-21 02:27:33,783 l ------> m
DEBUG 	 2019-04-21 02:27:33,784 D ------> E
DEBUG 	 2019-04-21 02:27:33,785 f ------> g
DEBUG 	 2019-04-21 02:27:33,786 x ------> y
DEBUG 	 2019-04-21 02:27:33,787 v ------> w
DEBUG 	 2019-04-21 02:27:33,788 p ------> q
DEBUG 	 2019-04-21 02:27:33,789 g ------> h
DEBUG 	 2019-04-21 02:27:33,790 I ------> J
DEBUG 	 2019-04-21 02:27:33,791 r ------> s
DEBUG 	 2019-04-21 02:27:33,792 m ------> n
DEBUG 	 2019-04-21 02:27:33,793 D ------> E
DEBUG 	 2019-04-21 02:27:33,794 Q ------> R
DEBUG 	 2019-04-21 02:27:33,795 g ------> h
DEBUG 	 2019-04-21 02:27:33,796 S ------> T
DEBUG 	 2019-04-21 02:27:33,797 x ------> y
DEBUG 	 2019-04-21 02:27:33,798 K ------> L
DEBUG 	 2019-04-21 02:27:33,799 e ------> f
DEBUG 	 2019-04-21 02:27:33,800 e ------> f
DEBUG 	 2019-04-21 02:27:33,801 E ------> F
DEBUG 	 2019-04-21 02:27:33,802 h ------> i
DEBUG 	 2019-04-21 02:27:33,803 G ------> H
DEBUG 	 2019-04-21 02:27:33,804 e ------> f
DEBUG 	 2019-04-21 02:27:33,805 I ------> J
DEBUG 	 2019-04-21 02:27:33,806 F ------> G
DEBUG 	 2019-04-21 02:27:33,807 S ------> T
DEBUG 	 2019-04-21 02:27:33,808 X ------> Y
DEBUG 	 2019-04-21 02:27:33,809 O ------> P
DEBUG 	 2019-04-21 02:27:33,810 v ------> w
DEBUG 	 2019-04-21 02:27:33,811 Q ------> R
DEBUG 	 2019-04-21 02:27:33,812 E ------> F
DEBUG 	 2019-04-21 02:27:33,813 x ------> y
DEBUG 	 2019-04-21 02:27:33,814 H ------> I
DEBUG 	 2019-04-21 02:27:33,815 W ------> X
DEBUG 	 2019-04-21 02:27:33,816 N ------> O
DEBUG 	 2019-04-21 02:27:33,817 N ------> O
DEBUG 	 2019-04-21 02:27:33,818 E ------> F
DEBUG 	 2019-04-21 02:27:33,819 r ------> s
DEBUG 	 2019-04-21 02:27:33,820 C ------> D
DEBUG 	 2019-04-21 02:27:33,821 e ------> f
DEBUG 	 2019-04-21 02:27:33,822 w ------> x
DEBUG 	 2019-04-21 02:27:33,823 x ------> y
DEBUG 	 2019-04-21 02:27:33,824 e ------> f
DEBUG 	 2019-04-21 02:27:33,825 w ------> x
DEBUG 	 2019-04-21 02:27:33,826 s ------> t
DEBUG 	 2019-04-21 02:27:33,827 M ------> N
DEBUG 	 2019-04-21 02:27:33,828 q ------> r
DEBUG 	 2019-04-21 02:27:33,829 R ------> S
DEBUG 	 2019-04-21 02:27:33,830 v ------> w
DEBUG 	 2019-04-21 02:27:33,831 a ------> b
DEBUG 	 2019-04-21 02:27:33,832 l ------> m
DEBUG 	 2019-04-21 02:27:33,833 O ------> P
DEBUG 	 2019-04-21 02:27:33,834 l ------> m
DEBUG 	 2019-04-21 02:27:33,835 t ------> u
DEBUG 	 2019-04-21 02:27:33,836 X ------> Y
DEBUG 	 2019-04-21 02:27:33,837 X ------> Y
DEBUG 	 2019-04-21 02:27:33,838 q ------> r
DEBUG 	 2019-04-21 02:27:33,839 O ------> P
DEBUG 	 2019-04-21 02:27:33,840 G ------> H
DEBUG 	 2019-04-21 02:27:33,841 L ------> M
DEBUG 	 2019-04-21 02:27:33,842 J ------> K
DEBUG 	 2019-04-21 02:27:33,843 T ------> U
DEBUG 	 2019-04-21 02:27:33,844 s ------> t
DEBUG 	 2019-04-21 02:27:33,845 X ------> Y
DEBUG 	 2019-04-21 02:27:33,846 b ------> c
DEBUG 	 2019-04-21 02:27:33,847 h ------> i
DEBUG 	 2019-04-21 02:27:33,848 Q ------> R
DEBUG 	 2019-04-21 02:27:33,849 T ------> U
DEBUG 	 2019-04-21 02:27:33,850 I ------> J
DEBUG 	 2019-04-21 02:27:33,851 f ------> g
DEBUG 	 2019-04-21 02:27:33,852 i ------> j
DEBUG 	 2019-04-21 02:27:33,853 D ------> E
DEBUG 	 2019-04-21 02:27:33,854 F ------> G
DEBUG 	 2019-04-21 02:27:33,855 I ------> J
DEBUG 	 2019-04-21 02:27:33,856 b ------> c
DEBUG 	 2019-04-21 02:27:33,857 c ------> d
DEBUG 	 2019-04-21 02:27:33,858 n ------> o
DEBUG 	 2019-04-21 02:27:33,859 l ------> m
DEBUG 	 2019-04-21 02:27:33,860 l ------> m
DEBUG 	 2019-04-21 02:27:33,861 w ------> x
DEBUG 	 2019-04-21 02:27:33,862 m ------> n
DEBUG 	 2019-04-21 02:27:33,863 h ------> i
DEBUG 	 2019-04-21 02:27:33,864 Y ------> Z
DEBUG 	 2019-04-21 02:27:33,865 F ------> G
DEBUG 	 2019-04-21 02:27:33,866 O ------> P
DEBUG 	 2019-04-21 02:27:33,867 L ------> M
DEBUG 	 2019-04-21 02:27:33,868 h ------> i
DEBUG 	 2019-04-21 02:27:33,869 a ------> b
DEBUG 	 2019-04-21 02:27:33,870 K ------> L
DEBUG 	 2019-04-21 02:27:33,871 Y ------> Z
DEBUG 	 2019-04-21 02:27:33,872 X ------> Y
DEBUG 	 2019-04-21 02:27:33,873 p ------> q
DEBUG 	 2019-04-21 02:27:33,874 X ------> Y
DEBUG 	 2019-04-21 02:27:33,875 K ------> L
DEBUG 	 2019-04-21 02:27:33,876 J ------> K
DEBUG 	 2019-04-21 02:27:33,877 M ------> N
DEBUG 	 2019-04-21 02:27:33,878 H ------> I
DEBUG 	 2019-04-21 02:27:33,879 S ------> T
DEBUG 	 2019-04-21 02:27:33,880 S ------> T
DEBUG 	 2019-04-21 02:27:33,881 q ------> r
DEBUG 	 2019-04-21 02:27:33,882 k ------> l
DEBUG 	 2019-04-21 02:27:33,883 Y ------> Z
DEBUG 	 2019-04-21 02:27:33,884 Q ------> R
DEBUG 	 2019-04-21 02:27:33,885 Y ------> Z
DEBUG 	 2019-04-21 02:27:33,886 z ------> a
DEBUG 	 2019-04-21 02:27:33,887 D ------> E
DEBUG 	 2019-04-21 02:27:33,888 m ------> n
DEBUG 	 2019-04-21 02:27:33,889 T ------> U
DEBUG 	 2019-04-21 02:27:33,890 L ------> M
DEBUG 	 2019-04-21 02:27:33,891 W ------> X
DEBUG 	 2019-04-21 02:27:33,892 p ------> q
DEBUG 	 2019-04-21 02:27:33,893 E ------> F
DEBUG 	 2019-04-21 02:27:33,894 J ------> K
DEBUG 	 2019-04-21 02:27:33,895 T ------> U
DEBUG 	 2019-04-21 02:27:33,896 N ------> O
DEBUG 	 2019-04-21 02:27:33,897 q ------> r
DEBUG 	 2019-04-21 02:27:33,898 t ------> u
DEBUG 	 2019-04-21 02:27:33,899 G ------> H
DEBUG 	 2019-04-21 02:27:33,900 u ------> v
DEBUG 	 2019-04-21 02:27:33,901 X ------> Y
DEBUG 	 2019-04-21 02:27:33,902 Y ------> Z
DEBUG 	 2019-04-21 02:27:33,903 O ------> P
DEBUG 	 2019-04-21 02:27:33,904 s ------> t
DEBUG 	 2019-04-21 02:27:33,905 F ------> G
DEBUG 	 2019-04-21 02:27:33,906 s ------> t
DEBUG 	 2019-04-21 02:27:33,907 X ------> Y
DEBUG 	 2019-04-21 02:27:33,908 g ------> h
DEBUG 	 2019-04-21 02:27:33,909 h ------> i
DEBUG 	 2019-04-21 02:27:33,910 v ------> w
DEBUG 	 2019-04-21 02:27:33,911 S ------> T
DEBUG 	 2019-04-21 02:27:33,912 C ------> D
DEBUG 	 2019-04-21 02:27:33,913 P ------> Q
DEBUG 	 2019-04-21 02:27:33,914 m ------> n
DEBUG 	 2019-04-21 02:27:33,915 Y ------> Z
DEBUG 	 2019-04-21 02:27:33,916 e ------> f
DEBUG 	 2019-04-21 02:27:33,917 d ------> e
DEBUG 	 2019-04-21 02:27:33,918 H ------> I
DEBUG 	 2019-04-21 02:27:33,919 o ------> p
DEBUG 	 2019-04-21 02:27:33,920 H ------> I
DEBUG 	 2019-04-21 02:27:33,921 O ------> P
DEBUG 	 2019-04-21 02:27:33,922 H ------> I
DEBUG 	 2019-04-21 02:27:33,923 F ------> G
DEBUG 	 2019-04-21 02:27:33,924 e ------> f
DEBUG 	 2019-04-21 02:27:33,925 U ------> V
DEBUG 	 2019-04-21 02:27:33,926 P ------> Q
DEBUG 	 2019-04-21 02:27:33,927 v ------> w
DEBUG 	 2019-04-21 02:27:33,928 r ------> s
DEBUG 	 2019-04-21 02:27:33,929 k ------> l
DEBUG 	 2019-04-21 02:27:33,930 h ------> i
DEBUG 	 2019-04-21 02:27:33,931 f ------> g
DEBUG 	 2019-04-21 02:27:33,933 F ------> G
DEBUG 	 2019-04-21 02:27:33,934 j ------> k
DEBUG 	 2019-04-21 02:27:33,934 g ------> h
DEBUG 	 2019-04-21 02:27:33,935 W ------> X
DEBUG 	 2019-04-21 02:27:33,936 I ------> J
DEBUG 	 2019-04-21 02:27:33,937 y ------> z
DEBUG 	 2019-04-21 02:27:33,938 n ------> o
DEBUG 	 2019-04-21 02:27:33,939 J ------> K
DEBUG 	 2019-04-21 02:27:33,940 d ------> e
DEBUG 	 2019-04-21 02:27:33,941 q ------> r
DEBUG 	 2019-04-21 02:27:33,942 n ------> o
DEBUG 	 2019-04-21 02:27:33,943 o ------> p
DEBUG 	 2019-04-21 02:27:33,944 q ------> r
DEBUG 	 2019-04-21 02:27:33,945 j ------> k
DEBUG 	 2019-04-21 02:27:33,946 Q ------> R
DEBUG 	 2019-04-21 02:27:33,947 s ------> t
DEBUG 	 2019-04-21 02:27:33,948 l ------> m
DEBUG 	 2019-04-21 02:27:33,949 Q ------> R
DEBUG 	 2019-04-21 02:27:33,950 z ------> a
DEBUG 	 2019-04-21 02:27:33,951 p ------> q
DEBUG 	 2019-04-21 02:27:33,952 z ------> a
DEBUG 	 2019-04-21 02:27:33,953 S ------> T
DEBUG 	 2019-04-21 02:27:33,954 m ------> n
DEBUG 	 2019-04-21 02:27:33,955 s ------> t
DEBUG 	 2019-04-21 02:27:33,956 N ------> O
DEBUG 	 2019-04-21 02:27:33,957 c ------> d
DEBUG 	 2019-04-21 02:27:33,958 r ------> s
DEBUG 	 2019-04-21 02:27:33,959 v ------> w
DEBUG 	 2019-04-21 02:27:33,960 n ------> o
DEBUG 	 2019-04-21 02:27:33,961 S ------> T
DEBUG 	 2019-04-21 02:27:33,962 H ------> I
DEBUG 	 2019-04-21 02:27:33,963 Z ------> A
DEBUG 	 2019-04-21 02:27:33,964 l ------> m
DEBUG 	 2019-04-21 02:27:33,965 D ------> E
DEBUG 	 2019-04-21 02:27:33,966 c ------> d
DEBUG 	 2019-04-21 02:27:33,967 Y ------> Z
DEBUG 	 2019-04-21 02:27:33,968 x ------> y
DEBUG 	 2019-04-21 02:27:33,969 L ------> M
DEBUG 	 2019-04-21 02:27:33,970 S ------> T
DEBUG 	 2019-04-21 02:27:33,971 N ------> O
DEBUG 	 2019-04-21 02:27:33,972 A ------> B
DEBUG 	 2019-04-21 02:27:33,973 h ------> i
DEBUG 	 2019-04-21 02:27:33,974 J ------> K
DEBUG 	 2019-04-21 02:27:33,975 v ------> w
DEBUG 	 2019-04-21 02:27:33,976 H ------> I
DEBUG 	 2019-04-21 02:27:33,977 u ------> v
DEBUG 	 2019-04-21 02:27:33,978 e ------> f
DEBUG 	 2019-04-21 02:27:33,979 y ------> z
DEBUG 	 2019-04-21 02:27:33,980 z ------> a
DEBUG 	 2019-04-21 02:27:33,981 K ------> L
DEBUG 	 2019-04-21 02:27:33,982 S ------> T
DEBUG 	 2019-04-21 02:27:33,983 y ------> z
DEBUG 	 2019-04-21 02:27:33,984 M ------> N
DEBUG 	 2019-04-21 02:27:33,985 O ------> P
DEBUG 	 2019-04-21 02:27:33,986 M ------> N
DEBUG 	 2019-04-21 02:27:33,987 z ------> a
DEBUG 	 2019-04-21 02:27:33,988 a ------> b
DEBUG 	 2019-04-21 02:27:33,989 w ------> x
DEBUG 	 2019-04-21 02:27:33,990 j ------> k
DEBUG 	 2019-04-21 02:27:33,991 G ------> H
DEBUG 	 2019-04-21 02:27:33,992 U ------> V
DEBUG 	 2019-04-21 02:27:33,993 I ------> J
DEBUG 	 2019-04-21 02:27:33,994 O ------> P
DEBUG 	 2019-04-21 02:27:33,995 A ------> B
DEBUG 	 2019-04-21 02:27:33,996 w ------> x
DEBUG 	 2019-04-21 02:27:33,997 N ------> O
DEBUG 	 2019-04-21 02:27:33,998 u ------> v
DEBUG 	 2019-04-21 02:27:33,999 j ------> k
DEBUG 	 2019-04-21 02:27:34,000 m ------> n
DEBUG 	 2019-04-21 02:27:34,001 T ------> U
DEBUG 	 2019-04-21 02:27:34,002 f ------> g
DEBUG 	 2019-04-21 02:27:34,003 J ------> K
DEBUG 	 2019-04-21 02:27:34,004 H ------> I
DEBUG 	 2019-04-21 02:27:34,005 V ------> W
DEBUG 	 2019-04-21 02:27:34,006 G ------> H
DEBUG 	 2019-04-21 02:27:34,007 D ------> E
DEBUG 	 2019-04-21 02:27:34,008 j ------> k
DEBUG 	 2019-04-21 02:27:34,009 T ------> U
DEBUG 	 2019-04-21 02:27:34,010 U ------> V
DEBUG 	 2019-04-21 02:27:34,011 W ------> X
DEBUG 	 2019-04-21 02:27:34,012 P ------> Q
DEBUG 	 2019-04-21 02:27:34,013 O ------> P
DEBUG 	 2019-04-21 02:27:34,014 N ------> O
DEBUG 	 2019-04-21 02:27:34,015 g ------> h
DEBUG 	 2019-04-21 02:27:34,016 F ------> G
DEBUG 	 2019-04-21 02:27:34,017 X ------> Y
DEBUG 	 2019-04-21 02:27:34,018 N ------> O
DEBUG 	 2019-04-21 02:27:34,019 x ------> y
DEBUG 	 2019-04-21 02:27:34,020 N ------> O
DEBUG 	 2019-04-21 02:27:34,021 N ------> O
DEBUG 	 2019-04-21 02:27:34,022 i ------> j
DEBUG 	 2019-04-21 02:27:34,023 x ------> y
DEBUG 	 2019-04-21 02:27:34,024 L ------> M
DEBUG 	 2019-04-21 02:27:34,025 L ------> M
DEBUG 	 2019-04-21 02:27:34,026 B ------> C
DEBUG 	 2019-04-21 02:27:34,027 D ------> E
DEBUG 	 2019-04-21 02:27:34,028 L ------> M
DEBUG 	 2019-04-21 02:27:34,029 w ------> x
DEBUG 	 2019-04-21 02:27:34,030 M ------> N
DEBUG 	 2019-04-21 02:27:34,031 q ------> r
DEBUG 	 2019-04-21 02:27:34,032 a ------> b
DEBUG 	 2019-04-21 02:27:34,033 S ------> T
DEBUG 	 2019-04-21 02:27:34,034 v ------> w
DEBUG 	 2019-04-21 02:27:34,035 A ------> B
DEBUG 	 2019-04-21 02:27:34,036 y ------> z
DEBUG 	 2019-04-21 02:27:34,037 U ------> V
DEBUG 	 2019-04-21 02:27:34,038 w ------> x
DEBUG 	 2019-04-21 02:27:34,039 Y ------> Z
DEBUG 	 2019-04-21 02:27:34,040 D ------> E
DEBUG 	 2019-04-21 02:27:34,041 G ------> H
DEBUG 	 2019-04-21 02:27:34,042 b ------> c
DEBUG 	 2019-04-21 02:27:34,043 I ------> J
DEBUG 	 2019-04-21 02:27:34,044 u ------> v
DEBUG 	 2019-04-21 02:27:34,045 K ------> L
DEBUG 	 2019-04-21 02:27:34,046 a ------> b
DEBUG 	 2019-04-21 02:27:34,047 s ------> t
DEBUG 	 2019-04-21 02:27:34,048 o ------> p
DEBUG 	 2019-04-21 02:27:34,049 H ------> I
DEBUG 	 2019-04-21 02:27:34,050 J ------> K
DEBUG 	 2019-04-21 02:27:34,051 u ------> v
DEBUG 	 2019-04-21 02:27:34,052 x ------> y
DEBUG 	 2019-04-21 02:27:34,053 l ------> m
DEBUG 	 2019-04-21 02:27:34,054 B ------> C
DEBUG 	 2019-04-21 02:27:34,055 U ------> V
DEBUG 	 2019-04-21 02:27:34,056 y ------> z
DEBUG 	 2019-04-21 02:27:34,057 E ------> F
DEBUG 	 2019-04-21 02:27:34,058 x ------> y
DEBUG 	 2019-04-21 02:27:34,059 P ------> Q
DEBUG 	 2019-04-21 02:27:34,060 V ------> W
DEBUG 	 2019-04-21 02:27:34,061 N ------> O
DEBUG 	 2019-04-21 02:27:34,062 r ------> s
DEBUG 	 2019-04-21 02:27:34,063 K ------> L
DEBUG 	 2019-04-21 02:27:34,064 N ------> O
DEBUG 	 2019-04-21 02:27:34,065 w ------> x
DEBUG 	 2019-04-21 02:27:34,066 D ------> E
DEBUG 	 2019-04-21 02:27:34,067 C ------> D
DEBUG 	 2019-04-21 02:27:34,068 T ------> U
DEBUG 	 2019-04-21 02:27:34,069 e ------> f
DEBUG 	 2019-04-21 02:27:34,070 v ------> w
DEBUG 	 2019-04-21 02:27:34,071 K ------> L
DEBUG 	 2019-04-21 02:27:34,072 q ------> r
DEBUG 	 2019-04-21 02:27:34,073 b ------> c
DEBUG 	 2019-04-21 02:27:34,074 i ------> j
DEBUG 	 2019-04-21 02:27:34,075 w ------> x
DEBUG 	 2019-04-21 02:27:34,076 t ------> u
DEBUG 	 2019-04-21 02:27:34,077 h ------> i
DEBUG 	 2019-04-21 02:27:34,078 B ------> C
DEBUG 	 2019-04-21 02:27:34,079 P ------> Q
DEBUG 	 2019-04-21 02:27:34,080 s ------> t
DEBUG 	 2019-04-21 02:27:34,081 n ------> o
DEBUG 	 2019-04-21 02:27:34,082 r ------> s
DEBUG 	 2019-04-21 02:27:34,083 n ------> o
DEBUG 	 2019-04-21 02:27:34,084 e ------> f
DEBUG 	 2019-04-21 02:27:34,085 M ------> N
DEBUG 	 2019-04-21 02:27:34,086 G ------> H
DEBUG 	 2019-04-21 02:27:34,087 Q ------> R
DEBUG 	 2019-04-21 02:27:34,088 Z ------> A
DEBUG 	 2019-04-21 02:27:34,089 q ------> r
DEBUG 	 2019-04-21 02:27:34,090 o ------> p
DEBUG 	 2019-04-21 02:27:34,091 i ------> j
DEBUG 	 2019-04-21 02:27:34,092 u ------> v
DEBUG 	 2019-04-21 02:27:34,093 G ------> H
DEBUG 	 2019-04-21 02:27:34,094 n ------> o
DEBUG 	 2019-04-21 02:27:34,095 b ------> c
DEBUG 	 2019-04-21 02:27:34,096 g ------> h
DEBUG 	 2019-04-21 02:27:34,097 c ------> d
DEBUG 	 2019-04-21 02:27:34,098 s ------> t
DEBUG 	 2019-04-21 02:27:34,099 V ------> W
DEBUG 	 2019-04-21 02:27:34,100 g ------> h
DEBUG 	 2019-04-21 02:27:34,101 Y ------> Z
DEBUG 	 2019-04-21 02:27:34,102 Z ------> A
DEBUG 	 2019-04-21 02:27:34,103 Z ------> A
DEBUG 	 2019-04-21 02:27:34,104 d ------> e
DEBUG 	 2019-04-21 02:27:34,105 q ------> r
DEBUG 	 2019-04-21 02:27:34,106 f ------> g
DEBUG 	 2019-04-21 02:27:34,107 x ------> y
DEBUG 	 2019-04-21 02:27:34,108 J ------> K
DEBUG 	 2019-04-21 02:27:34,109 U ------> V
DEBUG 	 2019-04-21 02:27:34,110 S ------> T
DEBUG 	 2019-04-21 02:27:34,111 K ------> L
DEBUG 	 2019-04-21 02:27:34,112 R ------> S
DEBUG 	 2019-04-21 02:27:34,113 G ------> H
DEBUG 	 2019-04-21 02:27:34,114 D ------> E
DEBUG 	 2019-04-21 02:27:34,115 X ------> Y
DEBUG 	 2019-04-21 02:27:34,116 W ------> X
DEBUG 	 2019-04-21 02:27:34,117 R ------> S
DEBUG 	 2019-04-21 02:27:34,118 k ------> l
DEBUG 	 2019-04-21 02:27:34,119 J ------> K
DEBUG 	 2019-04-21 02:27:34,121 Q ------> R
DEBUG 	 2019-04-21 02:27:34,121 K ------> L
DEBUG 	 2019-04-21 02:27:34,122 M ------> N
DEBUG 	 2019-04-21 02:27:34,123 y ------> z
DEBUG 	 2019-04-21 02:27:34,124 H ------> I
DEBUG 	 2019-04-21 02:27:34,125 Y ------> Z
DEBUG 	 2019-04-21 02:27:34,126 I ------> J
DEBUG 	 2019-04-21 02:27:34,127 S ------> T
DEBUG 	 2019-04-21 02:27:34,128 s ------> t
DEBUG 	 2019-04-21 02:27:34,129 f ------> g
DEBUG 	 2019-04-21 02:27:34,130 S ------> T
DEBUG 	 2019-04-21 02:27:34,131 K ------> L
DEBUG 	 2019-04-21 02:27:34,132 M ------> N
DEBUG 	 2019-04-21 02:27:34,133 R ------> S
DEBUG 	 2019-04-21 02:27:34,134 u ------> v
DEBUG 	 2019-04-21 02:27:34,135 U ------> V
DEBUG 	 2019-04-21 02:27:34,136 P ------> Q
DEBUG 	 2019-04-21 02:27:34,137 l ------> m
DEBUG 	 2019-04-21 02:27:34,138 i ------> j
DEBUG 	 2019-04-21 02:27:34,139 r ------> s
DEBUG 	 2019-04-21 02:27:34,140 r ------> s
DEBUG 	 2019-04-21 02:27:34,141 m ------> n
DEBUG 	 2019-04-21 02:27:34,142 J ------> K
DEBUG 	 2019-04-21 02:27:34,143 n ------> o
DEBUG 	 2019-04-21 02:27:34,144 t ------> u
DEBUG 	 2019-04-21 02:27:34,145 y ------> z
DEBUG 	 2019-04-21 02:27:34,146 k ------> l
DEBUG 	 2019-04-21 02:27:34,147 e ------> f
DEBUG 	 2019-04-21 02:27:34,148 v ------> w
DEBUG 	 2019-04-21 02:27:34,149 a ------> b
DEBUG 	 2019-04-21 02:27:34,150 S ------> T
DEBUG 	 2019-04-21 02:27:34,151 I ------> J
DEBUG 	 2019-04-21 02:27:34,152 q ------> r
DEBUG 	 2019-04-21 02:27:34,153 N ------> O
DEBUG 	 2019-04-21 02:27:34,154 K ------> L
DEBUG 	 2019-04-21 02:27:34,155 m ------> n
DEBUG 	 2019-04-21 02:27:34,156 e ------> f
DEBUG 	 2019-04-21 02:27:34,157 O ------> P
DEBUG 	 2019-04-21 02:27:34,158 c ------> d
DEBUG 	 2019-04-21 02:27:34,159 n ------> o
DEBUG 	 2019-04-21 02:27:34,160 y ------> z
DEBUG 	 2019-04-21 02:27:34,161 N ------> O
DEBUG 	 2019-04-21 02:27:34,162 M ------> N
DEBUG 	 2019-04-21 02:27:34,163 z ------> a
DEBUG 	 2019-04-21 02:27:34,164 d ------> e
DEBUG 	 2019-04-21 02:27:34,165 Z ------> A
DEBUG 	 2019-04-21 02:27:34,166 J ------> K
DEBUG 	 2019-04-21 02:27:34,167 m ------> n
DEBUG 	 2019-04-21 02:27:34,168 E ------> F
DEBUG 	 2019-04-21 02:27:34,169 S ------> T
DEBUG 	 2019-04-21 02:27:34,170 N ------> O
DEBUG 	 2019-04-21 02:27:34,171 h ------> i
DEBUG 	 2019-04-21 02:27:34,172 S ------> T
DEBUG 	 2019-04-21 02:27:34,173 Z ------> A
DEBUG 	 2019-04-21 02:27:34,174 d ------> e
DEBUG 	 2019-04-21 02:27:34,175 L ------> M
DEBUG 	 2019-04-21 02:27:34,176 K ------> L
DEBUG 	 2019-04-21 02:27:34,177 M ------> N
DEBUG 	 2019-04-21 02:27:34,178 V ------> W
DEBUG 	 2019-04-21 02:27:34,179 i ------> j
DEBUG 	 2019-04-21 02:27:34,180 c ------> d
DEBUG 	 2019-04-21 02:27:34,181 U ------> V
DEBUG 	 2019-04-21 02:27:34,182 s ------> t
DEBUG 	 2019-04-21 02:27:34,183 F ------> G
DEBUG 	 2019-04-21 02:27:34,184 o ------> p
DEBUG 	 2019-04-21 02:27:34,185 f ------> g
DEBUG 	 2019-04-21 02:27:34,186 F ------> G
DEBUG 	 2019-04-21 02:27:34,187 H ------> I
DEBUG 	 2019-04-21 02:27:34,188 a ------> b
DEBUG 	 2019-04-21 02:27:34,190 H ------> I
DEBUG 	 2019-04-21 02:27:34,190 b ------> c
DEBUG 	 2019-04-21 02:27:34,191 M ------> N
DEBUG 	 2019-04-21 02:27:34,192 E ------> F
DEBUG 	 2019-04-21 02:27:34,193 e ------> f
DEBUG 	 2019-04-21 02:27:34,194 J ------> K
DEBUG 	 2019-04-21 02:27:34,195 R ------> S
DEBUG 	 2019-04-21 02:27:34,197 k ------> l
DEBUG 	 2019-04-21 02:27:34,197 x ------> y
DEBUG 	 2019-04-21 02:27:34,198 M ------> N
DEBUG 	 2019-04-21 02:27:34,199 L ------> M
DEBUG 	 2019-04-21 02:27:34,200 c ------> d
DEBUG 	 2019-04-21 02:27:34,201 T ------> U
DEBUG 	 2019-04-21 02:27:34,202 F ------> G
DEBUG 	 2019-04-21 02:27:34,203 t ------> u
DEBUG 	 2019-04-21 02:27:34,204 j ------> k
DEBUG 	 2019-04-21 02:27:34,205 O ------> P
DEBUG 	 2019-04-21 02:27:34,206 B ------> C
DEBUG 	 2019-04-21 02:27:34,207 Z ------> A
DEBUG 	 2019-04-21 02:27:34,208 n ------> o
DEBUG 	 2019-04-21 02:27:34,209 H ------> I
DEBUG 	 2019-04-21 02:27:34,210 T ------> U
DEBUG 	 2019-04-21 02:27:34,211 V ------> W
DEBUG 	 2019-04-21 02:27:34,212 K ------> L
DEBUG 	 2019-04-21 02:27:34,213 g ------> h
DEBUG 	 2019-04-21 02:27:34,214 Z ------> A
DEBUG 	 2019-04-21 02:27:34,215 i ------> j
DEBUG 	 2019-04-21 02:27:34,216 d ------> e
DEBUG 	 2019-04-21 02:27:34,217 n ------> o
DEBUG 	 2019-04-21 02:27:34,218 n ------> o
DEBUG 	 2019-04-21 02:27:34,219 O ------> P
DEBUG 	 2019-04-21 02:27:34,220 u ------> v
DEBUG 	 2019-04-21 02:27:34,221 U ------> V
DEBUG 	 2019-04-21 02:27:34,222 f ------> g
DEBUG 	 2019-04-21 02:27:34,223 Z ------> A
DEBUG 	 2019-04-21 02:27:34,224 l ------> m
DEBUG 	 2019-04-21 02:27:34,225 B ------> C
DEBUG 	 2019-04-21 02:27:34,226 D ------> E
DEBUG 	 2019-04-21 02:27:34,227 A ------> B
DEBUG 	 2019-04-21 02:27:34,228 w ------> x
DEBUG 	 2019-04-21 02:27:34,229 j ------> k
DEBUG 	 2019-04-21 02:27:34,230 Q ------> R
DEBUG 	 2019-04-21 02:27:34,231 B ------> C
DEBUG 	 2019-04-21 02:27:34,232 z ------> a
DEBUG 	 2019-04-21 02:27:34,233 t ------> u
DEBUG 	 2019-04-21 02:27:34,234 H ------> I
DEBUG 	 2019-04-21 02:27:34,235 k ------> l
DEBUG 	 2019-04-21 02:27:34,236 k ------> l
DEBUG 	 2019-04-21 02:27:34,237 E ------> F
DEBUG 	 2019-04-21 02:27:34,238 Q ------> R
DEBUG 	 2019-04-21 02:27:34,239 H ------> I
DEBUG 	 2019-04-21 02:27:34,240 z ------> a
DEBUG 	 2019-04-21 02:27:34,241 j ------> k
DEBUG 	 2019-04-21 02:27:34,242 S ------> T
DEBUG 	 2019-04-21 02:27:34,243 H ------> I
DEBUG 	 2019-04-21 02:27:34,244 k ------> l
DEBUG 	 2019-04-21 02:27:34,245 p ------> q
DEBUG 	 2019-04-21 02:27:34,246 x ------> y
DEBUG 	 2019-04-21 02:27:34,247 p ------> q
DEBUG 	 2019-04-21 02:27:34,248 q ------> r
DEBUG 	 2019-04-21 02:27:34,249 x ------> y
DEBUG 	 2019-04-21 02:27:34,250 H ------> I
DEBUG 	 2019-04-21 02:27:34,251 i ------> j
DEBUG 	 2019-04-21 02:27:34,252 s ------> t
DEBUG 	 2019-04-21 02:27:34,253 y ------> z
DEBUG 	 2019-04-21 02:27:34,254 E ------> F
DEBUG 	 2019-04-21 02:27:34,255 j ------> k
DEBUG 	 2019-04-21 02:27:34,256 E ------> F
DEBUG 	 2019-04-21 02:27:34,257 L ------> M
DEBUG 	 2019-04-21 02:27:34,258 Z ------> A
DEBUG 	 2019-04-21 02:27:34,259 x ------> y
DEBUG 	 2019-04-21 02:27:34,260 Y ------> Z
DEBUG 	 2019-04-21 02:27:34,261 Y ------> Z
DEBUG 	 2019-04-21 02:27:34,262 V ------> W
DEBUG 	 2019-04-21 02:27:34,263 O ------> P
DEBUG 	 2019-04-21 02:27:34,264 C ------> D
DEBUG 	 2019-04-21 02:27:34,266 b ------> c
DEBUG 	 2019-04-21 02:27:34,266 x ------> y
DEBUG 	 2019-04-21 02:27:34,267 U ------> V
DEBUG 	 2019-04-21 02:27:34,268 j ------> k
DEBUG 	 2019-04-21 02:27:34,269 r ------> s
DEBUG 	 2019-04-21 02:27:34,270 J ------> K
DEBUG 	 2019-04-21 02:27:34,271 O ------> P
DEBUG 	 2019-04-21 02:27:34,272 a ------> b
DEBUG 	 2019-04-21 02:27:34,273 g ------> h
DEBUG 	 2019-04-21 02:27:34,274 V ------> W
DEBUG 	 2019-04-21 02:27:34,275 x ------> y
DEBUG 	 2019-04-21 02:27:34,276 s ------> t
DEBUG 	 2019-04-21 02:27:34,277 t ------> u
DEBUG 	 2019-04-21 02:27:34,278 A ------> B
DEBUG 	 2019-04-21 02:27:34,279 r ------> s
DEBUG 	 2019-04-21 02:27:34,280 J ------> K
DEBUG 	 2019-04-21 02:27:34,281 k ------> l
DEBUG 	 2019-04-21 02:27:34,283 D ------> E
DEBUG 	 2019-04-21 02:27:34,283 e ------> f
DEBUG 	 2019-04-21 02:27:34,284 i ------> j
DEBUG 	 2019-04-21 02:27:34,285 r ------> s
DEBUG 	 2019-04-21 02:27:34,286 o ------> p
DEBUG 	 2019-04-21 02:27:34,287 Y ------> Z
DEBUG 	 2019-04-21 02:27:34,288 F ------> G
DEBUG 	 2019-04-21 02:27:34,289 j ------> k
DEBUG 	 2019-04-21 02:27:34,290 f ------> g
DEBUG 	 2019-04-21 02:27:34,291 T ------> U
DEBUG 	 2019-04-21 02:27:34,292 J ------> K
DEBUG 	 2019-04-21 02:27:34,293 i ------> j
DEBUG 	 2019-04-21 02:27:34,294 p ------> q
DEBUG 	 2019-04-21 02:27:34,295 N ------> O
DEBUG 	 2019-04-21 02:27:34,296 f ------> g
DEBUG 	 2019-04-21 02:27:34,297 j ------> k
DEBUG 	 2019-04-21 02:27:34,298 R ------> S
DEBUG 	 2019-04-21 02:27:34,299 y ------> z
DEBUG 	 2019-04-21 02:27:34,300 K ------> L
DEBUG 	 2019-04-21 02:27:34,301 u ------> v
DEBUG 	 2019-04-21 02:27:34,302 K ------> L
DEBUG 	 2019-04-21 02:27:34,303 v ------> w
DEBUG 	 2019-04-21 02:27:34,304 Y ------> Z
DEBUG 	 2019-04-21 02:27:34,305 m ------> n
DEBUG 	 2019-04-21 02:27:34,306 r ------> s
DEBUG 	 2019-04-21 02:27:34,307 b ------> c
DEBUG 	 2019-04-21 02:27:34,308 S ------> T
DEBUG 	 2019-04-21 02:27:34,309 f ------> g
DEBUG 	 2019-04-21 02:27:34,310 N ------> O
DEBUG 	 2019-04-21 02:27:34,311 t ------> u
DEBUG 	 2019-04-21 02:27:34,312 l ------> m
DEBUG 	 2019-04-21 02:27:34,313 x ------> y
DEBUG 	 2019-04-21 02:27:34,314 J ------> K
DEBUG 	 2019-04-21 02:27:34,316 u ------> v
DEBUG 	 2019-04-21 02:27:34,317 L ------> M
DEBUG 	 2019-04-21 02:27:34,317 e ------> f
DEBUG 	 2019-04-21 02:27:34,318 V ------> W
DEBUG 	 2019-04-21 02:27:34,319 w ------> x
DEBUG 	 2019-04-21 02:27:34,320 v ------> w
DEBUG 	 2019-04-21 02:27:34,321 Z ------> A
DEBUG 	 2019-04-21 02:27:34,322 x ------> y
DEBUG 	 2019-04-21 02:27:34,323 N ------> O
DEBUG 	 2019-04-21 02:27:34,324 a ------> b
DEBUG 	 2019-04-21 02:27:34,325 r ------> s
DEBUG 	 2019-04-21 02:27:34,327 n ------> o
DEBUG 	 2019-04-21 02:27:34,328 s ------> t
DEBUG 	 2019-04-21 02:27:34,329 r ------> s
DEBUG 	 2019-04-21 02:27:34,330 h ------> i
DEBUG 	 2019-04-21 02:27:34,331 f ------> g
DEBUG 	 2019-04-21 02:27:34,332 Y ------> Z
DEBUG 	 2019-04-21 02:27:34,333 e ------> f
DEBUG 	 2019-04-21 02:27:34,333 v ------> w
DEBUG 	 2019-04-21 02:27:34,334 l ------> m
DEBUG 	 2019-04-21 02:27:34,336 B ------> C
DEBUG 	 2019-04-21 02:27:34,337 u ------> v
DEBUG 	 2019-04-21 02:27:34,338 S ------> T
DEBUG 	 2019-04-21 02:27:34,339 M ------> N
DEBUG 	 2019-04-21 02:27:34,340 H ------> I
DEBUG 	 2019-04-21 02:27:34,341 l ------> m
DEBUG 	 2019-04-21 02:27:34,342 Z ------> A
DEBUG 	 2019-04-21 02:27:34,343 x ------> y
DEBUG 	 2019-04-21 02:27:34,344 a ------> b
DEBUG 	 2019-04-21 02:27:34,345 s ------> t
DEBUG 	 2019-04-21 02:27:34,346 B ------> C
DEBUG 	 2019-04-21 02:27:34,347 C ------> D
DEBUG 	 2019-04-21 02:27:34,347 T ------> U
DEBUG 	 2019-04-21 02:27:34,349 N ------> O
DEBUG 	 2019-04-21 02:27:34,349 a ------> b
DEBUG 	 2019-04-21 02:27:34,350 B ------> C
DEBUG 	 2019-04-21 02:27:34,351 t ------> u
DEBUG 	 2019-04-21 02:27:34,353 m ------> n
DEBUG 	 2019-04-21 02:27:34,354 H ------> I
DEBUG 	 2019-04-21 02:27:34,355 i ------> j
DEBUG 	 2019-04-21 02:27:34,356 g ------> h
DEBUG 	 2019-04-21 02:27:34,357 Q ------> R
DEBUG 	 2019-04-21 02:27:34,357 e ------> f
DEBUG 	 2019-04-21 02:27:34,359 w ------> x
DEBUG 	 2019-04-21 02:27:34,360 M ------> N
DEBUG 	 2019-04-21 02:27:34,361 x ------> y
DEBUG 	 2019-04-21 02:27:34,362 Q ------> R
DEBUG 	 2019-04-21 02:27:34,363 Q ------> R
DEBUG 	 2019-04-21 02:27:34,364 E ------> F
DEBUG 	 2019-04-21 02:27:34,365 x ------> y
DEBUG 	 2019-04-21 02:27:34,366 q ------> r
DEBUG 	 2019-04-21 02:27:34,367 a ------> b
DEBUG 	 2019-04-21 02:27:34,368 U ------> V
DEBUG 	 2019-04-21 02:27:34,369 a ------> b
DEBUG 	 2019-04-21 02:27:34,370 B ------> C
DEBUG 	 2019-04-21 02:27:34,371 c ------> d
DEBUG 	 2019-04-21 02:27:34,372 U ------> V
DEBUG 	 2019-04-21 02:27:34,373 e ------> f
DEBUG 	 2019-04-21 02:27:34,374 q ------> r
DEBUG 	 2019-04-21 02:27:34,375 g ------> h
DEBUG 	 2019-04-21 02:27:34,376 d ------> e
DEBUG 	 2019-04-21 02:27:34,377 T ------> U
DEBUG 	 2019-04-21 02:27:34,378 O ------> P
DEBUG 	 2019-04-21 02:27:34,379 D ------> E
DEBUG 	 2019-04-21 02:27:34,380 q ------> r
DEBUG 	 2019-04-21 02:27:34,381 w ------> x
DEBUG 	 2019-04-21 02:27:34,382 q ------> r
DEBUG 	 2019-04-21 02:27:34,383 I ------> J
DEBUG 	 2019-04-21 02:27:34,384 r ------> s
DEBUG 	 2019-04-21 02:27:34,385 q ------> r
DEBUG 	 2019-04-21 02:27:34,386 p ------> q
DEBUG 	 2019-04-21 02:27:34,387 x ------> y
DEBUG 	 2019-04-21 02:27:34,388 X ------> Y
DEBUG 	 2019-04-21 02:27:34,389 F ------> G
DEBUG 	 2019-04-21 02:27:34,390 D ------> E
DEBUG 	 2019-04-21 02:27:34,391 S ------> T
DEBUG 	 2019-04-21 02:27:34,392 J ------> K
DEBUG 	 2019-04-21 02:27:34,393 S ------> T
DEBUG 	 2019-04-21 02:27:34,394 B ------> C
DEBUG 	 2019-04-21 02:27:34,395 B ------> C
DEBUG 	 2019-04-21 02:27:34,396 i ------> j
DEBUG 	 2019-04-21 02:27:34,397 h ------> i
DEBUG 	 2019-04-21 02:27:34,398 O ------> P
DEBUG 	 2019-04-21 02:27:34,399 d ------> e
DEBUG 	 2019-04-21 02:27:34,400 r ------> s
DEBUG 	 2019-04-21 02:27:34,401 u ------> v
DEBUG 	 2019-04-21 02:27:34,402 w ------> x
DEBUG 	 2019-04-21 02:27:34,403 k ------> l
DEBUG 	 2019-04-21 02:27:34,404 A ------> B
DEBUG 	 2019-04-21 02:27:34,405 L ------> M
DEBUG 	 2019-04-21 02:27:34,406 j ------> k
DEBUG 	 2019-04-21 02:27:34,407 D ------> E
DEBUG 	 2019-04-21 02:27:34,408 f ------> g
DEBUG 	 2019-04-21 02:27:34,409 v ------> w
DEBUG 	 2019-04-21 02:27:34,410 t ------> u
INFO 	 2019-04-21 02:27:34,410 Error rate: 0.0
