INFO 	 2019-04-21 02:32:56,615 Serial port COM3 opened successfully.
INFO 	 2019-04-21 02:32:56,615 Running: 1000 tests with baud rate: 9600
DEBUG 	 2019-04-21 02:32:56,616 qqqqq ------> rrrrr
DEBUG 	 2019-04-21 02:32:56,617 ppppp ------> qqqqq
DEBUG 	 2019-04-21 02:32:56,618 wwwww ------> xxxxx
DEBUG 	 2019-04-21 02:32:56,619 yyyyy ------> zzzzz
DEBUG 	 2019-04-21 02:32:56,620 WWWWW ------> XXXXX
DEBUG 	 2019-04-21 02:32:56,621 DDDDD ------> EEEEE
DEBUG 	 2019-04-21 02:32:56,622 EEEEE ------> FFFFF
DEBUG 	 2019-04-21 02:32:56,623 IIIII ------> JJJJJ
DEBUG 	 2019-04-21 02:32:56,624 VVVVV ------> WWWWW
DEBUG 	 2019-04-21 02:32:56,625 nnnnn ------> ooooo
DEBUG 	 2019-04-21 02:32:56,626 ccccc ------> ddddd
DEBUG 	 2019-04-21 02:32:56,627 IIIII ------> JJJJJ
DEBUG 	 2019-04-21 02:32:56,633 lllll ------> mmmmm
DEBUG 	 2019-04-21 02:32:56,634 OOOOO ------> PPPPP
DEBUG 	 2019-04-21 02:32:56,635 PPPPP ------> QQQQQ
DEBUG 	 2019-04-21 02:32:56,636 MMMMM ------> NNNNN
DEBUG 	 2019-04-21 02:32:56,637 KKKKK ------> LLLLL
DEBUG 	 2019-04-21 02:32:56,638 ZZZZZ ------> AAAAA
DEBUG 	 2019-04-21 02:32:56,639 xxxxx ------> yyyyy
DEBUG 	 2019-04-21 02:32:56,640 EEEEE ------> FFFFF
DEBUG 	 2019-04-21 02:32:56,641 wwwww ------> xxxxx
DEBUG 	 2019-04-21 02:32:56,642 uuuuu ------> vvvvv
DEBUG 	 2019-04-21 02:32:56,643 qqqqq ------> rrrrr
DEBUG 	 2019-04-21 02:32:56,644 HHHHH ------> IIIII
DEBUG 	 2019-04-21 02:32:56,645 EEEEE ------> FFFFF
DEBUG 	 2019-04-21 02:32:56,646 ooooo ------> ppppp
DEBUG 	 2019-04-21 02:32:56,647 kkkkk ------> lllll
DEBUG 	 2019-04-21 02:32:56,648 ZZZZZ ------> AAAAA
DEBUG 	 2019-04-21 02:32:56,649 KKKKK ------> LLLLL
DEBUG 	 2019-04-21 02:32:56,650 ZZZZZ ------> AAAAA
DEBUG 	 2019-04-21 02:32:56,651 nnnnn ------> ooooo
DEBUG 	 2019-04-21 02:32:56,652 RRRRR ------> SSSSS
DEBUG 	 2019-04-21 02:32:56,653 SSSSS ------> TTTTT
DEBUG 	 2019-04-21 02:32:56,654 AAAAA ------> BBBBB
DEBUG 	 2019-04-21 02:32:56,655 IIIII ------> JJJJJ
DEBUG 	 2019-04-21 02:32:56,656 MMMMM ------> NNNNN
DEBUG 	 2019-04-21 02:32:56,657 RRRRR ------> SSSSS
DEBUG 	 2019-04-21 02:32:56,658 NNNNN ------> OOOOO
DEBUG 	 2019-04-21 02:32:56,659 iiiii ------> jjjjj
DEBUG 	 2019-04-21 02:32:56,660 ggggg ------> hhhhh
DEBUG 	 2019-04-21 02:32:56,661 LLLLL ------> MMMMM
DEBUG 	 2019-04-21 02:32:56,662 RRRRR ------> SSSSS
DEBUG 	 2019-04-21 02:32:56,663 ooooo ------> ppppp
DEBUG 	 2019-04-21 02:32:56,664 LLLLL ------> MMMMM
DEBUG 	 2019-04-21 02:32:56,665 SSSSS ------> TTTTT
DEBUG 	 2019-04-21 02:32:56,666 PPPPP ------> QQQQQ
DEBUG 	 2019-04-21 02:32:56,667 hhhhh ------> iiiii
DEBUG 	 2019-04-21 02:32:56,668 GGGGG ------> HHHHH
DEBUG 	 2019-04-21 02:32:56,669 IIIII ------> JJJJJ
DEBUG 	 2019-04-21 02:32:56,670 DDDDD ------> EEEEE
DEBUG 	 2019-04-21 02:32:56,671 hhhhh ------> iiiii
DEBUG 	 2019-04-21 02:32:56,672 qqqqq ------> rrrrr
DEBUG 	 2019-04-21 02:32:56,673 DDDDD ------> EEEEE
DEBUG 	 2019-04-21 02:32:56,674 ttttt ------> uuuuu
DEBUG 	 2019-04-21 02:32:56,675 yyyyy ------> zzzzz
DEBUG 	 2019-04-21 02:32:56,676 VVVVV ------> WWWWW
DEBUG 	 2019-04-21 02:32:56,677 CCCCC ------> DDDDD
DEBUG 	 2019-04-21 02:32:56,678 AAAAA ------> BBBBB
DEBUG 	 2019-04-21 02:32:56,679 XXXXX ------> YYYYY
DEBUG 	 2019-04-21 02:32:56,680 XXXXX ------> YYYYY
DEBUG 	 2019-04-21 02:32:56,681 iiiii ------> jjjjj
DEBUG 	 2019-04-21 02:32:56,682 rrrrr ------> sssss
DEBUG 	 2019-04-21 02:32:56,683 hhhhh ------> iiiii
DEBUG 	 2019-04-21 02:32:56,684 OOOOO ------> PPPPP
DEBUG 	 2019-04-21 02:32:56,685 ppppp ------> qqqqq
DEBUG 	 2019-04-21 02:32:56,686 ZZZZZ ------> AAAAA
DEBUG 	 2019-04-21 02:32:56,687 bbbbb ------> ccccc
DEBUG 	 2019-04-21 02:32:56,688 NNNNN ------> OOOOO
DEBUG 	 2019-04-21 02:32:56,689 zzzzz ------> aaaaa
DEBUG 	 2019-04-21 02:32:56,690 KKKKK ------> LLLLL
DEBUG 	 2019-04-21 02:32:56,691 DDDDD ------> EEEEE
DEBUG 	 2019-04-21 02:32:56,692 jjjjj ------> kkkkk
DEBUG 	 2019-04-21 02:32:56,693 mmmmm ------> nnnnn
DEBUG 	 2019-04-21 02:32:56,694 WWWWW ------> XXXXX
DEBUG 	 2019-04-21 02:32:56,695 OOOOO ------> PPPPP
DEBUG 	 2019-04-21 02:32:56,696 ppppp ------> qqqqq
DEBUG 	 2019-04-21 02:32:56,697 uuuuu ------> vvvvv
DEBUG 	 2019-04-21 02:32:56,698 YYYYY ------> ZZZZZ
DEBUG 	 2019-04-21 02:32:56,699 NNNNN ------> OOOOO
DEBUG 	 2019-04-21 02:32:56,700 KKKKK ------> LLLLL
DEBUG 	 2019-04-21 02:32:56,701 GGGGG ------> HHHHH
DEBUG 	 2019-04-21 02:32:56,702 AAAAA ------> BBBBB
DEBUG 	 2019-04-21 02:32:56,703 XXXXX ------> YYYYY
DEBUG 	 2019-04-21 02:32:56,704 TTTTT ------> UUUUU
DEBUG 	 2019-04-21 02:32:56,705 jjjjj ------> kkkkk
DEBUG 	 2019-04-21 02:32:56,706 ZZZZZ ------> AAAAA
DEBUG 	 2019-04-21 02:32:56,707 PPPPP ------> QQQQQ
DEBUG 	 2019-04-21 02:32:56,708 rrrrr ------> sssss
DEBUG 	 2019-04-21 02:32:56,709 zzzzz ------> aaaaa
DEBUG 	 2019-04-21 02:32:56,710 EEEEE ------> FFFFF
DEBUG 	 2019-04-21 02:32:56,711 aaaaa ------> bbbbb
DEBUG 	 2019-04-21 02:32:56,713 aaaaa ------> bbbbb
DEBUG 	 2019-04-21 02:32:56,714 vvvvv ------> wwwww
DEBUG 	 2019-04-21 02:32:56,715 QQQQQ ------> RRRRR
DEBUG 	 2019-04-21 02:32:56,716 vvvvv ------> wwwww
DEBUG 	 2019-04-21 02:32:56,717 OOOOO ------> PPPPP
DEBUG 	 2019-04-21 02:32:56,718 GGGGG ------> HHHHH
DEBUG 	 2019-04-21 02:32:56,719 UUUUU ------> VVVVV
DEBUG 	 2019-04-21 02:32:56,720 eeeee ------> fffff
DEBUG 	 2019-04-21 02:32:56,721 BBBBB ------> CCCCC
DEBUG 	 2019-04-21 02:32:56,722 hhhhh ------> iiiii
DEBUG 	 2019-04-21 02:32:56,723 ttttt ------> uuuuu
DEBUG 	 2019-04-21 02:32:56,724 GGGGG ------> HHHHH
DEBUG 	 2019-04-21 02:32:56,725 zzzzz ------> aaaaa
DEBUG 	 2019-04-21 02:32:56,726 FFFFF ------> GGGGG
DEBUG 	 2019-04-21 02:32:56,727 UUUUU ------> VVVVV
DEBUG 	 2019-04-21 02:32:56,728 BBBBB ------> CCCCC
DEBUG 	 2019-04-21 02:32:56,729 mmmmm ------> nnnnn
DEBUG 	 2019-04-21 02:32:56,730 bbbbb ------> ccccc
DEBUG 	 2019-04-21 02:32:56,731 lllll ------> mmmmm
DEBUG 	 2019-04-21 02:32:56,732 QQQQQ ------> RRRRR
DEBUG 	 2019-04-21 02:32:56,733 qqqqq ------> rrrrr
DEBUG 	 2019-04-21 02:32:56,734 IIIII ------> JJJJJ
DEBUG 	 2019-04-21 02:32:56,735 vvvvv ------> wwwww
DEBUG 	 2019-04-21 02:32:56,736 uuuuu ------> vvvvv
DEBUG 	 2019-04-21 02:32:56,737 fffff ------> ggggg
DEBUG 	 2019-04-21 02:32:56,738 ddddd ------> eeeee
DEBUG 	 2019-04-21 02:32:56,739 qqqqq ------> rrrrr
DEBUG 	 2019-04-21 02:32:56,740 VVVVV ------> WWWWW
DEBUG 	 2019-04-21 02:32:56,741 yyyyy ------> zzzzz
DEBUG 	 2019-04-21 02:32:56,742 kkkkk ------> lllll
DEBUG 	 2019-04-21 02:32:56,743 yyyyy ------> zzzzz
DEBUG 	 2019-04-21 02:32:56,744 jjjjj ------> kkkkk
DEBUG 	 2019-04-21 02:32:56,745 DDDDD ------> EEEEE
DEBUG 	 2019-04-21 02:32:56,746 hhhhh ------> iiiii
DEBUG 	 2019-04-21 02:32:56,747 BBBBB ------> CCCCC
DEBUG 	 2019-04-21 02:32:56,748 HHHHH ------> IIIII
DEBUG 	 2019-04-21 02:32:56,749 RRRRR ------> SSSSS
DEBUG 	 2019-04-21 02:32:56,750 SSSSS ------> TTTTT
DEBUG 	 2019-04-21 02:32:56,751 GGGGG ------> HHHHH
DEBUG 	 2019-04-21 02:32:56,752 ccccc ------> ddddd
DEBUG 	 2019-04-21 02:32:56,753 zzzzz ------> aaaaa
DEBUG 	 2019-04-21 02:32:56,754 mmmmm ------> nnnnn
DEBUG 	 2019-04-21 02:32:56,755 hhhhh ------> iiiii
DEBUG 	 2019-04-21 02:32:56,756 YYYYY ------> ZZZZZ
DEBUG 	 2019-04-21 02:32:56,757 ddddd ------> eeeee
DEBUG 	 2019-04-21 02:32:56,758 MMMMM ------> NNNNN
DEBUG 	 2019-04-21 02:32:56,759 vvvvv ------> wwwww
DEBUG 	 2019-04-21 02:32:56,760 AAAAA ------> BBBBB
DEBUG 	 2019-04-21 02:32:56,761 VVVVV ------> WWWWW
DEBUG 	 2019-04-21 02:32:56,762 NNNNN ------> OOOOO
DEBUG 	 2019-04-21 02:32:56,763 YYYYY ------> ZZZZZ
DEBUG 	 2019-04-21 02:32:56,764 SSSSS ------> TTTTT
DEBUG 	 2019-04-21 02:32:56,765 XXXXX ------> YYYYY
DEBUG 	 2019-04-21 02:32:56,766 UUUUU ------> VVVVV
DEBUG 	 2019-04-21 02:32:56,767 ggggg ------> hhhhh
DEBUG 	 2019-04-21 02:32:56,768 rrrrr ------> sssss
DEBUG 	 2019-04-21 02:32:56,769 rrrrr ------> sssss
DEBUG 	 2019-04-21 02:32:56,770 EEEEE ------> FFFFF
DEBUG 	 2019-04-21 02:32:56,771 VVVVV ------> WWWWW
DEBUG 	 2019-04-21 02:32:56,772 bbbbb ------> ccccc
DEBUG 	 2019-04-21 02:32:56,773 UUUUU ------> VVVVV
DEBUG 	 2019-04-21 02:32:56,774 YYYYY ------> ZZZZZ
DEBUG 	 2019-04-21 02:32:56,775 VVVVV ------> WWWWW
DEBUG 	 2019-04-21 02:32:56,776 EEEEE ------> FFFFF
DEBUG 	 2019-04-21 02:32:56,777 MMMMM ------> NNNNN
DEBUG 	 2019-04-21 02:32:56,778 QQQQQ ------> RRRRR
DEBUG 	 2019-04-21 02:32:56,779 XXXXX ------> YYYYY
DEBUG 	 2019-04-21 02:32:56,780 HHHHH ------> IIIII
DEBUG 	 2019-04-21 02:32:56,781 wwwww ------> xxxxx
DEBUG 	 2019-04-21 02:32:56,782 kkkkk ------> lllll
DEBUG 	 2019-04-21 02:32:56,783 AAAAA ------> BBBBB
DEBUG 	 2019-04-21 02:32:56,784 RRRRR ------> SSSSS
DEBUG 	 2019-04-21 02:32:56,785 AAAAA ------> BBBBB
DEBUG 	 2019-04-21 02:32:56,786 wwwww ------> xxxxx
DEBUG 	 2019-04-21 02:32:56,787 bbbbb ------> ccccc
DEBUG 	 2019-04-21 02:32:56,788 ddddd ------> eeeee
DEBUG 	 2019-04-21 02:32:56,789 PPPPP ------> QQQQQ
DEBUG 	 2019-04-21 02:32:56,790 eeeee ------> fffff
DEBUG 	 2019-04-21 02:32:56,791 FFFFF ------> GGGGG
DEBUG 	 2019-04-21 02:32:56,792 RRRRR ------> SSSSS
DEBUG 	 2019-04-21 02:32:56,793 uuuuu ------> vvvvv
DEBUG 	 2019-04-21 02:32:56,794 kkkkk ------> lllll
DEBUG 	 2019-04-21 02:32:56,795 OOOOO ------> PPPPP
DEBUG 	 2019-04-21 02:32:56,796 hhhhh ------> iiiii
DEBUG 	 2019-04-21 02:32:56,797 BBBBB ------> CCCCC
DEBUG 	 2019-04-21 02:32:56,798 eeeee ------> fffff
DEBUG 	 2019-04-21 02:32:56,799 DDDDD ------> EEEEE
DEBUG 	 2019-04-21 02:32:56,800 ppppp ------> qqqqq
DEBUG 	 2019-04-21 02:32:56,801 aaaaa ------> bbbbb
DEBUG 	 2019-04-21 02:32:56,802 aaaaa ------> bbbbb
DEBUG 	 2019-04-21 02:32:56,803 ddddd ------> eeeee
DEBUG 	 2019-04-21 02:32:56,804 WWWWW ------> XXXXX
DEBUG 	 2019-04-21 02:32:56,805 eeeee ------> fffff
DEBUG 	 2019-04-21 02:32:56,806 rrrrr ------> sssss
DEBUG 	 2019-04-21 02:32:56,807 QQQQQ ------> RRRRR
DEBUG 	 2019-04-21 02:32:56,808 aaaaa ------> bbbbb
DEBUG 	 2019-04-21 02:32:56,809 UUUUU ------> VVVVV
DEBUG 	 2019-04-21 02:32:56,810 AAAAA ------> BBBBB
DEBUG 	 2019-04-21 02:32:56,811 DDDDD ------> EEEEE
DEBUG 	 2019-04-21 02:32:56,812 BBBBB ------> CCCCC
DEBUG 	 2019-04-21 02:32:56,813 hhhhh ------> iiiii
DEBUG 	 2019-04-21 02:32:56,814 GGGGG ------> HHHHH
DEBUG 	 2019-04-21 02:32:56,815 DDDDD ------> EEEEE
DEBUG 	 2019-04-21 02:32:56,816 kkkkk ------> lllll
DEBUG 	 2019-04-21 02:32:56,817 xxxxx ------> yyyyy
DEBUG 	 2019-04-21 02:32:56,818 TTTTT ------> UUUUU
DEBUG 	 2019-04-21 02:32:56,819 IIIII ------> JJJJJ
DEBUG 	 2019-04-21 02:32:56,820 xxxxx ------> yyyyy
DEBUG 	 2019-04-21 02:32:56,821 KKKKK ------> LLLLL
DEBUG 	 2019-04-21 02:32:56,822 sssss ------> ttttt
DEBUG 	 2019-04-21 02:32:56,823 ppppp ------> qqqqq
DEBUG 	 2019-04-21 02:32:56,824 HHHHH ------> IIIII
DEBUG 	 2019-04-21 02:32:56,825 eeeee ------> fffff
DEBUG 	 2019-04-21 02:32:56,826 VVVVV ------> WWWWW
DEBUG 	 2019-04-21 02:32:56,827 ccccc ------> ddddd
DEBUG 	 2019-04-21 02:32:56,828 RRRRR ------> SSSSS
DEBUG 	 2019-04-21 02:32:56,829 eeeee ------> fffff
DEBUG 	 2019-04-21 02:32:56,830 ppppp ------> qqqqq
DEBUG 	 2019-04-21 02:32:56,831 AAAAA ------> BBBBB
DEBUG 	 2019-04-21 02:32:56,832 ddddd ------> eeeee
DEBUG 	 2019-04-21 02:32:56,833 xxxxx ------> yyyyy
DEBUG 	 2019-04-21 02:32:56,834 UUUUU ------> VVVVV
DEBUG 	 2019-04-21 02:32:56,835 GGGGG ------> HHHHH
DEBUG 	 2019-04-21 02:32:56,836 EEEEE ------> FFFFF
DEBUG 	 2019-04-21 02:32:56,837 BBBBB ------> CCCCC
DEBUG 	 2019-04-21 02:32:56,838 kkkkk ------> lllll
DEBUG 	 2019-04-21 02:32:56,839 aaaaa ------> bbbbb
DEBUG 	 2019-04-21 02:32:56,840 ggggg ------> hhhhh
DEBUG 	 2019-04-21 02:32:56,841 FFFFF ------> GGGGG
DEBUG 	 2019-04-21 02:32:56,842 bbbbb ------> ccccc
DEBUG 	 2019-04-21 02:32:56,843 kkkkk ------> lllll
DEBUG 	 2019-04-21 02:32:56,844 ttttt ------> uuuuu
DEBUG 	 2019-04-21 02:32:56,845 wwwww ------> xxxxx
DEBUG 	 2019-04-21 02:32:56,846 SSSSS ------> TTTTT
DEBUG 	 2019-04-21 02:32:56,847 fffff ------> ggggg
DEBUG 	 2019-04-21 02:32:56,848 bbbbb ------> ccccc
DEBUG 	 2019-04-21 02:32:56,849 EEEEE ------> FFFFF
DEBUG 	 2019-04-21 02:32:56,850 OOOOO ------> PPPPP
DEBUG 	 2019-04-21 02:32:56,851 HHHHH ------> IIIII
DEBUG 	 2019-04-21 02:32:56,852 ddddd ------> eeeee
DEBUG 	 2019-04-21 02:32:56,853 ZZZZZ ------> AAAAA
DEBUG 	 2019-04-21 02:32:56,854 IIIII ------> JJJJJ
DEBUG 	 2019-04-21 02:32:56,855 NNNNN ------> OOOOO
DEBUG 	 2019-04-21 02:32:56,856 YYYYY ------> ZZZZZ
DEBUG 	 2019-04-21 02:32:56,857 LLLLL ------> MMMMM
DEBUG 	 2019-04-21 02:32:56,858 WWWWW ------> XXXXX
DEBUG 	 2019-04-21 02:32:56,859 bbbbb ------> ccccc
DEBUG 	 2019-04-21 02:32:56,860 zzzzz ------> aaaaa
DEBUG 	 2019-04-21 02:32:56,861 ddddd ------> eeeee
DEBUG 	 2019-04-21 02:32:56,862 iiiii ------> jjjjj
DEBUG 	 2019-04-21 02:32:56,863 sssss ------> ttttt
DEBUG 	 2019-04-21 02:32:56,864 IIIII ------> JJJJJ
DEBUG 	 2019-04-21 02:32:56,865 SSSSS ------> TTTTT
DEBUG 	 2019-04-21 02:32:56,866 TTTTT ------> UUUUU
DEBUG 	 2019-04-21 02:32:56,867 qqqqq ------> rrrrr
DEBUG 	 2019-04-21 02:32:56,868 ZZZZZ ------> AAAAA
DEBUG 	 2019-04-21 02:32:56,869 yyyyy ------> zzzzz
DEBUG 	 2019-04-21 02:32:56,870 lllll ------> mmmmm
DEBUG 	 2019-04-21 02:32:56,871 uuuuu ------> vvvvv
DEBUG 	 2019-04-21 02:32:56,872 ooooo ------> ppppp
DEBUG 	 2019-04-21 02:32:56,873 IIIII ------> JJJJJ
DEBUG 	 2019-04-21 02:32:56,874 vvvvv ------> wwwww
DEBUG 	 2019-04-21 02:32:56,875 qqqqq ------> rrrrr
DEBUG 	 2019-04-21 02:32:56,876 WWWWW ------> XXXXX
DEBUG 	 2019-04-21 02:32:56,877 TTTTT ------> UUUUU
DEBUG 	 2019-04-21 02:32:56,878 NNNNN ------> OOOOO
DEBUG 	 2019-04-21 02:32:56,879 SSSSS ------> TTTTT
DEBUG 	 2019-04-21 02:32:56,880 FFFFF ------> GGGGG
DEBUG 	 2019-04-21 02:32:56,881 xxxxx ------> yyyyy
DEBUG 	 2019-04-21 02:32:56,882 bbbbb ------> ccccc
DEBUG 	 2019-04-21 02:32:56,883 mmmmm ------> nnnnn
DEBUG 	 2019-04-21 02:32:56,884 aaaaa ------> bbbbb
DEBUG 	 2019-04-21 02:32:56,885 AAAAA ------> BBBBB
DEBUG 	 2019-04-21 02:32:56,886 nnnnn ------> ooooo
DEBUG 	 2019-04-21 02:32:56,887 iiiii ------> jjjjj
DEBUG 	 2019-04-21 02:32:56,888 IIIII ------> JJJJJ
DEBUG 	 2019-04-21 02:32:56,889 sssss ------> ttttt
DEBUG 	 2019-04-21 02:32:56,890 DDDDD ------> EEEEE
DEBUG 	 2019-04-21 02:32:56,891 ccccc ------> ddddd
DEBUG 	 2019-04-21 02:32:56,892 aaaaa ------> bbbbb
DEBUG 	 2019-04-21 02:32:56,893 hhhhh ------> iiiii
DEBUG 	 2019-04-21 02:32:56,894 JJJJJ ------> KKKKK
DEBUG 	 2019-04-21 02:32:56,895 zzzzz ------> aaaaa
DEBUG 	 2019-04-21 02:32:56,896 mmmmm ------> nnnnn
DEBUG 	 2019-04-21 02:32:56,897 yyyyy ------> zzzzz
DEBUG 	 2019-04-21 02:32:56,898 DDDDD ------> EEEEE
DEBUG 	 2019-04-21 02:32:56,899 hhhhh ------> iiiii
DEBUG 	 2019-04-21 02:32:56,900 PPPPP ------> QQQQQ
DEBUG 	 2019-04-21 02:32:56,901 ddddd ------> eeeee
DEBUG 	 2019-04-21 02:32:56,902 mmmmm ------> nnnnn
DEBUG 	 2019-04-21 02:32:56,903 ccccc ------> ddddd
DEBUG 	 2019-04-21 02:32:56,904 EEEEE ------> FFFFF
DEBUG 	 2019-04-21 02:32:56,905 IIIII ------> JJJJJ
DEBUG 	 2019-04-21 02:32:56,906 uuuuu ------> vvvvv
DEBUG 	 2019-04-21 02:32:56,907 WWWWW ------> XXXXX
DEBUG 	 2019-04-21 02:32:56,908 hhhhh ------> iiiii
DEBUG 	 2019-04-21 02:32:56,909 aaaaa ------> bbbbb
DEBUG 	 2019-04-21 02:32:56,910 rrrrr ------> sssss
DEBUG 	 2019-04-21 02:32:56,911 vvvvv ------> wwwww
DEBUG 	 2019-04-21 02:32:56,912 UUUUU ------> VVVVV
DEBUG 	 2019-04-21 02:32:56,913 ccccc ------> ddddd
DEBUG 	 2019-04-21 02:32:56,914 OOOOO ------> PPPPP
DEBUG 	 2019-04-21 02:32:56,915 QQQQQ ------> RRRRR
DEBUG 	 2019-04-21 02:32:56,916 XXXXX ------> YYYYY
DEBUG 	 2019-04-21 02:32:56,917 ooooo ------> ppppp
DEBUG 	 2019-04-21 02:32:56,918 XXXXX ------> YYYYY
DEBUG 	 2019-04-21 02:32:56,919 ZZZZZ ------> AAAAA
DEBUG 	 2019-04-21 02:32:56,920 ccccc ------> ddddd
DEBUG 	 2019-04-21 02:32:56,921 sssss ------> ttttt
DEBUG 	 2019-04-21 02:32:56,922 VVVVV ------> WWWWW
DEBUG 	 2019-04-21 02:32:56,923 xxxxx ------> yyyyy
DEBUG 	 2019-04-21 02:32:56,924 ccccc ------> ddddd
DEBUG 	 2019-04-21 02:32:56,925 eeeee ------> fffff
DEBUG 	 2019-04-21 02:32:56,926 ddddd ------> eeeee
DEBUG 	 2019-04-21 02:32:56,927 HHHHH ------> IIIII
DEBUG 	 2019-04-21 02:32:56,928 ddddd ------> eeeee
DEBUG 	 2019-04-21 02:32:56,929 sssss ------> ttttt
DEBUG 	 2019-04-21 02:32:56,930 mmmmm ------> nnnnn
DEBUG 	 2019-04-21 02:32:56,931 ttttt ------> uuuuu
DEBUG 	 2019-04-21 02:32:56,932 KKKKK ------> LLLLL
DEBUG 	 2019-04-21 02:32:56,933 qqqqq ------> rrrrr
DEBUG 	 2019-04-21 02:32:56,934 CCCCC ------> DDDDD
DEBUG 	 2019-04-21 02:32:56,935 lllll ------> mmmmm
DEBUG 	 2019-04-21 02:32:56,936 ZZZZZ ------> AAAAA
DEBUG 	 2019-04-21 02:32:56,937 ggggg ------> hhhhh
DEBUG 	 2019-04-21 02:32:56,938 kkkkk ------> lllll
DEBUG 	 2019-04-21 02:32:56,939 ttttt ------> uuuuu
DEBUG 	 2019-04-21 02:32:56,940 UUUUU ------> VVVVV
DEBUG 	 2019-04-21 02:32:56,941 XXXXX ------> YYYYY
DEBUG 	 2019-04-21 02:32:56,942 EEEEE ------> FFFFF
DEBUG 	 2019-04-21 02:32:56,943 PPPPP ------> QQQQQ
DEBUG 	 2019-04-21 02:32:56,944 iiiii ------> jjjjj
DEBUG 	 2019-04-21 02:32:56,945 ttttt ------> uuuuu
DEBUG 	 2019-04-21 02:32:56,946 lllll ------> mmmmm
DEBUG 	 2019-04-21 02:32:56,947 DDDDD ------> EEEEE
DEBUG 	 2019-04-21 02:32:56,948 MMMMM ------> NNNNN
DEBUG 	 2019-04-21 02:32:56,949 TTTTT ------> UUUUU
DEBUG 	 2019-04-21 02:32:56,950 QQQQQ ------> RRRRR
DEBUG 	 2019-04-21 02:32:56,951 aaaaa ------> bbbbb
DEBUG 	 2019-04-21 02:32:56,952 xxxxx ------> yyyyy
DEBUG 	 2019-04-21 02:32:56,953 KKKKK ------> LLLLL
DEBUG 	 2019-04-21 02:32:56,954 kkkkk ------> lllll
DEBUG 	 2019-04-21 02:32:56,955 BBBBB ------> CCCCC
DEBUG 	 2019-04-21 02:32:56,956 iiiii ------> jjjjj
DEBUG 	 2019-04-21 02:32:56,957 CCCCC ------> DDDDD
DEBUG 	 2019-04-21 02:32:56,958 IIIII ------> JJJJJ
DEBUG 	 2019-04-21 02:32:56,959 QQQQQ ------> RRRRR
DEBUG 	 2019-04-21 02:32:56,960 FFFFF ------> GGGGG
DEBUG 	 2019-04-21 02:32:56,961 kkkkk ------> lllll
DEBUG 	 2019-04-21 02:32:56,962 ttttt ------> uuuuu
DEBUG 	 2019-04-21 02:32:56,963 JJJJJ ------> KKKKK
DEBUG 	 2019-04-21 02:32:56,964 VVVVV ------> WWWWW
DEBUG 	 2019-04-21 02:32:56,965 TTTTT ------> UUUUU
DEBUG 	 2019-04-21 02:32:56,966 hhhhh ------> iiiii
DEBUG 	 2019-04-21 02:32:56,967 NNNNN ------> OOOOO
DEBUG 	 2019-04-21 02:32:56,968 MMMMM ------> NNNNN
DEBUG 	 2019-04-21 02:32:56,969 PPPPP ------> QQQQQ
DEBUG 	 2019-04-21 02:32:56,970 VVVVV ------> WWWWW
DEBUG 	 2019-04-21 02:32:56,971 iiiii ------> jjjjj
DEBUG 	 2019-04-21 02:32:56,972 bbbbb ------> ccccc
DEBUG 	 2019-04-21 02:32:56,973 aaaaa ------> bbbbb
DEBUG 	 2019-04-21 02:32:56,974 ggggg ------> hhhhh
DEBUG 	 2019-04-21 02:32:56,975 nnnnn ------> ooooo
DEBUG 	 2019-04-21 02:32:56,976 mmmmm ------> nnnnn
DEBUG 	 2019-04-21 02:32:56,977 ddddd ------> eeeee
DEBUG 	 2019-04-21 02:32:56,978 RRRRR ------> SSSSS
DEBUG 	 2019-04-21 02:32:56,979 XXXXX ------> YYYYY
DEBUG 	 2019-04-21 02:32:56,980 aaaaa ------> bbbbb
DEBUG 	 2019-04-21 02:32:56,981 EEEEE ------> FFFFF
DEBUG 	 2019-04-21 02:32:56,982 ggggg ------> hhhhh
DEBUG 	 2019-04-21 02:32:56,983 BBBBB ------> CCCCC
DEBUG 	 2019-04-21 02:32:56,984 bbbbb ------> ccccc
DEBUG 	 2019-04-21 02:32:56,985 VVVVV ------> WWWWW
DEBUG 	 2019-04-21 02:32:56,986 zzzzz ------> aaaaa
DEBUG 	 2019-04-21 02:32:56,987 JJJJJ ------> KKKKK
DEBUG 	 2019-04-21 02:32:56,988 ccccc ------> ddddd
DEBUG 	 2019-04-21 02:32:56,989 kkkkk ------> lllll
DEBUG 	 2019-04-21 02:32:56,990 ddddd ------> eeeee
DEBUG 	 2019-04-21 02:32:56,991 nnnnn ------> ooooo
DEBUG 	 2019-04-21 02:32:56,992 lllll ------> mmmmm
DEBUG 	 2019-04-21 02:32:56,993 ggggg ------> hhhhh
DEBUG 	 2019-04-21 02:32:56,994 eeeee ------> fffff
DEBUG 	 2019-04-21 02:32:56,995 aaaaa ------> bbbbb
DEBUG 	 2019-04-21 02:32:56,996 yyyyy ------> zzzzz
DEBUG 	 2019-04-21 02:32:56,997 QQQQQ ------> RRRRR
DEBUG 	 2019-04-21 02:32:56,998 ZZZZZ ------> AAAAA
DEBUG 	 2019-04-21 02:32:56,999 sssss ------> ttttt
DEBUG 	 2019-04-21 02:32:57,000 QQQQQ ------> RRRRR
DEBUG 	 2019-04-21 02:32:57,001 ggggg ------> hhhhh
DEBUG 	 2019-04-21 02:32:57,002 ZZZZZ ------> AAAAA
DEBUG 	 2019-04-21 02:32:57,003 QQQQQ ------> RRRRR
DEBUG 	 2019-04-21 02:32:57,004 JJJJJ ------> KKKKK
DEBUG 	 2019-04-21 02:32:57,005 YYYYY ------> ZZZZZ
DEBUG 	 2019-04-21 02:32:57,006 uuuuu ------> vvvvv
DEBUG 	 2019-04-21 02:32:57,007 PPPPP ------> QQQQQ
DEBUG 	 2019-04-21 02:32:57,008 WWWWW ------> XXXXX
DEBUG 	 2019-04-21 02:32:57,009 BBBBB ------> CCCCC
DEBUG 	 2019-04-21 02:32:57,010 xxxxx ------> yyyyy
DEBUG 	 2019-04-21 02:32:57,011 ooooo ------> ppppp
DEBUG 	 2019-04-21 02:32:57,012 uuuuu ------> vvvvv
DEBUG 	 2019-04-21 02:32:57,013 RRRRR ------> SSSSS
DEBUG 	 2019-04-21 02:32:57,014 EEEEE ------> FFFFF
DEBUG 	 2019-04-21 02:32:57,015 DDDDD ------> EEEEE
DEBUG 	 2019-04-21 02:32:57,016 VVVVV ------> WWWWW
DEBUG 	 2019-04-21 02:32:57,017 SSSSS ------> TTTTT
DEBUG 	 2019-04-21 02:32:57,018 ccccc ------> ddddd
DEBUG 	 2019-04-21 02:32:57,019 wwwww ------> xxxxx
DEBUG 	 2019-04-21 02:32:57,020 bbbbb ------> ccccc
DEBUG 	 2019-04-21 02:32:57,021 qqqqq ------> rrrrr
DEBUG 	 2019-04-21 02:32:57,022 ddddd ------> eeeee
DEBUG 	 2019-04-21 02:32:57,023 aaaaa ------> bbbbb
DEBUG 	 2019-04-21 02:32:57,024 PPPPP ------> QQQQQ
DEBUG 	 2019-04-21 02:32:57,025 aaaaa ------> bbbbb
DEBUG 	 2019-04-21 02:32:57,026 ppppp ------> qqqqq
DEBUG 	 2019-04-21 02:32:57,027 fffff ------> ggggg
DEBUG 	 2019-04-21 02:32:57,028 OOOOO ------> PPPPP
DEBUG 	 2019-04-21 02:32:57,029 ooooo ------> ppppp
DEBUG 	 2019-04-21 02:32:57,030 AAAAA ------> BBBBB
DEBUG 	 2019-04-21 02:32:57,031 NNNNN ------> OOOOO
DEBUG 	 2019-04-21 02:32:57,032 PPPPP ------> QQQQQ
DEBUG 	 2019-04-21 02:32:57,033 PPPPP ------> QQQQQ
DEBUG 	 2019-04-21 02:32:57,034 ppppp ------> qqqqq
DEBUG 	 2019-04-21 02:32:57,035 DDDDD ------> EEEEE
DEBUG 	 2019-04-21 02:32:57,036 DDDDD ------> EEEEE
DEBUG 	 2019-04-21 02:32:57,037 OOOOO ------> PPPPP
DEBUG 	 2019-04-21 02:32:57,038 UUUUU ------> VVVVV
DEBUG 	 2019-04-21 02:32:57,039 SSSSS ------> TTTTT
DEBUG 	 2019-04-21 02:32:57,040 OOOOO ------> PPPPP
DEBUG 	 2019-04-21 02:32:57,041 iiiii ------> jjjjj
DEBUG 	 2019-04-21 02:32:57,042 xxxxx ------> yyyyy
DEBUG 	 2019-04-21 02:32:57,043 FFFFF ------> GGGGG
DEBUG 	 2019-04-21 02:32:57,044 HHHHH ------> IIIII
DEBUG 	 2019-04-21 02:32:57,045 LLLLL ------> MMMMM
DEBUG 	 2019-04-21 02:32:57,046 CCCCC ------> DDDDD
DEBUG 	 2019-04-21 02:32:57,047 KKKKK ------> LLLLL
DEBUG 	 2019-04-21 02:32:57,048 HHHHH ------> IIIII
DEBUG 	 2019-04-21 02:32:57,049 ggggg ------> hhhhh
DEBUG 	 2019-04-21 02:32:57,050 PPPPP ------> QQQQQ
DEBUG 	 2019-04-21 02:32:57,051 uuuuu ------> vvvvv
DEBUG 	 2019-04-21 02:32:57,052 CCCCC ------> DDDDD
DEBUG 	 2019-04-21 02:32:57,053 MMMMM ------> NNNNN
DEBUG 	 2019-04-21 02:32:57,054 hhhhh ------> iiiii
DEBUG 	 2019-04-21 02:32:57,055 wwwww ------> xxxxx
DEBUG 	 2019-04-21 02:32:57,056 jjjjj ------> kkkkk
DEBUG 	 2019-04-21 02:32:57,057 eeeee ------> fffff
DEBUG 	 2019-04-21 02:32:57,058 bbbbb ------> ccccc
DEBUG 	 2019-04-21 02:32:57,059 QQQQQ ------> RRRRR
DEBUG 	 2019-04-21 02:32:57,060 JJJJJ ------> KKKKK
DEBUG 	 2019-04-21 02:32:57,061 qqqqq ------> rrrrr
DEBUG 	 2019-04-21 02:32:57,062 bbbbb ------> ccccc
DEBUG 	 2019-04-21 02:32:57,063 fffff ------> ggggg
DEBUG 	 2019-04-21 02:32:57,064 FFFFF ------> GGGGG
DEBUG 	 2019-04-21 02:32:57,065 SSSSS ------> TTTTT
DEBUG 	 2019-04-21 02:32:57,066 ooooo ------> ppppp
DEBUG 	 2019-04-21 02:32:57,067 UUUUU ------> VVVVV
DEBUG 	 2019-04-21 02:32:57,068 sssss ------> ttttt
DEBUG 	 2019-04-21 02:32:57,069 wwwww ------> xxxxx
DEBUG 	 2019-04-21 02:32:57,070 SSSSS ------> TTTTT
DEBUG 	 2019-04-21 02:32:57,071 KKKKK ------> LLLLL
DEBUG 	 2019-04-21 02:32:57,072 SSSSS ------> TTTTT
DEBUG 	 2019-04-21 02:32:57,073 zzzzz ------> aaaaa
DEBUG 	 2019-04-21 02:32:57,074 EEEEE ------> FFFFF
DEBUG 	 2019-04-21 02:32:57,075 HHHHH ------> IIIII
DEBUG 	 2019-04-21 02:32:57,076 XXXXX ------> YYYYY
DEBUG 	 2019-04-21 02:32:57,077 iiiii ------> jjjjj
DEBUG 	 2019-04-21 02:32:57,078 AAAAA ------> BBBBB
DEBUG 	 2019-04-21 02:32:57,079 ZZZZZ ------> AAAAA
DEBUG 	 2019-04-21 02:32:57,080 MMMMM ------> NNNNN
DEBUG 	 2019-04-21 02:32:57,081 eeeee ------> fffff
DEBUG 	 2019-04-21 02:32:57,082 bbbbb ------> ccccc
DEBUG 	 2019-04-21 02:32:57,083 yyyyy ------> zzzzz
DEBUG 	 2019-04-21 02:32:57,084 mmmmm ------> nnnnn
DEBUG 	 2019-04-21 02:32:57,085 yyyyy ------> zzzzz
DEBUG 	 2019-04-21 02:32:57,086 ooooo ------> ppppp
DEBUG 	 2019-04-21 02:32:57,087 QQQQQ ------> RRRRR
DEBUG 	 2019-04-21 02:32:57,088 FFFFF ------> GGGGG
DEBUG 	 2019-04-21 02:32:57,089 TTTTT ------> UUUUU
DEBUG 	 2019-04-21 02:32:57,090 OOOOO ------> PPPPP
DEBUG 	 2019-04-21 02:32:57,091 uuuuu ------> vvvvv
DEBUG 	 2019-04-21 02:32:57,092 CCCCC ------> DDDDD
DEBUG 	 2019-04-21 02:32:57,093 LLLLL ------> MMMMM
DEBUG 	 2019-04-21 02:32:57,094 WWWWW ------> XXXXX
DEBUG 	 2019-04-21 02:32:57,095 XXXXX ------> YYYYY
DEBUG 	 2019-04-21 02:32:57,096 ttttt ------> uuuuu
DEBUG 	 2019-04-21 02:32:57,097 ttttt ------> uuuuu
DEBUG 	 2019-04-21 02:32:57,098 HHHHH ------> IIIII
DEBUG 	 2019-04-21 02:32:57,099 ddddd ------> eeeee
DEBUG 	 2019-04-21 02:32:57,100 ZZZZZ ------> AAAAA
DEBUG 	 2019-04-21 02:32:57,101 EEEEE ------> FFFFF
DEBUG 	 2019-04-21 02:32:57,102 JJJJJ ------> KKKKK
DEBUG 	 2019-04-21 02:32:57,103 wwwww ------> xxxxx
DEBUG 	 2019-04-21 02:32:57,104 ooooo ------> ppppp
DEBUG 	 2019-04-21 02:32:57,105 MMMMM ------> NNNNN
DEBUG 	 2019-04-21 02:32:57,106 fffff ------> ggggg
DEBUG 	 2019-04-21 02:32:57,107 NNNNN ------> OOOOO
DEBUG 	 2019-04-21 02:32:57,108 NNNNN ------> OOOOO
DEBUG 	 2019-04-21 02:32:57,109 EEEEE ------> FFFFF
DEBUG 	 2019-04-21 02:32:57,110 ccccc ------> ddddd
DEBUG 	 2019-04-21 02:32:57,111 qqqqq ------> rrrrr
DEBUG 	 2019-04-21 02:32:57,112 jjjjj ------> kkkkk
DEBUG 	 2019-04-21 02:32:57,113 AAAAA ------> BBBBB
DEBUG 	 2019-04-21 02:32:57,114 ppppp ------> qqqqq
DEBUG 	 2019-04-21 02:32:57,115 sssss ------> ttttt
DEBUG 	 2019-04-21 02:32:57,116 NNNNN ------> OOOOO
DEBUG 	 2019-04-21 02:32:57,117 lllll ------> mmmmm
DEBUG 	 2019-04-21 02:32:57,118 GGGGG ------> HHHHH
DEBUG 	 2019-04-21 02:32:57,119 TTTTT ------> UUUUU
DEBUG 	 2019-04-21 02:32:57,120 bbbbb ------> ccccc
DEBUG 	 2019-04-21 02:32:57,121 PPPPP ------> QQQQQ
DEBUG 	 2019-04-21 02:32:57,122 VVVVV ------> WWWWW
DEBUG 	 2019-04-21 02:32:57,123 ddddd ------> eeeee
DEBUG 	 2019-04-21 02:32:57,124 BBBBB ------> CCCCC
DEBUG 	 2019-04-21 02:32:57,125 lllll ------> mmmmm
DEBUG 	 2019-04-21 02:32:57,126 UUUUU ------> VVVVV
DEBUG 	 2019-04-21 02:32:57,127 GGGGG ------> HHHHH
DEBUG 	 2019-04-21 02:32:57,128 lllll ------> mmmmm
DEBUG 	 2019-04-21 02:32:57,129 yyyyy ------> zzzzz
DEBUG 	 2019-04-21 02:32:57,130 aaaaa ------> bbbbb
DEBUG 	 2019-04-21 02:32:57,131 MMMMM ------> NNNNN
DEBUG 	 2019-04-21 02:32:57,132 PPPPP ------> QQQQQ
DEBUG 	 2019-04-21 02:32:57,133 CCCCC ------> DDDDD
DEBUG 	 2019-04-21 02:32:57,134 MMMMM ------> NNNNN
DEBUG 	 2019-04-21 02:32:57,135 CCCCC ------> DDDDD
DEBUG 	 2019-04-21 02:32:57,136 BBBBB ------> CCCCC
DEBUG 	 2019-04-21 02:32:57,137 vvvvv ------> wwwww
DEBUG 	 2019-04-21 02:32:57,138 JJJJJ ------> KKKKK
DEBUG 	 2019-04-21 02:32:57,139 nnnnn ------> ooooo
DEBUG 	 2019-04-21 02:32:57,140 IIIII ------> JJJJJ
DEBUG 	 2019-04-21 02:32:57,141 yyyyy ------> zzzzz
DEBUG 	 2019-04-21 02:32:57,142 kkkkk ------> lllll
DEBUG 	 2019-04-21 02:32:57,143 ttttt ------> uuuuu
DEBUG 	 2019-04-21 02:32:57,144 NNNNN ------> OOOOO
DEBUG 	 2019-04-21 02:32:57,145 AAAAA ------> BBBBB
DEBUG 	 2019-04-21 02:32:57,146 zzzzz ------> aaaaa
DEBUG 	 2019-04-21 02:32:57,147 ooooo ------> ppppp
DEBUG 	 2019-04-21 02:32:57,148 RRRRR ------> SSSSS
DEBUG 	 2019-04-21 02:32:57,149 sssss ------> ttttt
DEBUG 	 2019-04-21 02:32:57,150 ZZZZZ ------> AAAAA
DEBUG 	 2019-04-21 02:32:57,151 ZZZZZ ------> AAAAA
DEBUG 	 2019-04-21 02:32:57,152 fffff ------> ggggg
DEBUG 	 2019-04-21 02:32:57,153 YYYYY ------> ZZZZZ
DEBUG 	 2019-04-21 02:32:57,154 ddddd ------> eeeee
DEBUG 	 2019-04-21 02:32:57,155 ccccc ------> ddddd
DEBUG 	 2019-04-21 02:32:57,156 ggggg ------> hhhhh
DEBUG 	 2019-04-21 02:32:57,157 qqqqq ------> rrrrr
DEBUG 	 2019-04-21 02:32:57,158 LLLLL ------> MMMMM
DEBUG 	 2019-04-21 02:32:57,159 AAAAA ------> BBBBB
DEBUG 	 2019-04-21 02:32:57,160 ZZZZZ ------> AAAAA
DEBUG 	 2019-04-21 02:32:57,161 NNNNN ------> OOOOO
DEBUG 	 2019-04-21 02:32:57,162 xxxxx ------> yyyyy
DEBUG 	 2019-04-21 02:32:57,163 qqqqq ------> rrrrr
DEBUG 	 2019-04-21 02:32:57,164 TTTTT ------> UUUUU
DEBUG 	 2019-04-21 02:32:57,165 JJJJJ ------> KKKKK
DEBUG 	 2019-04-21 02:32:57,166 nnnnn ------> ooooo
DEBUG 	 2019-04-21 02:32:57,167 lllll ------> mmmmm
DEBUG 	 2019-04-21 02:32:57,168 HHHHH ------> IIIII
DEBUG 	 2019-04-21 02:32:57,169 HHHHH ------> IIIII
DEBUG 	 2019-04-21 02:32:57,170 lllll ------> mmmmm
DEBUG 	 2019-04-21 02:32:57,171 lllll ------> mmmmm
DEBUG 	 2019-04-21 02:32:57,172 hhhhh ------> iiiii
DEBUG 	 2019-04-21 02:32:57,173 QQQQQ ------> RRRRR
DEBUG 	 2019-04-21 02:32:57,174 ttttt ------> uuuuu
DEBUG 	 2019-04-21 02:32:57,175 TTTTT ------> UUUUU
DEBUG 	 2019-04-21 02:32:57,176 aaaaa ------> bbbbb
DEBUG 	 2019-04-21 02:32:57,177 zzzzz ------> aaaaa
DEBUG 	 2019-04-21 02:32:57,179 LLLLL ------> MMMMM
DEBUG 	 2019-04-21 02:32:57,180 TTTTT ------> UUUUU
DEBUG 	 2019-04-21 02:32:57,181 IIIII ------> JJJJJ
DEBUG 	 2019-04-21 02:32:57,182 QQQQQ ------> RRRRR
DEBUG 	 2019-04-21 02:32:57,183 EEEEE ------> FFFFF
DEBUG 	 2019-04-21 02:32:57,184 bbbbb ------> ccccc
DEBUG 	 2019-04-21 02:32:57,185 UUUUU ------> VVVVV
DEBUG 	 2019-04-21 02:32:57,186 ccccc ------> ddddd
DEBUG 	 2019-04-21 02:32:57,187 ddddd ------> eeeee
DEBUG 	 2019-04-21 02:32:57,188 CCCCC ------> DDDDD
DEBUG 	 2019-04-21 02:32:57,189 wwwww ------> xxxxx
DEBUG 	 2019-04-21 02:32:57,190 iiiii ------> jjjjj
DEBUG 	 2019-04-21 02:32:57,191 eeeee ------> fffff
DEBUG 	 2019-04-21 02:32:57,192 XXXXX ------> YYYYY
DEBUG 	 2019-04-21 02:32:57,193 vvvvv ------> wwwww
DEBUG 	 2019-04-21 02:32:57,193 DDDDD ------> EEEEE
DEBUG 	 2019-04-21 02:32:57,194 vvvvv ------> wwwww
DEBUG 	 2019-04-21 02:32:57,195 nnnnn ------> ooooo
DEBUG 	 2019-04-21 02:32:57,197 EEEEE ------> FFFFF
DEBUG 	 2019-04-21 02:32:57,197 CCCCC ------> DDDDD
DEBUG 	 2019-04-21 02:32:57,198 GGGGG ------> HHHHH
DEBUG 	 2019-04-21 02:32:57,199 KKKKK ------> LLLLL
DEBUG 	 2019-04-21 02:32:57,200 nnnnn ------> ooooo
DEBUG 	 2019-04-21 02:32:57,201 GGGGG ------> HHHHH
DEBUG 	 2019-04-21 02:32:57,202 LLLLL ------> MMMMM
DEBUG 	 2019-04-21 02:32:57,203 ttttt ------> uuuuu
DEBUG 	 2019-04-21 02:32:57,204 lllll ------> mmmmm
DEBUG 	 2019-04-21 02:32:57,205 kkkkk ------> lllll
DEBUG 	 2019-04-21 02:32:57,206 lllll ------> mmmmm
DEBUG 	 2019-04-21 02:32:57,207 QQQQQ ------> RRRRR
DEBUG 	 2019-04-21 02:32:57,208 nnnnn ------> ooooo
DEBUG 	 2019-04-21 02:32:57,209 kkkkk ------> lllll
DEBUG 	 2019-04-21 02:32:57,210 mmmmm ------> nnnnn
DEBUG 	 2019-04-21 02:32:57,211 fffff ------> ggggg
DEBUG 	 2019-04-21 02:32:57,212 NNNNN ------> OOOOO
DEBUG 	 2019-04-21 02:32:57,213 eeeee ------> fffff
DEBUG 	 2019-04-21 02:32:57,214 xxxxx ------> yyyyy
DEBUG 	 2019-04-21 02:32:57,215 XXXXX ------> YYYYY
DEBUG 	 2019-04-21 02:32:57,216 KKKKK ------> LLLLL
DEBUG 	 2019-04-21 02:32:57,218 OOOOO ------> PPPPP
DEBUG 	 2019-04-21 02:32:57,218 KKKKK ------> LLLLL
DEBUG 	 2019-04-21 02:32:57,219 YYYYY ------> ZZZZZ
DEBUG 	 2019-04-21 02:32:57,220 BBBBB ------> CCCCC
DEBUG 	 2019-04-21 02:32:57,221 xxxxx ------> yyyyy
DEBUG 	 2019-04-21 02:32:57,222 vvvvv ------> wwwww
DEBUG 	 2019-04-21 02:32:57,223 iiiii ------> jjjjj
DEBUG 	 2019-04-21 02:32:57,224 QQQQQ ------> RRRRR
DEBUG 	 2019-04-21 02:32:57,225 RRRRR ------> SSSSS
DEBUG 	 2019-04-21 02:32:57,226 VVVVV ------> WWWWW
DEBUG 	 2019-04-21 02:32:57,227 fffff ------> ggggg
DEBUG 	 2019-04-21 02:32:57,228 GGGGG ------> HHHHH
DEBUG 	 2019-04-21 02:32:57,230 PPPPP ------> QQQQQ
DEBUG 	 2019-04-21 02:32:57,230 TTTTT ------> UUUUU
DEBUG 	 2019-04-21 02:32:57,231 eeeee ------> fffff
DEBUG 	 2019-04-21 02:32:57,232 TTTTT ------> UUUUU
DEBUG 	 2019-04-21 02:32:57,233 TTTTT ------> UUUUU
DEBUG 	 2019-04-21 02:32:57,234 ccccc ------> ddddd
DEBUG 	 2019-04-21 02:32:57,235 ZZZZZ ------> AAAAA
DEBUG 	 2019-04-21 02:32:57,236 ggggg ------> hhhhh
DEBUG 	 2019-04-21 02:32:57,237 bbbbb ------> ccccc
DEBUG 	 2019-04-21 02:32:57,238 NNNNN ------> OOOOO
DEBUG 	 2019-04-21 02:32:57,239 sssss ------> ttttt
DEBUG 	 2019-04-21 02:32:57,240 LLLLL ------> MMMMM
DEBUG 	 2019-04-21 02:32:57,241 UUUUU ------> VVVVV
DEBUG 	 2019-04-21 02:32:57,242 jjjjj ------> kkkkk
DEBUG 	 2019-04-21 02:32:57,243 ddddd ------> eeeee
DEBUG 	 2019-04-21 02:32:57,244 eeeee ------> fffff
DEBUG 	 2019-04-21 02:32:57,245 ccccc ------> ddddd
DEBUG 	 2019-04-21 02:32:57,246 mmmmm ------> nnnnn
DEBUG 	 2019-04-21 02:32:57,248 kkkkk ------> lllll
DEBUG 	 2019-04-21 02:32:57,248 SSSSS ------> TTTTT
DEBUG 	 2019-04-21 02:32:57,249 ggggg ------> hhhhh
DEBUG 	 2019-04-21 02:32:57,250 WWWWW ------> XXXXX
DEBUG 	 2019-04-21 02:32:57,251 XXXXX ------> YYYYY
DEBUG 	 2019-04-21 02:32:57,252 mmmmm ------> nnnnn
DEBUG 	 2019-04-21 02:32:57,253 yyyyy ------> zzzzz
DEBUG 	 2019-04-21 02:32:57,254 lllll ------> mmmmm
DEBUG 	 2019-04-21 02:32:57,255 XXXXX ------> YYYYY
DEBUG 	 2019-04-21 02:32:57,256 EEEEE ------> FFFFF
DEBUG 	 2019-04-21 02:32:57,257 eeeee ------> fffff
DEBUG 	 2019-04-21 02:32:57,258 BBBBB ------> CCCCC
DEBUG 	 2019-04-21 02:32:57,259 YYYYY ------> ZZZZZ
DEBUG 	 2019-04-21 02:32:57,260 eeeee ------> fffff
DEBUG 	 2019-04-21 02:32:57,262 NNNNN ------> OOOOO
DEBUG 	 2019-04-21 02:32:57,263 qqqqq ------> rrrrr
DEBUG 	 2019-04-21 02:32:57,263 NNNNN ------> OOOOO
DEBUG 	 2019-04-21 02:32:57,265 WWWWW ------> XXXXX
DEBUG 	 2019-04-21 02:32:57,265 XXXXX ------> YYYYY
DEBUG 	 2019-04-21 02:32:57,266 hhhhh ------> iiiii
DEBUG 	 2019-04-21 02:32:57,267 NNNNN ------> OOOOO
DEBUG 	 2019-04-21 02:32:57,269 iiiii ------> jjjjj
DEBUG 	 2019-04-21 02:32:57,269 ttttt ------> uuuuu
DEBUG 	 2019-04-21 02:32:57,271 SSSSS ------> TTTTT
DEBUG 	 2019-04-21 02:32:57,271 eeeee ------> fffff
DEBUG 	 2019-04-21 02:32:57,273 SSSSS ------> TTTTT
DEBUG 	 2019-04-21 02:32:57,273 aaaaa ------> bbbbb
DEBUG 	 2019-04-21 02:32:57,275 QQQQQ ------> RRRRR
DEBUG 	 2019-04-21 02:32:57,275 iiiii ------> jjjjj
DEBUG 	 2019-04-21 02:32:57,277 ddddd ------> eeeee
DEBUG 	 2019-04-21 02:32:57,277 EEEEE ------> FFFFF
DEBUG 	 2019-04-21 02:32:57,278 VVVVV ------> WWWWW
DEBUG 	 2019-04-21 02:32:57,279 aaaaa ------> bbbbb
DEBUG 	 2019-04-21 02:32:57,280 jjjjj ------> kkkkk
DEBUG 	 2019-04-21 02:32:57,281 bbbbb ------> ccccc
DEBUG 	 2019-04-21 02:32:57,283 vvvvv ------> wwwww
DEBUG 	 2019-04-21 02:32:57,284 ddddd ------> eeeee
DEBUG 	 2019-04-21 02:32:57,285 HHHHH ------> IIIII
DEBUG 	 2019-04-21 02:32:57,286 hhhhh ------> iiiii
DEBUG 	 2019-04-21 02:32:57,287 UUUUU ------> VVVVV
DEBUG 	 2019-04-21 02:32:57,288 fffff ------> ggggg
DEBUG 	 2019-04-21 02:32:57,289 vvvvv ------> wwwww
DEBUG 	 2019-04-21 02:32:57,290 iiiii ------> jjjjj
DEBUG 	 2019-04-21 02:32:57,291 hhhhh ------> iiiii
DEBUG 	 2019-04-21 02:32:57,292 fffff ------> ggggg
DEBUG 	 2019-04-21 02:32:57,293 ooooo ------> ppppp
DEBUG 	 2019-04-21 02:32:57,294 rrrrr ------> sssss
DEBUG 	 2019-04-21 02:32:57,295 AAAAA ------> BBBBB
DEBUG 	 2019-04-21 02:32:57,296 uuuuu ------> vvvvv
DEBUG 	 2019-04-21 02:32:57,297 ooooo ------> ppppp
DEBUG 	 2019-04-21 02:32:57,298 aaaaa ------> bbbbb
DEBUG 	 2019-04-21 02:32:57,299 CCCCC ------> DDDDD
DEBUG 	 2019-04-21 02:32:57,300 TTTTT ------> UUUUU
DEBUG 	 2019-04-21 02:32:57,301 GGGGG ------> HHHHH
DEBUG 	 2019-04-21 02:32:57,302 LLLLL ------> MMMMM
DEBUG 	 2019-04-21 02:32:57,303 WWWWW ------> XXXXX
DEBUG 	 2019-04-21 02:32:57,304 ccccc ------> ddddd
DEBUG 	 2019-04-21 02:32:57,305 DDDDD ------> EEEEE
DEBUG 	 2019-04-21 02:32:57,306 FFFFF ------> GGGGG
DEBUG 	 2019-04-21 02:32:57,307 ggggg ------> hhhhh
DEBUG 	 2019-04-21 02:32:57,308 HHHHH ------> IIIII
DEBUG 	 2019-04-21 02:32:57,309 KKKKK ------> LLLLL
DEBUG 	 2019-04-21 02:32:57,310 bbbbb ------> ccccc
DEBUG 	 2019-04-21 02:32:57,311 IIIII ------> JJJJJ
DEBUG 	 2019-04-21 02:32:57,312 lllll ------> mmmmm
DEBUG 	 2019-04-21 02:32:57,313 KKKKK ------> LLLLL
DEBUG 	 2019-04-21 02:32:57,314 FFFFF ------> GGGGG
DEBUG 	 2019-04-21 02:32:57,315 bbbbb ------> ccccc
DEBUG 	 2019-04-21 02:32:57,316 PPPPP ------> QQQQQ
DEBUG 	 2019-04-21 02:32:57,317 VVVVV ------> WWWWW
DEBUG 	 2019-04-21 02:32:57,318 TTTTT ------> UUUUU
DEBUG 	 2019-04-21 02:32:57,319 ZZZZZ ------> AAAAA
DEBUG 	 2019-04-21 02:32:57,320 qqqqq ------> rrrrr
DEBUG 	 2019-04-21 02:32:57,321 FFFFF ------> GGGGG
DEBUG 	 2019-04-21 02:32:57,322 ZZZZZ ------> AAAAA
DEBUG 	 2019-04-21 02:32:57,323 xxxxx ------> yyyyy
DEBUG 	 2019-04-21 02:32:57,324 fffff ------> ggggg
DEBUG 	 2019-04-21 02:32:57,325 CCCCC ------> DDDDD
DEBUG 	 2019-04-21 02:32:57,326 UUUUU ------> VVVVV
DEBUG 	 2019-04-21 02:32:57,327 LLLLL ------> MMMMM
DEBUG 	 2019-04-21 02:32:57,328 RRRRR ------> SSSSS
DEBUG 	 2019-04-21 02:32:57,329 DDDDD ------> EEEEE
DEBUG 	 2019-04-21 02:32:57,330 LLLLL ------> MMMMM
DEBUG 	 2019-04-21 02:32:57,331 nnnnn ------> ooooo
DEBUG 	 2019-04-21 02:32:57,332 MMMMM ------> NNNNN
DEBUG 	 2019-04-21 02:32:57,333 ZZZZZ ------> AAAAA
DEBUG 	 2019-04-21 02:32:57,334 KKKKK ------> LLLLL
DEBUG 	 2019-04-21 02:32:57,335 ddddd ------> eeeee
DEBUG 	 2019-04-21 02:32:57,336 ccccc ------> ddddd
DEBUG 	 2019-04-21 02:32:57,337 ccccc ------> ddddd
DEBUG 	 2019-04-21 02:32:57,338 ooooo ------> ppppp
DEBUG 	 2019-04-21 02:32:57,339 ddddd ------> eeeee
DEBUG 	 2019-04-21 02:32:57,340 xxxxx ------> yyyyy
DEBUG 	 2019-04-21 02:32:57,341 FFFFF ------> GGGGG
DEBUG 	 2019-04-21 02:32:57,342 ttttt ------> uuuuu
DEBUG 	 2019-04-21 02:32:57,343 yyyyy ------> zzzzz
DEBUG 	 2019-04-21 02:32:57,344 mmmmm ------> nnnnn
DEBUG 	 2019-04-21 02:32:57,345 LLLLL ------> MMMMM
DEBUG 	 2019-04-21 02:32:57,346 eeeee ------> fffff
DEBUG 	 2019-04-21 02:32:57,347 CCCCC ------> DDDDD
DEBUG 	 2019-04-21 02:32:57,348 ooooo ------> ppppp
DEBUG 	 2019-04-21 02:32:57,349 AAAAA ------> BBBBB
DEBUG 	 2019-04-21 02:32:57,350 WWWWW ------> XXXXX
DEBUG 	 2019-04-21 02:32:57,351 sssss ------> ttttt
DEBUG 	 2019-04-21 02:32:57,352 ZZZZZ ------> AAAAA
DEBUG 	 2019-04-21 02:32:57,353 jjjjj ------> kkkkk
DEBUG 	 2019-04-21 02:32:57,354 AAAAA ------> BBBBB
DEBUG 	 2019-04-21 02:32:57,355 DDDDD ------> EEEEE
DEBUG 	 2019-04-21 02:32:57,356 VVVVV ------> WWWWW
DEBUG 	 2019-04-21 02:32:57,357 NNNNN ------> OOOOO
DEBUG 	 2019-04-21 02:32:57,358 iiiii ------> jjjjj
DEBUG 	 2019-04-21 02:32:57,359 ttttt ------> uuuuu
DEBUG 	 2019-04-21 02:32:57,360 TTTTT ------> UUUUU
DEBUG 	 2019-04-21 02:32:57,361 uuuuu ------> vvvvv
DEBUG 	 2019-04-21 02:32:57,362 QQQQQ ------> RRRRR
DEBUG 	 2019-04-21 02:32:57,363 LLLLL ------> MMMMM
DEBUG 	 2019-04-21 02:32:57,364 rrrrr ------> sssss
DEBUG 	 2019-04-21 02:32:57,365 LLLLL ------> MMMMM
DEBUG 	 2019-04-21 02:32:57,366 qqqqq ------> rrrrr
DEBUG 	 2019-04-21 02:32:57,367 yyyyy ------> zzzzz
DEBUG 	 2019-04-21 02:32:57,368 fffff ------> ggggg
DEBUG 	 2019-04-21 02:32:57,369 eeeee ------> fffff
DEBUG 	 2019-04-21 02:32:57,370 bbbbb ------> ccccc
DEBUG 	 2019-04-21 02:32:57,371 xxxxx ------> yyyyy
DEBUG 	 2019-04-21 02:32:57,372 uuuuu ------> vvvvv
DEBUG 	 2019-04-21 02:32:57,373 FFFFF ------> GGGGG
DEBUG 	 2019-04-21 02:32:57,374 MMMMM ------> NNNNN
DEBUG 	 2019-04-21 02:32:57,375 EEEEE ------> FFFFF
DEBUG 	 2019-04-21 02:32:57,376 LLLLL ------> MMMMM
DEBUG 	 2019-04-21 02:32:57,377 nnnnn ------> ooooo
DEBUG 	 2019-04-21 02:32:57,378 IIIII ------> JJJJJ
DEBUG 	 2019-04-21 02:32:57,379 JJJJJ ------> KKKKK
DEBUG 	 2019-04-21 02:32:57,380 rrrrr ------> sssss
DEBUG 	 2019-04-21 02:32:57,381 ggggg ------> hhhhh
DEBUG 	 2019-04-21 02:32:57,382 wwwww ------> xxxxx
DEBUG 	 2019-04-21 02:32:57,383 yyyyy ------> zzzzz
DEBUG 	 2019-04-21 02:32:57,384 PPPPP ------> QQQQQ
DEBUG 	 2019-04-21 02:32:57,385 vvvvv ------> wwwww
DEBUG 	 2019-04-21 02:32:57,386 TTTTT ------> UUUUU
DEBUG 	 2019-04-21 02:32:57,387 xxxxx ------> yyyyy
DEBUG 	 2019-04-21 02:32:57,388 MMMMM ------> NNNNN
DEBUG 	 2019-04-21 02:32:57,389 XXXXX ------> YYYYY
DEBUG 	 2019-04-21 02:32:57,390 WWWWW ------> XXXXX
DEBUG 	 2019-04-21 02:32:57,391 FFFFF ------> GGGGG
DEBUG 	 2019-04-21 02:32:57,392 IIIII ------> JJJJJ
DEBUG 	 2019-04-21 02:32:57,393 VVVVV ------> WWWWW
DEBUG 	 2019-04-21 02:32:57,394 ppppp ------> qqqqq
DEBUG 	 2019-04-21 02:32:57,395 xxxxx ------> yyyyy
DEBUG 	 2019-04-21 02:32:57,396 uuuuu ------> vvvvv
DEBUG 	 2019-04-21 02:32:57,397 TTTTT ------> UUUUU
DEBUG 	 2019-04-21 02:32:57,398 iiiii ------> jjjjj
DEBUG 	 2019-04-21 02:32:57,399 ZZZZZ ------> AAAAA
DEBUG 	 2019-04-21 02:32:57,400 fffff ------> ggggg
DEBUG 	 2019-04-21 02:32:57,401 LLLLL ------> MMMMM
DEBUG 	 2019-04-21 02:32:57,402 sssss ------> ttttt
DEBUG 	 2019-04-21 02:32:57,403 kkkkk ------> lllll
DEBUG 	 2019-04-21 02:32:57,404 FFFFF ------> GGGGG
DEBUG 	 2019-04-21 02:32:57,405 xxxxx ------> yyyyy
DEBUG 	 2019-04-21 02:32:57,406 yyyyy ------> zzzzz
DEBUG 	 2019-04-21 02:32:57,407 kkkkk ------> lllll
DEBUG 	 2019-04-21 02:32:57,408 UUUUU ------> VVVVV
DEBUG 	 2019-04-21 02:32:57,409 eeeee ------> fffff
DEBUG 	 2019-04-21 02:32:57,410 JJJJJ ------> KKKKK
DEBUG 	 2019-04-21 02:32:57,411 iiiii ------> jjjjj
DEBUG 	 2019-04-21 02:32:57,412 wwwww ------> xxxxx
DEBUG 	 2019-04-21 02:32:57,413 bbbbb ------> ccccc
DEBUG 	 2019-04-21 02:32:57,414 MMMMM ------> NNNNN
DEBUG 	 2019-04-21 02:32:57,415 mmmmm ------> nnnnn
DEBUG 	 2019-04-21 02:32:57,416 ppppp ------> qqqqq
DEBUG 	 2019-04-21 02:32:57,417 AAAAA ------> BBBBB
DEBUG 	 2019-04-21 02:32:57,418 kkkkk ------> lllll
DEBUG 	 2019-04-21 02:32:57,419 nnnnn ------> ooooo
DEBUG 	 2019-04-21 02:32:57,420 LLLLL ------> MMMMM
DEBUG 	 2019-04-21 02:32:57,421 KKKKK ------> LLLLL
DEBUG 	 2019-04-21 02:32:57,422 TTTTT ------> UUUUU
DEBUG 	 2019-04-21 02:32:57,423 KKKKK ------> LLLLL
DEBUG 	 2019-04-21 02:32:57,424 UUUUU ------> VVVVV
DEBUG 	 2019-04-21 02:32:57,425 IIIII ------> JJJJJ
DEBUG 	 2019-04-21 02:32:57,426 vvvvv ------> wwwww
DEBUG 	 2019-04-21 02:32:57,427 uuuuu ------> vvvvv
DEBUG 	 2019-04-21 02:32:57,428 ddddd ------> eeeee
DEBUG 	 2019-04-21 02:32:57,429 XXXXX ------> YYYYY
DEBUG 	 2019-04-21 02:32:57,430 xxxxx ------> yyyyy
DEBUG 	 2019-04-21 02:32:57,431 ZZZZZ ------> AAAAA
DEBUG 	 2019-04-21 02:32:57,432 JJJJJ ------> KKKKK
DEBUG 	 2019-04-21 02:32:57,433 fffff ------> ggggg
DEBUG 	 2019-04-21 02:32:57,434 zzzzz ------> aaaaa
DEBUG 	 2019-04-21 02:32:57,435 bbbbb ------> ccccc
DEBUG 	 2019-04-21 02:32:57,436 kkkkk ------> lllll
DEBUG 	 2019-04-21 02:32:57,437 ooooo ------> ppppp
DEBUG 	 2019-04-21 02:32:57,438 ZZZZZ ------> AAAAA
DEBUG 	 2019-04-21 02:32:57,439 DDDDD ------> EEEEE
DEBUG 	 2019-04-21 02:32:57,440 SSSSS ------> TTTTT
DEBUG 	 2019-04-21 02:32:57,441 sssss ------> ttttt
DEBUG 	 2019-04-21 02:32:57,442 aaaaa ------> bbbbb
DEBUG 	 2019-04-21 02:32:57,443 ttttt ------> uuuuu
DEBUG 	 2019-04-21 02:32:57,444 BBBBB ------> CCCCC
DEBUG 	 2019-04-21 02:32:57,445 ooooo ------> ppppp
DEBUG 	 2019-04-21 02:32:57,446 iiiii ------> jjjjj
DEBUG 	 2019-04-21 02:32:57,447 BBBBB ------> CCCCC
DEBUG 	 2019-04-21 02:32:57,448 yyyyy ------> zzzzz
DEBUG 	 2019-04-21 02:32:57,449 HHHHH ------> IIIII
DEBUG 	 2019-04-21 02:32:57,450 wwwww ------> xxxxx
DEBUG 	 2019-04-21 02:32:57,451 sssss ------> ttttt
DEBUG 	 2019-04-21 02:32:57,452 DDDDD ------> EEEEE
DEBUG 	 2019-04-21 02:32:57,453 fffff ------> ggggg
DEBUG 	 2019-04-21 02:32:57,454 rrrrr ------> sssss
DEBUG 	 2019-04-21 02:32:57,455 ggggg ------> hhhhh
DEBUG 	 2019-04-21 02:32:57,456 mmmmm ------> nnnnn
DEBUG 	 2019-04-21 02:32:57,457 rrrrr ------> sssss
DEBUG 	 2019-04-21 02:32:57,458 rrrrr ------> sssss
DEBUG 	 2019-04-21 02:32:57,459 UUUUU ------> VVVVV
DEBUG 	 2019-04-21 02:32:57,460 mmmmm ------> nnnnn
DEBUG 	 2019-04-21 02:32:57,461 fffff ------> ggggg
DEBUG 	 2019-04-21 02:32:57,462 xxxxx ------> yyyyy
DEBUG 	 2019-04-21 02:32:57,463 UUUUU ------> VVVVV
DEBUG 	 2019-04-21 02:32:57,464 XXXXX ------> YYYYY
DEBUG 	 2019-04-21 02:32:57,465 HHHHH ------> IIIII
DEBUG 	 2019-04-21 02:32:57,466 UUUUU ------> VVVVV
DEBUG 	 2019-04-21 02:32:57,467 fffff ------> ggggg
DEBUG 	 2019-04-21 02:32:57,468 lllll ------> mmmmm
DEBUG 	 2019-04-21 02:32:57,469 jjjjj ------> kkkkk
DEBUG 	 2019-04-21 02:32:57,470 UUUUU ------> VVVVV
DEBUG 	 2019-04-21 02:32:57,471 iiiii ------> jjjjj
DEBUG 	 2019-04-21 02:32:57,472 GGGGG ------> HHHHH
DEBUG 	 2019-04-21 02:32:57,473 ttttt ------> uuuuu
DEBUG 	 2019-04-21 02:32:57,474 DDDDD ------> EEEEE
DEBUG 	 2019-04-21 02:32:57,475 lllll ------> mmmmm
DEBUG 	 2019-04-21 02:32:57,476 uuuuu ------> vvvvv
DEBUG 	 2019-04-21 02:32:57,477 EEEEE ------> FFFFF
DEBUG 	 2019-04-21 02:32:57,478 WWWWW ------> XXXXX
DEBUG 	 2019-04-21 02:32:57,479 AAAAA ------> BBBBB
DEBUG 	 2019-04-21 02:32:57,480 lllll ------> mmmmm
DEBUG 	 2019-04-21 02:32:57,481 IIIII ------> JJJJJ
DEBUG 	 2019-04-21 02:32:57,482 GGGGG ------> HHHHH
DEBUG 	 2019-04-21 02:32:57,483 sssss ------> ttttt
DEBUG 	 2019-04-21 02:32:57,484 ttttt ------> uuuuu
DEBUG 	 2019-04-21 02:32:57,485 KKKKK ------> LLLLL
DEBUG 	 2019-04-21 02:32:57,486 bbbbb ------> ccccc
DEBUG 	 2019-04-21 02:32:57,487 OOOOO ------> PPPPP
DEBUG 	 2019-04-21 02:32:57,488 SSSSS ------> TTTTT
DEBUG 	 2019-04-21 02:32:57,489 ddddd ------> eeeee
DEBUG 	 2019-04-21 02:32:57,490 YYYYY ------> ZZZZZ
DEBUG 	 2019-04-21 02:32:57,491 SSSSS ------> TTTTT
DEBUG 	 2019-04-21 02:32:57,492 zzzzz ------> aaaaa
DEBUG 	 2019-04-21 02:32:57,493 MMMMM ------> NNNNN
DEBUG 	 2019-04-21 02:32:57,494 LLLLL ------> MMMMM
DEBUG 	 2019-04-21 02:32:57,495 PPPPP ------> QQQQQ
DEBUG 	 2019-04-21 02:32:57,496 wwwww ------> xxxxx
DEBUG 	 2019-04-21 02:32:57,497 rrrrr ------> sssss
DEBUG 	 2019-04-21 02:32:57,498 DDDDD ------> EEEEE
DEBUG 	 2019-04-21 02:32:57,499 CCCCC ------> DDDDD
DEBUG 	 2019-04-21 02:32:57,500 CCCCC ------> DDDDD
DEBUG 	 2019-04-21 02:32:57,501 bbbbb ------> ccccc
DEBUG 	 2019-04-21 02:32:57,502 vvvvv ------> wwwww
DEBUG 	 2019-04-21 02:32:57,503 KKKKK ------> LLLLL
DEBUG 	 2019-04-21 02:32:57,504 yyyyy ------> zzzzz
DEBUG 	 2019-04-21 02:32:57,505 OOOOO ------> PPPPP
DEBUG 	 2019-04-21 02:32:57,506 jjjjj ------> kkkkk
DEBUG 	 2019-04-21 02:32:57,507 bbbbb ------> ccccc
DEBUG 	 2019-04-21 02:32:57,508 HHHHH ------> IIIII
DEBUG 	 2019-04-21 02:32:57,509 hhhhh ------> iiiii
DEBUG 	 2019-04-21 02:32:57,510 wwwww ------> xxxxx
DEBUG 	 2019-04-21 02:32:57,511 uuuuu ------> vvvvv
DEBUG 	 2019-04-21 02:32:57,512 jjjjj ------> kkkkk
DEBUG 	 2019-04-21 02:32:57,513 kkkkk ------> lllll
DEBUG 	 2019-04-21 02:32:57,514 IIIII ------> JJJJJ
DEBUG 	 2019-04-21 02:32:57,515 uuuuu ------> vvvvv
DEBUG 	 2019-04-21 02:32:57,516 RRRRR ------> SSSSS
DEBUG 	 2019-04-21 02:32:57,517 yyyyy ------> zzzzz
DEBUG 	 2019-04-21 02:32:57,518 xxxxx ------> yyyyy
DEBUG 	 2019-04-21 02:32:57,519 kkkkk ------> lllll
DEBUG 	 2019-04-21 02:32:57,520 rrrrr ------> sssss
DEBUG 	 2019-04-21 02:32:57,521 kkkkk ------> lllll
DEBUG 	 2019-04-21 02:32:57,522 QQQQQ ------> RRRRR
DEBUG 	 2019-04-21 02:32:57,523 LLLLL ------> MMMMM
DEBUG 	 2019-04-21 02:32:57,524 EEEEE ------> FFFFF
DEBUG 	 2019-04-21 02:32:57,525 AAAAA ------> BBBBB
DEBUG 	 2019-04-21 02:32:57,526 aaaaa ------> bbbbb
DEBUG 	 2019-04-21 02:32:57,527 kkkkk ------> lllll
DEBUG 	 2019-04-21 02:32:57,528 ppppp ------> qqqqq
DEBUG 	 2019-04-21 02:32:57,529 UUUUU ------> VVVVV
DEBUG 	 2019-04-21 02:32:57,530 ggggg ------> hhhhh
DEBUG 	 2019-04-21 02:32:57,531 ttttt ------> uuuuu
DEBUG 	 2019-04-21 02:32:57,532 QQQQQ ------> RRRRR
DEBUG 	 2019-04-21 02:32:57,533 HHHHH ------> IIIII
DEBUG 	 2019-04-21 02:32:57,534 ppppp ------> qqqqq
DEBUG 	 2019-04-21 02:32:57,535 KKKKK ------> LLLLL
DEBUG 	 2019-04-21 02:32:57,536 lllll ------> mmmmm
DEBUG 	 2019-04-21 02:32:57,537 yyyyy ------> zzzzz
DEBUG 	 2019-04-21 02:32:57,538 ooooo ------> ppppp
DEBUG 	 2019-04-21 02:32:57,539 ZZZZZ ------> AAAAA
DEBUG 	 2019-04-21 02:32:57,540 ttttt ------> uuuuu
DEBUG 	 2019-04-21 02:32:57,541 XXXXX ------> YYYYY
DEBUG 	 2019-04-21 02:32:57,542 ooooo ------> ppppp
DEBUG 	 2019-04-21 02:32:57,543 ccccc ------> ddddd
DEBUG 	 2019-04-21 02:32:57,544 PPPPP ------> QQQQQ
DEBUG 	 2019-04-21 02:32:57,545 lllll ------> mmmmm
DEBUG 	 2019-04-21 02:32:57,546 LLLLL ------> MMMMM
DEBUG 	 2019-04-21 02:32:57,547 OOOOO ------> PPPPP
DEBUG 	 2019-04-21 02:32:57,548 vvvvv ------> wwwww
DEBUG 	 2019-04-21 02:32:57,549 fffff ------> ggggg
DEBUG 	 2019-04-21 02:32:57,550 kkkkk ------> lllll
DEBUG 	 2019-04-21 02:32:57,551 RRRRR ------> SSSSS
DEBUG 	 2019-04-21 02:32:57,552 vvvvv ------> wwwww
DEBUG 	 2019-04-21 02:32:57,553 JJJJJ ------> KKKKK
DEBUG 	 2019-04-21 02:32:57,554 ddddd ------> eeeee
DEBUG 	 2019-04-21 02:32:57,555 AAAAA ------> BBBBB
DEBUG 	 2019-04-21 02:32:57,556 fffff ------> ggggg
DEBUG 	 2019-04-21 02:32:57,557 iiiii ------> jjjjj
DEBUG 	 2019-04-21 02:32:57,558 iiiii ------> jjjjj
DEBUG 	 2019-04-21 02:32:57,559 PPPPP ------> QQQQQ
DEBUG 	 2019-04-21 02:32:57,560 rrrrr ------> sssss
DEBUG 	 2019-04-21 02:32:57,561 ttttt ------> uuuuu
DEBUG 	 2019-04-21 02:32:57,562 lllll ------> mmmmm
DEBUG 	 2019-04-21 02:32:57,563 zzzzz ------> aaaaa
DEBUG 	 2019-04-21 02:32:57,564 AAAAA ------> BBBBB
DEBUG 	 2019-04-21 02:32:57,565 ggggg ------> hhhhh
DEBUG 	 2019-04-21 02:32:57,566 ccccc ------> ddddd
DEBUG 	 2019-04-21 02:32:57,567 JJJJJ ------> KKKKK
DEBUG 	 2019-04-21 02:32:57,568 wwwww ------> xxxxx
DEBUG 	 2019-04-21 02:32:57,569 iiiii ------> jjjjj
DEBUG 	 2019-04-21 02:32:57,570 OOOOO ------> PPPPP
DEBUG 	 2019-04-21 02:32:57,571 IIIII ------> JJJJJ
DEBUG 	 2019-04-21 02:32:57,572 MMMMM ------> NNNNN
DEBUG 	 2019-04-21 02:32:57,573 YYYYY ------> ZZZZZ
DEBUG 	 2019-04-21 02:32:57,574 ddddd ------> eeeee
DEBUG 	 2019-04-21 02:32:57,575 YYYYY ------> ZZZZZ
DEBUG 	 2019-04-21 02:32:57,576 RRRRR ------> SSSSS
DEBUG 	 2019-04-21 02:32:57,577 yyyyy ------> zzzzz
DEBUG 	 2019-04-21 02:32:57,578 LLLLL ------> MMMMM
DEBUG 	 2019-04-21 02:32:57,579 XXXXX ------> YYYYY
DEBUG 	 2019-04-21 02:32:57,580 YYYYY ------> ZZZZZ
DEBUG 	 2019-04-21 02:32:57,581 kkkkk ------> lllll
DEBUG 	 2019-04-21 02:32:57,582 MMMMM ------> NNNNN
DEBUG 	 2019-04-21 02:32:57,583 iiiii ------> jjjjj
DEBUG 	 2019-04-21 02:32:57,584 nnnnn ------> ooooo
DEBUG 	 2019-04-21 02:32:57,585 QQQQQ ------> RRRRR
DEBUG 	 2019-04-21 02:32:57,586 ooooo ------> ppppp
DEBUG 	 2019-04-21 02:32:57,587 iiiii ------> jjjjj
DEBUG 	 2019-04-21 02:32:57,588 AAAAA ------> BBBBB
DEBUG 	 2019-04-21 02:32:57,589 SSSSS ------> TTTTT
DEBUG 	 2019-04-21 02:32:57,590 UUUUU ------> VVVVV
DEBUG 	 2019-04-21 02:32:57,591 WWWWW ------> XXXXX
DEBUG 	 2019-04-21 02:32:57,592 KKKKK ------> LLLLL
DEBUG 	 2019-04-21 02:32:57,593 uuuuu ------> vvvvv
DEBUG 	 2019-04-21 02:32:57,594 LLLLL ------> MMMMM
DEBUG 	 2019-04-21 02:32:57,595 FFFFF ------> GGGGG
DEBUG 	 2019-04-21 02:32:57,596 RRRRR ------> SSSSS
DEBUG 	 2019-04-21 02:32:57,597 LLLLL ------> MMMMM
DEBUG 	 2019-04-21 02:32:57,598 nnnnn ------> ooooo
DEBUG 	 2019-04-21 02:32:57,599 SSSSS ------> TTTTT
DEBUG 	 2019-04-21 02:32:57,600 KKKKK ------> LLLLL
DEBUG 	 2019-04-21 02:32:57,601 sssss ------> ttttt
DEBUG 	 2019-04-21 02:32:57,602 HHHHH ------> IIIII
DEBUG 	 2019-04-21 02:32:57,603 ooooo ------> ppppp
DEBUG 	 2019-04-21 02:32:57,604 lllll ------> mmmmm
DEBUG 	 2019-04-21 02:32:57,605 ggggg ------> hhhhh
DEBUG 	 2019-04-21 02:32:57,606 BBBBB ------> CCCCC
DEBUG 	 2019-04-21 02:32:57,607 rrrrr ------> sssss
DEBUG 	 2019-04-21 02:32:57,608 FFFFF ------> GGGGG
DEBUG 	 2019-04-21 02:32:57,609 ccccc ------> ddddd
DEBUG 	 2019-04-21 02:32:57,610 GGGGG ------> HHHHH
DEBUG 	 2019-04-21 02:32:57,611 DDDDD ------> EEEEE
DEBUG 	 2019-04-21 02:32:57,612 nnnnn ------> ooooo
DEBUG 	 2019-04-21 02:32:57,613 DDDDD ------> EEEEE
DEBUG 	 2019-04-21 02:32:57,614 DDDDD ------> EEEEE
DEBUG 	 2019-04-21 02:32:57,615 iiiii ------> jjjjj
DEBUG 	 2019-04-21 02:32:57,616 ppppp ------> qqqqq
DEBUG 	 2019-04-21 02:32:57,617 DDDDD ------> EEEEE
DEBUG 	 2019-04-21 02:32:57,618 jjjjj ------> kkkkk
DEBUG 	 2019-04-21 02:32:57,619 ppppp ------> qqqqq
DEBUG 	 2019-04-21 02:32:57,620 DDDDD ------> EEEEE
DEBUG 	 2019-04-21 02:32:57,621 VVVVV ------> WWWWW
DEBUG 	 2019-04-21 02:32:57,622 fffff ------> ggggg
INFO 	 2019-04-21 02:32:57,622 Error rate: 0.0
