1 ---> *1*1*1****** ---> 1   Error rate (%): 0.00
2 ---> * ---> -1     Error rate (%): 0.10
3 ---> *3*3*3* ---> 3    Error rate (%): 0.10
4 ---> *4*4*4* ---> 4    Error rate (%): 0.10
5 ---> 5*5*5** ---> 5    Error rate (%): 0.10
6 ---> 6*6*6* ---> 6     Error rate (%): 0.10
7 ---> 7*7*7* ---> 7     Error rate (%): 0.10
8 ---> *8*8*8* ---> 8    Error rate (%): 0.10
9 ---> 9*9*9* ---> 9     Error rate (%): 0.10
10 ---> 10*10*10** ---> 10   Error rate (%): 0.10
11 ---> *11*11*11**** ---> 11    Error rate (%): 0.10
12 ---> 12*12*12* ---> 12    Error rate (%): 0.10
13 ---> 13*13*13* ---> 13    Error rate (%): 0.10
14 ---> 14*14*14* ---> 14    Error rate (%): 0.10
15 ---> *15*15*15** ---> 15  Error rate (%): 0.10
16 --->  ---> -1     Error rate (%): 0.20
17 ---> *17*17*17*** ---> 17     Error rate (%): 0.20
18 --->  ---> -1     Error rate (%): 0.30
19 ---> *19*19*19* ---> 19   Error rate (%): 0.30
20 ---> *20*20*20** ---> 20  Error rate (%): 0.30
21 ---> *21*21*21** ---> 21  Error rate (%): 0.30
22 ---> *22*22*22* ---> 22   Error rate (%): 0.30
23 ---> 23*23*23* ---> 23    Error rate (%): 0.30
24 ---> 24*24*24* ---> 24    Error rate (%): 0.30
25 ---> *25*25*25* ---> 25   Error rate (%): 0.30
26 --->  ---> -1     Error rate (%): 0.40
27 ---> 27*27*27** ---> 27   Error rate (%): 0.40
28 ---> *28*28*28* ---> 28   Error rate (%): 0.40
29 ---> *29*29*29* ---> 29   Error rate (%): 0.40
30 ---> *30*30*30* ---> 30   Error rate (%): 0.40
31 ---> *31*31*31*** ---> 31     Error rate (%): 0.40
32 ---> 32*32*32* ---> 32    Error rate (%): 0.40
33 ---> *33*33*33* ---> 33   Error rate (%): 0.40
34 ---> 34*34*34** ---> 34   Error rate (%): 0.40
35 ---> *35*35*35* ---> 35   Error rate (%): 0.40
36 --->  ---> -1     Error rate (%): 0.50
37 ---> 37*37*37** ---> 37   Error rate (%): 0.50
38 ---> *38*38*38* ---> 38   Error rate (%): 0.50
39 ---> ********** ---> 537427924    Error rate (%): 0.60
40 ---> 40*40*40* ---> 40    Error rate (%): 0.60
41 ---> *41*41*41****** ---> 41  Error rate (%): 0.60
42 ---> 42*42*42* ---> 42    Error rate (%): 0.60
43 ---> 43*43*43* ---> 43    Error rate (%): 0.60
44 ---> 44*44*44* ---> 44    Error rate (%): 0.60
45 ---> 45*45*45** ---> 45   Error rate (%): 0.60
46 --->  ---> -1     Error rate (%): 0.70
47 ---> ** ---> 537427924    Error rate (%): 0.80
48 ---> *48*48*48* ---> 48   Error rate (%): 0.80
49 ---> 49*49*49* ---> 49    Error rate (%): 0.80
50 ---> *50*50*50* ---> 50   Error rate (%): 0.80
51 ---> ***** ---> 537427924     Error rate (%): 0.90
52 ---> *52*52*52* ---> 52   Error rate (%): 0.90
53 ---> 53*53*53* ---> 53    Error rate (%): 0.90
54 ---> 54*54*54*** ---> 54  Error rate (%): 0.90
55 ---> 55*55*55** ---> 55   Error rate (%): 0.90
56 --->  ---> -1     Error rate (%): 1.00
57 ---> 57*57*57** ---> 57   Error rate (%): 1.00
58 ---> *58*58*58** ---> 58  Error rate (%): 1.00
59 ---> *59*59*59* ---> 59   Error rate (%): 1.00
60 ---> *60*60*60* ---> 60   Error rate (%): 1.00
61 ---> *61*61*61*** ---> 61     Error rate (%): 1.00
62 ---> *62*62*62* ---> 62   Error rate (%): 1.00
63 ---> *63*63*63* ---> 63   Error rate (%): 1.00
64 ---> 64*64*64* ---> 64    Error rate (%): 1.00
65 ---> 65*65*65** ---> 65   Error rate (%): 1.00
66 --->  ---> -1     Error rate (%): 1.10
67 ---> 67*67*67** ---> 67   Error rate (%): 1.10
68 ---> *68*68*68* ---> 68   Error rate (%): 1.10
69 ---> 69*69*69* ---> 69    Error rate (%): 1.10
70 ---> 70*70*70* ---> 70    Error rate (%): 1.10
71 ---> 71*71*71* ---> 71    Error rate (%): 1.10
72 ---> *72*72*72****** ---> 72  Error rate (%): 1.10
73 ---> 73*73*73* ---> 73    Error rate (%): 1.10
74 ---> *4*74*74* ---> 74    Error rate (%): 1.10
75 ---> *75*75*75* ---> 75   Error rate (%): 1.10
76 ---> 56*76*76* ---> 76    Error rate (%): 1.10
77 ---> *77*77*77** ---> 77  Error rate (%): 1.10
78 --->  ---> -1     Error rate (%): 1.20
79 ---> 79*79*79* ---> 79    Error rate (%): 1.20
80 ---> 80*80*80* ---> 80    Error rate (%): 1.20
81 ---> 81*81*81***** ---> 81    Error rate (%): 1.20
82 ---> *82*82*82* ---> 82   Error rate (%): 1.20
83 ---> *83*83*83* ---> 83   Error rate (%): 1.20
84 ---> 84*84*84* ---> 84    Error rate (%): 1.20
85 ---> 85*85*85* ---> 85    Error rate (%): 1.20
86 ---> 86*86*86* ---> 86    Error rate (%): 1.20
87 ---> *87*87*87* ---> 87   Error rate (%): 1.20
88 ---> *88*88*88* ---> 88   Error rate (%): 1.20
89 ---> *89*89*89* ---> 89   Error rate (%): 1.20
90 ---> *90*90*90* ---> 90   Error rate (%): 1.20
91 ---> *91*91*91** ---> 91  Error rate (%): 1.20
92 --->  ---> -1     Error rate (%): 1.30
93 ---> 93*93*93* ---> 93    Error rate (%): 1.30
94 ---> 94*94*94** ---> 94   Error rate (%): 1.30
95 ---> * ---> -1    Error rate (%): 1.40
96 ---> 96*96*96* ---> 96    Error rate (%): 1.40
97 ---> *97*97*97* ---> 97   Error rate (%): 1.40
98 ---> 98*98*98* ---> 98    Error rate (%): 1.40
99 ---> *99*99*99********* ---> 99   Error rate (%): 1.40
100 ---> 100*100*100***************** ---> 100   Error rate (%): 1.40
101 ---> 101*101*101**************** ---> 101    Error rate (%): 1.40
102 ---> ******* ---> 537427924  Error rate (%): 1.50
103 ---> ****** ---> 537427924   Error rate (%): 1.60
104 --->  ---> -1    Error rate (%): 1.70
105 ---> 105*105*105*** ---> 105     Error rate (%): 1.70
106 ---> *106*106*106*** ---> 106    Error rate (%): 1.70
107 ---> 107*107*107*** ---> 107     Error rate (%): 1.70
108 ---> ********* ---> 537427924    Error rate (%): 1.80
109 ---> 109*109*109******************** ---> 109    Error rate (%): 1.80
110 ---> 110*110*110************* ---> 110   Error rate (%): 1.80
111 ---> *********** ---> 537427924  Error rate (%): 1.90
112 ---> 112*112*112** ---> 112  Error rate (%): 1.90
113 --->  ---> -1    Error rate (%): 2.00
114 ---> *114*114*114******* ---> 114    Error rate (%): 2.00
115 ---> 115*115*115************** ---> 115  Error rate (%): 2.00
116 ---> *116*116*116****** ---> 116     Error rate (%): 2.00
117 ---> 117*117*117* ---> 117   Error rate (%): 2.00
118 ---> * ---> -1   Error rate (%): 2.10
119 ---> 119*119*119****** ---> 119  Error rate (%): 2.10
120 ---> 120*120*120** ---> 120  Error rate (%): 2.10
121 ---> *121*121*121****************** ---> 121     Error rate (%): 2.10
122 ---> *************** ---> 537427924  Error rate (%): 2.20
123 ---> 123*123*123* ---> 123   Error rate (%): 2.20
124 ---> *124*124*124* ---> 124  Error rate (%): 2.20
125 ---> 125*125*125* ---> 125   Error rate (%): 2.20
126 ---> *126*126*126**** ---> 126   Error rate (%): 2.20
127 ---> ** ---> 537427924   Error rate (%): 2.30
128 ---> * ---> -1   Error rate (%): 2.40
129 ---> * ---> -1   Error rate (%): 2.50
130 --->  ---> -1    Error rate (%): 2.60
131 ---> 131*131*131* ---> 131   Error rate (%): 2.60
132 ---> *132*132*132* ---> 132  Error rate (%): 2.60
133 ---> 133*133*133* ---> 133   Error rate (%): 2.60
134 ---> 134*134*134** ---> 134  Error rate (%): 2.60
135 ---> *135*135*135* ---> 135  Error rate (%): 2.60
136 ---> 136*136*136* ---> 136   Error rate (%): 2.60
137 ---> 137*137*137* ---> 137   Error rate (%): 2.60
138 --->  ---> -1    Error rate (%): 2.70
139 ---> **** ---> 537427924     Error rate (%): 2.80
140 ---> *140*140*140* ---> 140  Error rate (%): 2.80
141 ---> *141*141*141* ---> 141  Error rate (%): 2.80
142 ---> 142*142*142** ---> 142  Error rate (%): 2.80
143 --->  ---> -1    Error rate (%): 2.90
144 ---> *144*144*144* ---> 144  Error rate (%): 2.90
145 ---> * ---> -1   Error rate (%): 3.00
146 ---> 146*146*146* ---> 146   Error rate (%): 3.00
147 ---> *147*147*147* ---> 147  Error rate (%): 3.00
148 --->  ---> -1    Error rate (%): 3.10
149 ---> 149*149*149* ---> 149   Error rate (%): 3.10
150 ---> 150*150*150* ---> 150   Error rate (%): 3.10
151 ---> *151*151*151*** ---> 151    Error rate (%): 3.10
152 ---> *152*152*152* ---> 152  Error rate (%): 3.10
153 ---> *153*153*153* ---> 153  Error rate (%): 3.10
154 ---> 154*154*154* ---> 154   Error rate (%): 3.10
155 ---> 155*155*155* ---> 155   Error rate (%): 3.10
156 ---> *156*156*156* ---> 156  Error rate (%): 3.10
157 ---> 157*157*157* ---> 157   Error rate (%): 3.10
158 --->  ---> -1    Error rate (%): 3.20
159 ---> 159*159*159* ---> 159   Error rate (%): 3.20
160 ---> 160*160*160*** ---> 160     Error rate (%): 3.20
161 ---> *161*161*161** ---> 161     Error rate (%): 3.20
162 ---> *162*162*162* ---> 162  Error rate (%): 3.20
163 ---> 163*163*163* ---> 163   Error rate (%): 3.20
164 ---> *164*164*164* ---> 164  Error rate (%): 3.20
165 ---> 165*165*165* ---> 165   Error rate (%): 3.20
166 ---> 166*166*166* ---> 166   Error rate (%): 3.20
167 ---> *167*167*167** ---> 167     Error rate (%): 3.20
168 ---> *********** ---> 537427924  Error rate (%): 3.30
169 ---> 169*169*169************** ---> 169  Error rate (%): 3.30
170 ---> ************** ---> 537427924   Error rate (%): 3.40
171 ---> **** ---> 537427924     Error rate (%): 3.50
172 ---> *172*172*172**** ---> 172   Error rate (%): 3.50
173 ---> 173*173*173*** ---> 173     Error rate (%): 3.50
174 ---> * ---> -1   Error rate (%): 3.60
175 ---> *** ---> 537427924  Error rate (%): 3.70
176 ---> ** ---> 537427924   Error rate (%): 3.80
177 ---> *177*177*177********************* ---> 177  Error rate (%): 3.80
178 ---> ***** ---> 537427924    Error rate (%): 3.90
179 ---> 179*179*179** ---> 179  Error rate (%): 3.90
180 ---> *080*180*180* ---> 180  Error rate (%): 3.90
181 ---> 181*181*181***** ---> 181   Error rate (%): 3.90
182 ---> 182*182*182******** ---> 182    Error rate (%): 3.90
183 ---> 183*183*183********* ---> 183   Error rate (%): 3.90
184 --->  ---> -1    Error rate (%): 4.00
185 ---> *185*185*185********** ---> 185     Error rate (%): 4.00
186 ---> 186*186*186****** ---> 186  Error rate (%): 4.00
187 ---> ************ ---> 537427924     Error rate (%): 4.10
188 ---> *********** ---> 537427924  Error rate (%): 4.20
189 ---> ******* ---> 537427924  Error rate (%): 4.30
190 ---> **** ---> 537427924     Error rate (%): 4.40
191 ---> * ---> -1   Error rate (%): 4.50
192 --->  ---> -1    Error rate (%): 4.60
193 ---> 193*193*193* ---> 193   Error rate (%): 4.60
194 ---> *194*194*194** ---> 194     Error rate (%): 4.60
195 ---> *195*195*195* ---> 195  Error rate (%): 4.60
196 ---> ** ---> 537427924   Error rate (%): 4.70
197 ---> *197*197*197******* ---> 197    Error rate (%): 4.70
198 --->  ---> -1    Error rate (%): 4.80
199 ---> *199*199*199* ---> 199  Error rate (%): 4.80
200 ---> 200*200*200* ---> 200   Error rate (%): 4.80
201 ---> 201*201*201*** ---> 201     Error rate (%): 4.80
202 ---> *202*202*202** ---> 202     Error rate (%): 4.80
203 ---> 203*203*203********* ---> 203   Error rate (%): 4.80
204 ---> *204*204*204*** ---> 204    Error rate (%): 4.80
205 ---> ************* ---> 537427924    Error rate (%): 4.90
206 ---> 206*206*206***** ---> 206   Error rate (%): 4.90
207 ---> 207*207*207************* ---> 207   Error rate (%): 4.90
208 ---> *208*208*208*********************** ---> 208    Error rate (%): 4.90
209 ---> ****************** ---> 537427924   Error rate (%): 5.00
210 ---> ** ---> 537427924   Error rate (%): 5.10
211 ---> *211*211*211**** ---> 211   Error rate (%): 5.10
212 ---> *212*212*212** ---> 212     Error rate (%): 5.10
213 ---> 213*213*213* ---> 213   Error rate (%): 5.10
214 ---> *** ---> 537427924  Error rate (%): 5.20
215 --->  ---> -1    Error rate (%): 5.30
216 ---> 216*216*216* ---> 216   Error rate (%): 5.30
217 ---> 217*217*217** ---> 217  Error rate (%): 5.30
218 --->  ---> -1    Error rate (%): 5.40
219 ---> *219*219*219* ---> 219  Error rate (%): 5.40
220 ---> *220*220*220* ---> 220  Error rate (%): 5.40
221 ---> *221*221*221***** ---> 221  Error rate (%): 5.40
222 --->  ---> -1    Error rate (%): 5.50
223 ---> 223*223*223* ---> 223   Error rate (%): 5.50
224 ---> *224*224*224* ---> 224  Error rate (%): 5.50
225 ---> 225*225*225* ---> 225   Error rate (%): 5.50
226 ---> *226*226*226* ---> 226  Error rate (%): 5.50
227 ---> *227*227*227* ---> 227  Error rate (%): 5.50
228 ---> 228*228*228* ---> 228   Error rate (%): 5.50
229 ---> *229*229*229* ---> 229  Error rate (%): 5.50
230 ---> 230*230*230* ---> 230   Error rate (%): 5.50
231 ---> *231*231*231***** ---> 231  Error rate (%): 5.50
232 ---> *232*232*232* ---> 232  Error rate (%): 5.50
233 ---> 233*233*233* ---> 233   Error rate (%): 5.50
234 ---> 234*234*234* ---> 234   Error rate (%): 5.50
235 ---> *235*235*235* ---> 235  Error rate (%): 5.50
236 ---> *236*236*236* ---> 236  Error rate (%): 5.50
237 ---> *237*237*237** ---> 237     Error rate (%): 5.50
238 --->  ---> -1    Error rate (%): 5.60
239 ---> ******* ---> 537427924  Error rate (%): 5.70
240 --->  ---> -1    Error rate (%): 5.80
241 ---> 241*241*241** ---> 241  Error rate (%): 5.80
242 ---> *242*242*242** ---> 242     Error rate (%): 5.80
243 ---> 243*243*243* ---> 243   Error rate (%): 5.80
244 ---> *244*244*244** ---> 244     Error rate (%): 5.80
245 ---> *245*245*245* ---> 245  Error rate (%): 5.80
246 ---> *246*246*246* ---> 246  Error rate (%): 5.80
247 ---> 247*247*247* ---> 247   Error rate (%): 5.80
248 --->  ---> -1    Error rate (%): 5.90
249 ---> *249*249*249* ---> 249  Error rate (%): 5.90
250 ---> * ---> -1   Error rate (%): 6.00
251 ---> *251*251*251**** ---> 251   Error rate (%): 6.00
252 ---> *252*252*252* ---> 252  Error rate (%): 6.00
253 ---> 253*253*253* ---> 253   Error rate (%): 6.00
254 ---> 254*254*254* ---> 254   Error rate (%): 6.00
255 ---> 255*255*255* ---> 255   Error rate (%): 6.00
256 ---> *256*256*256* ---> 256  Error rate (%): 6.00
257 ---> 257*257*257** ---> 257  Error rate (%): 6.00
258 --->  ---> -1    Error rate (%): 6.10
259 ---> 259*259*259* ---> 259   Error rate (%): 6.10
260 ---> *260*260*260* ---> 260  Error rate (%): 6.10
261 ---> 261*261*261* ---> 261   Error rate (%): 6.10
262 ---> 262*262*262* ---> 262   Error rate (%): 6.10
263 ---> 263*263*263* ---> 263   Error rate (%): 6.10
264 ---> 264*264*264* ---> 264   Error rate (%): 6.10
265 ---> *265*265*265* ---> 265  Error rate (%): 6.10
266 ---> *266*266*266* ---> 266  Error rate (%): 6.10
267 ---> 267*267*267* ---> 267   Error rate (%): 6.10
268 --->  ---> -1    Error rate (%): 6.20
269 ---> 269*269*269* ---> 269   Error rate (%): 6.20
270 ---> 270*270*270* ---> 270   Error rate (%): 6.20
271 ---> *271*271*271* ---> 271  Error rate (%): 6.20
272 ---> *272*272*272** ---> 272     Error rate (%): 6.20
273 ---> 273*273*273* ---> 273   Error rate (%): 6.20
274 ---> 274*274*274* ---> 274   Error rate (%): 6.20
275 ---> *275*275*275* ---> 275  Error rate (%): 6.20
276 ---> 276*276*276* ---> 276   Error rate (%): 6.20
277 ---> *277*277*277* ---> 277  Error rate (%): 6.20
278 --->  ---> -1    Error rate (%): 6.30
279 ---> 279*279*279* ---> 279   Error rate (%): 6.30
280 ---> *280*280*280** ---> 280     Error rate (%): 6.30
281 ---> 281*281*281** ---> 281  Error rate (%): 6.30
282 ---> *282*282*282* ---> 282  Error rate (%): 6.30
283 ---> *283*283*283* ---> 283  Error rate (%): 6.30
284 ---> 284*284*284**** ---> 284    Error rate (%): 6.30
285 ---> *285*285*285* ---> 285  Error rate (%): 6.30
286 ---> 286*286*286* ---> 286   Error rate (%): 6.30
287 ---> *287*287*287* ---> 287  Error rate (%): 6.30
288 --->  ---> -1    Error rate (%): 6.40
289 ---> 289*289*289* ---> 289   Error rate (%): 6.40
290 ---> 290*290*290* ---> 290   Error rate (%): 6.40
291 ---> 291*291*291** ---> 291  Error rate (%): 6.40
292 ---> 292*292*292* ---> 292   Error rate (%): 6.40
293 ---> 293*293*293* ---> 293   Error rate (%): 6.40
294 ---> *294*294*294** ---> 294     Error rate (%): 6.40
295 ---> 295*295*295* ---> 295   Error rate (%): 6.40
296 ---> *296*296*296* ---> 296  Error rate (%): 6.40
297 ---> ** ---> 537427924   Error rate (%): 6.50
298 ---> * ---> -1   Error rate (%): 6.60
299 --->  ---> -1    Error rate (%): 6.70
300 ---> 300*300*300******* ---> 300     Error rate (%): 6.70
301 ---> *301*301*301******* ---> 301    Error rate (%): 6.70
302 ---> *302*302*302***** ---> 302  Error rate (%): 6.70
303 ---> ** ---> 537427924   Error rate (%): 6.80
304 ---> ***** ---> 537427924    Error rate (%): 6.90
305 ---> *305*305*305*** ---> 305    Error rate (%): 6.90
306 ---> *306*306*306** ---> 306     Error rate (%): 6.90
307 ---> 307*307*307* ---> 307   Error rate (%): 6.90
308 --->  ---> -1    Error rate (%): 7.00
309 --->  ---> -1    Error rate (%): 7.10
310 ---> * ---> -1   Error rate (%): 7.20
311 ---> *311*311*311*** ---> 311    Error rate (%): 7.20
312 ---> *312*312*312* ---> 312  Error rate (%): 7.20
313 ---> 313*313*313* ---> 313   Error rate (%): 7.20
314 ---> *314*314*314** ---> 314     Error rate (%): 7.20
315 ---> 315*315*315* ---> 315   Error rate (%): 7.20
316 ---> 316*316*316* ---> 316   Error rate (%): 7.20
317 ---> *317*317*317* ---> 317  Error rate (%): 7.20
318 ---> * ---> -1   Error rate (%): 7.30
319 ---> 319*319*319* ---> 319   Error rate (%): 7.30
320 ---> *320*320*320* ---> 320  Error rate (%): 7.30
321 ---> *321*321*321***** ---> 321  Error rate (%): 7.30
322 ---> * ---> -1   Error rate (%): 7.40
323 ---> *323*323*323* ---> 323  Error rate (%): 7.40
324 ---> *324*324*324* ---> 324  Error rate (%): 7.40
325 ---> *325*325*325* ---> 325  Error rate (%): 7.40
326 ---> *326*326*326* ---> 326  Error rate (%): 7.40
327 ---> *327*327*327*** ---> 327    Error rate (%): 7.40
328 ---> 328*328*328* ---> 328   Error rate (%): 7.40
329 --->  ---> -1    Error rate (%): 7.50
330 ---> 330*330*330* ---> 330   Error rate (%): 7.50
331 ---> *331*331*331** ---> 331     Error rate (%): 7.50
332 ---> *332*332*332* ---> 332  Error rate (%): 7.50
333 ---> *333*333*333* ---> 333  Error rate (%): 7.50
334 ---> *334*334*334* ---> 334  Error rate (%): 7.50
335 ---> *335*335*335** ---> 335     Error rate (%): 7.50
336 ---> 336*336*336* ---> 336   Error rate (%): 7.50
337 ---> 337*337*337** ---> 337  Error rate (%): 7.50
338 ---> ** ---> 537427924   Error rate (%): 7.60
339 ---> 339*339*339**** ---> 339    Error rate (%): 7.60
340 ---> *340*340*340* ---> 340  Error rate (%): 7.60
341 ---> *** ---> 537427924  Error rate (%): 7.70
342 ---> 342*342*342* ---> 342   Error rate (%): 7.70
343 --->  ---> -1    Error rate (%): 7.80
344 ---> *344*344*344** ---> 344     Error rate (%): 7.80
345 ---> *345*345*345*** ---> 345    Error rate (%): 7.80
346 ---> 346*346*346** ---> 346  Error rate (%): 7.80
347 ---> 347*347*347*** ---> 347     Error rate (%): 7.80
348 ---> 348*348*348*** ---> 348     Error rate (%): 7.80
349 ---> * ---> -1   Error rate (%): 7.90
350 ---> *350*350*350***** ---> 350  Error rate (%): 7.90
351 ---> 351*351*351** ---> 351  Error rate (%): 7.90
352 ---> ****** ---> 537427924   Error rate (%): 8.00
353 ---> ****** ---> 537427924   Error rate (%): 8.10
354 ---> **************** ---> 537427924     Error rate (%): 8.20
355 ---> ************* ---> 537427924    Error rate (%): 8.30
356 ---> * ---> -1   Error rate (%): 8.40
357 ---> * ---> -1   Error rate (%): 8.50
358 ---> ******************** ---> 537427924     Error rate (%): 8.60
359 ---> ********* ---> 537427924    Error rate (%): 8.70
360 --->  ---> -1    Error rate (%): 8.80
361 ---> *361*361*361* ---> 361  Error rate (%): 8.80
362 ---> *362*362*362* ---> 362  Error rate (%): 8.80
363 ---> *363*363*363* ---> 363  Error rate (%): 8.80
364 ---> 364*364*364* ---> 364   Error rate (%): 8.80
365 ---> *365*365*365* ---> 365  Error rate (%): 8.80
366 ---> 366*366*366* ---> 366   Error rate (%): 8.80
367 ---> 367*367*367* ---> 367   Error rate (%): 8.80
368 --->  ---> -1    Error rate (%): 8.90
369 ---> *369*369*369** ---> 369     Error rate (%): 8.90
370 ---> 370*370*370* ---> 370   Error rate (%): 8.90
371 ---> 371*371*371*** ---> 371     Error rate (%): 8.90
372 ---> *372*372*372** ---> 372     Error rate (%): 8.90
373 ---> 373*373*373* ---> 373   Error rate (%): 8.90
374 ---> 374*374*374* ---> 374   Error rate (%): 8.90
375 ---> *375*375*375* ---> 375  Error rate (%): 8.90
376 ---> 376*376*376** ---> 376  Error rate (%): 8.90
377 ---> *377*377*377* ---> 377  Error rate (%): 8.90
378 --->  ---> -1    Error rate (%): 9.00
379 ---> 379*379*379* ---> 379   Error rate (%): 9.00
380 ---> 380*380*380* ---> 380   Error rate (%): 9.00
381 ---> 381*381*381**** ---> 381    Error rate (%): 9.00
382 ---> 382*382*382* ---> 382   Error rate (%): 9.00
383 ---> *383*383*383** ---> 383     Error rate (%): 9.00
384 ---> *384*384*384* ---> 384  Error rate (%): 9.00
385 ---> 385*385*385* ---> 385   Error rate (%): 9.00
386 ---> *386*386*386* ---> 386  Error rate (%): 9.00
387 ---> *387*387*387** ---> 387     Error rate (%): 9.00
388 ---> * ---> -1   Error rate (%): 9.10
389 ---> 389*389*389* ---> 389   Error rate (%): 9.10
390 ---> *390*390*390* ---> 390  Error rate (%): 9.10
391 ---> *391*391*391***** ---> 391  Error rate (%): 9.10
392 ---> 392*392*392* ---> 392   Error rate (%): 9.10
393 ---> *393*393*393* ---> 393  Error rate (%): 9.10
394 --->  ---> -1    Error rate (%): 9.20
395 ---> *395*395*395* ---> 395  Error rate (%): 9.20
396 ---> 396*396*396* ---> 396   Error rate (%): 9.20
397 ---> 397*397*397* ---> 397   Error rate (%): 9.20
398 ---> * ---> -1   Error rate (%): 9.30
399 ---> *399*399*399* ---> 399  Error rate (%): 9.30
400 ---> *400*400*400* ---> 400  Error rate (%): 9.30
401 ---> *401*401*401** ---> 401     Error rate (%): 9.30
402 ---> 402*402*402* ---> 402   Error rate (%): 9.30
403 ---> *403*403*403** ---> 403     Error rate (%): 9.30
404 ---> 404*404*404** ---> 404  Error rate (%): 9.30
405 ---> 405*405*405* ---> 405   Error rate (%): 9.30
406 ---> 406*406*406* ---> 406   Error rate (%): 9.30
407 ---> 407*407*407* ---> 407   Error rate (%): 9.30
408 --->  ---> -1    Error rate (%): 9.40
409 ---> ************ ---> 537427924     Error rate (%): 9.50
410 ---> *410*410*410** ---> 410     Error rate (%): 9.50
411 ---> 411*411*411****** ---> 411  Error rate (%): 9.50
412 ---> 412*412*412** ---> 412  Error rate (%): 9.50
413 ---> 413*413*413* ---> 413   Error rate (%): 9.50
414 ---> *414*414*414* ---> 414  Error rate (%): 9.50
415 ---> 415*415*415******* ---> 415     Error rate (%): 9.50
416 ---> 416*416*416* ---> 416   Error rate (%): 9.50
417 ---> 417*417*417* ---> 417   Error rate (%): 9.50
418 ---> 018*418*418*** ---> 418     Error rate (%): 9.50
419 ---> 419*419*419** ---> 419  Error rate (%): 9.50
420 ---> *420*420*420* ---> 420  Error rate (%): 9.50
421 ---> 421*421*421******* ---> 421     Error rate (%): 9.50
422 ---> * ---> -1   Error rate (%): 9.60
423 ---> 423*423*423* ---> 423   Error rate (%): 9.60
424 ---> *424*424*424* ---> 424  Error rate (%): 9.60
425 ---> 425*425*425* ---> 425   Error rate (%): 9.60
426 ---> * ---> -1   Error rate (%): 9.70
427 ---> 427*427*427*** ---> 427     Error rate (%): 9.70
428 ---> * ---> -1   Error rate (%): 9.80
429 ---> *429*429*429** ---> 429     Error rate (%): 9.80
430 ---> *430*430*430* ---> 430  Error rate (%): 9.80
431 ---> *431*431*431*** ---> 431    Error rate (%): 9.80
432 ---> 432*432*432********** ---> 432  Error rate (%): 9.80
433 ---> 433*433*433**** ---> 433    Error rate (%): 9.80
434 ---> *434*434*434** ---> 434     Error rate (%): 9.80
435 ---> 035*435*435**** ---> 435    Error rate (%): 9.80
436 ---> *436*436*436* ---> 436  Error rate (%): 9.80
437 ---> 437*437*437** ---> 437  Error rate (%): 9.80
438 --->  ---> -1    Error rate (%): 9.90
439 ---> 439*439*439******** ---> 439    Error rate (%): 9.90
440 --->  ---> -1    Error rate (%): 10.00
441 ---> 441*441*441**** ---> 441    Error rate (%): 10.00
442 ---> *442*442*442* ---> 442  Error rate (%): 10.00
443 ---> 443*443*443* ---> 443   Error rate (%): 10.00
444 ---> *444*444*444* ---> 444  Error rate (%): 10.00
445 ---> *445*445*445* ---> 445  Error rate (%): 10.00
446 ---> * ---> -1   Error rate (%): 10.10
447 ---> *447*447*447*** ---> 447    Error rate (%): 10.10
448 ---> * ---> -1   Error rate (%): 10.20
449 ---> 449*449*449******* ---> 449     Error rate (%): 10.20
450 ---> 450*450*450* ---> 450   Error rate (%): 10.20
451 ---> *451*451*451*** ---> 451    Error rate (%): 10.20
452 ---> 452*452*452** ---> 452  Error rate (%): 10.20
453 --->  ---> -1    Error rate (%): 10.30
454 ---> 454*454*454* ---> 454   Error rate (%): 10.30
455 ---> *455*455*455* ---> 455  Error rate (%): 10.30
456 ---> *456*456*456* ---> 456  Error rate (%): 10.30
457 ---> *457*457*457* ---> 457  Error rate (%): 10.30
458 --->  ---> -1    Error rate (%): 10.40
459 ---> *459*459*459* ---> 459  Error rate (%): 10.40
460 ---> *460*460*460* ---> 460  Error rate (%): 10.40
461 ---> 461*461*461**** ---> 461    Error rate (%): 10.40
462 ---> 462*462*462* ---> 462   Error rate (%): 10.40
463 ---> *463*463*463* ---> 463  Error rate (%): 10.40
464 ---> *464*464*464*** ---> 464    Error rate (%): 10.40
465 ---> *465*465*465* ---> 465  Error rate (%): 10.40
466 ---> 466*466*466* ---> 466   Error rate (%): 10.40
467 ---> *467*467*467** ---> 467     Error rate (%): 10.40
468 --->  ---> -1    Error rate (%): 10.50
469 ---> *469*469*469* ---> 469  Error rate (%): 10.50
470 ---> *470*470*470* ---> 470  Error rate (%): 10.50
471 ---> 471*471*471**** ---> 471    Error rate (%): 10.50
472 ---> *472*472*472* ---> 472  Error rate (%): 10.50
473 ---> 473*473*473* ---> 473   Error rate (%): 10.50
474 ---> 474*474*474** ---> 474  Error rate (%): 10.50
475 ---> 475*475*475* ---> 475   Error rate (%): 10.50
476 ---> 476*476*476* ---> 476   Error rate (%): 10.50
477 ---> 477*477*477* ---> 477   Error rate (%): 10.50
478 --->  ---> -1    Error rate (%): 10.60
479 ---> 479*479*479** ---> 479  Error rate (%): 10.60
480 ---> 480*480*480* ---> 480   Error rate (%): 10.60
481 ---> *481*481*481**** ---> 481   Error rate (%): 10.60
482 ---> 482*482*482* ---> 482   Error rate (%): 10.60
483 ---> *483*483*483** ---> 483     Error rate (%): 10.60
484 ---> *484*484*484** ---> 484     Error rate (%): 10.60
485 ---> *485*485*485* ---> 485  Error rate (%): 10.60
486 ---> *486*486*486* ---> 486  Error rate (%): 10.60
487 ---> *487*487*487* ---> 487  Error rate (%): 10.60
488 ---> * ---> -1   Error rate (%): 10.70
489 ---> *489*489*489* ---> 489  Error rate (%): 10.70
490 ---> 490*490*490* ---> 490   Error rate (%): 10.70
491 ---> 491*491*491*** ---> 491     Error rate (%): 10.70
492 ---> *492*492*492* ---> 492  Error rate (%): 10.70
493 ---> *493*493*493* ---> 493  Error rate (%): 10.70
494 ---> 494*494*494** ---> 494  Error rate (%): 10.70
495 ---> *495*495*495* ---> 495  Error rate (%): 10.70
496 ---> 496*496*496* ---> 496   Error rate (%): 10.70
497 --->  ---> -1    Error rate (%): 10.80
498 ---> * ---> -1   Error rate (%): 10.90
499 ---> 499*499*499** ---> 499  Error rate (%): 10.90
500 ---> *500*500*500* ---> 500  Error rate (%): 10.90
501 ---> 501*501*501* ---> 501   Error rate (%): 10.90
502 ---> * ---> -1   Error rate (%): 11.00
503 ---> *503*503*503* ---> 503  Error rate (%): 11.00
504 ---> 504*504*504* ---> 504   Error rate (%): 11.00
505 ---> *505*505*505** ---> 505     Error rate (%): 11.00
506 ---> *506*506*506* ---> 506  Error rate (%): 11.00
507 --->  ---> -1    Error rate (%): 11.10
508 --->  ---> -1    Error rate (%): 11.20
509 ---> *509*509*509* ---> 509  Error rate (%): 11.20
510 ---> 510*510*510* ---> 510   Error rate (%): 11.20
511 ---> *511*511*511*** ---> 511    Error rate (%): 11.20
512 ---> * ---> -1   Error rate (%): 11.30
513 ---> 513*513*513* ---> 513   Error rate (%): 11.30
514 ---> 514*514*514** ---> 514  Error rate (%): 11.30
515 ---> 515*515*515* ---> 515   Error rate (%): 11.30
516 ---> *516*516*516* ---> 516  Error rate (%): 11.30
517 --->  ---> -1    Error rate (%): 11.40
518 ---> *18*518*518* ---> 518   Error rate (%): 11.40
519 --->  ---> -1    Error rate (%): 11.50
520 ---> 520*520*520* ---> 520   Error rate (%): 11.50
521 ---> 521*521*521***** ---> 521   Error rate (%): 11.50
522 --->  ---> -1    Error rate (%): 11.60
523 ---> *523*523*523* ---> 523  Error rate (%): 11.60
524 ---> 524*524*524* ---> 524   Error rate (%): 11.60
525 ---> 525*525*525* ---> 525   Error rate (%): 11.60
526 ---> 526*526*526** ---> 526  Error rate (%): 11.60
527 ---> * ---> -1   Error rate (%): 11.70
528 --->  ---> -1    Error rate (%): 11.80
529 ---> *529*529*529* ---> 529  Error rate (%): 11.80
530 ---> 530*530*530* ---> 530   Error rate (%): 11.80
531 ---> ********** ---> 537427924   Error rate (%): 11.90
532 ---> ********* ---> 537427924    Error rate (%): 12.00
533 ---> 533*533*533* ---> 533   Error rate (%): 12.00
534 ---> *534*534*534****** ---> 534     Error rate (%): 12.00
535 ---> *535*535*535**** ---> 535   Error rate (%): 12.00
536 ---> *536*536*536* ---> 536  Error rate (%): 12.00
537 ---> 537*537*537* ---> 537   Error rate (%): 12.00
538 ---> * ---> -1   Error rate (%): 12.10
539 ---> ******* ---> 537427924  Error rate (%): 12.20
540 ---> 540*540*540* ---> 540   Error rate (%): 12.20
541 ---> *541*541*541**** ---> 541   Error rate (%): 12.20
542 ---> 542*542*542* ---> 542   Error rate (%): 12.20
543 ---> *543*543*543* ---> 543  Error rate (%): 12.20
544 ---> *544*544*544* ---> 544  Error rate (%): 12.20
545 ---> 545*545*545* ---> 545   Error rate (%): 12.20
546 ---> *546*546*546* ---> 546  Error rate (%): 12.20
547 ---> *047*547*547**** ---> 547   Error rate (%): 12.20
548 ---> *548*548*548************ ---> 548   Error rate (%): 12.20
549 ---> 549*549*549************ ---> 549    Error rate (%): 12.20
550 ---> 550*550*550******** ---> 550    Error rate (%): 12.20
551 ---> 551*551*551************ ---> 551    Error rate (%): 12.20
552 ---> *552*552*552*********** ---> 552    Error rate (%): 12.20
553 ---> *553*553*553*********** ---> 553    Error rate (%): 12.20
554 ---> 554*554*554************** ---> 554  Error rate (%): 12.20
555 ---> *555*555*555********** ---> 555     Error rate (%): 12.20
556 ---> 556*556*556* ---> 556   Error rate (%): 12.20
557 --->  ---> -1    Error rate (%): 12.30
558 --->  ---> -1    Error rate (%): 12.40
559 ---> *559*559*559* ---> 559  Error rate (%): 12.40
560 ---> 560*560*560* ---> 560   Error rate (%): 12.40
561 ---> *561*561*561***** ---> 561  Error rate (%): 12.40
562 ---> *562*562*562* ---> 562  Error rate (%): 12.40
563 ---> 563*563*563** ---> 563  Error rate (%): 12.40
564 ---> *564*564*564** ---> 564     Error rate (%): 12.40
565 ---> *565*565*565* ---> 565  Error rate (%): 12.40
566 ---> *566*566*566* ---> 566  Error rate (%): 12.40
567 ---> 567*567*567* ---> 567   Error rate (%): 12.40
568 --->  ---> -1    Error rate (%): 12.50
569 ---> *569*569*569** ---> 569     Error rate (%): 12.50
570 ---> 570*570*570* ---> 570   Error rate (%): 12.50
571 ---> *571*571*571* ---> 571  Error rate (%): 12.50
572 ---> 572*572*572***** ---> 572   Error rate (%): 12.50
573 ---> *573*573*573** ---> 573     Error rate (%): 12.50
574 ---> 574*574*574******** ---> 574    Error rate (%): 12.50
575 ---> 575*575*575* ---> 575   Error rate (%): 12.50
576 ---> 576*576*576* ---> 576   Error rate (%): 12.50
577 ---> 577*577*577** ---> 577  Error rate (%): 12.50
578 --->  ---> -1    Error rate (%): 12.60
579 ---> 579*579*579* ---> 579   Error rate (%): 12.60
580 ---> 580*580*580***** ---> 580   Error rate (%): 12.60
581 ---> *581*581*581*** ---> 581    Error rate (%): 12.60
582 ---> * ---> -1   Error rate (%): 12.70
583 ---> 583*583*583* ---> 583   Error rate (%): 12.70
584 ---> 584*584*584* ---> 584   Error rate (%): 12.70
585 ---> ** ---> 537427924   Error rate (%): 12.80
586 ---> *586*586*586** ---> 586     Error rate (%): 12.80
587 ---> *587*587*587* ---> 587  Error rate (%): 12.80
588 --->  ---> -1    Error rate (%): 12.90
589 ---> 589*589*589** ---> 589  Error rate (%): 12.90
590 ---> 590*590*590* ---> 590   Error rate (%): 12.90
591 ---> 591*591*591**** ---> 591    Error rate (%): 12.90
592 ---> *192*592*592* ---> 592  Error rate (%): 12.90
593 ---> *593*593*593* ---> 593  Error rate (%): 12.90
594 ---> 594*594*594** ---> 594  Error rate (%): 12.90
595 ---> 595*595*595** ---> 595  Error rate (%): 12.90
596 ---> *596*596*596* ---> 596  Error rate (%): 12.90
597 ---> *597*597*597* ---> 597  Error rate (%): 12.90
598 ---> 598*598*598* ---> 598   Error rate (%): 12.90
599 ---> *599*599*599* ---> 599  Error rate (%): 12.90
600 ---> *600*600*600** ---> 600     Error rate (%): 12.90
601 ---> *601*601*601*** ---> 601    Error rate (%): 12.90
602 ---> 602*602*602* ---> 602   Error rate (%): 12.90
603 ---> *603*603*603** ---> 603     Error rate (%): 12.90
604 ---> 604*604*604** ---> 604  Error rate (%): 12.90
605 ---> 605*605*605*** ---> 605     Error rate (%): 12.90
606 ---> 606*606*606** ---> 606  Error rate (%): 12.90
607 ---> *607*607*607* ---> 607  Error rate (%): 12.90
608 --->  ---> -1    Error rate (%): 13.00
609 ---> 609*609*609*** ---> 609     Error rate (%): 13.00
610 ---> *610*610*610* ---> 610  Error rate (%): 13.00
611 ---> 611*611*611*** ---> 611     Error rate (%): 13.00
612 --->  ---> -1    Error rate (%): 13.10
613 ---> *613*613*613* ---> 613  Error rate (%): 13.10
614 ---> 614*614*614* ---> 614   Error rate (%): 13.10
615 ---> 615*615*615* ---> 615   Error rate (%): 13.10
616 ---> *616*616*616* ---> 616  Error rate (%): 13.10
617 ---> *617*617*617* ---> 617  Error rate (%): 13.10
618 ---> * ---> -1   Error rate (%): 13.20
619 ---> 619*619*619** ---> 619  Error rate (%): 13.20
620 ---> 620*620*620******* ---> 620     Error rate (%): 13.20
621 ---> **** ---> 537427924     Error rate (%): 13.30
622 ---> 622*622*622* ---> 622   Error rate (%): 13.30
623 ---> 623*623*623*** ---> 623     Error rate (%): 13.30
624 ---> 624*624*624*** ---> 624     Error rate (%): 13.30
625 ---> *625*625*625* ---> 625  Error rate (%): 13.30
626 ---> 626*626*626******* ---> 626     Error rate (%): 13.30
627 ---> *627*627*627* ---> 627  Error rate (%): 13.30
628 ---> *628*628*628*********** ---> 628    Error rate (%): 13.30
629 ---> 629*629*629* ---> 629   Error rate (%): 13.30
630 --->  ---> -1    Error rate (%): 13.40
631 ---> 631*631*631*** ---> 631     Error rate (%): 13.40
632 ---> *632*632*632********* ---> 632  Error rate (%): 13.40
633 ---> *633*633*633***************** ---> 633  Error rate (%): 13.40
634 ---> 634*634*634********** ---> 634  Error rate (%): 13.40
635 ---> ** ---> 537427924   Error rate (%): 13.50
636 ---> *636*636*636** ---> 636     Error rate (%): 13.50
637 ---> *637*637*637*************** ---> 637    Error rate (%): 13.50
638 ---> * ---> -1   Error rate (%): 13.60
639 ---> ***** ---> 537427924    Error rate (%): 13.70
640 --->  ---> -1    Error rate (%): 13.80
641 ---> *** ---> 537427924  Error rate (%): 13.90
642 ---> 642*642*642* ---> 642   Error rate (%): 13.90
643 ---> *643*643*643* ---> 643  Error rate (%): 13.90
644 ---> *644*644*644** ---> 644     Error rate (%): 13.90
645 ---> *645*645*645***** ---> 645  Error rate (%): 13.90
646 ---> * ---> -1   Error rate (%): 14.00
647 ---> 647*647*647* ---> 647   Error rate (%): 14.00
648 --->  ---> -1    Error rate (%): 14.10
649 --->  ---> -1    Error rate (%): 14.20
650 ---> 650*650*650* ---> 650   Error rate (%): 14.20
651 ---> 651*651*651*** ---> 651     Error rate (%): 14.20
652 ---> *652*652*652** ---> 652     Error rate (%): 14.20
653 ---> *653*653*653* ---> 653  Error rate (%): 14.20
654 ---> 654*654*654* ---> 654   Error rate (%): 14.20
655 ---> 655*655*655* ---> 655   Error rate (%): 14.20
656 ---> *656*656*656* ---> 656  Error rate (%): 14.20
657 ---> *657*657*657* ---> 657  Error rate (%): 14.20
658 ---> * ---> -1   Error rate (%): 14.30
659 ---> 659*659*659** ---> 659  Error rate (%): 14.30
660 ---> *660*660*660* ---> 660  Error rate (%): 14.30
661 ---> *661*661*661**** ---> 661   Error rate (%): 14.30
662 ---> 662*662*662* ---> 662   Error rate (%): 14.30
663 ---> *663*663*663* ---> 663  Error rate (%): 14.30
664 ---> *664*664*664** ---> 664     Error rate (%): 14.30
665 --->  ---> -1    Error rate (%): 14.40
666 --->  ---> -1    Error rate (%): 14.50
667 ---> 667*667*667*** ---> 667     Error rate (%): 14.50
668 --->  ---> -1    Error rate (%): 14.60
669 ---> *669*669*669** ---> 669     Error rate (%): 14.60
670 ---> *670*670*670** ---> 670     Error rate (%): 14.60
671 ---> *671*671*671**** ---> 671   Error rate (%): 14.60
672 ---> 672*672*672** ---> 672  Error rate (%): 14.60
673 ---> 673*673*673** ---> 673  Error rate (%): 14.60
674 ---> 674*674*674* ---> 674   Error rate (%): 14.60
675 ---> *675*675*675* ---> 675  Error rate (%): 14.60
676 ---> 676*676*676* ---> 676   Error rate (%): 14.60
677 ---> 677*677*677* ---> 677   Error rate (%): 14.60
678 ---> 678*678*678* ---> 678   Error rate (%): 14.60
679 ---> 679*679*679* ---> 679   Error rate (%): 14.60
680 ---> 680*680*680* ---> 680   Error rate (%): 14.60
681 ---> 681*681*681** ---> 681  Error rate (%): 14.60
682 ---> *682*682*682* ---> 682  Error rate (%): 14.60
683 ---> *683*683*683* ---> 683  Error rate (%): 14.60
684 ---> 684*684*684*** ---> 684     Error rate (%): 14.60
685 ---> 685*685*685**** ---> 685    Error rate (%): 14.60
686 ---> *686*686*686************** ---> 686     Error rate (%): 14.60
687 ---> 687*687*687**** ---> 687    Error rate (%): 14.60
688 --->  ---> -1    Error rate (%): 14.70
689 ---> *689*689*689* ---> 689  Error rate (%): 14.70
690 ---> 690*690*690* ---> 690   Error rate (%): 14.70
691 ---> 691*691*691*** ---> 691     Error rate (%): 14.70
692 ---> ** ---> 537427924   Error rate (%): 14.80
693 ---> 693*693*693* ---> 693   Error rate (%): 14.80
694 ---> ** ---> 537427924   Error rate (%): 14.90
695 ---> *695*695*695* ---> 695  Error rate (%): 14.90
696 ---> *696*696*696* ---> 696  Error rate (%): 14.90
697 ---> 697*697*697* ---> 697   Error rate (%): 14.90
698 --->  ---> -1    Error rate (%): 15.00
699 ---> *699*699*699* ---> 699  Error rate (%): 15.00
700 ---> 700*700*700* ---> 700   Error rate (%): 15.00
701 ---> 701*701*701**** ---> 701    Error rate (%): 15.00
702 ---> 702*702*702* ---> 702   Error rate (%): 15.00
703 ---> 703*703*703** ---> 703  Error rate (%): 15.00
704 ---> 704*704*704** ---> 704  Error rate (%): 15.00
705 ---> 705*705*705*** ---> 705     Error rate (%): 15.00
706 ---> 706*706*706** ---> 706  Error rate (%): 15.00
707 ---> 707*707*707* ---> 707   Error rate (%): 15.00
708 --->  ---> -1    Error rate (%): 15.10
709 ---> *709*709*709* ---> 709  Error rate (%): 15.10
710 ---> 710*710*710* ---> 710   Error rate (%): 15.10
711 ---> 711*711*711*** ---> 711     Error rate (%): 15.10
712 ---> 712*712*712* ---> 712   Error rate (%): 15.10
713 ---> 713*713*713* ---> 713   Error rate (%): 15.10
714 ---> *714*714*714* ---> 714  Error rate (%): 15.10
715 ---> *715*715*715* ---> 715  Error rate (%): 15.10
716 ---> *716*716*716* ---> 716  Error rate (%): 15.10
717 ---> 717*717*717* ---> 717   Error rate (%): 15.10
718 --->  ---> -1    Error rate (%): 15.20
719 ---> *719*719*719** ---> 719     Error rate (%): 15.20
720 ---> 720*720*720* ---> 720   Error rate (%): 15.20
721 ---> 721*721*721**** ---> 721    Error rate (%): 15.20
722 ---> 722*722*722* ---> 722   Error rate (%): 15.20
723 ---> 723*723*723* ---> 723   Error rate (%): 15.20
724 ---> 724*724*724** ---> 724  Error rate (%): 15.20
725 ---> *725*725*725* ---> 725  Error rate (%): 15.20
726 --->  ---> -1    Error rate (%): 15.30
727 ---> *727*727*727* ---> 727  Error rate (%): 15.30
728 --->  ---> -1    Error rate (%): 15.40
729 ---> 729*729*729** ---> 729  Error rate (%): 15.40
730 ---> *730*730*730** ---> 730     Error rate (%): 15.40
731 ---> 731*731*731**** ---> 731    Error rate (%): 15.40
732 ---> 732*732*732* ---> 732   Error rate (%): 15.40
733 ---> 733*733*733* ---> 733   Error rate (%): 15.40
734 ---> *734*734*734* ---> 734  Error rate (%): 15.40
735 ---> *735*735*735* ---> 735  Error rate (%): 15.40
736 ---> *736*736*736* ---> 736  Error rate (%): 15.40
737 ---> 737*737*737** ---> 737  Error rate (%): 15.40
738 --->  ---> -1    Error rate (%): 15.50
739 ---> ********* ---> 537427924    Error rate (%): 15.60
740 ---> 740*740*740*** ---> 740     Error rate (%): 15.60
741 ---> 741*741*741** ---> 741  Error rate (%): 15.60
742 ---> *742*742*742***** ---> 742  Error rate (%): 15.60
743 ---> 743*743*743*************** ---> 743     Error rate (%): 15.60
744 ---> *744*744*744*** ---> 744    Error rate (%): 15.60
745 ---> 745*745*745******** ---> 745    Error rate (%): 15.60
746 ---> *746*746*746** ---> 746     Error rate (%): 15.60
747 ---> *** ---> 537427924  Error rate (%): 15.70
748 ---> ****** ---> 537427924   Error rate (%): 15.80
749 ---> * ---> -1   Error rate (%): 15.90
750 ---> * ---> -1   Error rate (%): 16.00
751 ---> *751*751*751*** ---> 751    Error rate (%): 16.00
752 ---> * ---> -1   Error rate (%): 16.10
753 ---> 753*753*753* ---> 753   Error rate (%): 16.10
754 ---> * ---> -1   Error rate (%): 16.20
755 ---> *755*755*755*** ---> 755    Error rate (%): 16.20
756 ---> *756*756*756* ---> 756  Error rate (%): 16.20
757 ---> 757*757*757* ---> 757   Error rate (%): 16.20
758 --->  ---> -1    Error rate (%): 16.30
759 ---> *759*759*759* ---> 759  Error rate (%): 16.30
760 ---> 760*760*760* ---> 760   Error rate (%): 16.30
761 ---> *761*761*761** ---> 761     Error rate (%): 16.30
762 ---> 762*762*762* ---> 762   Error rate (%): 16.30
763 --->  ---> -1    Error rate (%): 16.40
764 ---> 764*764*764******* ---> 764     Error rate (%): 16.40
765 ---> 765*765*765* ---> 765   Error rate (%): 16.40
766 ---> 766*766*766* ---> 766   Error rate (%): 16.40
767 ---> 767*767*767* ---> 767   Error rate (%): 16.40
768 ---> * ---> -1   Error rate (%): 16.50
769 ---> *769*769*769* ---> 769  Error rate (%): 16.50
770 ---> *770*770*770* ---> 770  Error rate (%): 16.50
771 ---> *771*771*771**** ---> 771   Error rate (%): 16.50
772 ---> 772*772*772****** ---> 772  Error rate (%): 16.50
773 ---> 773*773*773* ---> 773   Error rate (%): 16.50
774 ---> 774*774*774** ---> 774  Error rate (%): 16.50
775 ---> 775*775*775* ---> 775   Error rate (%): 16.50
776 ---> ** ---> 537427924   Error rate (%): 16.60
777 ---> * ---> -1   Error rate (%): 16.70
778 --->  ---> -1    Error rate (%): 16.80
779 ---> *779*779*779* ---> 779  Error rate (%): 16.80
780 ---> *780*780*780* ---> 780  Error rate (%): 16.80
781 --->  ---> -1    Error rate (%): 16.90
782 ---> 782*782*782************* ---> 782   Error rate (%): 16.90
783 --->  ---> -1    Error rate (%): 17.00
784 ---> 784*784*784* ---> 784   Error rate (%): 17.00
785 ---> *785*785*785* ---> 785  Error rate (%): 17.00
786 ---> *786*786*786** ---> 786     Error rate (%): 17.00
787 --->  ---> -1    Error rate (%): 17.10
788 --->  ---> -1    Error rate (%): 17.20
789 ---> 789*789*789* ---> 789   Error rate (%): 17.20
790 ---> 790*790*790* ---> 790   Error rate (%): 17.20
791 ---> 791*791*791** ---> 791  Error rate (%): 17.20
792 --->  ---> -1    Error rate (%): 17.30
793 ---> 793*793*793** ---> 793  Error rate (%): 17.30
794 ---> *794*794*794* ---> 794  Error rate (%): 17.30
795 ---> *85*795*795* ---> 795   Error rate (%): 17.30
796 ---> *796*796*796* ---> 796  Error rate (%): 17.30
797 ---> 797*797*797* ---> 797   Error rate (%): 17.30
798 ---> ************** ---> 537427924   Error rate (%): 17.40
799 ---> *799*799*799****** ---> 799     Error rate (%): 17.40
800 ---> ** ---> 537427924   Error rate (%): 17.50
801 ---> *801*801*801****** ---> 801     Error rate (%): 17.50
802 --->  ---> -1    Error rate (%): 17.60
803 ---> ********************* ---> 537427924    Error rate (%): 17.70
804 ---> *************** ---> 537427924  Error rate (%): 17.80
805 ---> *805*805*805*** ---> 805    Error rate (%): 17.80
806 ---> 806*806*806***************** ---> 806   Error rate (%): 17.80
807 ---> *807*807*807*** ---> 807    Error rate (%): 17.80
808 ---> 808*808*808***** ---> 808   Error rate (%): 17.80
809 ---> 809*809*809*** ---> 809     Error rate (%): 17.80
810 ---> *810*810*810***** ---> 810  Error rate (%): 17.80
811 ---> *811*811*811****** ---> 811     Error rate (%): 17.80
812 ---> *812*812*812***** ---> 812  Error rate (%): 17.80
813 ---> * ---> -1   Error rate (%): 17.90
814 ---> 814*814*814* ---> 814   Error rate (%): 17.90
815 ---> *815*815*815* ---> 815  Error rate (%): 17.90
816 ---> *816*816*816** ---> 816     Error rate (%): 17.90
817 ---> * ---> -1   Error rate (%): 18.00
818 ---> 818*818*818* ---> 818   Error rate (%): 18.00
819 ---> *819*819*819** ---> 819     Error rate (%): 18.00
820 ---> *820*820*820** ---> 820     Error rate (%): 18.00
821 ---> 821*821*821* ---> 821   Error rate (%): 18.00
822 ---> *822*822*822* ---> 822  Error rate (%): 18.00
823 --->  ---> -1    Error rate (%): 18.10
824 --->  ---> -1    Error rate (%): 18.20
825 ---> *825*825*825* ---> 825  Error rate (%): 18.20
826 ---> 826*826*826*** ---> 826     Error rate (%): 18.20
827 ---> *827*827*827* ---> 827  Error rate (%): 18.20
828 ---> ******* ---> 537427924  Error rate (%): 18.30
829 ---> *829*829*829* ---> 829  Error rate (%): 18.30
830 ---> *830*830*830* ---> 830  Error rate (%): 18.30
831 ---> 831*831*831******** ---> 831    Error rate (%): 18.30
832 ---> *832*832*832** ---> 832     Error rate (%): 18.30
833 ---> *** ---> 537427924  Error rate (%): 18.40
834 ---> * ---> -1   Error rate (%): 18.50
835 ---> *835*835*835***** ---> 835  Error rate (%): 18.50
836 ---> 836*836*836** ---> 836  Error rate (%): 18.50
837 ---> *** ---> 537427924  Error rate (%): 18.60
838 ---> 838*838*838*** ---> 838     Error rate (%): 18.60
839 ---> 839*839*839****** ---> 839  Error rate (%): 18.60
840 ---> *840*840*840*** ---> 840    Error rate (%): 18.60
841 ---> 841*841*841**** ---> 841    Error rate (%): 18.60
842 ---> *842*842*842* ---> 842  Error rate (%): 18.60
843 --->  ---> -1    Error rate (%): 18.70
844 ---> 844*844*844* ---> 844   Error rate (%): 18.70
845 ---> *845*845*845** ---> 845     Error rate (%): 18.70
846 ---> 846*846*846* ---> 846   Error rate (%): 18.70
847 ---> 847*847*847* ---> 847   Error rate (%): 18.70
848 ---> * ---> -1   Error rate (%): 18.80
849 ---> 849*849*849* ---> 849   Error rate (%): 18.80
850 ---> * ---> -1   Error rate (%): 18.90
851 ---> *851*851*851* ---> 851  Error rate (%): 18.90
852 ---> *852*852*852* ---> 852  Error rate (%): 18.90
853 --->  ---> -1    Error rate (%): 19.00
854 ---> 854*854*854* ---> 854   Error rate (%): 19.00
855 --->  ---> -1    Error rate (%): 19.10
856 ---> *856*856*856* ---> 856  Error rate (%): 19.10
857 --->  ---> -1    Error rate (%): 19.20
858 --->  ---> -1    Error rate (%): 19.30
859 ---> 859*859*859* ---> 859   Error rate (%): 19.30
860 ---> 860*860*860* ---> 860   Error rate (%): 19.30
861 ---> 861*861*861* ---> 861   Error rate (%): 19.30
862 --->  ---> -1    Error rate (%): 19.40
863 ---> 863*863*863* ---> 863   Error rate (%): 19.40
864 ---> 864*864*864* ---> 864   Error rate (%): 19.40
865 --->  ---> -1    Error rate (%): 19.50
866 ---> 866*866*866* ---> 866   Error rate (%): 19.50
867 ---> *867*867*867* ---> 867  Error rate (%): 19.50
868 ---> *868*868*868* ---> 868  Error rate (%): 19.50
869 ---> 869*869*869* ---> 869   Error rate (%): 19.50
870 --->  ---> -1    Error rate (%): 19.60
871 ---> *871*871*871* ---> 871  Error rate (%): 19.60
872 ---> *872*872*872******** ---> 872   Error rate (%): 19.60
873 ---> ** ---> 537427924   Error rate (%): 19.70
874 --->  ---> -1    Error rate (%): 19.80
875 ---> *875*875*875* ---> 875  Error rate (%): 19.80
876 ---> 876*876*876* ---> 876   Error rate (%): 19.80
877 ---> 877*877*877* ---> 877   Error rate (%): 19.80
878 --->  ---> -1    Error rate (%): 19.90
879 ---> 879*879*879* ---> 879   Error rate (%): 19.90
880 ---> 880*880*880* ---> 880   Error rate (%): 19.90
881 ---> *881*881*881*** ---> 881    Error rate (%): 19.90
882 ---> * ---> -1   Error rate (%): 20.00
883 ---> *883*883*883* ---> 883  Error rate (%): 20.00
884 ---> 884*884*884* ---> 884   Error rate (%): 20.00
885 ---> *885*885*885* ---> 885  Error rate (%): 20.00
886 ---> *886*886*886* ---> 886  Error rate (%): 20.00
887 ---> 887*887*887* ---> 887   Error rate (%): 20.00
888 ---> *888*888*888* ---> 888  Error rate (%): 20.00
889 ---> *889*889*889* ---> 889  Error rate (%): 20.00
890 ---> 890*890*890** ---> 890  Error rate (%): 20.00
891 ---> *891*891*891* ---> 891  Error rate (%): 20.00
892 ---> * ---> -1   Error rate (%): 20.10
893 ---> 893*893*893* ---> 893   Error rate (%): 20.10
894 ---> *894*894*894** ---> 894     Error rate (%): 20.10
895 ---> 895*895*895* ---> 895   Error rate (%): 20.10
896 ---> *896*896*896* ---> 896  Error rate (%): 20.10
897 ---> 897*897*897** ---> 897  Error rate (%): 20.10
898 ---> **** ---> 537427924     Error rate (%): 20.20
899 --->  ---> -1    Error rate (%): 20.30
900 ---> ***** ---> 537427924    Error rate (%): 20.40
901 ---> ********************* ---> 537427924    Error rate (%): 20.50
902 ---> *902*902*902* ---> 902  Error rate (%): 20.50
903 ---> *803*903*903* ---> 903  Error rate (%): 20.50
904 ---> 904*904*904** ---> 904  Error rate (%): 20.50
905 ---> *905*905*905** ---> 905     Error rate (%): 20.50
906 ---> 906*906*906* ---> 906   Error rate (%): 20.50
907 ---> 907*907*907* ---> 907   Error rate (%): 20.50
908 ---> *908*908*908* ---> 908  Error rate (%): 20.50
909 ---> *909*909*909* ---> 909  Error rate (%): 20.50
910 ---> 910*910*910* ---> 910   Error rate (%): 20.50
911 ---> 911*911*911* ---> 911   Error rate (%): 20.50
912 ---> * ---> -1   Error rate (%): 20.60
913 ---> 913*913*913* ---> 913   Error rate (%): 20.60
914 ---> *914*914*914** ---> 914     Error rate (%): 20.60
915 ---> 915*915*915* ---> 915   Error rate (%): 20.60
916 ---> *916*916*916* ---> 916  Error rate (%): 20.60
917 ---> 917*917*917* ---> 917   Error rate (%): 20.60
918 ---> 918*918*918* ---> 918   Error rate (%): 20.60
919 ---> 919*919*919***** ---> 919   Error rate (%): 20.60
920 --->  ---> -1    Error rate (%): 20.70
921 ---> *921*921*921* ---> 921  Error rate (%): 20.70
922 ---> 922*922*922*** ---> 922     Error rate (%): 20.70
923 ---> 923*923*923* ---> 923   Error rate (%): 20.70
924 ---> 924*924*924* ---> 924   Error rate (%): 20.70
925 ---> 925*925*925* ---> 925   Error rate (%): 20.70
926 ---> 926*926*926* ---> 926   Error rate (%): 20.70
927 ---> *927*927*927* ---> 927  Error rate (%): 20.70
928 ---> *928*928*928* ---> 928  Error rate (%): 20.70
929 ---> 929*929*929* ---> 929   Error rate (%): 20.70
930 ---> 930*930*930***** ---> 930   Error rate (%): 20.70
931 ---> 931*931*931* ---> 931   Error rate (%): 20.70
932 ---> 932*932*932**** ---> 932    Error rate (%): 20.70
933 ---> *933*933*933* ---> 933  Error rate (%): 20.70
934 ---> 934*934*934* ---> 934   Error rate (%): 20.70
935 ---> *935*935*935* ---> 935  Error rate (%): 20.70
936 ---> *********** ---> 537427924  Error rate (%): 20.80
937 ---> 937*937*937**************** ---> 937    Error rate (%): 20.80
938 ---> *********** ---> 537427924  Error rate (%): 20.90
939 ---> 939*939*939******************** ---> 939    Error rate (%): 20.90
940 ---> *940*940*940*** ---> 940    Error rate (%): 20.90
941 ---> *941*941*941***** ---> 941  Error rate (%): 20.90
942 ---> 942*942*942** ---> 942  Error rate (%): 20.90
943 ---> *943*943*943* ---> 943  Error rate (%): 20.90
944 ---> *944*944*944********** ---> 944     Error rate (%): 20.90
945 ---> *945*945*945************ ---> 945   Error rate (%): 20.90
946 ---> ******** ---> 537427924     Error rate (%): 21.00
947 ---> 947*947*947* ---> 947   Error rate (%): 21.00
948 ---> 948*948*948*************** ---> 948     Error rate (%): 21.00
949 ---> 949*949*949********** ---> 949  Error rate (%): 21.00
950 ---> 950*950*950** ---> 950  Error rate (%): 21.00
951 ---> 951*951*951****** ---> 951  Error rate (%): 21.00
952 ---> *952*952*952* ---> 952  Error rate (%): 21.00
953 ---> *953*953*953* ---> 953  Error rate (%): 21.00
954 ---> *954*954*954****** ---> 954     Error rate (%): 21.00
955 ---> 955*955*955**** ---> 955    Error rate (%): 21.00
956 ---> 956*956*956****************** ---> 956  Error rate (%): 21.00
957 ---> *957*957*957************** ---> 957     Error rate (%): 21.00
958 ---> *958*958*958* ---> 958  Error rate (%): 21.00
959 ---> 959*959*959* ---> 959   Error rate (%): 21.00
960 ---> 960*960*960* ---> 960   Error rate (%): 21.00
961 ---> 961*961*961** ---> 961  Error rate (%): 21.00
962 ---> 962*962*962* ---> 962   Error rate (%): 21.00
963 ---> *963*963*963* ---> 963  Error rate (%): 21.00
964 ---> *964*964*964* ---> 964  Error rate (%): 21.00
965 ---> 965*965*965* ---> 965   Error rate (%): 21.00
966 ---> 966*966*966* ---> 966   Error rate (%): 21.00
967 ---> 967*967*967********* ---> 967   Error rate (%): 21.00
968 ---> 968*968*968* ---> 968   Error rate (%): 21.00
969 ---> 869*969*969************* ---> 969   Error rate (%): 21.00
970 ---> *970*970*970***************** ---> 970  Error rate (%): 21.00
971 ---> *971*971*971* ---> 971  Error rate (%): 21.00
972 ---> 972*972*972****** ---> 972  Error rate (%): 21.00
973 --->  ---> -1    Error rate (%): 21.10
974 ---> 974*974*974****** ---> 974  Error rate (%): 21.10
975 ---> *975*975*975* ---> 975  Error rate (%): 21.10
976 ---> *976*976*976******************** ---> 976   Error rate (%): 21.10
977 ---> *977*977*977********************** ---> 977     Error rate (%): 21.10
978 ---> ********* ---> 537427924    Error rate (%): 21.20
979 ---> *979*979*979** ---> 979     Error rate (%): 21.20
980 ---> 980*980*980** ---> 980  Error rate (%): 21.20
981 ---> 981*981*981****** ---> 981  Error rate (%): 21.20
982 ---> *********************** ---> 537427924  Error rate (%): 21.30
983 ---> 983*983*983************************ ---> 983    Error rate (%): 21.30
984 ---> 984*984*984** ---> 984  Error rate (%): 21.30
985 ---> 985*985*985* ---> 985   Error rate (%): 21.30
986 ---> 986*986*986** ---> 986  Error rate (%): 21.30
987 ---> 987*987*987* ---> 987   Error rate (%): 21.30
988 --->  ---> -1    Error rate (%): 21.40
989 ---> 989*989*989** ---> 989  Error rate (%): 21.40
990 ---> *990*990*990* ---> 990  Error rate (%): 21.40
991 ---> *891*991*991******* ---> 991    Error rate (%): 21.40
992 ---> ** ---> 537427924   Error rate (%): 21.50
993 ---> *993*993*993*************** ---> 993    Error rate (%): 21.50
994 ---> ************** ---> 537427924   Error rate (%): 21.60
995 ---> *995*995*995* ---> 995  Error rate (%): 21.60
996 ---> *996*996*996* ---> 996  Error rate (%): 21.60
997 ---> *997*997*997* ---> 997  Error rate (%): 21.60
998 ---> * ---> -1   Error rate (%): 21.70
Error rate: 21.70%