1 ---> 1     Error rate (%): 0.00
2 ---> 2     Error rate (%): 0.00
3 ---> 3     Error rate (%): 0.00
4 ---> 2     Error rate (%): 0.10
5 ---> 5     Error rate (%): 0.10
6 ---> 2     Error rate (%): 0.20
7 ---> 60    Error rate (%): 0.30
8 ---> 3     Error rate (%): 0.40
9 ---> 2     Error rate (%): 0.50
10 ---> 10   Error rate (%): 0.50
11 ---> 2    Error rate (%): 0.60
12 ---> 12   Error rate (%): 0.60
13 ---> 2    Error rate (%): 0.70
14 ---> 2    Error rate (%): 0.80
15 ---> 2    Error rate (%): 0.90
16 ---> 10   Error rate (%): 1.00
17 ---> 17   Error rate (%): 1.00
18 ---> 2    Error rate (%): 1.10
19 ---> 2    Error rate (%): 1.20
20 ---> 2    Error rate (%): 1.30
21 ---> 2    Error rate (%): 1.40
22 ---> 22   Error rate (%): 1.40
23 ---> 23   Error rate (%): 1.40
24 ---> 2    Error rate (%): 1.50
25 ---> 91   Error rate (%): 1.60
26 ---> 2    Error rate (%): 1.70
27 ---> 27   Error rate (%): 1.70
28 ---> 28   Error rate (%): 1.70
29 ---> 2    Error rate (%): 1.80
30 ---> 2    Error rate (%): 1.90
31 ---> 2    Error rate (%): 2.00
32 ---> 306  Error rate (%): 2.10
33 ---> 3    Error rate (%): 2.20
34 ---> 2    Error rate (%): 2.30
35 ---> 2    Error rate (%): 2.40
36 ---> 2    Error rate (%): 2.50
37 ---> 37   Error rate (%): 2.50
38 ---> 2    Error rate (%): 2.60
39 ---> 2    Error rate (%): 2.70
40 ---> 2    Error rate (%): 2.80
41 ---> 2    Error rate (%): 2.90
42 ---> 42   Error rate (%): 2.90
43 ---> 2    Error rate (%): 3.00
44 ---> 2    Error rate (%): 3.10
45 ---> 10   Error rate (%): 3.20
46 ---> 2    Error rate (%): 3.30
47 ---> 47   Error rate (%): 3.30
48 ---> 10   Error rate (%): 3.40
49 ---> 49   Error rate (%): 3.40
50 ---> 2    Error rate (%): 3.50
51 ---> 2    Error rate (%): 3.60
52 ---> 52   Error rate (%): 3.60
53 ---> 2    Error rate (%): 3.70
54 ---> 2    Error rate (%): 3.80
55 ---> 2    Error rate (%): 3.90
56 ---> 2    Error rate (%): 4.00
57 ---> 561  Error rate (%): 4.10
58 ---> 2    Error rate (%): 4.20
59 ---> 2    Error rate (%): 4.30
60 ---> 60   Error rate (%): 4.30
61 ---> 2    Error rate (%): 4.40
62 ---> 62   Error rate (%): 4.40
63 ---> 2    Error rate (%): 4.50
64 ---> 2    Error rate (%): 4.60
65 ---> 65   Error rate (%): 4.60
66 ---> 2    Error rate (%): 4.70
67 ---> 67   Error rate (%): 4.70
68 ---> 8    Error rate (%): 4.80
69 ---> 2    Error rate (%): 4.90
70 ---> 70   Error rate (%): 4.90
71 ---> 2    Error rate (%): 5.00
72 ---> 72   Error rate (%): 5.00
73 ---> 73   Error rate (%): 5.00
74 ---> 74   Error rate (%): 5.00
75 ---> 10   Error rate (%): 5.10
76 ---> 2    Error rate (%): 5.20
77 ---> 2    Error rate (%): 5.30
78 ---> 2    Error rate (%): 5.40
79 ---> 76   Error rate (%): 5.50
80 ---> 2    Error rate (%): 5.60
81 ---> 81   Error rate (%): 5.60
82 ---> 82   Error rate (%): 5.60
83 ---> 83   Error rate (%): 5.60
84 ---> 2    Error rate (%): 5.70
85 ---> 2    Error rate (%): 5.80
86 ---> 2    Error rate (%): 5.90
87 ---> 87   Error rate (%): 5.90
88 ---> 11   Error rate (%): 6.00
89 ---> 89   Error rate (%): 6.00
90 ---> 2    Error rate (%): 6.10
91 ---> 2    Error rate (%): 6.20
92 ---> 2    Error rate (%): 6.30
93 ---> 2    Error rate (%): 6.40
94 ---> 2    Error rate (%): 6.50
95 ---> 2    Error rate (%): 6.60
96 ---> 2    Error rate (%): 6.70
97 ---> 7    Error rate (%): 6.80
98 ---> 98   Error rate (%): 6.80
99 ---> 82   Error rate (%): 6.90
100 ---> 2   Error rate (%): 7.00
101 ---> 2   Error rate (%): 7.10
102 ---> 2   Error rate (%): 7.20
103 ---> 103     Error rate (%): 7.20
104 ---> 2   Error rate (%): 7.30
105 ---> 2   Error rate (%): 7.40
106 ---> 2   Error rate (%): 7.50
107 ---> 107     Error rate (%): 7.50
108 ---> 2   Error rate (%): 7.60
109 ---> 2   Error rate (%): 7.70
110 ---> 110     Error rate (%): 7.70
111 ---> 2   Error rate (%): 7.80
112 ---> 112     Error rate (%): 7.80
113 ---> 2   Error rate (%): 7.90
114 ---> 2   Error rate (%): 8.00
115 ---> 15  Error rate (%): 8.10
116 ---> 116     Error rate (%): 8.10
117 ---> 117     Error rate (%): 8.10
118 ---> 2   Error rate (%): 8.20
119 ---> 119     Error rate (%): 8.20
120 ---> 20  Error rate (%): 8.30
121 ---> 121     Error rate (%): 8.30
122 ---> 2   Error rate (%): 8.40
123 ---> 2   Error rate (%): 8.50
124 ---> 124     Error rate (%): 8.50
125 ---> 25  Error rate (%): 8.60
126 ---> 26  Error rate (%): 8.70
127 ---> 127     Error rate (%): 8.70
128 ---> 28  Error rate (%): 8.80
129 ---> 129     Error rate (%): 8.80
130 ---> 2   Error rate (%): 8.90
131 ---> 2   Error rate (%): 9.00
132 ---> 2   Error rate (%): 9.10
133 ---> 133     Error rate (%): 9.10
134 ---> 2   Error rate (%): 9.20
135 ---> 10  Error rate (%): 9.30
136 ---> 2   Error rate (%): 9.40
137 ---> 37  Error rate (%): 9.50
138 ---> 138     Error rate (%): 9.50
139 ---> 39  Error rate (%): 9.60
140 ---> 140     Error rate (%): 9.60
141 ---> 2   Error rate (%): 9.70
142 ---> 1402    Error rate (%): 9.80
143 ---> 143     Error rate (%): 9.80
144 ---> 2   Error rate (%): 9.90
145 ---> 2   Error rate (%): 10.00
146 ---> 146     Error rate (%): 10.00
147 ---> 147     Error rate (%): 10.00
148 ---> 2   Error rate (%): 10.10
149 ---> 149     Error rate (%): 10.10
150 ---> 2   Error rate (%): 10.20
151 ---> 51  Error rate (%): 10.30
152 ---> 152     Error rate (%): 10.30
153 ---> 2   Error rate (%): 10.40
154 ---> 13  Error rate (%): 10.50
155 ---> 2   Error rate (%): 10.60
156 ---> 2   Error rate (%): 10.70
157 ---> 157     Error rate (%): 10.70
158 ---> 2   Error rate (%): 10.80
159 ---> 2   Error rate (%): 10.90
160 ---> 160     Error rate (%): 10.90
161 ---> 2   Error rate (%): 11.00
162 ---> 2   Error rate (%): 11.10
163 ---> 63  Error rate (%): 11.20
164 ---> 2   Error rate (%): 11.30
165 ---> 1632    Error rate (%): 11.40
166 ---> 2   Error rate (%): 11.50
167 ---> 67  Error rate (%): 11.60
168 ---> 2   Error rate (%): 11.70
169 ---> 2   Error rate (%): 11.80
170 ---> 2   Error rate (%): 11.90
171 ---> 2   Error rate (%): 12.00
172 ---> 72  Error rate (%): 12.10
173 ---> 2   Error rate (%): 12.20
174 ---> 726     Error rate (%): 12.30
175 ---> 2   Error rate (%): 12.40
176 ---> 2   Error rate (%): 12.50
177 ---> 2   Error rate (%): 12.60
178 ---> 1770    Error rate (%): 12.70
179 ---> 2   Error rate (%): 12.80
180 ---> 1789    Error rate (%): 12.90
181 ---> 81  Error rate (%): 13.00
182 ---> 2   Error rate (%): 13.10
183 ---> 2   Error rate (%): 13.20
184 ---> 2   Error rate (%): 13.30
185 ---> 2   Error rate (%): 13.40
186 ---> 10  Error rate (%): 13.50
187 ---> 187     Error rate (%): 13.50
188 ---> 188     Error rate (%): 13.50
189 ---> 2   Error rate (%): 13.60
190 ---> 2   Error rate (%): 13.70
191 ---> 191     Error rate (%): 13.70
192 ---> 192     Error rate (%): 13.70
193 ---> 2   Error rate (%): 13.80
194 ---> 194     Error rate (%): 13.80
195 ---> 2   Error rate (%): 13.90
196 ---> 1950    Error rate (%): 14.00
197 ---> 2   Error rate (%): 14.10
198 ---> 1970    Error rate (%): 14.20
199 ---> 2   Error rate (%): 14.30
200 ---> 200     Error rate (%): 14.30
201 ---> 2   Error rate (%): 14.40
202 ---> 2   Error rate (%): 14.50
203 ---> 2   Error rate (%): 14.60
204 ---> 22  Error rate (%): 14.70
205 ---> 205     Error rate (%): 14.70
206 ---> 206     Error rate (%): 14.70
207 ---> 207     Error rate (%): 14.70
208 ---> 208     Error rate (%): 14.70
209 ---> 2   Error rate (%): 14.80
210 ---> 2   Error rate (%): 14.90
211 ---> 2   Error rate (%): 15.00
212 ---> 2   Error rate (%): 15.10
213 ---> 2   Error rate (%): 15.20
214 ---> 2   Error rate (%): 15.30
215 ---> 2   Error rate (%): 15.40
216 ---> 2   Error rate (%): 15.50
217 ---> 2157    Error rate (%): 15.60
218 ---> 2   Error rate (%): 15.70
219 ---> 219     Error rate (%): 15.70
220 ---> 220     Error rate (%): 15.70
221 ---> 2   Error rate (%): 15.80
222 ---> 2   Error rate (%): 15.90
223 ---> 2   Error rate (%): 16.00
224 ---> 2   Error rate (%): 16.10
225 ---> 2   Error rate (%): 16.20
226 ---> 2   Error rate (%): 16.30
227 ---> 253     Error rate (%): 16.40
228 ---> 2   Error rate (%): 16.50
229 ---> 2   Error rate (%): 16.60
230 ---> 230     Error rate (%): 16.60
231 ---> 2   Error rate (%): 16.70
232 ---> 2   Error rate (%): 16.80
233 ---> 2   Error rate (%): 16.90
234 ---> 2   Error rate (%): 17.00
235 ---> 2   Error rate (%): 17.10
236 ---> 3   Error rate (%): 17.20
237 ---> 2   Error rate (%): 17.30
238 ---> 2   Error rate (%): 17.40
239 ---> 2   Error rate (%): 17.50
240 ---> 2   Error rate (%): 17.60
241 ---> 41  Error rate (%): 17.70
242 ---> 11  Error rate (%): 17.80
243 ---> 2   Error rate (%): 17.90
244 ---> 11  Error rate (%): 18.00
245 ---> 2   Error rate (%): 18.10
246 ---> 2   Error rate (%): 18.20
247 ---> 247     Error rate (%): 18.20
248 ---> 2   Error rate (%): 18.30
249 ---> 249     Error rate (%): 18.30
250 ---> 250     Error rate (%): 18.30
251 ---> 2   Error rate (%): 18.40
252 ---> 2   Error rate (%): 18.50
253 ---> 2   Error rate (%): 18.60
254 ---> 254     Error rate (%): 18.60
255 ---> 2   Error rate (%): 18.70
256 ---> 256     Error rate (%): 18.70
257 ---> 2   Error rate (%): 18.80
258 ---> 258     Error rate (%): 18.80
259 ---> 259     Error rate (%): 18.80
260 ---> 260     Error rate (%): 18.80
261 ---> 2   Error rate (%): 18.90
262 ---> 262     Error rate (%): 18.90
263 ---> 2   Error rate (%): 19.00
264 ---> 2   Error rate (%): 19.10
265 ---> 2635    Error rate (%): 19.20
266 ---> 10  Error rate (%): 19.30
267 ---> 2   Error rate (%): 19.40
268 ---> 3   Error rate (%): 19.50
269 ---> 2   Error rate (%): 19.60
270 ---> 2   Error rate (%): 19.70
271 ---> 271     Error rate (%): 19.70
272 ---> 2   Error rate (%): 19.80
273 ---> 2   Error rate (%): 19.90
274 ---> 2   Error rate (%): 20.00
275 ---> 2   Error rate (%): 20.10
276 ---> 2   Error rate (%): 20.20
277 ---> 2   Error rate (%): 20.30
278 ---> 2   Error rate (%): 20.40
279 ---> 279     Error rate (%): 20.40
280 ---> 280     Error rate (%): 20.40
281 ---> 2   Error rate (%): 20.50
282 ---> 2   Error rate (%): 20.60
283 ---> 2   Error rate (%): 20.70
284 ---> 2   Error rate (%): 20.80
285 ---> 2   Error rate (%): 20.90
286 ---> 286     Error rate (%): 20.90
287 ---> 2   Error rate (%): 21.00
288 ---> 2   Error rate (%): 21.10
289 ---> 2   Error rate (%): 21.20
290 ---> 290     Error rate (%): 21.20
291 ---> 2   Error rate (%): 21.30
292 ---> 2   Error rate (%): 21.40
293 ---> 11  Error rate (%): 21.50
294 ---> 2   Error rate (%): 21.60
295 ---> 2   Error rate (%): 21.70
296 ---> 2   Error rate (%): 21.80
297 ---> 297     Error rate (%): 21.80
298 ---> 298     Error rate (%): 21.80
299 ---> 2   Error rate (%): 21.90
300 ---> 2   Error rate (%): 22.00
301 ---> 2   Error rate (%): 22.10
302 ---> 2   Error rate (%): 22.20
303 ---> 2   Error rate (%): 22.30
304 ---> 2   Error rate (%): 22.40
305 ---> 2   Error rate (%): 22.50
306 ---> 206     Error rate (%): 22.60
307 ---> 307     Error rate (%): 22.60
308 ---> 2   Error rate (%): 22.70
309 ---> 2   Error rate (%): 22.80
310 ---> 310     Error rate (%): 22.80
311 ---> 2   Error rate (%): 22.90
312 ---> 2   Error rate (%): 23.00
313 ---> 2   Error rate (%): 23.10
314 ---> 2   Error rate (%): 23.20
315 ---> 2   Error rate (%): 23.30
316 ---> 2   Error rate (%): 23.40
317 ---> 317     Error rate (%): 23.40
318 ---> 11  Error rate (%): 23.50
319 ---> 2   Error rate (%): 23.60
320 ---> 320     Error rate (%): 23.60
321 ---> 2   Error rate (%): 23.70
322 ---> 322     Error rate (%): 23.70
323 ---> 2   Error rate (%): 23.80
324 ---> 2   Error rate (%): 23.90
325 ---> 2   Error rate (%): 24.00
326 ---> 2   Error rate (%): 24.10
327 ---> 327     Error rate (%): 24.10
328 ---> 2   Error rate (%): 24.20
329 ---> 2   Error rate (%): 24.30
330 ---> 330     Error rate (%): 24.30
331 ---> 2   Error rate (%): 24.40
332 ---> 2   Error rate (%): 24.50
333 ---> 2   Error rate (%): 24.60
334 ---> 334     Error rate (%): 24.60
335 ---> 335     Error rate (%): 24.60
336 ---> 2   Error rate (%): 24.70
337 ---> 337     Error rate (%): 24.70
338 ---> 2   Error rate (%): 24.80
339 ---> 2   Error rate (%): 24.90
340 ---> 340     Error rate (%): 24.90
341 ---> 11  Error rate (%): 25.00
342 ---> 242     Error rate (%): 25.10
343 ---> 2   Error rate (%): 25.20
344 ---> 2   Error rate (%): 25.30
345 ---> 2   Error rate (%): 25.40
346 ---> 2   Error rate (%): 25.50
347 ---> 3461    Error rate (%): 25.60
348 ---> 48  Error rate (%): 25.70
349 ---> 2   Error rate (%): 25.80
350 ---> 350     Error rate (%): 25.80
351 ---> 2   Error rate (%): 25.90
352 ---> 2   Error rate (%): 26.00
353 ---> 10  Error rate (%): 26.10
354 ---> 2   Error rate (%): 26.20
355 ---> 2   Error rate (%): 26.30
356 ---> 2   Error rate (%): 26.40
357 ---> 2   Error rate (%): 26.50
358 ---> 2   Error rate (%): 26.60
359 ---> 10  Error rate (%): 26.70
360 ---> 360     Error rate (%): 26.70
361 ---> 93  Error rate (%): 26.80
362 ---> 262     Error rate (%): 26.90
363 ---> 2   Error rate (%): 27.00
364 ---> 2   Error rate (%): 27.10
365 ---> 365     Error rate (%): 27.10
366 ---> 11  Error rate (%): 27.20
367 ---> 2   Error rate (%): 27.30
368 ---> 2   Error rate (%): 27.40
369 ---> 2   Error rate (%): 27.50
370 ---> 370     Error rate (%): 27.50
371 ---> 11  Error rate (%): 27.60
372 ---> 272     Error rate (%): 27.70
373 ---> 2   Error rate (%): 27.80
374 ---> 9   Error rate (%): 27.90
375 ---> 2   Error rate (%): 28.00
376 ---> 2   Error rate (%): 28.10
377 ---> 377     Error rate (%): 28.10
378 ---> 766     Error rate (%): 28.20
379 ---> 2   Error rate (%): 28.30
380 ---> 380     Error rate (%): 28.30
381 ---> 2   Error rate (%): 28.40
382 ---> 2   Error rate (%): 28.50
383 ---> 3   Error rate (%): 28.60
384 ---> 2   Error rate (%): 28.70
385 ---> 285     Error rate (%): 28.80
386 ---> 11  Error rate (%): 28.90
387 ---> 287     Error rate (%): 29.00
388 ---> 2   Error rate (%): 29.10
389 ---> 2   Error rate (%): 29.20
390 ---> 390     Error rate (%): 29.20
391 ---> 11  Error rate (%): 29.30
392 ---> 2   Error rate (%): 29.40
393 ---> 2   Error rate (%): 29.50
394 ---> 11  Error rate (%): 29.60
395 ---> 2   Error rate (%): 29.70
396 ---> 2   Error rate (%): 29.80
397 ---> 2   Error rate (%): 29.90
398 ---> 398     Error rate (%): 29.90
399 ---> 2   Error rate (%): 30.00
400 ---> 400     Error rate (%): 30.00
401 ---> 2   Error rate (%): 30.10
402 ---> 2   Error rate (%): 30.20
403 ---> 403     Error rate (%): 30.20
404 ---> 2   Error rate (%): 30.30
405 ---> 405     Error rate (%): 30.30
406 ---> 2   Error rate (%): 30.40
407 ---> 407     Error rate (%): 30.40
408 ---> 2   Error rate (%): 30.50
409 ---> 409     Error rate (%): 30.50
410 ---> 410     Error rate (%): 30.50
411 ---> 7   Error rate (%): 30.60
412 ---> 412     Error rate (%): 30.60
413 ---> 2   Error rate (%): 30.70
414 ---> 2   Error rate (%): 30.80
415 ---> 415     Error rate (%): 30.80
416 ---> 2   Error rate (%): 30.90
417 ---> 4160    Error rate (%): 31.00
418 ---> 2   Error rate (%): 31.10
419 ---> 419     Error rate (%): 31.10
420 ---> 420     Error rate (%): 31.10
421 ---> 2   Error rate (%): 31.20
422 ---> 422     Error rate (%): 31.20
423 ---> 2   Error rate (%): 31.30
424 ---> 2   Error rate (%): 31.40
425 ---> 2   Error rate (%): 31.50
426 ---> 11  Error rate (%): 31.60
427 ---> 2   Error rate (%): 31.70
428 ---> 2   Error rate (%): 31.80
429 ---> 2   Error rate (%): 31.90
430 ---> 430     Error rate (%): 31.90
431 ---> 2   Error rate (%): 32.00
432 ---> 2   Error rate (%): 32.10
433 ---> 2   Error rate (%): 32.20
434 ---> 2   Error rate (%): 32.30
435 ---> 435     Error rate (%): 32.30
436 ---> 11  Error rate (%): 32.40
437 ---> 437     Error rate (%): 32.40
438 ---> 2   Error rate (%): 32.50
439 ---> 2   Error rate (%): 32.60
440 ---> 440     Error rate (%): 32.60
441 ---> 11  Error rate (%): 32.70
442 ---> 2   Error rate (%): 32.80
443 ---> 2   Error rate (%): 32.90
444 ---> 2   Error rate (%): 33.00
445 ---> 45  Error rate (%): 33.10
446 ---> 2   Error rate (%): 33.20
447 ---> 447     Error rate (%): 33.20
448 ---> 2   Error rate (%): 33.30
449 ---> 449     Error rate (%): 33.30
450 ---> 2   Error rate (%): 33.40
451 ---> 2   Error rate (%): 33.50
452 ---> 2   Error rate (%): 33.60
453 ---> 2   Error rate (%): 33.70
454 ---> 2   Error rate (%): 33.80
455 ---> 2   Error rate (%): 33.90
456 ---> 2   Error rate (%): 34.00
457 ---> 457     Error rate (%): 34.00
458 ---> 4   Error rate (%): 34.10
459 ---> 2   Error rate (%): 34.20
460 ---> 2   Error rate (%): 34.30
461 ---> 2   Error rate (%): 34.40
462 ---> 2   Error rate (%): 34.50
463 ---> 2   Error rate (%): 34.60
464 ---> 2   Error rate (%): 34.70
465 ---> 2   Error rate (%): 34.80
466 ---> 2   Error rate (%): 34.90
467 ---> 2   Error rate (%): 35.00
468 ---> 2   Error rate (%): 35.10
469 ---> 2   Error rate (%): 35.20
470 ---> 46829   Error rate (%): 35.30
471 ---> 2   Error rate (%): 35.40
472 ---> 72  Error rate (%): 35.50
473 ---> 2   Error rate (%): 35.60
474 ---> 474     Error rate (%): 35.60
475 ---> 2   Error rate (%): 35.70
476 ---> 2   Error rate (%): 35.80
477 ---> 77  Error rate (%): 35.90
478 ---> 8   Error rate (%): 36.00
479 ---> 479     Error rate (%): 36.00
480 ---> 11  Error rate (%): 36.10
481 ---> 2   Error rate (%): 36.20
482 ---> 480332  Error rate (%): 36.30
483 ---> 2   Error rate (%): 36.40
484 ---> 484     Error rate (%): 36.40
485 ---> 11  Error rate (%): 36.50
486 ---> 2   Error rate (%): 36.60
487 ---> 2   Error rate (%): 36.70
488 ---> 91  Error rate (%): 36.80
489 ---> 489     Error rate (%): 36.80
490 ---> 2   Error rate (%): 36.90
491 ---> 2   Error rate (%): 37.00
492 ---> 2   Error rate (%): 37.10
493 ---> 2   Error rate (%): 37.20
494 ---> 494     Error rate (%): 37.20
495 ---> 2   Error rate (%): 37.30
496 ---> 2   Error rate (%): 37.40
497 ---> 2   Error rate (%): 37.50
498 ---> 498     Error rate (%): 37.50
499 ---> 499     Error rate (%): 37.50
500 ---> 2   Error rate (%): 37.60
501 ---> 2   Error rate (%): 37.70
502 ---> 2   Error rate (%): 37.80
503 ---> 2   Error rate (%): 37.90
504 ---> 504     Error rate (%): 37.90
505 ---> 2   Error rate (%): 38.00
506 ---> 2   Error rate (%): 38.10
507 ---> 407     Error rate (%): 38.20
508 ---> 2   Error rate (%): 38.30
509 ---> 5073    Error rate (%): 38.40
510 ---> 510     Error rate (%): 38.40
511 ---> 2   Error rate (%): 38.50
512 ---> 2   Error rate (%): 38.60
513 ---> 2   Error rate (%): 38.70
514 ---> 514     Error rate (%): 38.70
515 ---> 2   Error rate (%): 38.80
516 ---> 11  Error rate (%): 38.90
517 ---> 517     Error rate (%): 38.90
518 ---> 2   Error rate (%): 39.00
519 ---> 519     Error rate (%): 39.00
520 ---> 520     Error rate (%): 39.00
521 ---> 521     Error rate (%): 39.00
522 ---> 2   Error rate (%): 39.10
523 ---> 523     Error rate (%): 39.10
524 ---> 524     Error rate (%): 39.10
525 ---> 525     Error rate (%): 39.10
526 ---> 2   Error rate (%): 39.20
527 ---> 52512   Error rate (%): 39.30
528 ---> 2   Error rate (%): 39.40
529 ---> 5280    Error rate (%): 39.50
530 ---> 530     Error rate (%): 39.50
531 ---> 2   Error rate (%): 39.60
532 ---> 2   Error rate (%): 39.70
533 ---> 2   Error rate (%): 39.80
534 ---> 534     Error rate (%): 39.80
535 ---> 435     Error rate (%): 39.90
536 ---> 536     Error rate (%): 39.90
537 ---> 537     Error rate (%): 39.90
538 ---> 2   Error rate (%): 40.00
539 ---> 539     Error rate (%): 40.00
540 ---> 540     Error rate (%): 40.00
541 ---> 11  Error rate (%): 40.10
542 ---> 10  Error rate (%): 40.20
543 ---> 2   Error rate (%): 40.30
544 ---> 544     Error rate (%): 40.30
545 ---> 5441    Error rate (%): 40.40
546 ---> 2   Error rate (%): 40.50
547 ---> 547     Error rate (%): 40.50
548 ---> 2   Error rate (%): 40.60
549 ---> 549     Error rate (%): 40.60
550 ---> 550     Error rate (%): 40.60
551 ---> 2   Error rate (%): 40.70
552 ---> 2   Error rate (%): 40.80
553 ---> 2   Error rate (%): 40.90
554 ---> 554     Error rate (%): 40.90
555 ---> 11  Error rate (%): 41.00
556 ---> 2   Error rate (%): 41.10
557 ---> 557     Error rate (%): 41.10
558 ---> 2   Error rate (%): 41.20
559 ---> 2   Error rate (%): 41.30
560 ---> 460     Error rate (%): 41.40
561 ---> 561     Error rate (%): 41.40
562 ---> 2   Error rate (%): 41.50
563 ---> 2   Error rate (%): 41.60
564 ---> 564     Error rate (%): 41.60
565 ---> 565     Error rate (%): 41.60
566 ---> 2   Error rate (%): 41.70
567 ---> 567     Error rate (%): 41.70
568 ---> 10  Error rate (%): 41.80
569 ---> 569     Error rate (%): 41.80
570 ---> 5690    Error rate (%): 41.90
571 ---> 2   Error rate (%): 42.00
572 ---> 2   Error rate (%): 42.10
573 ---> 573     Error rate (%): 42.10
574 ---> 574     Error rate (%): 42.10
575 ---> 575     Error rate (%): 42.10
576 ---> 2   Error rate (%): 42.20
577 ---> 5760    Error rate (%): 42.30
578 ---> 10  Error rate (%): 42.40
579 ---> 579     Error rate (%): 42.40
580 ---> 580     Error rate (%): 42.40
581 ---> 481     Error rate (%): 42.50
582 ---> 2   Error rate (%): 42.60
583 ---> 8161    Error rate (%): 42.70
584 ---> 5831    Error rate (%): 42.80
585 ---> 585     Error rate (%): 42.80
586 ---> 2   Error rate (%): 42.90
587 ---> 587     Error rate (%): 42.90
588 ---> 88  Error rate (%): 43.00
589 ---> 5881    Error rate (%): 43.10
590 ---> 590     Error rate (%): 43.10
591 ---> 2   Error rate (%): 43.20
592 ---> 2   Error rate (%): 43.30
593 ---> 2   Error rate (%): 43.40
594 ---> 5931    Error rate (%): 43.50
595 ---> 595     Error rate (%): 43.50
596 ---> 2   Error rate (%): 43.60
597 ---> 2   Error rate (%): 43.70
598 ---> 598     Error rate (%): 43.70
599 ---> 599     Error rate (%): 43.70
600 ---> 5991    Error rate (%): 43.80
601 ---> 2   Error rate (%): 43.90
602 ---> 2   Error rate (%): 44.00
603 ---> 2   Error rate (%): 44.10
604 ---> 604     Error rate (%): 44.10
605 ---> 605     Error rate (%): 44.10
606 ---> 2   Error rate (%): 44.20
607 ---> 6060    Error rate (%): 44.30
608 ---> 2   Error rate (%): 44.40
609 ---> 609     Error rate (%): 44.40
610 ---> 610     Error rate (%): 44.40
611 ---> 2   Error rate (%): 44.50
612 ---> 10  Error rate (%): 44.60
613 ---> 613     Error rate (%): 44.60
614 ---> 614     Error rate (%): 44.60
615 ---> 615     Error rate (%): 44.60
616 ---> 2   Error rate (%): 44.70
617 ---> 617     Error rate (%): 44.70
618 ---> 99  Error rate (%): 44.80
619 ---> 619     Error rate (%): 44.80
620 ---> 620     Error rate (%): 44.80
621 ---> 2   Error rate (%): 44.90
622 ---> 2   Error rate (%): 45.00
623 ---> 623     Error rate (%): 45.00
624 ---> 624     Error rate (%): 45.00
625 ---> 625     Error rate (%): 45.00
626 ---> 11  Error rate (%): 45.10
627 ---> 6261    Error rate (%): 45.20
628 ---> 2   Error rate (%): 45.30
629 ---> 6281    Error rate (%): 45.40
630 ---> 630     Error rate (%): 45.40
631 ---> 2   Error rate (%): 45.50
632 ---> 2   Error rate (%): 45.60
633 ---> 2   Error rate (%): 45.70
634 ---> 634     Error rate (%): 45.70
635 ---> 6339    Error rate (%): 45.80
636 ---> 2   Error rate (%): 45.90
637 ---> 637     Error rate (%): 45.90
638 ---> 38  Error rate (%): 46.00
639 ---> 6380    Error rate (%): 46.10
640 ---> 2   Error rate (%): 46.20
641 ---> 2   Error rate (%): 46.30
642 ---> 2   Error rate (%): 46.40
643 ---> 2   Error rate (%): 46.50
644 ---> 644     Error rate (%): 46.50
645 ---> 645     Error rate (%): 46.50
646 ---> 2   Error rate (%): 46.60
647 ---> 6460    Error rate (%): 46.70
648 ---> 11  Error rate (%): 46.80
649 ---> 6480    Error rate (%): 46.90
650 ---> 650     Error rate (%): 46.90
651 ---> 2   Error rate (%): 47.00
652 ---> 2   Error rate (%): 47.10
653 ---> 2   Error rate (%): 47.20
654 ---> 654     Error rate (%): 47.20
655 ---> 655     Error rate (%): 47.20
656 ---> 2   Error rate (%): 47.30
657 ---> 657     Error rate (%): 47.30
658 ---> 2   Error rate (%): 47.40
659 ---> 659     Error rate (%): 47.40
660 ---> 660     Error rate (%): 47.40
661 ---> 2   Error rate (%): 47.50
662 ---> 11  Error rate (%): 47.60
663 ---> 2   Error rate (%): 47.70
664 ---> 664     Error rate (%): 47.70
665 ---> 665     Error rate (%): 47.70
666 ---> 2   Error rate (%): 47.80
667 ---> 667     Error rate (%): 47.80
668 ---> 2   Error rate (%): 47.90
669 ---> 669     Error rate (%): 47.90
670 ---> 670     Error rate (%): 47.90
671 ---> 2   Error rate (%): 48.00
672 ---> 2   Error rate (%): 48.10
673 ---> 2   Error rate (%): 48.20
674 ---> 6731    Error rate (%): 48.30
675 ---> 7400    Error rate (%): 48.40
676 ---> 2   Error rate (%): 48.50
677 ---> 677     Error rate (%): 48.50
678 ---> 2   Error rate (%): 48.60
679 ---> 6781    Error rate (%): 48.70
680 ---> 680     Error rate (%): 48.70
681 ---> 2   Error rate (%): 48.80
682 ---> 2   Error rate (%): 48.90
683 ---> 2   Error rate (%): 49.00
684 ---> 6822    Error rate (%): 49.10
685 ---> 11  Error rate (%): 49.20
686 ---> 686     Error rate (%): 49.20
687 ---> 6861    Error rate (%): 49.30
688 ---> 2   Error rate (%): 49.40
689 ---> 689     Error rate (%): 49.40
690 ---> 690     Error rate (%): 49.40
691 ---> 9   Error rate (%): 49.50
692 ---> 6911    Error rate (%): 49.60
693 ---> 2   Error rate (%): 49.70
694 ---> 694     Error rate (%): 49.70
695 ---> 695     Error rate (%): 49.70
696 ---> 2   Error rate (%): 49.80
697 ---> 2   Error rate (%): 49.90
698 ---> 698     Error rate (%): 49.90
699 ---> 699     Error rate (%): 49.90
700 ---> 700     Error rate (%): 49.90
701 ---> 995     Error rate (%): 50.00
702 ---> 2   Error rate (%): 50.10
703 ---> 703     Error rate (%): 50.10
704 ---> 2   Error rate (%): 50.20
705 ---> 10  Error rate (%): 50.30
706 ---> 2   Error rate (%): 50.40
707 ---> 707     Error rate (%): 50.40
708 ---> 2   Error rate (%): 50.50
709 ---> 709     Error rate (%): 50.50
710 ---> 710     Error rate (%): 50.50
711 ---> 2   Error rate (%): 50.60
712 ---> 2   Error rate (%): 50.70
713 ---> 2   Error rate (%): 50.80
714 ---> 714     Error rate (%): 50.80
715 ---> 2   Error rate (%): 50.90
716 ---> 2   Error rate (%): 51.00
717 ---> 717     Error rate (%): 51.00
718 ---> 11  Error rate (%): 51.10
719 ---> 719     Error rate (%): 51.10
720 ---> 720     Error rate (%): 51.10
721 ---> 2   Error rate (%): 51.20
722 ---> 2   Error rate (%): 51.30
723 ---> 2   Error rate (%): 51.40
724 ---> 724     Error rate (%): 51.40
725 ---> 725     Error rate (%): 51.40
726 ---> 2   Error rate (%): 51.50
727 ---> 727     Error rate (%): 51.50
728 ---> 2   Error rate (%): 51.60
729 ---> 729     Error rate (%): 51.60
730 ---> 730     Error rate (%): 51.60
731 ---> 7   Error rate (%): 51.70
732 ---> 2   Error rate (%): 51.80
733 ---> 2   Error rate (%): 51.90
734 ---> 734     Error rate (%): 51.90
735 ---> 735     Error rate (%): 51.90
736 ---> 2   Error rate (%): 52.00
737 ---> 737     Error rate (%): 52.00
738 ---> 2   Error rate (%): 52.10
739 ---> 739     Error rate (%): 52.10
740 ---> 740     Error rate (%): 52.10
741 ---> 2   Error rate (%): 52.20
742 ---> 42  Error rate (%): 52.30
743 ---> 2   Error rate (%): 52.40
744 ---> 744     Error rate (%): 52.40
745 ---> 745     Error rate (%): 52.40
746 ---> 10  Error rate (%): 52.50
747 ---> 747     Error rate (%): 52.50
748 ---> 2   Error rate (%): 52.60
749 ---> 749     Error rate (%): 52.60
750 ---> 750     Error rate (%): 52.60
751 ---> 2   Error rate (%): 52.70
752 ---> 2   Error rate (%): 52.80
753 ---> 2   Error rate (%): 52.90
754 ---> 754     Error rate (%): 52.90
755 ---> 755     Error rate (%): 52.90
756 ---> 11  Error rate (%): 53.00
757 ---> 7561    Error rate (%): 53.10
758 ---> 2   Error rate (%): 53.20
759 ---> 759     Error rate (%): 53.20
760 ---> 760     Error rate (%): 53.20
761 ---> 2   Error rate (%): 53.30
762 ---> 62  Error rate (%): 53.40
763 ---> 2   Error rate (%): 53.50
764 ---> 764     Error rate (%): 53.50
765 ---> 765     Error rate (%): 53.50
766 ---> 2   Error rate (%): 53.60
767 ---> 767     Error rate (%): 53.60
768 ---> 2   Error rate (%): 53.70
769 ---> 769     Error rate (%): 53.70
770 ---> 3   Error rate (%): 53.80
771 ---> 2   Error rate (%): 53.90
772 ---> 11  Error rate (%): 54.00
773 ---> 2   Error rate (%): 54.10
774 ---> 774     Error rate (%): 54.10
775 ---> 775     Error rate (%): 54.10
776 ---> 2   Error rate (%): 54.20
777 ---> 777     Error rate (%): 54.20
778 ---> 778     Error rate (%): 54.20
779 ---> 779     Error rate (%): 54.20
780 ---> 780     Error rate (%): 54.20
781 ---> 2   Error rate (%): 54.30
782 ---> 682     Error rate (%): 54.40
783 ---> 3   Error rate (%): 54.50
784 ---> 2   Error rate (%): 54.60
785 ---> 2   Error rate (%): 54.70
786 ---> 2   Error rate (%): 54.80
787 ---> 2   Error rate (%): 54.90
788 ---> 2   Error rate (%): 55.00
789 ---> 789     Error rate (%): 55.00
790 ---> 790     Error rate (%): 55.00
791 ---> 2   Error rate (%): 55.10
792 ---> 2   Error rate (%): 55.20
793 ---> 793     Error rate (%): 55.20
794 ---> 794     Error rate (%): 55.20
795 ---> 795     Error rate (%): 55.20
796 ---> 2   Error rate (%): 55.30
797 ---> 797     Error rate (%): 55.30
798 ---> 798     Error rate (%): 55.30
799 ---> 799     Error rate (%): 55.30
800 ---> 800     Error rate (%): 55.30
801 ---> 2   Error rate (%): 55.40
802 ---> 2   Error rate (%): 55.50
803 ---> 803     Error rate (%): 55.50
804 ---> 80301   Error rate (%): 55.60
805 ---> 805     Error rate (%): 55.60
806 ---> 2   Error rate (%): 55.70
807 ---> 8061    Error rate (%): 55.80
808 ---> 2   Error rate (%): 55.90
809 ---> 809     Error rate (%): 55.90
810 ---> 810     Error rate (%): 55.90
811 ---> 10  Error rate (%): 56.00
812 ---> 812     Error rate (%): 56.00
813 ---> 2   Error rate (%): 56.10
814 ---> 814     Error rate (%): 56.10
815 ---> 815     Error rate (%): 56.10
816 ---> 2   Error rate (%): 56.20
817 ---> 817     Error rate (%): 56.20
818 ---> 2   Error rate (%): 56.30
819 ---> 819     Error rate (%): 56.30
820 ---> 820     Error rate (%): 56.30
821 ---> 3   Error rate (%): 56.40
822 ---> 822     Error rate (%): 56.40
823 ---> 2   Error rate (%): 56.50
824 ---> 824     Error rate (%): 56.50
825 ---> 825     Error rate (%): 56.50
826 ---> 2   Error rate (%): 56.60
827 ---> 827     Error rate (%): 56.60
828 ---> 11  Error rate (%): 56.70
829 ---> 829     Error rate (%): 56.70
830 ---> 830     Error rate (%): 56.70
831 ---> 2   Error rate (%): 56.80
832 ---> 832     Error rate (%): 56.80
833 ---> 2   Error rate (%): 56.90
834 ---> 834     Error rate (%): 56.90
835 ---> 835     Error rate (%): 56.90
836 ---> 3   Error rate (%): 57.00
837 ---> 837     Error rate (%): 57.00
838 ---> 2   Error rate (%): 57.10
839 ---> 839     Error rate (%): 57.10
840 ---> 840     Error rate (%): 57.10
841 ---> 2   Error rate (%): 57.20
842 ---> 2   Error rate (%): 57.30
843 ---> 2   Error rate (%): 57.40
844 ---> 844     Error rate (%): 57.40
845 ---> 845     Error rate (%): 57.40
846 ---> 2   Error rate (%): 57.50
847 ---> 847     Error rate (%): 57.50
848 ---> 2   Error rate (%): 57.60
849 ---> 8480    Error rate (%): 57.70
850 ---> 850     Error rate (%): 57.70
851 ---> 851     Error rate (%): 57.70
852 ---> 852     Error rate (%): 57.70
853 ---> 8   Error rate (%): 57.80
854 ---> 2   Error rate (%): 57.90
855 ---> 2   Error rate (%): 58.00
856 ---> 2   Error rate (%): 58.10
857 ---> 857     Error rate (%): 58.10
858 ---> 48  Error rate (%): 58.20
859 ---> 859     Error rate (%): 58.20
860 ---> 860     Error rate (%): 58.20
861 ---> 2   Error rate (%): 58.30
862 ---> 8611    Error rate (%): 58.40
863 ---> 63  Error rate (%): 58.50
864 ---> 2   Error rate (%): 58.60
865 ---> 8641    Error rate (%): 58.70
866 ---> 2   Error rate (%): 58.80
867 ---> 867     Error rate (%): 58.80
868 ---> 2   Error rate (%): 58.90
869 ---> 2   Error rate (%): 59.00
870 ---> 11  Error rate (%): 59.10
871 ---> 2   Error rate (%): 59.20
872 ---> 8705    Error rate (%): 59.30
873 ---> 2   Error rate (%): 59.40
874 ---> 2   Error rate (%): 59.50
875 ---> 2   Error rate (%): 59.60
876 ---> 7   Error rate (%): 59.70
877 ---> 877     Error rate (%): 59.70
878 ---> 91  Error rate (%): 59.80
879 ---> 2   Error rate (%): 59.90
880 ---> 2   Error rate (%): 60.00
881 ---> 881     Error rate (%): 60.00
882 ---> 2   Error rate (%): 60.10
883 ---> 2   Error rate (%): 60.20
884 ---> 2   Error rate (%): 60.30
885 ---> 2   Error rate (%): 60.40
886 ---> 2   Error rate (%): 60.50
887 ---> 887     Error rate (%): 60.50
888 ---> 2   Error rate (%): 60.60
889 ---> 2   Error rate (%): 60.70
890 ---> 2   Error rate (%): 60.80
891 ---> 2   Error rate (%): 60.90
892 ---> 2   Error rate (%): 61.00
893 ---> 2   Error rate (%): 61.10
894 ---> 2   Error rate (%): 61.20
895 ---> 2   Error rate (%): 61.30
896 ---> 2   Error rate (%): 61.40
897 ---> 897     Error rate (%): 61.40
898 ---> 898     Error rate (%): 61.40
899 ---> 2   Error rate (%): 61.50
900 ---> 2   Error rate (%): 61.60
901 ---> 2   Error rate (%): 61.70
902 ---> 2   Error rate (%): 61.80
903 ---> 2   Error rate (%): 61.90
904 ---> 2   Error rate (%): 62.00
905 ---> 2   Error rate (%): 62.10
906 ---> 2   Error rate (%): 62.20
907 ---> 907     Error rate (%): 62.20
908 ---> 2   Error rate (%): 62.30
909 ---> 2   Error rate (%): 62.40
910 ---> 2   Error rate (%): 62.50
911 ---> 2   Error rate (%): 62.60
912 ---> 2   Error rate (%): 62.70
913 ---> 2   Error rate (%): 62.80
914 ---> 2   Error rate (%): 62.90
915 ---> 2   Error rate (%): 63.00
916 ---> 2   Error rate (%): 63.10
917 ---> 917     Error rate (%): 63.10
918 ---> 2   Error rate (%): 63.20
919 ---> 2   Error rate (%): 63.30
920 ---> 2   Error rate (%): 63.40
921 ---> 2   Error rate (%): 63.50
922 ---> 8203    Error rate (%): 63.60
923 ---> 2   Error rate (%): 63.70
924 ---> 2   Error rate (%): 63.80
925 ---> 925     Error rate (%): 63.80
926 ---> 2   Error rate (%): 63.90
927 ---> 9260    Error rate (%): 64.00
928 ---> 2   Error rate (%): 64.10
929 ---> 2   Error rate (%): 64.20
930 ---> 2   Error rate (%): 64.30
931 ---> 2   Error rate (%): 64.40
932 ---> 2   Error rate (%): 64.50
933 ---> 2   Error rate (%): 64.60
934 ---> 2   Error rate (%): 64.70
935 ---> 2   Error rate (%): 64.80
936 ---> 836     Error rate (%): 64.90
937 ---> 937     Error rate (%): 64.90
938 ---> 2   Error rate (%): 65.00
939 ---> 2   Error rate (%): 65.10
940 ---> 2   Error rate (%): 65.20
941 ---> 2   Error rate (%): 65.30
942 ---> 2   Error rate (%): 65.40
943 ---> 943     Error rate (%): 65.40
944 ---> 2   Error rate (%): 65.50
945 ---> 2   Error rate (%): 65.60
946 ---> 3   Error rate (%): 65.70
947 ---> 947     Error rate (%): 65.70
948 ---> 2   Error rate (%): 65.80
949 ---> 2   Error rate (%): 65.90
950 ---> 50  Error rate (%): 66.00
951 ---> 2   Error rate (%): 66.10
952 ---> 52  Error rate (%): 66.20
953 ---> 2   Error rate (%): 66.30
954 ---> 8   Error rate (%): 66.40
955 ---> 2   Error rate (%): 66.50
956 ---> 2   Error rate (%): 66.60
957 ---> 2   Error rate (%): 66.70
958 ---> 958     Error rate (%): 66.70
959 ---> 2   Error rate (%): 66.80
960 ---> 2   Error rate (%): 66.90
961 ---> 2   Error rate (%): 67.00
962 ---> 2   Error rate (%): 67.10
963 ---> 2   Error rate (%): 67.20
964 ---> 2   Error rate (%): 67.30
965 ---> 965     Error rate (%): 67.30
966 ---> 2   Error rate (%): 67.40
967 ---> 3   Error rate (%): 67.50
968 ---> 2   Error rate (%): 67.60
969 ---> 2   Error rate (%): 67.70
970 ---> 870     Error rate (%): 67.80
971 ---> 2   Error rate (%): 67.90
972 ---> 2   Error rate (%): 68.00
973 ---> 2   Error rate (%): 68.10
974 ---> 2   Error rate (%): 68.20
975 ---> 2   Error rate (%): 68.30
976 ---> 2   Error rate (%): 68.40
977 ---> 977     Error rate (%): 68.40
978 ---> 2   Error rate (%): 68.50
979 ---> 2   Error rate (%): 68.60
980 ---> 980     Error rate (%): 68.60
981 ---> 2   Error rate (%): 68.70
982 ---> 882     Error rate (%): 68.80
983 ---> 2   Error rate (%): 68.90
984 ---> 2   Error rate (%): 69.00
985 ---> 2   Error rate (%): 69.10
986 ---> 2   Error rate (%): 69.20
987 ---> 2   Error rate (%): 69.30
988 ---> 2   Error rate (%): 69.40
989 ---> 11  Error rate (%): 69.50
990 ---> 2   Error rate (%): 69.60
991 ---> 2   Error rate (%): 69.70
992 ---> 992     Error rate (%): 69.70
993 ---> 2   Error rate (%): 69.80
994 ---> 10  Error rate (%): 69.90
995 ---> 995     Error rate (%): 69.90
996 ---> 11  Error rate (%): 70.00
997 ---> 2   Error rate (%): 70.10
998 ---> 998     Error rate (%): 70.10
999 ---> 2   Error rate (%): 70.20
1000 ---> 1000   Error rate (%): 70.20
Error rate: 70.20%